<?xml version="1.0" encoding="UTF-8"?>
<testsuite xmlns:xsi="http://www.w3.org/2001/XMLSchema-instance" xsi:noNamespaceSchemaLocation="https://maven.apache.org/surefire/maven-failsafe-plugin/xsd/failsafe-test-report-3.0.xsd" version="3.0" name="starter.CucumberTestSuite" time="13.013" tests="10" errors="0" skipped="0" failures="0">
  <properties>
    <property name="java.specification.version" value="19"/>
    <property name="sun.jnu.encoding" value="UTF-8"/>
    <property name="java.class.path" value="/Users/wiyanherraherviana/Alterra/Task_RESTfulAPI/target/test-classes:/Users/wiyanherraherviana/.m2/repository/org/json/json/20210307/json-20210307.jar:/Users/wiyanherraherviana/.m2/repository/net/serenity-bdd/serenity-core/3.5.1/serenity-core-3.5.1.jar:/Users/wiyanherraherviana/.m2/repository/net/serenity-bdd/serenity-model/3.5.1/serenity-model-3.5.1.jar:/Users/wiyanherraherviana/.m2/repository/org/apache/commons/commons-text/1.10.0/commons-text-1.10.0.jar:/Users/wiyanherraherviana/.m2/repository/commons-net/commons-net/3.8.0/commons-net-3.8.0.jar:/Users/wiyanherraherviana/.m2/repository/com/google/guava/guava/31.1-jre/guava-31.1-jre.jar:/Users/wiyanherraherviana/.m2/repository/com/google/guava/failureaccess/1.0.1/failureaccess-1.0.1.jar:/Users/wiyanherraherviana/.m2/repository/com/google/guava/listenablefuture/9999.0-empty-to-avoid-conflict-with-guava/listenablefuture-9999.0-empty-to-avoid-conflict-with-guava.jar:/Users/wiyanherraherviana/.m2/repository/com/google/code/findbugs/jsr305/3.0.2/jsr305-3.0.2.jar:/Users/wiyanherraherviana/.m2/repository/org/checkerframework/checker-qual/3.12.0/checker-qual-3.12.0.jar:/Users/wiyanherraherviana/.m2/repository/com/google/errorprone/error_prone_annotations/2.11.0/error_prone_annotations-2.11.0.jar:/Users/wiyanherraherviana/.m2/repository/com/google/j2objc/j2objc-annotations/1.3/j2objc-annotations-1.3.jar:/Users/wiyanherraherviana/.m2/repository/com/google/inject/guice/5.1.0/guice-5.1.0.jar:/Users/wiyanherraherviana/.m2/repository/javax/inject/javax.inject/1/javax.inject-1.jar:/Users/wiyanherraherviana/.m2/repository/aopalliance/aopalliance/1.0/aopalliance-1.0.jar:/Users/wiyanherraherviana/.m2/repository/org/jsoup/jsoup/1.14.3/jsoup-1.14.3.jar:/Users/wiyanherraherviana/.m2/repository/com/thoughtworks/xstream/xstream/1.4.19/xstream-1.4.19.jar:/Users/wiyanherraherviana/.m2/repository/io/github/x-stream/mxparser/1.2.2/mxparser-1.2.2.jar:/Users/wiyanherraherviana/.m2/repository/xmlpull/xmlpull/1.1.3.1/xmlpull-1.1.3.1.jar:/Users/wiyanherraherviana/.m2/repository/com/typesafe/config/1.4.2/config-1.4.2.jar:/Users/wiyanherraherviana/.m2/repository/org/imgscalr/imgscalr-lib/4.2/imgscalr-lib-4.2.jar:/Users/wiyanherraherviana/.m2/repository/org/awaitility/awaitility/4.2.0/awaitility-4.2.0.jar:/Users/wiyanherraherviana/.m2/repository/org/freemarker/freemarker/2.3.31/freemarker-2.3.31.jar:/Users/wiyanherraherviana/.m2/repository/io/github/classgraph/classgraph/4.8.138/classgraph-4.8.138.jar:/Users/wiyanherraherviana/.m2/repository/net/sourceforge/jexcelapi/jxl/2.6.12/jxl-2.6.12.jar:/Users/wiyanherraherviana/.m2/repository/net/bytebuddy/byte-buddy-agent/1.12.18/byte-buddy-agent-1.12.18.jar:/Users/wiyanherraherviana/.m2/repository/org/objenesis/objenesis/3.1/objenesis-3.1.jar:/Users/wiyanherraherviana/.m2/repository/net/serenity-bdd/serenity-reports/3.5.1/serenity-reports-3.5.1.jar:/Users/wiyanherraherviana/.m2/repository/net/serenity-bdd/serenity-stats/3.5.1/serenity-stats-3.5.1.jar:/Users/wiyanherraherviana/.m2/repository/net/serenity-bdd/serenity-reports-configuration/3.5.1/serenity-reports-configuration-3.5.1.jar:/Users/wiyanherraherviana/.m2/repository/com/vladsch/flexmark/flexmark-all/0.34.30/flexmark-all-0.34.30.jar:/Users/wiyanherraherviana/.m2/repository/com/vladsch/flexmark/flexmark/0.34.30/flexmark-0.34.30.jar:/Users/wiyanherraherviana/.m2/repository/com/vladsch/flexmark/flexmark-ext-abbreviation/0.34.30/flexmark-ext-abbreviation-0.34.30.jar:/Users/wiyanherraherviana/.m2/repository/com/vladsch/flexmark/flexmark-ext-admonition/0.34.30/flexmark-ext-admonition-0.34.30.jar:/Users/wiyanherraherviana/.m2/repository/com/vladsch/flexmark/flexmark-ext-anchorlink/0.34.30/flexmark-ext-anchorlink-0.34.30.jar:/Users/wiyanherraherviana/.m2/repository/com/vladsch/flexmark/flexmark-ext-aside/0.34.30/flexmark-ext-aside-0.34.30.jar:/Users/wiyanherraherviana/.m2/repository/com/vladsch/flexmark/flexmark-ext-attributes/0.34.30/flexmark-ext-attributes-0.34.30.jar:/Users/wiyanherraherviana/.m2/repository/com/vladsch/flexmark/flexmark-ext-autolink/0.34.30/flexmark-ext-autolink-0.34.30.jar:/Users/wiyanherraherviana/.m2/repository/org/nibor/autolink/autolink/0.6.0/autolink-0.6.0.jar:/Users/wiyanherraherviana/.m2/repository/com/vladsch/flexmark/flexmark-ext-definition/0.34.30/flexmark-ext-definition-0.34.30.jar:/Users/wiyanherraherviana/.m2/repository/com/vladsch/flexmark/flexmark-ext-emoji/0.34.30/flexmark-ext-emoji-0.34.30.jar:/Users/wiyanherraherviana/.m2/repository/com/vladsch/flexmark/flexmark-ext-enumerated-reference/0.34.30/flexmark-ext-enumerated-reference-0.34.30.jar:/Users/wiyanherraherviana/.m2/repository/com/vladsch/flexmark/flexmark-ext-escaped-character/0.34.30/flexmark-ext-escaped-character-0.34.30.jar:/Users/wiyanherraherviana/.m2/repository/com/vladsch/flexmark/flexmark-ext-footnotes/0.34.30/flexmark-ext-footnotes-0.34.30.jar:/Users/wiyanherraherviana/.m2/repository/com/vladsch/flexmark/flexmark-ext-gfm-issues/0.34.30/flexmark-ext-gfm-issues-0.34.30.jar:/Users/wiyanherraherviana/.m2/repository/com/vladsch/flexmark/flexmark-ext-gfm-strikethrough/0.34.30/flexmark-ext-gfm-strikethrough-0.34.30.jar:/Users/wiyanherraherviana/.m2/repository/com/vladsch/flexmark/flexmark-ext-gfm-tables/0.34.30/flexmark-ext-gfm-tables-0.34.30.jar:/Users/wiyanherraherviana/.m2/repository/com/vladsch/flexmark/flexmark-ext-gfm-tasklist/0.34.30/flexmark-ext-gfm-tasklist-0.34.30.jar:/Users/wiyanherraherviana/.m2/repository/com/vladsch/flexmark/flexmark-ext-gfm-users/0.34.30/flexmark-ext-gfm-users-0.34.30.jar:/Users/wiyanherraherviana/.m2/repository/com/vladsch/flexmark/flexmark-ext-gitlab/0.34.30/flexmark-ext-gitlab-0.34.30.jar:/Users/wiyanherraherviana/.m2/repository/com/vladsch/flexmark/flexmark-ext-jekyll-front-matter/0.34.30/flexmark-ext-jekyll-front-matter-0.34.30.jar:/Users/wiyanherraherviana/.m2/repository/com/vladsch/flexmark/flexmark-ext-jekyll-tag/0.34.30/flexmark-ext-jekyll-tag-0.34.30.jar:/Users/wiyanherraherviana/.m2/repository/com/vladsch/flexmark/flexmark-ext-media-tags/0.34.30/flexmark-ext-media-tags-0.34.30.jar:/Users/wiyanherraherviana/.m2/repository/com/vladsch/flexmark/flexmark-test-util/0.34.30/flexmark-test-util-0.34.30.jar:/Users/wiyanherraherviana/.m2/repository/com/vladsch/flexmark/flexmark-ext-ins/0.34.30/flexmark-ext-ins-0.34.30.jar:/Users/wiyanherraherviana/.m2/repository/com/vladsch/flexmark/flexmark-ext-xwiki-macros/0.34.30/flexmark-ext-xwiki-macros-0.34.30.jar:/Users/wiyanherraherviana/.m2/repository/com/vladsch/flexmark/flexmark-ext-superscript/0.34.30/flexmark-ext-superscript-0.34.30.jar:/Users/wiyanherraherviana/.m2/repository/com/vladsch/flexmark/flexmark-ext-tables/0.34.30/flexmark-ext-tables-0.34.30.jar:/Users/wiyanherraherviana/.m2/repository/com/vladsch/flexmark/flexmark-ext-toc/0.34.30/flexmark-ext-toc-0.34.30.jar:/Users/wiyanherraherviana/.m2/repository/com/vladsch/flexmark/flexmark-ext-typographic/0.34.30/flexmark-ext-typographic-0.34.30.jar:/Users/wiyanherraherviana/.m2/repository/com/vladsch/flexmark/flexmark-ext-wikilink/0.34.30/flexmark-ext-wikilink-0.34.30.jar:/Users/wiyanherraherviana/.m2/repository/com/vladsch/flexmark/flexmark-ext-yaml-front-matter/0.34.30/flexmark-ext-yaml-front-matter-0.34.30.jar:/Users/wiyanherraherviana/.m2/repository/com/vladsch/flexmark/flexmark-ext-youtube-embedded/0.34.30/flexmark-ext-youtube-embedded-0.34.30.jar:/Users/wiyanherraherviana/.m2/repository/com/vladsch/flexmark/flexmark-formatter/0.34.30/flexmark-formatter-0.34.30.jar:/Users/wiyanherraherviana/.m2/repository/com/vladsch/flexmark/flexmark-html-parser/0.34.30/flexmark-html-parser-0.34.30.jar:/Users/wiyanherraherviana/.m2/repository/com/vladsch/flexmark/flexmark-jira-converter/0.34.30/flexmark-jira-converter-0.34.30.jar:/Users/wiyanherraherviana/.m2/repository/com/vladsch/flexmark/flexmark-pdf-converter/0.34.30/flexmark-pdf-converter-0.34.30.jar:/Users/wiyanherraherviana/.m2/repository/com/openhtmltopdf/openhtmltopdf-core/0.0.1-RC13/openhtmltopdf-core-0.0.1-RC13.jar:/Users/wiyanherraherviana/.m2/repository/com/openhtmltopdf/openhtmltopdf-pdfbox/0.0.1-RC13/openhtmltopdf-pdfbox-0.0.1-RC13.jar:/Users/wiyanherraherviana/.m2/repository/org/apache/pdfbox/pdfbox/2.0.8/pdfbox-2.0.8.jar:/Users/wiyanherraherviana/.m2/repository/org/apache/pdfbox/fontbox/2.0.8/fontbox-2.0.8.jar:/Users/wiyanherraherviana/.m2/repository/org/apache/pdfbox/xmpbox/2.0.8/xmpbox-2.0.8.jar:/Users/wiyanherraherviana/.m2/repository/de/rototor/pdfbox/graphics2d/0.12/graphics2d-0.12.jar:/Users/wiyanherraherviana/.m2/repository/com/openhtmltopdf/openhtmltopdf-rtl-support/0.0.1-RC13/openhtmltopdf-rtl-support-0.0.1-RC13.jar:/Users/wiyanherraherviana/.m2/repository/com/ibm/icu/icu4j/59.1/icu4j-59.1.jar:/Users/wiyanherraherviana/.m2/repository/com/openhtmltopdf/openhtmltopdf-jsoup-dom-converter/0.0.1-RC13/openhtmltopdf-jsoup-dom-converter-0.0.1-RC13.jar:/Users/wiyanherraherviana/.m2/repository/com/vladsch/flexmark/flexmark-profile-pegdown/0.34.30/flexmark-profile-pegdown-0.34.30.jar:/Users/wiyanherraherviana/.m2/repository/com/vladsch/flexmark/flexmark-util/0.34.30/flexmark-util-0.34.30.jar:/Users/wiyanherraherviana/.m2/repository/com/vladsch/flexmark/flexmark-youtrack-converter/0.34.30/flexmark-youtrack-converter-0.34.30.jar:/Users/wiyanherraherviana/.m2/repository/es/nitaur/markdown/txtmark/0.16/txtmark-0.16.jar:/Users/wiyanherraherviana/.m2/repository/net/serenity-bdd/serenity-report-resources/3.5.1/serenity-report-resources-3.5.1.jar:/Users/wiyanherraherviana/.m2/repository/com/google/code/gson/gson/2.9.0/gson-2.9.0.jar:/Users/wiyanherraherviana/.m2/repository/com/fasterxml/jackson/core/jackson-core/2.13.4/jackson-core-2.13.4.jar:/Users/wiyanherraherviana/.m2/repository/com/fasterxml/jackson/core/jackson-databind/2.13.4/jackson-databind-2.13.4.jar:/Users/wiyanherraherviana/.m2/repository/com/fasterxml/jackson/core/jackson-annotations/2.13.4/jackson-annotations-2.13.4.jar:/Users/wiyanherraherviana/.m2/repository/commons-codec/commons-codec/1.15/commons-codec-1.15.jar:/Users/wiyanherraherviana/.m2/repository/commons-io/commons-io/2.11.0/commons-io-2.11.0.jar:/Users/wiyanherraherviana/.m2/repository/org/apache/httpcomponents/httpclient/4.5.13/httpclient-4.5.13.jar:/Users/wiyanherraherviana/.m2/repository/org/apache/httpcomponents/httpcore/4.4.13/httpcore-4.4.13.jar:/Users/wiyanherraherviana/.m2/repository/commons-logging/commons-logging/1.2/commons-logging-1.2.jar:/Users/wiyanherraherviana/.m2/repository/org/seleniumhq/selenium/selenium-java/4.7.1/selenium-java-4.7.1.jar:/Users/wiyanherraherviana/.m2/repository/org/seleniumhq/selenium/selenium-devtools-v106/4.7.1/selenium-devtools-v106-4.7.1.jar:/Users/wiyanherraherviana/.m2/repository/org/seleniumhq/selenium/selenium-devtools-v107/4.7.1/selenium-devtools-v107-4.7.1.jar:/Users/wiyanherraherviana/.m2/repository/org/seleniumhq/selenium/selenium-devtools-v108/4.7.1/selenium-devtools-v108-4.7.1.jar:/Users/wiyanherraherviana/.m2/repository/org/seleniumhq/selenium/selenium-devtools-v85/4.7.1/selenium-devtools-v85-4.7.1.jar:/Users/wiyanherraherviana/.m2/repository/org/seleniumhq/selenium/selenium-remote-driver/4.7.1/selenium-remote-driver-4.7.1.jar:/Users/wiyanherraherviana/.m2/repository/com/beust/jcommander/1.82/jcommander-1.82.jar:/Users/wiyanherraherviana/.m2/repository/io/netty/netty-buffer/4.1.84.Final/netty-buffer-4.1.84.Final.jar:/Users/wiyanherraherviana/.m2/repository/io/netty/netty-codec-http/4.1.84.Final/netty-codec-http-4.1.84.Final.jar:/Users/wiyanherraherviana/.m2/repository/io/netty/netty-codec/4.1.84.Final/netty-codec-4.1.84.Final.jar:/Users/wiyanherraherviana/.m2/repository/io/netty/netty-handler/4.1.84.Final/netty-handler-4.1.84.Final.jar:/Users/wiyanherraherviana/.m2/repository/io/netty/netty-common/4.1.84.Final/netty-common-4.1.84.Final.jar:/Users/wiyanherraherviana/.m2/repository/io/netty/netty-transport-classes-epoll/4.1.84.Final/netty-transport-classes-epoll-4.1.84.Final.jar:/Users/wiyanherraherviana/.m2/repository/io/netty/netty-transport-classes-kqueue/4.1.84.Final/netty-transport-classes-kqueue-4.1.84.Final.jar:/Users/wiyanherraherviana/.m2/repository/io/netty/netty-transport-native-epoll/4.1.84.Final/netty-transport-native-epoll-4.1.84.Final.jar:/Users/wiyanherraherviana/.m2/repository/io/netty/netty-transport-native-kqueue/4.1.84.Final/netty-transport-native-kqueue-4.1.84.Final.jar:/Users/wiyanherraherviana/.m2/repository/io/netty/netty-transport-native-unix-common/4.1.84.Final/netty-transport-native-unix-common-4.1.84.Final.jar:/Users/wiyanherraherviana/.m2/repository/io/netty/netty-transport/4.1.84.Final/netty-transport-4.1.84.Final.jar:/Users/wiyanherraherviana/.m2/repository/io/netty/netty-resolver/4.1.84.Final/netty-resolver-4.1.84.Final.jar:/Users/wiyanherraherviana/.m2/repository/io/opentelemetry/opentelemetry-api/1.19.0/opentelemetry-api-1.19.0.jar:/Users/wiyanherraherviana/.m2/repository/io/opentelemetry/opentelemetry-context/1.19.0/opentelemetry-context-1.19.0.jar:/Users/wiyanherraherviana/.m2/repository/io/opentelemetry/opentelemetry-exporter-logging/1.19.0/opentelemetry-exporter-logging-1.19.0.jar:/Users/wiyanherraherviana/.m2/repository/io/opentelemetry/opentelemetry-sdk-metrics/1.19.0/opentelemetry-sdk-metrics-1.19.0.jar:/Users/wiyanherraherviana/.m2/repository/io/opentelemetry/opentelemetry-sdk-logs/1.19.0-alpha/opentelemetry-sdk-logs-1.19.0-alpha.jar:/Users/wiyanherraherviana/.m2/repository/io/opentelemetry/opentelemetry-api-logs/1.19.0-alpha/opentelemetry-api-logs-1.19.0-alpha.jar:/Users/wiyanherraherviana/.m2/repository/io/opentelemetry/opentelemetry-sdk-common/1.19.0/opentelemetry-sdk-common-1.19.0.jar:/Users/wiyanherraherviana/.m2/repository/io/opentelemetry/opentelemetry-sdk-extension-autoconfigure-spi/1.19.0/opentelemetry-sdk-extension-autoconfigure-spi-1.19.0.jar:/Users/wiyanherraherviana/.m2/repository/io/opentelemetry/opentelemetry-sdk-extension-autoconfigure/1.19.0-alpha/opentelemetry-sdk-extension-autoconfigure-1.19.0-alpha.jar:/Users/wiyanherraherviana/.m2/repository/io/opentelemetry/opentelemetry-exporter-common/1.19.0/opentelemetry-exporter-common-1.19.0.jar:/Users/wiyanherraherviana/.m2/repository/io/opentelemetry/opentelemetry-sdk-trace/1.19.0/opentelemetry-sdk-trace-1.19.0.jar:/Users/wiyanherraherviana/.m2/repository/io/opentelemetry/opentelemetry-sdk/1.19.0/opentelemetry-sdk-1.19.0.jar:/Users/wiyanherraherviana/.m2/repository/io/opentelemetry/opentelemetry-semconv/1.19.0-alpha/opentelemetry-semconv-1.19.0-alpha.jar:/Users/wiyanherraherviana/.m2/repository/io/ous/jtoml/2.0.0/jtoml-2.0.0.jar:/Users/wiyanherraherviana/.m2/repository/org/apache/commons/commons-exec/1.3/commons-exec-1.3.jar:/Users/wiyanherraherviana/.m2/repository/org/asynchttpclient/async-http-client/2.12.3/async-http-client-2.12.3.jar:/Users/wiyanherraherviana/.m2/repository/org/asynchttpclient/async-http-client-netty-utils/2.12.3/async-http-client-netty-utils-2.12.3.jar:/Users/wiyanherraherviana/.m2/repository/io/netty/netty-codec-socks/4.1.60.Final/netty-codec-socks-4.1.60.Final.jar:/Users/wiyanherraherviana/.m2/repository/io/netty/netty-handler-proxy/4.1.60.Final/netty-handler-proxy-4.1.60.Final.jar:/Users/wiyanherraherviana/.m2/repository/io/netty/netty-transport-native-epoll/4.1.60.Final/netty-transport-native-epoll-4.1.60.Final-linux-x86_64.jar:/Users/wiyanherraherviana/.m2/repository/io/netty/netty-transport-native-kqueue/4.1.60.Final/netty-transport-native-kqueue-4.1.60.Final-osx-x86_64.jar:/Users/wiyanherraherviana/.m2/repository/org/reactivestreams/reactive-streams/1.0.3/reactive-streams-1.0.3.jar:/Users/wiyanherraherviana/.m2/repository/com/typesafe/netty/netty-reactive-streams/2.0.4/netty-reactive-streams-2.0.4.jar:/Users/wiyanherraherviana/.m2/repository/org/seleniumhq/selenium/selenium-manager/4.7.1/selenium-manager-4.7.1.jar:/Users/wiyanherraherviana/.m2/repository/org/seleniumhq/selenium/selenium-safari-driver/4.7.1/selenium-safari-driver-4.7.1.jar:/Users/wiyanherraherviana/.m2/repository/org/seleniumhq/selenium/selenium-api/4.7.1/selenium-api-4.7.1.jar:/Users/wiyanherraherviana/.m2/repository/org/seleniumhq/selenium/selenium-support/4.7.1/selenium-support-4.7.1.jar:/Users/wiyanherraherviana/.m2/repository/com/google/auto/service/auto-service-annotations/1.0.1/auto-service-annotations-1.0.1.jar:/Users/wiyanherraherviana/.m2/repository/com/google/auto/service/auto-service/1.0.1/auto-service-1.0.1.jar:/Users/wiyanherraherviana/.m2/repository/com/google/auto/auto-common/1.2/auto-common-1.2.jar:/Users/wiyanherraherviana/.m2/repository/org/seleniumhq/selenium/selenium-json/4.7.1/selenium-json-4.7.1.jar:/Users/wiyanherraherviana/.m2/repository/org/seleniumhq/selenium/selenium-chrome-driver/4.7.1/selenium-chrome-driver-4.7.1.jar:/Users/wiyanherraherviana/.m2/repository/org/seleniumhq/selenium/selenium-chromium-driver/4.7.1/selenium-chromium-driver-4.7.1.jar:/Users/wiyanherraherviana/.m2/repository/org/seleniumhq/selenium/selenium-firefox-driver/4.7.1/selenium-firefox-driver-4.7.1.jar:/Users/wiyanherraherviana/.m2/repository/org/seleniumhq/selenium/selenium-http/4.7.1/selenium-http-4.7.1.jar:/Users/wiyanherraherviana/.m2/repository/dev/failsafe/failsafe/3.3.0/failsafe-3.3.0.jar:/Users/wiyanherraherviana/.m2/repository/org/seleniumhq/selenium/selenium-edge-driver/4.7.1/selenium-edge-driver-4.7.1.jar:/Users/wiyanherraherviana/.m2/repository/org/seleniumhq/selenium/selenium-ie-driver/4.7.1/selenium-ie-driver-4.7.1.jar:/Users/wiyanherraherviana/.m2/repository/org/projectlombok/lombok/1.18.20/lombok-1.18.20.jar:/Users/wiyanherraherviana/.m2/repository/io/appium/java-client/8.3.0/java-client-8.3.0.jar:/Users/wiyanherraherviana/.m2/repository/commons-validator/commons-validator/1.7/commons-validator-1.7.jar:/Users/wiyanherraherviana/.m2/repository/commons-digester/commons-digester/2.1/commons-digester-2.1.jar:/Users/wiyanherraherviana/.m2/repository/org/apache/groovy/groovy/4.0.6/groovy-4.0.6.jar:/Users/wiyanherraherviana/.m2/repository/net/sf/opencsv/opencsv/2.0/opencsv-2.0.jar:/Users/wiyanherraherviana/.m2/repository/commons-beanutils/commons-beanutils/1.9.4/commons-beanutils-1.9.4.jar:/Users/wiyanherraherviana/.m2/repository/org/apache/commons/commons-lang3/3.12.0/commons-lang3-3.12.0.jar:/Users/wiyanherraherviana/.m2/repository/commons-collections/commons-collections/3.2.2/commons-collections-3.2.2.jar:/Users/wiyanherraherviana/.m2/repository/org/fluentlenium/fluentlenium-core/0.10.2/fluentlenium-core-0.10.2.jar:/Users/wiyanherraherviana/.m2/repository/io/github/bonigarcia/webdrivermanager/5.3.0/webdrivermanager-5.3.0.jar:/Users/wiyanherraherviana/.m2/repository/com/github/docker-java/docker-java/3.2.13/docker-java-3.2.13.jar:/Users/wiyanherraherviana/.m2/repository/com/github/docker-java/docker-java-core/3.2.13/docker-java-core-3.2.13.jar:/Users/wiyanherraherviana/.m2/repository/com/github/docker-java/docker-java-api/3.2.13/docker-java-api-3.2.13.jar:/Users/wiyanherraherviana/.m2/repository/org/apache/commons/commons-compress/1.21/commons-compress-1.21.jar:/Users/wiyanherraherviana/.m2/repository/org/bouncycastle/bcpkix-jdk15on/1.64/bcpkix-jdk15on-1.64.jar:/Users/wiyanherraherviana/.m2/repository/org/bouncycastle/bcprov-jdk15on/1.64/bcprov-jdk15on-1.64.jar:/Users/wiyanherraherviana/.m2/repository/org/slf4j/jcl-over-slf4j/1.7.30/jcl-over-slf4j-1.7.30.jar:/Users/wiyanherraherviana/.m2/repository/com/github/docker-java/docker-java-transport-httpclient5/3.2.13/docker-java-transport-httpclient5-3.2.13.jar:/Users/wiyanherraherviana/.m2/repository/com/github/docker-java/docker-java-transport/3.2.13/docker-java-transport-3.2.13.jar:/Users/wiyanherraherviana/.m2/repository/net/java/dev/jna/jna/5.8.0/jna-5.8.0.jar:/Users/wiyanherraherviana/.m2/repository/org/brotli/dec/0.1.2/dec-0.1.2.jar:/Users/wiyanherraherviana/.m2/repository/org/apache/httpcomponents/client5/httpclient5/5.1.3/httpclient5-5.1.3.jar:/Users/wiyanherraherviana/.m2/repository/org/apache/httpcomponents/core5/httpcore5/5.1.3/httpcore5-5.1.3.jar:/Users/wiyanherraherviana/.m2/repository/org/apache/httpcomponents/core5/httpcore5-h2/5.1.3/httpcore5-h2-5.1.3.jar:/Users/wiyanherraherviana/.m2/repository/com/jhlabs/filters/2.0.235/filters-2.0.235.jar:/Users/wiyanherraherviana/.m2/repository/com/paulhammant/ngwebdriver/1.1.6/ngwebdriver-1.1.6.jar:/Users/wiyanherraherviana/.m2/repository/joda-time/joda-time/2.8.2/joda-time-2.8.2.jar:/Users/wiyanherraherviana/.m2/repository/org/hamcrest/hamcrest/2.2/hamcrest-2.2.jar:/Users/wiyanherraherviana/.m2/repository/com/google/jimfs/jimfs/1.2/jimfs-1.2.jar:/Users/wiyanherraherviana/.m2/repository/org/mockito/mockito-core/3.3.3/mockito-core-3.3.3.jar:/Users/wiyanherraherviana/.m2/repository/javax/xml/bind/jaxb-api/2.3.1/jaxb-api-2.3.1.jar:/Users/wiyanherraherviana/.m2/repository/javax/activation/javax.activation-api/1.2.0/javax.activation-api-1.2.0.jar:/Users/wiyanherraherviana/.m2/repository/com/sun/xml/bind/jaxb-core/2.3.0.1/jaxb-core-2.3.0.1.jar:/Users/wiyanherraherviana/.m2/repository/com/sun/xml/bind/jaxb-impl/2.3.3/jaxb-impl-2.3.3.jar:/Users/wiyanherraherviana/.m2/repository/jakarta/xml/bind/jakarta.xml.bind-api/2.3.3/jakarta.xml.bind-api-2.3.3.jar:/Users/wiyanherraherviana/.m2/repository/com/sun/activation/jakarta.activation/1.2.2/jakarta.activation-1.2.2.jar:/Users/wiyanherraherviana/.m2/repository/javax/activation/activation/1.1.1/activation-1.1.1.jar:/Users/wiyanherraherviana/.m2/repository/net/serenity-bdd/serenity-rest-assured/3.5.1/serenity-rest-assured-3.5.1.jar:/Users/wiyanherraherviana/.m2/repository/io/rest-assured/rest-assured/5.2.0/rest-assured-5.2.0.jar:/Users/wiyanherraherviana/.m2/repository/org/apache/httpcomponents/httpmime/4.5.13/httpmime-4.5.13.jar:/Users/wiyanherraherviana/.m2/repository/org/ccil/cowan/tagsoup/tagsoup/1.2.1/tagsoup-1.2.1.jar:/Users/wiyanherraherviana/.m2/repository/io/rest-assured/json-path/5.2.0/json-path-5.2.0.jar:/Users/wiyanherraherviana/.m2/repository/io/rest-assured/rest-assured-common/5.2.0/rest-assured-common-5.2.0.jar:/Users/wiyanherraherviana/.m2/repository/io/rest-assured/xml-path/5.2.0/xml-path-5.2.0.jar:/Users/wiyanherraherviana/.m2/repository/org/apache/groovy/groovy-json/4.0.6/groovy-json-4.0.6.jar:/Users/wiyanherraherviana/.m2/repository/org/apache/groovy/groovy-xml/4.0.6/groovy-xml-4.0.6.jar:/Users/wiyanherraherviana/.m2/repository/org/opentest4j/opentest4j/1.2.0/opentest4j-1.2.0.jar:/Users/wiyanherraherviana/.m2/repository/net/serenity-bdd/serenity-cucumber/3.5.1/serenity-cucumber-3.5.1.jar:/Users/wiyanherraherviana/.m2/repository/io/cucumber/cucumber-core/7.8.1/cucumber-core-7.8.1.jar:/Users/wiyanherraherviana/.m2/repository/io/cucumber/cucumber-gherkin/7.8.1/cucumber-gherkin-7.8.1.jar:/Users/wiyanherraherviana/.m2/repository/io/cucumber/cucumber-gherkin-messages/7.8.1/cucumber-gherkin-messages-7.8.1.jar:/Users/wiyanherraherviana/.m2/repository/io/cucumber/gherkin/24.0.0/gherkin-24.0.0.jar:/Users/wiyanherraherviana/.m2/repository/io/cucumber/messages/19.1.4/messages-19.1.4.jar:/Users/wiyanherraherviana/.m2/repository/io/cucumber/tag-expressions/4.1.0/tag-expressions-4.1.0.jar:/Users/wiyanherraherviana/.m2/repository/io/cucumber/cucumber-expressions/16.0.0/cucumber-expressions-16.0.0.jar:/Users/wiyanherraherviana/.m2/repository/io/cucumber/datatable/7.8.1/datatable-7.8.1.jar:/Users/wiyanherraherviana/.m2/repository/io/cucumber/cucumber-plugin/7.8.1/cucumber-plugin-7.8.1.jar:/Users/wiyanherraherviana/.m2/repository/io/cucumber/docstring/7.8.1/docstring-7.8.1.jar:/Users/wiyanherraherviana/.m2/repository/io/cucumber/html-formatter/20.1.0/html-formatter-20.1.0.jar:/Users/wiyanherraherviana/.m2/repository/io/cucumber/ci-environment/9.1.0/ci-environment-9.1.0.jar:/Users/wiyanherraherviana/.m2/repository/io/cucumber/cucumber-java/7.8.1/cucumber-java-7.8.1.jar:/Users/wiyanherraherviana/.m2/repository/io/cucumber/cucumber-junit/7.8.1/cucumber-junit-7.8.1.jar:/Users/wiyanherraherviana/.m2/repository/org/apache/commons/commons-csv/1.5/commons-csv-1.5.jar:/Users/wiyanherraherviana/.m2/repository/net/serenity-bdd/serenity-screenplay/3.5.1/serenity-screenplay-3.5.1.jar:/Users/wiyanherraherviana/.m2/repository/net/serenity-bdd/serenity-screenplay-webdriver/3.5.1/serenity-screenplay-webdriver-3.5.1.jar:/Users/wiyanherraherviana/.m2/repository/net/serenity-bdd/serenity-ensure/3.5.1/serenity-ensure-3.5.1.jar:/Users/wiyanherraherviana/.m2/repository/net/serenity-bdd/serenity-junit/3.5.1/serenity-junit-3.5.1.jar:/Users/wiyanherraherviana/.m2/repository/org/jetbrains/kotlin/kotlin-stdlib/1.7.21/kotlin-stdlib-1.7.21.jar:/Users/wiyanherraherviana/.m2/repository/org/jetbrains/kotlin/kotlin-stdlib-common/1.7.21/kotlin-stdlib-common-1.7.21.jar:/Users/wiyanherraherviana/.m2/repository/org/jetbrains/annotations/13.0/annotations-13.0.jar:/Users/wiyanherraherviana/.m2/repository/org/junit/platform/junit-platform-launcher/1.8.2/junit-platform-launcher-1.8.2.jar:/Users/wiyanherraherviana/.m2/repository/org/junit/platform/junit-platform-engine/1.8.2/junit-platform-engine-1.8.2.jar:/Users/wiyanherraherviana/.m2/repository/org/junit/platform/junit-platform-commons/1.8.2/junit-platform-commons-1.8.2.jar:/Users/wiyanherraherviana/.m2/repository/org/apiguardian/apiguardian-api/1.1.2/apiguardian-api-1.1.2.jar:/Users/wiyanherraherviana/.m2/repository/org/junit/jupiter/junit-jupiter-engine/5.8.2/junit-jupiter-engine-5.8.2.jar:/Users/wiyanherraherviana/.m2/repository/org/junit/jupiter/junit-jupiter-api/5.8.2/junit-jupiter-api-5.8.2.jar:/Users/wiyanherraherviana/.m2/repository/org/junit/vintage/junit-vintage-engine/5.8.2/junit-vintage-engine-5.8.2.jar:/Users/wiyanherraherviana/.m2/repository/junit/junit/4.13.2/junit-4.13.2.jar:/Users/wiyanherraherviana/.m2/repository/org/hamcrest/hamcrest-core/1.3/hamcrest-core-1.3.jar:/Users/wiyanherraherviana/.m2/repository/ch/qos/logback/logback-classic/1.2.10/logback-classic-1.2.10.jar:/Users/wiyanherraherviana/.m2/repository/ch/qos/logback/logback-core/1.2.10/logback-core-1.2.10.jar:/Users/wiyanherraherviana/.m2/repository/org/slf4j/slf4j-api/1.7.32/slf4j-api-1.7.32.jar:/Users/wiyanherraherviana/.m2/repository/org/assertj/assertj-core/3.23.1/assertj-core-3.23.1.jar:/Users/wiyanherraherviana/.m2/repository/net/bytebuddy/byte-buddy/1.12.10/byte-buddy-1.12.10.jar:"/>
    <property name="java.vm.vendor" value="Oracle Corporation"/>
    <property name="sun.arch.data.model" value="64"/>
    <property name="java.vendor.url" value="https://java.oracle.com/"/>
    <property name="user.timezone" value="Asia/Jakarta"/>
    <property name="os.name" value="Mac OS X"/>
    <property name="java.vm.specification.version" value="19"/>
    <property name="sun.java.launcher" value="SUN_STANDARD"/>
    <property name="user.country" value="GB"/>
    <property name="sun.boot.library.path" value="/Library/Java/JavaVirtualMachines/jdk-19.jdk/Contents/Home/lib"/>
    <property name="sun.java.command" value="org.apache.maven.surefire.booter.ForkedBooter /Users/wiyanherraherviana/Alterra/Task_RESTfulAPI/target/surefire 2023-04-13T22-17-04_463-jvmRun1 surefire12281236790925482859tmp surefire_017270658217238736698tmp"/>
    <property name="http.nonProxyHosts" value="local|*.local|169.254/16|*.169.254/16"/>
    <property name="jdk.debug" value="release"/>
    <property name="surefire.test.class.path" value="/Users/wiyanherraherviana/Alterra/Task_RESTfulAPI/target/test-classes:/Users/wiyanherraherviana/.m2/repository/org/json/json/20210307/json-20210307.jar:/Users/wiyanherraherviana/.m2/repository/net/serenity-bdd/serenity-core/3.5.1/serenity-core-3.5.1.jar:/Users/wiyanherraherviana/.m2/repository/net/serenity-bdd/serenity-model/3.5.1/serenity-model-3.5.1.jar:/Users/wiyanherraherviana/.m2/repository/org/apache/commons/commons-text/1.10.0/commons-text-1.10.0.jar:/Users/wiyanherraherviana/.m2/repository/commons-net/commons-net/3.8.0/commons-net-3.8.0.jar:/Users/wiyanherraherviana/.m2/repository/com/google/guava/guava/31.1-jre/guava-31.1-jre.jar:/Users/wiyanherraherviana/.m2/repository/com/google/guava/failureaccess/1.0.1/failureaccess-1.0.1.jar:/Users/wiyanherraherviana/.m2/repository/com/google/guava/listenablefuture/9999.0-empty-to-avoid-conflict-with-guava/listenablefuture-9999.0-empty-to-avoid-conflict-with-guava.jar:/Users/wiyanherraherviana/.m2/repository/com/google/code/findbugs/jsr305/3.0.2/jsr305-3.0.2.jar:/Users/wiyanherraherviana/.m2/repository/org/checkerframework/checker-qual/3.12.0/checker-qual-3.12.0.jar:/Users/wiyanherraherviana/.m2/repository/com/google/errorprone/error_prone_annotations/2.11.0/error_prone_annotations-2.11.0.jar:/Users/wiyanherraherviana/.m2/repository/com/google/j2objc/j2objc-annotations/1.3/j2objc-annotations-1.3.jar:/Users/wiyanherraherviana/.m2/repository/com/google/inject/guice/5.1.0/guice-5.1.0.jar:/Users/wiyanherraherviana/.m2/repository/javax/inject/javax.inject/1/javax.inject-1.jar:/Users/wiyanherraherviana/.m2/repository/aopalliance/aopalliance/1.0/aopalliance-1.0.jar:/Users/wiyanherraherviana/.m2/repository/org/jsoup/jsoup/1.14.3/jsoup-1.14.3.jar:/Users/wiyanherraherviana/.m2/repository/com/thoughtworks/xstream/xstream/1.4.19/xstream-1.4.19.jar:/Users/wiyanherraherviana/.m2/repository/io/github/x-stream/mxparser/1.2.2/mxparser-1.2.2.jar:/Users/wiyanherraherviana/.m2/repository/xmlpull/xmlpull/1.1.3.1/xmlpull-1.1.3.1.jar:/Users/wiyanherraherviana/.m2/repository/com/typesafe/config/1.4.2/config-1.4.2.jar:/Users/wiyanherraherviana/.m2/repository/org/imgscalr/imgscalr-lib/4.2/imgscalr-lib-4.2.jar:/Users/wiyanherraherviana/.m2/repository/org/awaitility/awaitility/4.2.0/awaitility-4.2.0.jar:/Users/wiyanherraherviana/.m2/repository/org/freemarker/freemarker/2.3.31/freemarker-2.3.31.jar:/Users/wiyanherraherviana/.m2/repository/io/github/classgraph/classgraph/4.8.138/classgraph-4.8.138.jar:/Users/wiyanherraherviana/.m2/repository/net/sourceforge/jexcelapi/jxl/2.6.12/jxl-2.6.12.jar:/Users/wiyanherraherviana/.m2/repository/net/bytebuddy/byte-buddy-agent/1.12.18/byte-buddy-agent-1.12.18.jar:/Users/wiyanherraherviana/.m2/repository/org/objenesis/objenesis/3.1/objenesis-3.1.jar:/Users/wiyanherraherviana/.m2/repository/net/serenity-bdd/serenity-reports/3.5.1/serenity-reports-3.5.1.jar:/Users/wiyanherraherviana/.m2/repository/net/serenity-bdd/serenity-stats/3.5.1/serenity-stats-3.5.1.jar:/Users/wiyanherraherviana/.m2/repository/net/serenity-bdd/serenity-reports-configuration/3.5.1/serenity-reports-configuration-3.5.1.jar:/Users/wiyanherraherviana/.m2/repository/com/vladsch/flexmark/flexmark-all/0.34.30/flexmark-all-0.34.30.jar:/Users/wiyanherraherviana/.m2/repository/com/vladsch/flexmark/flexmark/0.34.30/flexmark-0.34.30.jar:/Users/wiyanherraherviana/.m2/repository/com/vladsch/flexmark/flexmark-ext-abbreviation/0.34.30/flexmark-ext-abbreviation-0.34.30.jar:/Users/wiyanherraherviana/.m2/repository/com/vladsch/flexmark/flexmark-ext-admonition/0.34.30/flexmark-ext-admonition-0.34.30.jar:/Users/wiyanherraherviana/.m2/repository/com/vladsch/flexmark/flexmark-ext-anchorlink/0.34.30/flexmark-ext-anchorlink-0.34.30.jar:/Users/wiyanherraherviana/.m2/repository/com/vladsch/flexmark/flexmark-ext-aside/0.34.30/flexmark-ext-aside-0.34.30.jar:/Users/wiyanherraherviana/.m2/repository/com/vladsch/flexmark/flexmark-ext-attributes/0.34.30/flexmark-ext-attributes-0.34.30.jar:/Users/wiyanherraherviana/.m2/repository/com/vladsch/flexmark/flexmark-ext-autolink/0.34.30/flexmark-ext-autolink-0.34.30.jar:/Users/wiyanherraherviana/.m2/repository/org/nibor/autolink/autolink/0.6.0/autolink-0.6.0.jar:/Users/wiyanherraherviana/.m2/repository/com/vladsch/flexmark/flexmark-ext-definition/0.34.30/flexmark-ext-definition-0.34.30.jar:/Users/wiyanherraherviana/.m2/repository/com/vladsch/flexmark/flexmark-ext-emoji/0.34.30/flexmark-ext-emoji-0.34.30.jar:/Users/wiyanherraherviana/.m2/repository/com/vladsch/flexmark/flexmark-ext-enumerated-reference/0.34.30/flexmark-ext-enumerated-reference-0.34.30.jar:/Users/wiyanherraherviana/.m2/repository/com/vladsch/flexmark/flexmark-ext-escaped-character/0.34.30/flexmark-ext-escaped-character-0.34.30.jar:/Users/wiyanherraherviana/.m2/repository/com/vladsch/flexmark/flexmark-ext-footnotes/0.34.30/flexmark-ext-footnotes-0.34.30.jar:/Users/wiyanherraherviana/.m2/repository/com/vladsch/flexmark/flexmark-ext-gfm-issues/0.34.30/flexmark-ext-gfm-issues-0.34.30.jar:/Users/wiyanherraherviana/.m2/repository/com/vladsch/flexmark/flexmark-ext-gfm-strikethrough/0.34.30/flexmark-ext-gfm-strikethrough-0.34.30.jar:/Users/wiyanherraherviana/.m2/repository/com/vladsch/flexmark/flexmark-ext-gfm-tables/0.34.30/flexmark-ext-gfm-tables-0.34.30.jar:/Users/wiyanherraherviana/.m2/repository/com/vladsch/flexmark/flexmark-ext-gfm-tasklist/0.34.30/flexmark-ext-gfm-tasklist-0.34.30.jar:/Users/wiyanherraherviana/.m2/repository/com/vladsch/flexmark/flexmark-ext-gfm-users/0.34.30/flexmark-ext-gfm-users-0.34.30.jar:/Users/wiyanherraherviana/.m2/repository/com/vladsch/flexmark/flexmark-ext-gitlab/0.34.30/flexmark-ext-gitlab-0.34.30.jar:/Users/wiyanherraherviana/.m2/repository/com/vladsch/flexmark/flexmark-ext-jekyll-front-matter/0.34.30/flexmark-ext-jekyll-front-matter-0.34.30.jar:/Users/wiyanherraherviana/.m2/repository/com/vladsch/flexmark/flexmark-ext-jekyll-tag/0.34.30/flexmark-ext-jekyll-tag-0.34.30.jar:/Users/wiyanherraherviana/.m2/repository/com/vladsch/flexmark/flexmark-ext-media-tags/0.34.30/flexmark-ext-media-tags-0.34.30.jar:/Users/wiyanherraherviana/.m2/repository/com/vladsch/flexmark/flexmark-test-util/0.34.30/flexmark-test-util-0.34.30.jar:/Users/wiyanherraherviana/.m2/repository/com/vladsch/flexmark/flexmark-ext-ins/0.34.30/flexmark-ext-ins-0.34.30.jar:/Users/wiyanherraherviana/.m2/repository/com/vladsch/flexmark/flexmark-ext-xwiki-macros/0.34.30/flexmark-ext-xwiki-macros-0.34.30.jar:/Users/wiyanherraherviana/.m2/repository/com/vladsch/flexmark/flexmark-ext-superscript/0.34.30/flexmark-ext-superscript-0.34.30.jar:/Users/wiyanherraherviana/.m2/repository/com/vladsch/flexmark/flexmark-ext-tables/0.34.30/flexmark-ext-tables-0.34.30.jar:/Users/wiyanherraherviana/.m2/repository/com/vladsch/flexmark/flexmark-ext-toc/0.34.30/flexmark-ext-toc-0.34.30.jar:/Users/wiyanherraherviana/.m2/repository/com/vladsch/flexmark/flexmark-ext-typographic/0.34.30/flexmark-ext-typographic-0.34.30.jar:/Users/wiyanherraherviana/.m2/repository/com/vladsch/flexmark/flexmark-ext-wikilink/0.34.30/flexmark-ext-wikilink-0.34.30.jar:/Users/wiyanherraherviana/.m2/repository/com/vladsch/flexmark/flexmark-ext-yaml-front-matter/0.34.30/flexmark-ext-yaml-front-matter-0.34.30.jar:/Users/wiyanherraherviana/.m2/repository/com/vladsch/flexmark/flexmark-ext-youtube-embedded/0.34.30/flexmark-ext-youtube-embedded-0.34.30.jar:/Users/wiyanherraherviana/.m2/repository/com/vladsch/flexmark/flexmark-formatter/0.34.30/flexmark-formatter-0.34.30.jar:/Users/wiyanherraherviana/.m2/repository/com/vladsch/flexmark/flexmark-html-parser/0.34.30/flexmark-html-parser-0.34.30.jar:/Users/wiyanherraherviana/.m2/repository/com/vladsch/flexmark/flexmark-jira-converter/0.34.30/flexmark-jira-converter-0.34.30.jar:/Users/wiyanherraherviana/.m2/repository/com/vladsch/flexmark/flexmark-pdf-converter/0.34.30/flexmark-pdf-converter-0.34.30.jar:/Users/wiyanherraherviana/.m2/repository/com/openhtmltopdf/openhtmltopdf-core/0.0.1-RC13/openhtmltopdf-core-0.0.1-RC13.jar:/Users/wiyanherraherviana/.m2/repository/com/openhtmltopdf/openhtmltopdf-pdfbox/0.0.1-RC13/openhtmltopdf-pdfbox-0.0.1-RC13.jar:/Users/wiyanherraherviana/.m2/repository/org/apache/pdfbox/pdfbox/2.0.8/pdfbox-2.0.8.jar:/Users/wiyanherraherviana/.m2/repository/org/apache/pdfbox/fontbox/2.0.8/fontbox-2.0.8.jar:/Users/wiyanherraherviana/.m2/repository/org/apache/pdfbox/xmpbox/2.0.8/xmpbox-2.0.8.jar:/Users/wiyanherraherviana/.m2/repository/de/rototor/pdfbox/graphics2d/0.12/graphics2d-0.12.jar:/Users/wiyanherraherviana/.m2/repository/com/openhtmltopdf/openhtmltopdf-rtl-support/0.0.1-RC13/openhtmltopdf-rtl-support-0.0.1-RC13.jar:/Users/wiyanherraherviana/.m2/repository/com/ibm/icu/icu4j/59.1/icu4j-59.1.jar:/Users/wiyanherraherviana/.m2/repository/com/openhtmltopdf/openhtmltopdf-jsoup-dom-converter/0.0.1-RC13/openhtmltopdf-jsoup-dom-converter-0.0.1-RC13.jar:/Users/wiyanherraherviana/.m2/repository/com/vladsch/flexmark/flexmark-profile-pegdown/0.34.30/flexmark-profile-pegdown-0.34.30.jar:/Users/wiyanherraherviana/.m2/repository/com/vladsch/flexmark/flexmark-util/0.34.30/flexmark-util-0.34.30.jar:/Users/wiyanherraherviana/.m2/repository/com/vladsch/flexmark/flexmark-youtrack-converter/0.34.30/flexmark-youtrack-converter-0.34.30.jar:/Users/wiyanherraherviana/.m2/repository/es/nitaur/markdown/txtmark/0.16/txtmark-0.16.jar:/Users/wiyanherraherviana/.m2/repository/net/serenity-bdd/serenity-report-resources/3.5.1/serenity-report-resources-3.5.1.jar:/Users/wiyanherraherviana/.m2/repository/com/google/code/gson/gson/2.9.0/gson-2.9.0.jar:/Users/wiyanherraherviana/.m2/repository/com/fasterxml/jackson/core/jackson-core/2.13.4/jackson-core-2.13.4.jar:/Users/wiyanherraherviana/.m2/repository/com/fasterxml/jackson/core/jackson-databind/2.13.4/jackson-databind-2.13.4.jar:/Users/wiyanherraherviana/.m2/repository/com/fasterxml/jackson/core/jackson-annotations/2.13.4/jackson-annotations-2.13.4.jar:/Users/wiyanherraherviana/.m2/repository/commons-codec/commons-codec/1.15/commons-codec-1.15.jar:/Users/wiyanherraherviana/.m2/repository/commons-io/commons-io/2.11.0/commons-io-2.11.0.jar:/Users/wiyanherraherviana/.m2/repository/org/apache/httpcomponents/httpclient/4.5.13/httpclient-4.5.13.jar:/Users/wiyanherraherviana/.m2/repository/org/apache/httpcomponents/httpcore/4.4.13/httpcore-4.4.13.jar:/Users/wiyanherraherviana/.m2/repository/commons-logging/commons-logging/1.2/commons-logging-1.2.jar:/Users/wiyanherraherviana/.m2/repository/org/seleniumhq/selenium/selenium-java/4.7.1/selenium-java-4.7.1.jar:/Users/wiyanherraherviana/.m2/repository/org/seleniumhq/selenium/selenium-devtools-v106/4.7.1/selenium-devtools-v106-4.7.1.jar:/Users/wiyanherraherviana/.m2/repository/org/seleniumhq/selenium/selenium-devtools-v107/4.7.1/selenium-devtools-v107-4.7.1.jar:/Users/wiyanherraherviana/.m2/repository/org/seleniumhq/selenium/selenium-devtools-v108/4.7.1/selenium-devtools-v108-4.7.1.jar:/Users/wiyanherraherviana/.m2/repository/org/seleniumhq/selenium/selenium-devtools-v85/4.7.1/selenium-devtools-v85-4.7.1.jar:/Users/wiyanherraherviana/.m2/repository/org/seleniumhq/selenium/selenium-remote-driver/4.7.1/selenium-remote-driver-4.7.1.jar:/Users/wiyanherraherviana/.m2/repository/com/beust/jcommander/1.82/jcommander-1.82.jar:/Users/wiyanherraherviana/.m2/repository/io/netty/netty-buffer/4.1.84.Final/netty-buffer-4.1.84.Final.jar:/Users/wiyanherraherviana/.m2/repository/io/netty/netty-codec-http/4.1.84.Final/netty-codec-http-4.1.84.Final.jar:/Users/wiyanherraherviana/.m2/repository/io/netty/netty-codec/4.1.84.Final/netty-codec-4.1.84.Final.jar:/Users/wiyanherraherviana/.m2/repository/io/netty/netty-handler/4.1.84.Final/netty-handler-4.1.84.Final.jar:/Users/wiyanherraherviana/.m2/repository/io/netty/netty-common/4.1.84.Final/netty-common-4.1.84.Final.jar:/Users/wiyanherraherviana/.m2/repository/io/netty/netty-transport-classes-epoll/4.1.84.Final/netty-transport-classes-epoll-4.1.84.Final.jar:/Users/wiyanherraherviana/.m2/repository/io/netty/netty-transport-classes-kqueue/4.1.84.Final/netty-transport-classes-kqueue-4.1.84.Final.jar:/Users/wiyanherraherviana/.m2/repository/io/netty/netty-transport-native-epoll/4.1.84.Final/netty-transport-native-epoll-4.1.84.Final.jar:/Users/wiyanherraherviana/.m2/repository/io/netty/netty-transport-native-kqueue/4.1.84.Final/netty-transport-native-kqueue-4.1.84.Final.jar:/Users/wiyanherraherviana/.m2/repository/io/netty/netty-transport-native-unix-common/4.1.84.Final/netty-transport-native-unix-common-4.1.84.Final.jar:/Users/wiyanherraherviana/.m2/repository/io/netty/netty-transport/4.1.84.Final/netty-transport-4.1.84.Final.jar:/Users/wiyanherraherviana/.m2/repository/io/netty/netty-resolver/4.1.84.Final/netty-resolver-4.1.84.Final.jar:/Users/wiyanherraherviana/.m2/repository/io/opentelemetry/opentelemetry-api/1.19.0/opentelemetry-api-1.19.0.jar:/Users/wiyanherraherviana/.m2/repository/io/opentelemetry/opentelemetry-context/1.19.0/opentelemetry-context-1.19.0.jar:/Users/wiyanherraherviana/.m2/repository/io/opentelemetry/opentelemetry-exporter-logging/1.19.0/opentelemetry-exporter-logging-1.19.0.jar:/Users/wiyanherraherviana/.m2/repository/io/opentelemetry/opentelemetry-sdk-metrics/1.19.0/opentelemetry-sdk-metrics-1.19.0.jar:/Users/wiyanherraherviana/.m2/repository/io/opentelemetry/opentelemetry-sdk-logs/1.19.0-alpha/opentelemetry-sdk-logs-1.19.0-alpha.jar:/Users/wiyanherraherviana/.m2/repository/io/opentelemetry/opentelemetry-api-logs/1.19.0-alpha/opentelemetry-api-logs-1.19.0-alpha.jar:/Users/wiyanherraherviana/.m2/repository/io/opentelemetry/opentelemetry-sdk-common/1.19.0/opentelemetry-sdk-common-1.19.0.jar:/Users/wiyanherraherviana/.m2/repository/io/opentelemetry/opentelemetry-sdk-extension-autoconfigure-spi/1.19.0/opentelemetry-sdk-extension-autoconfigure-spi-1.19.0.jar:/Users/wiyanherraherviana/.m2/repository/io/opentelemetry/opentelemetry-sdk-extension-autoconfigure/1.19.0-alpha/opentelemetry-sdk-extension-autoconfigure-1.19.0-alpha.jar:/Users/wiyanherraherviana/.m2/repository/io/opentelemetry/opentelemetry-exporter-common/1.19.0/opentelemetry-exporter-common-1.19.0.jar:/Users/wiyanherraherviana/.m2/repository/io/opentelemetry/opentelemetry-sdk-trace/1.19.0/opentelemetry-sdk-trace-1.19.0.jar:/Users/wiyanherraherviana/.m2/repository/io/opentelemetry/opentelemetry-sdk/1.19.0/opentelemetry-sdk-1.19.0.jar:/Users/wiyanherraherviana/.m2/repository/io/opentelemetry/opentelemetry-semconv/1.19.0-alpha/opentelemetry-semconv-1.19.0-alpha.jar:/Users/wiyanherraherviana/.m2/repository/io/ous/jtoml/2.0.0/jtoml-2.0.0.jar:/Users/wiyanherraherviana/.m2/repository/org/apache/commons/commons-exec/1.3/commons-exec-1.3.jar:/Users/wiyanherraherviana/.m2/repository/org/asynchttpclient/async-http-client/2.12.3/async-http-client-2.12.3.jar:/Users/wiyanherraherviana/.m2/repository/org/asynchttpclient/async-http-client-netty-utils/2.12.3/async-http-client-netty-utils-2.12.3.jar:/Users/wiyanherraherviana/.m2/repository/io/netty/netty-codec-socks/4.1.60.Final/netty-codec-socks-4.1.60.Final.jar:/Users/wiyanherraherviana/.m2/repository/io/netty/netty-handler-proxy/4.1.60.Final/netty-handler-proxy-4.1.60.Final.jar:/Users/wiyanherraherviana/.m2/repository/io/netty/netty-transport-native-epoll/4.1.60.Final/netty-transport-native-epoll-4.1.60.Final-linux-x86_64.jar:/Users/wiyanherraherviana/.m2/repository/io/netty/netty-transport-native-kqueue/4.1.60.Final/netty-transport-native-kqueue-4.1.60.Final-osx-x86_64.jar:/Users/wiyanherraherviana/.m2/repository/org/reactivestreams/reactive-streams/1.0.3/reactive-streams-1.0.3.jar:/Users/wiyanherraherviana/.m2/repository/com/typesafe/netty/netty-reactive-streams/2.0.4/netty-reactive-streams-2.0.4.jar:/Users/wiyanherraherviana/.m2/repository/org/seleniumhq/selenium/selenium-manager/4.7.1/selenium-manager-4.7.1.jar:/Users/wiyanherraherviana/.m2/repository/org/seleniumhq/selenium/selenium-safari-driver/4.7.1/selenium-safari-driver-4.7.1.jar:/Users/wiyanherraherviana/.m2/repository/org/seleniumhq/selenium/selenium-api/4.7.1/selenium-api-4.7.1.jar:/Users/wiyanherraherviana/.m2/repository/org/seleniumhq/selenium/selenium-support/4.7.1/selenium-support-4.7.1.jar:/Users/wiyanherraherviana/.m2/repository/com/google/auto/service/auto-service-annotations/1.0.1/auto-service-annotations-1.0.1.jar:/Users/wiyanherraherviana/.m2/repository/com/google/auto/service/auto-service/1.0.1/auto-service-1.0.1.jar:/Users/wiyanherraherviana/.m2/repository/com/google/auto/auto-common/1.2/auto-common-1.2.jar:/Users/wiyanherraherviana/.m2/repository/org/seleniumhq/selenium/selenium-json/4.7.1/selenium-json-4.7.1.jar:/Users/wiyanherraherviana/.m2/repository/org/seleniumhq/selenium/selenium-chrome-driver/4.7.1/selenium-chrome-driver-4.7.1.jar:/Users/wiyanherraherviana/.m2/repository/org/seleniumhq/selenium/selenium-chromium-driver/4.7.1/selenium-chromium-driver-4.7.1.jar:/Users/wiyanherraherviana/.m2/repository/org/seleniumhq/selenium/selenium-firefox-driver/4.7.1/selenium-firefox-driver-4.7.1.jar:/Users/wiyanherraherviana/.m2/repository/org/seleniumhq/selenium/selenium-http/4.7.1/selenium-http-4.7.1.jar:/Users/wiyanherraherviana/.m2/repository/dev/failsafe/failsafe/3.3.0/failsafe-3.3.0.jar:/Users/wiyanherraherviana/.m2/repository/org/seleniumhq/selenium/selenium-edge-driver/4.7.1/selenium-edge-driver-4.7.1.jar:/Users/wiyanherraherviana/.m2/repository/org/seleniumhq/selenium/selenium-ie-driver/4.7.1/selenium-ie-driver-4.7.1.jar:/Users/wiyanherraherviana/.m2/repository/org/projectlombok/lombok/1.18.20/lombok-1.18.20.jar:/Users/wiyanherraherviana/.m2/repository/io/appium/java-client/8.3.0/java-client-8.3.0.jar:/Users/wiyanherraherviana/.m2/repository/commons-validator/commons-validator/1.7/commons-validator-1.7.jar:/Users/wiyanherraherviana/.m2/repository/commons-digester/commons-digester/2.1/commons-digester-2.1.jar:/Users/wiyanherraherviana/.m2/repository/org/apache/groovy/groovy/4.0.6/groovy-4.0.6.jar:/Users/wiyanherraherviana/.m2/repository/net/sf/opencsv/opencsv/2.0/opencsv-2.0.jar:/Users/wiyanherraherviana/.m2/repository/commons-beanutils/commons-beanutils/1.9.4/commons-beanutils-1.9.4.jar:/Users/wiyanherraherviana/.m2/repository/org/apache/commons/commons-lang3/3.12.0/commons-lang3-3.12.0.jar:/Users/wiyanherraherviana/.m2/repository/commons-collections/commons-collections/3.2.2/commons-collections-3.2.2.jar:/Users/wiyanherraherviana/.m2/repository/org/fluentlenium/fluentlenium-core/0.10.2/fluentlenium-core-0.10.2.jar:/Users/wiyanherraherviana/.m2/repository/io/github/bonigarcia/webdrivermanager/5.3.0/webdrivermanager-5.3.0.jar:/Users/wiyanherraherviana/.m2/repository/com/github/docker-java/docker-java/3.2.13/docker-java-3.2.13.jar:/Users/wiyanherraherviana/.m2/repository/com/github/docker-java/docker-java-core/3.2.13/docker-java-core-3.2.13.jar:/Users/wiyanherraherviana/.m2/repository/com/github/docker-java/docker-java-api/3.2.13/docker-java-api-3.2.13.jar:/Users/wiyanherraherviana/.m2/repository/org/apache/commons/commons-compress/1.21/commons-compress-1.21.jar:/Users/wiyanherraherviana/.m2/repository/org/bouncycastle/bcpkix-jdk15on/1.64/bcpkix-jdk15on-1.64.jar:/Users/wiyanherraherviana/.m2/repository/org/bouncycastle/bcprov-jdk15on/1.64/bcprov-jdk15on-1.64.jar:/Users/wiyanherraherviana/.m2/repository/org/slf4j/jcl-over-slf4j/1.7.30/jcl-over-slf4j-1.7.30.jar:/Users/wiyanherraherviana/.m2/repository/com/github/docker-java/docker-java-transport-httpclient5/3.2.13/docker-java-transport-httpclient5-3.2.13.jar:/Users/wiyanherraherviana/.m2/repository/com/github/docker-java/docker-java-transport/3.2.13/docker-java-transport-3.2.13.jar:/Users/wiyanherraherviana/.m2/repository/net/java/dev/jna/jna/5.8.0/jna-5.8.0.jar:/Users/wiyanherraherviana/.m2/repository/org/brotli/dec/0.1.2/dec-0.1.2.jar:/Users/wiyanherraherviana/.m2/repository/org/apache/httpcomponents/client5/httpclient5/5.1.3/httpclient5-5.1.3.jar:/Users/wiyanherraherviana/.m2/repository/org/apache/httpcomponents/core5/httpcore5/5.1.3/httpcore5-5.1.3.jar:/Users/wiyanherraherviana/.m2/repository/org/apache/httpcomponents/core5/httpcore5-h2/5.1.3/httpcore5-h2-5.1.3.jar:/Users/wiyanherraherviana/.m2/repository/com/jhlabs/filters/2.0.235/filters-2.0.235.jar:/Users/wiyanherraherviana/.m2/repository/com/paulhammant/ngwebdriver/1.1.6/ngwebdriver-1.1.6.jar:/Users/wiyanherraherviana/.m2/repository/joda-time/joda-time/2.8.2/joda-time-2.8.2.jar:/Users/wiyanherraherviana/.m2/repository/org/hamcrest/hamcrest/2.2/hamcrest-2.2.jar:/Users/wiyanherraherviana/.m2/repository/com/google/jimfs/jimfs/1.2/jimfs-1.2.jar:/Users/wiyanherraherviana/.m2/repository/org/mockito/mockito-core/3.3.3/mockito-core-3.3.3.jar:/Users/wiyanherraherviana/.m2/repository/javax/xml/bind/jaxb-api/2.3.1/jaxb-api-2.3.1.jar:/Users/wiyanherraherviana/.m2/repository/javax/activation/javax.activation-api/1.2.0/javax.activation-api-1.2.0.jar:/Users/wiyanherraherviana/.m2/repository/com/sun/xml/bind/jaxb-core/2.3.0.1/jaxb-core-2.3.0.1.jar:/Users/wiyanherraherviana/.m2/repository/com/sun/xml/bind/jaxb-impl/2.3.3/jaxb-impl-2.3.3.jar:/Users/wiyanherraherviana/.m2/repository/jakarta/xml/bind/jakarta.xml.bind-api/2.3.3/jakarta.xml.bind-api-2.3.3.jar:/Users/wiyanherraherviana/.m2/repository/com/sun/activation/jakarta.activation/1.2.2/jakarta.activation-1.2.2.jar:/Users/wiyanherraherviana/.m2/repository/javax/activation/activation/1.1.1/activation-1.1.1.jar:/Users/wiyanherraherviana/.m2/repository/net/serenity-bdd/serenity-rest-assured/3.5.1/serenity-rest-assured-3.5.1.jar:/Users/wiyanherraherviana/.m2/repository/io/rest-assured/rest-assured/5.2.0/rest-assured-5.2.0.jar:/Users/wiyanherraherviana/.m2/repository/org/apache/httpcomponents/httpmime/4.5.13/httpmime-4.5.13.jar:/Users/wiyanherraherviana/.m2/repository/org/ccil/cowan/tagsoup/tagsoup/1.2.1/tagsoup-1.2.1.jar:/Users/wiyanherraherviana/.m2/repository/io/rest-assured/json-path/5.2.0/json-path-5.2.0.jar:/Users/wiyanherraherviana/.m2/repository/io/rest-assured/rest-assured-common/5.2.0/rest-assured-common-5.2.0.jar:/Users/wiyanherraherviana/.m2/repository/io/rest-assured/xml-path/5.2.0/xml-path-5.2.0.jar:/Users/wiyanherraherviana/.m2/repository/org/apache/groovy/groovy-json/4.0.6/groovy-json-4.0.6.jar:/Users/wiyanherraherviana/.m2/repository/org/apache/groovy/groovy-xml/4.0.6/groovy-xml-4.0.6.jar:/Users/wiyanherraherviana/.m2/repository/org/opentest4j/opentest4j/1.2.0/opentest4j-1.2.0.jar:/Users/wiyanherraherviana/.m2/repository/net/serenity-bdd/serenity-cucumber/3.5.1/serenity-cucumber-3.5.1.jar:/Users/wiyanherraherviana/.m2/repository/io/cucumber/cucumber-core/7.8.1/cucumber-core-7.8.1.jar:/Users/wiyanherraherviana/.m2/repository/io/cucumber/cucumber-gherkin/7.8.1/cucumber-gherkin-7.8.1.jar:/Users/wiyanherraherviana/.m2/repository/io/cucumber/cucumber-gherkin-messages/7.8.1/cucumber-gherkin-messages-7.8.1.jar:/Users/wiyanherraherviana/.m2/repository/io/cucumber/gherkin/24.0.0/gherkin-24.0.0.jar:/Users/wiyanherraherviana/.m2/repository/io/cucumber/messages/19.1.4/messages-19.1.4.jar:/Users/wiyanherraherviana/.m2/repository/io/cucumber/tag-expressions/4.1.0/tag-expressions-4.1.0.jar:/Users/wiyanherraherviana/.m2/repository/io/cucumber/cucumber-expressions/16.0.0/cucumber-expressions-16.0.0.jar:/Users/wiyanherraherviana/.m2/repository/io/cucumber/datatable/7.8.1/datatable-7.8.1.jar:/Users/wiyanherraherviana/.m2/repository/io/cucumber/cucumber-plugin/7.8.1/cucumber-plugin-7.8.1.jar:/Users/wiyanherraherviana/.m2/repository/io/cucumber/docstring/7.8.1/docstring-7.8.1.jar:/Users/wiyanherraherviana/.m2/repository/io/cucumber/html-formatter/20.1.0/html-formatter-20.1.0.jar:/Users/wiyanherraherviana/.m2/repository/io/cucumber/ci-environment/9.1.0/ci-environment-9.1.0.jar:/Users/wiyanherraherviana/.m2/repository/io/cucumber/cucumber-java/7.8.1/cucumber-java-7.8.1.jar:/Users/wiyanherraherviana/.m2/repository/io/cucumber/cucumber-junit/7.8.1/cucumber-junit-7.8.1.jar:/Users/wiyanherraherviana/.m2/repository/org/apache/commons/commons-csv/1.5/commons-csv-1.5.jar:/Users/wiyanherraherviana/.m2/repository/net/serenity-bdd/serenity-screenplay/3.5.1/serenity-screenplay-3.5.1.jar:/Users/wiyanherraherviana/.m2/repository/net/serenity-bdd/serenity-screenplay-webdriver/3.5.1/serenity-screenplay-webdriver-3.5.1.jar:/Users/wiyanherraherviana/.m2/repository/net/serenity-bdd/serenity-ensure/3.5.1/serenity-ensure-3.5.1.jar:/Users/wiyanherraherviana/.m2/repository/net/serenity-bdd/serenity-junit/3.5.1/serenity-junit-3.5.1.jar:/Users/wiyanherraherviana/.m2/repository/org/jetbrains/kotlin/kotlin-stdlib/1.7.21/kotlin-stdlib-1.7.21.jar:/Users/wiyanherraherviana/.m2/repository/org/jetbrains/kotlin/kotlin-stdlib-common/1.7.21/kotlin-stdlib-common-1.7.21.jar:/Users/wiyanherraherviana/.m2/repository/org/jetbrains/annotations/13.0/annotations-13.0.jar:/Users/wiyanherraherviana/.m2/repository/org/junit/platform/junit-platform-launcher/1.8.2/junit-platform-launcher-1.8.2.jar:/Users/wiyanherraherviana/.m2/repository/org/junit/platform/junit-platform-engine/1.8.2/junit-platform-engine-1.8.2.jar:/Users/wiyanherraherviana/.m2/repository/org/junit/platform/junit-platform-commons/1.8.2/junit-platform-commons-1.8.2.jar:/Users/wiyanherraherviana/.m2/repository/org/apiguardian/apiguardian-api/1.1.2/apiguardian-api-1.1.2.jar:/Users/wiyanherraherviana/.m2/repository/org/junit/jupiter/junit-jupiter-engine/5.8.2/junit-jupiter-engine-5.8.2.jar:/Users/wiyanherraherviana/.m2/repository/org/junit/jupiter/junit-jupiter-api/5.8.2/junit-jupiter-api-5.8.2.jar:/Users/wiyanherraherviana/.m2/repository/org/junit/vintage/junit-vintage-engine/5.8.2/junit-vintage-engine-5.8.2.jar:/Users/wiyanherraherviana/.m2/repository/junit/junit/4.13.2/junit-4.13.2.jar:/Users/wiyanherraherviana/.m2/repository/org/hamcrest/hamcrest-core/1.3/hamcrest-core-1.3.jar:/Users/wiyanherraherviana/.m2/repository/ch/qos/logback/logback-classic/1.2.10/logback-classic-1.2.10.jar:/Users/wiyanherraherviana/.m2/repository/ch/qos/logback/logback-core/1.2.10/logback-core-1.2.10.jar:/Users/wiyanherraherviana/.m2/repository/org/slf4j/slf4j-api/1.7.32/slf4j-api-1.7.32.jar:/Users/wiyanherraherviana/.m2/repository/org/assertj/assertj-core/3.23.1/assertj-core-3.23.1.jar:/Users/wiyanherraherviana/.m2/repository/net/bytebuddy/byte-buddy/1.12.10/byte-buddy-1.12.10.jar:"/>
    <property name="sun.cpu.endian" value="little"/>
    <property name="user.home" value="/Users/wiyanherraherviana"/>
    <property name="user.language" value="en"/>
    <property name="java.specification.vendor" value="Oracle Corporation"/>
    <property name="jdk.module.path" value="/Users/wiyanherraherviana/Alterra/Task_RESTfulAPI/target/cucumber-starter-1.0.0-SNAPSHOT.jar"/>
    <property name="java.version.date" value="2023-01-17"/>
    <property name="java.home" value="/Library/Java/JavaVirtualMachines/jdk-19.jdk/Contents/Home"/>
    <property name="file.separator" value="/"/>
    <property name="basedir" value="/Users/wiyanherraherviana/Alterra/Task_RESTfulAPI"/>
    <property name="java.vm.compressedOopsMode" value="Zero based"/>
    <property name="line.separator" value="&#10;"/>
    <property name="java.vm.specification.vendor" value="Oracle Corporation"/>
    <property name="java.specification.name" value="Java Platform API Specification"/>
    <property name="apple.awt.application.name" value="ForkedBooter"/>
    <property name="surefire.real.class.path" value="/Users/wiyanherraherviana/.m2/repository/org/apache/maven/surefire/surefire-booter/3.0.0-M5/surefire-booter-3.0.0-M5.jar:/Users/wiyanherraherviana/.m2/repository/org/apache/maven/surefire/surefire-api/3.0.0-M5/surefire-api-3.0.0-M5.jar:/Users/wiyanherraherviana/.m2/repository/org/apache/maven/surefire/surefire-logger-api/3.0.0-M5/surefire-logger-api-3.0.0-M5.jar:/Users/wiyanherraherviana/.m2/repository/org/apache/maven/surefire/surefire-shared-utils/3.0.0-M4/surefire-shared-utils-3.0.0-M4.jar:/Users/wiyanherraherviana/.m2/repository/org/apache/maven/surefire/surefire-extensions-spi/3.0.0-M5/surefire-extensions-spi-3.0.0-M5.jar:/Users/wiyanherraherviana/Alterra/Task_RESTfulAPI/target/test-classes:/Users/wiyanherraherviana/.m2/repository/org/json/json/20210307/json-20210307.jar:/Users/wiyanherraherviana/.m2/repository/net/serenity-bdd/serenity-core/3.5.1/serenity-core-3.5.1.jar:/Users/wiyanherraherviana/.m2/repository/net/serenity-bdd/serenity-model/3.5.1/serenity-model-3.5.1.jar:/Users/wiyanherraherviana/.m2/repository/org/apache/commons/commons-text/1.10.0/commons-text-1.10.0.jar:/Users/wiyanherraherviana/.m2/repository/commons-net/commons-net/3.8.0/commons-net-3.8.0.jar:/Users/wiyanherraherviana/.m2/repository/com/google/guava/guava/31.1-jre/guava-31.1-jre.jar:/Users/wiyanherraherviana/.m2/repository/com/google/guava/failureaccess/1.0.1/failureaccess-1.0.1.jar:/Users/wiyanherraherviana/.m2/repository/com/google/guava/listenablefuture/9999.0-empty-to-avoid-conflict-with-guava/listenablefuture-9999.0-empty-to-avoid-conflict-with-guava.jar:/Users/wiyanherraherviana/.m2/repository/com/google/code/findbugs/jsr305/3.0.2/jsr305-3.0.2.jar:/Users/wiyanherraherviana/.m2/repository/org/checkerframework/checker-qual/3.12.0/checker-qual-3.12.0.jar:/Users/wiyanherraherviana/.m2/repository/com/google/errorprone/error_prone_annotations/2.11.0/error_prone_annotations-2.11.0.jar:/Users/wiyanherraherviana/.m2/repository/com/google/j2objc/j2objc-annotations/1.3/j2objc-annotations-1.3.jar:/Users/wiyanherraherviana/.m2/repository/com/google/inject/guice/5.1.0/guice-5.1.0.jar:/Users/wiyanherraherviana/.m2/repository/javax/inject/javax.inject/1/javax.inject-1.jar:/Users/wiyanherraherviana/.m2/repository/aopalliance/aopalliance/1.0/aopalliance-1.0.jar:/Users/wiyanherraherviana/.m2/repository/org/jsoup/jsoup/1.14.3/jsoup-1.14.3.jar:/Users/wiyanherraherviana/.m2/repository/com/thoughtworks/xstream/xstream/1.4.19/xstream-1.4.19.jar:/Users/wiyanherraherviana/.m2/repository/io/github/x-stream/mxparser/1.2.2/mxparser-1.2.2.jar:/Users/wiyanherraherviana/.m2/repository/xmlpull/xmlpull/1.1.3.1/xmlpull-1.1.3.1.jar:/Users/wiyanherraherviana/.m2/repository/com/typesafe/config/1.4.2/config-1.4.2.jar:/Users/wiyanherraherviana/.m2/repository/org/imgscalr/imgscalr-lib/4.2/imgscalr-lib-4.2.jar:/Users/wiyanherraherviana/.m2/repository/org/awaitility/awaitility/4.2.0/awaitility-4.2.0.jar:/Users/wiyanherraherviana/.m2/repository/org/freemarker/freemarker/2.3.31/freemarker-2.3.31.jar:/Users/wiyanherraherviana/.m2/repository/io/github/classgraph/classgraph/4.8.138/classgraph-4.8.138.jar:/Users/wiyanherraherviana/.m2/repository/net/sourceforge/jexcelapi/jxl/2.6.12/jxl-2.6.12.jar:/Users/wiyanherraherviana/.m2/repository/net/bytebuddy/byte-buddy-agent/1.12.18/byte-buddy-agent-1.12.18.jar:/Users/wiyanherraherviana/.m2/repository/org/objenesis/objenesis/3.1/objenesis-3.1.jar:/Users/wiyanherraherviana/.m2/repository/net/serenity-bdd/serenity-reports/3.5.1/serenity-reports-3.5.1.jar:/Users/wiyanherraherviana/.m2/repository/net/serenity-bdd/serenity-stats/3.5.1/serenity-stats-3.5.1.jar:/Users/wiyanherraherviana/.m2/repository/net/serenity-bdd/serenity-reports-configuration/3.5.1/serenity-reports-configuration-3.5.1.jar:/Users/wiyanherraherviana/.m2/repository/com/vladsch/flexmark/flexmark-all/0.34.30/flexmark-all-0.34.30.jar:/Users/wiyanherraherviana/.m2/repository/com/vladsch/flexmark/flexmark/0.34.30/flexmark-0.34.30.jar:/Users/wiyanherraherviana/.m2/repository/com/vladsch/flexmark/flexmark-ext-abbreviation/0.34.30/flexmark-ext-abbreviation-0.34.30.jar:/Users/wiyanherraherviana/.m2/repository/com/vladsch/flexmark/flexmark-ext-admonition/0.34.30/flexmark-ext-admonition-0.34.30.jar:/Users/wiyanherraherviana/.m2/repository/com/vladsch/flexmark/flexmark-ext-anchorlink/0.34.30/flexmark-ext-anchorlink-0.34.30.jar:/Users/wiyanherraherviana/.m2/repository/com/vladsch/flexmark/flexmark-ext-aside/0.34.30/flexmark-ext-aside-0.34.30.jar:/Users/wiyanherraherviana/.m2/repository/com/vladsch/flexmark/flexmark-ext-attributes/0.34.30/flexmark-ext-attributes-0.34.30.jar:/Users/wiyanherraherviana/.m2/repository/com/vladsch/flexmark/flexmark-ext-autolink/0.34.30/flexmark-ext-autolink-0.34.30.jar:/Users/wiyanherraherviana/.m2/repository/org/nibor/autolink/autolink/0.6.0/autolink-0.6.0.jar:/Users/wiyanherraherviana/.m2/repository/com/vladsch/flexmark/flexmark-ext-definition/0.34.30/flexmark-ext-definition-0.34.30.jar:/Users/wiyanherraherviana/.m2/repository/com/vladsch/flexmark/flexmark-ext-emoji/0.34.30/flexmark-ext-emoji-0.34.30.jar:/Users/wiyanherraherviana/.m2/repository/com/vladsch/flexmark/flexmark-ext-enumerated-reference/0.34.30/flexmark-ext-enumerated-reference-0.34.30.jar:/Users/wiyanherraherviana/.m2/repository/com/vladsch/flexmark/flexmark-ext-escaped-character/0.34.30/flexmark-ext-escaped-character-0.34.30.jar:/Users/wiyanherraherviana/.m2/repository/com/vladsch/flexmark/flexmark-ext-footnotes/0.34.30/flexmark-ext-footnotes-0.34.30.jar:/Users/wiyanherraherviana/.m2/repository/com/vladsch/flexmark/flexmark-ext-gfm-issues/0.34.30/flexmark-ext-gfm-issues-0.34.30.jar:/Users/wiyanherraherviana/.m2/repository/com/vladsch/flexmark/flexmark-ext-gfm-strikethrough/0.34.30/flexmark-ext-gfm-strikethrough-0.34.30.jar:/Users/wiyanherraherviana/.m2/repository/com/vladsch/flexmark/flexmark-ext-gfm-tables/0.34.30/flexmark-ext-gfm-tables-0.34.30.jar:/Users/wiyanherraherviana/.m2/repository/com/vladsch/flexmark/flexmark-ext-gfm-tasklist/0.34.30/flexmark-ext-gfm-tasklist-0.34.30.jar:/Users/wiyanherraherviana/.m2/repository/com/vladsch/flexmark/flexmark-ext-gfm-users/0.34.30/flexmark-ext-gfm-users-0.34.30.jar:/Users/wiyanherraherviana/.m2/repository/com/vladsch/flexmark/flexmark-ext-gitlab/0.34.30/flexmark-ext-gitlab-0.34.30.jar:/Users/wiyanherraherviana/.m2/repository/com/vladsch/flexmark/flexmark-ext-jekyll-front-matter/0.34.30/flexmark-ext-jekyll-front-matter-0.34.30.jar:/Users/wiyanherraherviana/.m2/repository/com/vladsch/flexmark/flexmark-ext-jekyll-tag/0.34.30/flexmark-ext-jekyll-tag-0.34.30.jar:/Users/wiyanherraherviana/.m2/repository/com/vladsch/flexmark/flexmark-ext-media-tags/0.34.30/flexmark-ext-media-tags-0.34.30.jar:/Users/wiyanherraherviana/.m2/repository/com/vladsch/flexmark/flexmark-test-util/0.34.30/flexmark-test-util-0.34.30.jar:/Users/wiyanherraherviana/.m2/repository/com/vladsch/flexmark/flexmark-ext-ins/0.34.30/flexmark-ext-ins-0.34.30.jar:/Users/wiyanherraherviana/.m2/repository/com/vladsch/flexmark/flexmark-ext-xwiki-macros/0.34.30/flexmark-ext-xwiki-macros-0.34.30.jar:/Users/wiyanherraherviana/.m2/repository/com/vladsch/flexmark/flexmark-ext-superscript/0.34.30/flexmark-ext-superscript-0.34.30.jar:/Users/wiyanherraherviana/.m2/repository/com/vladsch/flexmark/flexmark-ext-tables/0.34.30/flexmark-ext-tables-0.34.30.jar:/Users/wiyanherraherviana/.m2/repository/com/vladsch/flexmark/flexmark-ext-toc/0.34.30/flexmark-ext-toc-0.34.30.jar:/Users/wiyanherraherviana/.m2/repository/com/vladsch/flexmark/flexmark-ext-typographic/0.34.30/flexmark-ext-typographic-0.34.30.jar:/Users/wiyanherraherviana/.m2/repository/com/vladsch/flexmark/flexmark-ext-wikilink/0.34.30/flexmark-ext-wikilink-0.34.30.jar:/Users/wiyanherraherviana/.m2/repository/com/vladsch/flexmark/flexmark-ext-yaml-front-matter/0.34.30/flexmark-ext-yaml-front-matter-0.34.30.jar:/Users/wiyanherraherviana/.m2/repository/com/vladsch/flexmark/flexmark-ext-youtube-embedded/0.34.30/flexmark-ext-youtube-embedded-0.34.30.jar:/Users/wiyanherraherviana/.m2/repository/com/vladsch/flexmark/flexmark-formatter/0.34.30/flexmark-formatter-0.34.30.jar:/Users/wiyanherraherviana/.m2/repository/com/vladsch/flexmark/flexmark-html-parser/0.34.30/flexmark-html-parser-0.34.30.jar:/Users/wiyanherraherviana/.m2/repository/com/vladsch/flexmark/flexmark-jira-converter/0.34.30/flexmark-jira-converter-0.34.30.jar:/Users/wiyanherraherviana/.m2/repository/com/vladsch/flexmark/flexmark-pdf-converter/0.34.30/flexmark-pdf-converter-0.34.30.jar:/Users/wiyanherraherviana/.m2/repository/com/openhtmltopdf/openhtmltopdf-core/0.0.1-RC13/openhtmltopdf-core-0.0.1-RC13.jar:/Users/wiyanherraherviana/.m2/repository/com/openhtmltopdf/openhtmltopdf-pdfbox/0.0.1-RC13/openhtmltopdf-pdfbox-0.0.1-RC13.jar:/Users/wiyanherraherviana/.m2/repository/org/apache/pdfbox/pdfbox/2.0.8/pdfbox-2.0.8.jar:/Users/wiyanherraherviana/.m2/repository/org/apache/pdfbox/fontbox/2.0.8/fontbox-2.0.8.jar:/Users/wiyanherraherviana/.m2/repository/org/apache/pdfbox/xmpbox/2.0.8/xmpbox-2.0.8.jar:/Users/wiyanherraherviana/.m2/repository/de/rototor/pdfbox/graphics2d/0.12/graphics2d-0.12.jar:/Users/wiyanherraherviana/.m2/repository/com/openhtmltopdf/openhtmltopdf-rtl-support/0.0.1-RC13/openhtmltopdf-rtl-support-0.0.1-RC13.jar:/Users/wiyanherraherviana/.m2/repository/com/ibm/icu/icu4j/59.1/icu4j-59.1.jar:/Users/wiyanherraherviana/.m2/repository/com/openhtmltopdf/openhtmltopdf-jsoup-dom-converter/0.0.1-RC13/openhtmltopdf-jsoup-dom-converter-0.0.1-RC13.jar:/Users/wiyanherraherviana/.m2/repository/com/vladsch/flexmark/flexmark-profile-pegdown/0.34.30/flexmark-profile-pegdown-0.34.30.jar:/Users/wiyanherraherviana/.m2/repository/com/vladsch/flexmark/flexmark-util/0.34.30/flexmark-util-0.34.30.jar:/Users/wiyanherraherviana/.m2/repository/com/vladsch/flexmark/flexmark-youtrack-converter/0.34.30/flexmark-youtrack-converter-0.34.30.jar:/Users/wiyanherraherviana/.m2/repository/es/nitaur/markdown/txtmark/0.16/txtmark-0.16.jar:/Users/wiyanherraherviana/.m2/repository/net/serenity-bdd/serenity-report-resources/3.5.1/serenity-report-resources-3.5.1.jar:/Users/wiyanherraherviana/.m2/repository/com/google/code/gson/gson/2.9.0/gson-2.9.0.jar:/Users/wiyanherraherviana/.m2/repository/com/fasterxml/jackson/core/jackson-core/2.13.4/jackson-core-2.13.4.jar:/Users/wiyanherraherviana/.m2/repository/com/fasterxml/jackson/core/jackson-databind/2.13.4/jackson-databind-2.13.4.jar:/Users/wiyanherraherviana/.m2/repository/com/fasterxml/jackson/core/jackson-annotations/2.13.4/jackson-annotations-2.13.4.jar:/Users/wiyanherraherviana/.m2/repository/commons-codec/commons-codec/1.15/commons-codec-1.15.jar:/Users/wiyanherraherviana/.m2/repository/commons-io/commons-io/2.11.0/commons-io-2.11.0.jar:/Users/wiyanherraherviana/.m2/repository/org/apache/httpcomponents/httpclient/4.5.13/httpclient-4.5.13.jar:/Users/wiyanherraherviana/.m2/repository/org/apache/httpcomponents/httpcore/4.4.13/httpcore-4.4.13.jar:/Users/wiyanherraherviana/.m2/repository/commons-logging/commons-logging/1.2/commons-logging-1.2.jar:/Users/wiyanherraherviana/.m2/repository/org/seleniumhq/selenium/selenium-java/4.7.1/selenium-java-4.7.1.jar:/Users/wiyanherraherviana/.m2/repository/org/seleniumhq/selenium/selenium-devtools-v106/4.7.1/selenium-devtools-v106-4.7.1.jar:/Users/wiyanherraherviana/.m2/repository/org/seleniumhq/selenium/selenium-devtools-v107/4.7.1/selenium-devtools-v107-4.7.1.jar:/Users/wiyanherraherviana/.m2/repository/org/seleniumhq/selenium/selenium-devtools-v108/4.7.1/selenium-devtools-v108-4.7.1.jar:/Users/wiyanherraherviana/.m2/repository/org/seleniumhq/selenium/selenium-devtools-v85/4.7.1/selenium-devtools-v85-4.7.1.jar:/Users/wiyanherraherviana/.m2/repository/org/seleniumhq/selenium/selenium-remote-driver/4.7.1/selenium-remote-driver-4.7.1.jar:/Users/wiyanherraherviana/.m2/repository/com/beust/jcommander/1.82/jcommander-1.82.jar:/Users/wiyanherraherviana/.m2/repository/io/netty/netty-buffer/4.1.84.Final/netty-buffer-4.1.84.Final.jar:/Users/wiyanherraherviana/.m2/repository/io/netty/netty-codec-http/4.1.84.Final/netty-codec-http-4.1.84.Final.jar:/Users/wiyanherraherviana/.m2/repository/io/netty/netty-codec/4.1.84.Final/netty-codec-4.1.84.Final.jar:/Users/wiyanherraherviana/.m2/repository/io/netty/netty-handler/4.1.84.Final/netty-handler-4.1.84.Final.jar:/Users/wiyanherraherviana/.m2/repository/io/netty/netty-common/4.1.84.Final/netty-common-4.1.84.Final.jar:/Users/wiyanherraherviana/.m2/repository/io/netty/netty-transport-classes-epoll/4.1.84.Final/netty-transport-classes-epoll-4.1.84.Final.jar:/Users/wiyanherraherviana/.m2/repository/io/netty/netty-transport-classes-kqueue/4.1.84.Final/netty-transport-classes-kqueue-4.1.84.Final.jar:/Users/wiyanherraherviana/.m2/repository/io/netty/netty-transport-native-epoll/4.1.84.Final/netty-transport-native-epoll-4.1.84.Final.jar:/Users/wiyanherraherviana/.m2/repository/io/netty/netty-transport-native-kqueue/4.1.84.Final/netty-transport-native-kqueue-4.1.84.Final.jar:/Users/wiyanherraherviana/.m2/repository/io/netty/netty-transport-native-unix-common/4.1.84.Final/netty-transport-native-unix-common-4.1.84.Final.jar:/Users/wiyanherraherviana/.m2/repository/io/netty/netty-transport/4.1.84.Final/netty-transport-4.1.84.Final.jar:/Users/wiyanherraherviana/.m2/repository/io/netty/netty-resolver/4.1.84.Final/netty-resolver-4.1.84.Final.jar:/Users/wiyanherraherviana/.m2/repository/io/opentelemetry/opentelemetry-api/1.19.0/opentelemetry-api-1.19.0.jar:/Users/wiyanherraherviana/.m2/repository/io/opentelemetry/opentelemetry-context/1.19.0/opentelemetry-context-1.19.0.jar:/Users/wiyanherraherviana/.m2/repository/io/opentelemetry/opentelemetry-exporter-logging/1.19.0/opentelemetry-exporter-logging-1.19.0.jar:/Users/wiyanherraherviana/.m2/repository/io/opentelemetry/opentelemetry-sdk-metrics/1.19.0/opentelemetry-sdk-metrics-1.19.0.jar:/Users/wiyanherraherviana/.m2/repository/io/opentelemetry/opentelemetry-sdk-logs/1.19.0-alpha/opentelemetry-sdk-logs-1.19.0-alpha.jar:/Users/wiyanherraherviana/.m2/repository/io/opentelemetry/opentelemetry-api-logs/1.19.0-alpha/opentelemetry-api-logs-1.19.0-alpha.jar:/Users/wiyanherraherviana/.m2/repository/io/opentelemetry/opentelemetry-sdk-common/1.19.0/opentelemetry-sdk-common-1.19.0.jar:/Users/wiyanherraherviana/.m2/repository/io/opentelemetry/opentelemetry-sdk-extension-autoconfigure-spi/1.19.0/opentelemetry-sdk-extension-autoconfigure-spi-1.19.0.jar:/Users/wiyanherraherviana/.m2/repository/io/opentelemetry/opentelemetry-sdk-extension-autoconfigure/1.19.0-alpha/opentelemetry-sdk-extension-autoconfigure-1.19.0-alpha.jar:/Users/wiyanherraherviana/.m2/repository/io/opentelemetry/opentelemetry-exporter-common/1.19.0/opentelemetry-exporter-common-1.19.0.jar:/Users/wiyanherraherviana/.m2/repository/io/opentelemetry/opentelemetry-sdk-trace/1.19.0/opentelemetry-sdk-trace-1.19.0.jar:/Users/wiyanherraherviana/.m2/repository/io/opentelemetry/opentelemetry-sdk/1.19.0/opentelemetry-sdk-1.19.0.jar:/Users/wiyanherraherviana/.m2/repository/io/opentelemetry/opentelemetry-semconv/1.19.0-alpha/opentelemetry-semconv-1.19.0-alpha.jar:/Users/wiyanherraherviana/.m2/repository/io/ous/jtoml/2.0.0/jtoml-2.0.0.jar:/Users/wiyanherraherviana/.m2/repository/org/apache/commons/commons-exec/1.3/commons-exec-1.3.jar:/Users/wiyanherraherviana/.m2/repository/org/asynchttpclient/async-http-client/2.12.3/async-http-client-2.12.3.jar:/Users/wiyanherraherviana/.m2/repository/org/asynchttpclient/async-http-client-netty-utils/2.12.3/async-http-client-netty-utils-2.12.3.jar:/Users/wiyanherraherviana/.m2/repository/io/netty/netty-codec-socks/4.1.60.Final/netty-codec-socks-4.1.60.Final.jar:/Users/wiyanherraherviana/.m2/repository/io/netty/netty-handler-proxy/4.1.60.Final/netty-handler-proxy-4.1.60.Final.jar:/Users/wiyanherraherviana/.m2/repository/io/netty/netty-transport-native-epoll/4.1.60.Final/netty-transport-native-epoll-4.1.60.Final-linux-x86_64.jar:/Users/wiyanherraherviana/.m2/repository/io/netty/netty-transport-native-kqueue/4.1.60.Final/netty-transport-native-kqueue-4.1.60.Final-osx-x86_64.jar:/Users/wiyanherraherviana/.m2/repository/org/reactivestreams/reactive-streams/1.0.3/reactive-streams-1.0.3.jar:/Users/wiyanherraherviana/.m2/repository/com/typesafe/netty/netty-reactive-streams/2.0.4/netty-reactive-streams-2.0.4.jar:/Users/wiyanherraherviana/.m2/repository/org/seleniumhq/selenium/selenium-manager/4.7.1/selenium-manager-4.7.1.jar:/Users/wiyanherraherviana/.m2/repository/org/seleniumhq/selenium/selenium-safari-driver/4.7.1/selenium-safari-driver-4.7.1.jar:/Users/wiyanherraherviana/.m2/repository/org/seleniumhq/selenium/selenium-api/4.7.1/selenium-api-4.7.1.jar:/Users/wiyanherraherviana/.m2/repository/org/seleniumhq/selenium/selenium-support/4.7.1/selenium-support-4.7.1.jar:/Users/wiyanherraherviana/.m2/repository/com/google/auto/service/auto-service-annotations/1.0.1/auto-service-annotations-1.0.1.jar:/Users/wiyanherraherviana/.m2/repository/com/google/auto/service/auto-service/1.0.1/auto-service-1.0.1.jar:/Users/wiyanherraherviana/.m2/repository/com/google/auto/auto-common/1.2/auto-common-1.2.jar:/Users/wiyanherraherviana/.m2/repository/org/seleniumhq/selenium/selenium-json/4.7.1/selenium-json-4.7.1.jar:/Users/wiyanherraherviana/.m2/repository/org/seleniumhq/selenium/selenium-chrome-driver/4.7.1/selenium-chrome-driver-4.7.1.jar:/Users/wiyanherraherviana/.m2/repository/org/seleniumhq/selenium/selenium-chromium-driver/4.7.1/selenium-chromium-driver-4.7.1.jar:/Users/wiyanherraherviana/.m2/repository/org/seleniumhq/selenium/selenium-firefox-driver/4.7.1/selenium-firefox-driver-4.7.1.jar:/Users/wiyanherraherviana/.m2/repository/org/seleniumhq/selenium/selenium-http/4.7.1/selenium-http-4.7.1.jar:/Users/wiyanherraherviana/.m2/repository/dev/failsafe/failsafe/3.3.0/failsafe-3.3.0.jar:/Users/wiyanherraherviana/.m2/repository/org/seleniumhq/selenium/selenium-edge-driver/4.7.1/selenium-edge-driver-4.7.1.jar:/Users/wiyanherraherviana/.m2/repository/org/seleniumhq/selenium/selenium-ie-driver/4.7.1/selenium-ie-driver-4.7.1.jar:/Users/wiyanherraherviana/.m2/repository/org/projectlombok/lombok/1.18.20/lombok-1.18.20.jar:/Users/wiyanherraherviana/.m2/repository/io/appium/java-client/8.3.0/java-client-8.3.0.jar:/Users/wiyanherraherviana/.m2/repository/commons-validator/commons-validator/1.7/commons-validator-1.7.jar:/Users/wiyanherraherviana/.m2/repository/commons-digester/commons-digester/2.1/commons-digester-2.1.jar:/Users/wiyanherraherviana/.m2/repository/org/apache/groovy/groovy/4.0.6/groovy-4.0.6.jar:/Users/wiyanherraherviana/.m2/repository/net/sf/opencsv/opencsv/2.0/opencsv-2.0.jar:/Users/wiyanherraherviana/.m2/repository/commons-beanutils/commons-beanutils/1.9.4/commons-beanutils-1.9.4.jar:/Users/wiyanherraherviana/.m2/repository/org/apache/commons/commons-lang3/3.12.0/commons-lang3-3.12.0.jar:/Users/wiyanherraherviana/.m2/repository/commons-collections/commons-collections/3.2.2/commons-collections-3.2.2.jar:/Users/wiyanherraherviana/.m2/repository/org/fluentlenium/fluentlenium-core/0.10.2/fluentlenium-core-0.10.2.jar:/Users/wiyanherraherviana/.m2/repository/io/github/bonigarcia/webdrivermanager/5.3.0/webdrivermanager-5.3.0.jar:/Users/wiyanherraherviana/.m2/repository/com/github/docker-java/docker-java/3.2.13/docker-java-3.2.13.jar:/Users/wiyanherraherviana/.m2/repository/com/github/docker-java/docker-java-core/3.2.13/docker-java-core-3.2.13.jar:/Users/wiyanherraherviana/.m2/repository/com/github/docker-java/docker-java-api/3.2.13/docker-java-api-3.2.13.jar:/Users/wiyanherraherviana/.m2/repository/org/apache/commons/commons-compress/1.21/commons-compress-1.21.jar:/Users/wiyanherraherviana/.m2/repository/org/bouncycastle/bcpkix-jdk15on/1.64/bcpkix-jdk15on-1.64.jar:/Users/wiyanherraherviana/.m2/repository/org/bouncycastle/bcprov-jdk15on/1.64/bcprov-jdk15on-1.64.jar:/Users/wiyanherraherviana/.m2/repository/org/slf4j/jcl-over-slf4j/1.7.30/jcl-over-slf4j-1.7.30.jar:/Users/wiyanherraherviana/.m2/repository/com/github/docker-java/docker-java-transport-httpclient5/3.2.13/docker-java-transport-httpclient5-3.2.13.jar:/Users/wiyanherraherviana/.m2/repository/com/github/docker-java/docker-java-transport/3.2.13/docker-java-transport-3.2.13.jar:/Users/wiyanherraherviana/.m2/repository/net/java/dev/jna/jna/5.8.0/jna-5.8.0.jar:/Users/wiyanherraherviana/.m2/repository/org/brotli/dec/0.1.2/dec-0.1.2.jar:/Users/wiyanherraherviana/.m2/repository/org/apache/httpcomponents/client5/httpclient5/5.1.3/httpclient5-5.1.3.jar:/Users/wiyanherraherviana/.m2/repository/org/apache/httpcomponents/core5/httpcore5/5.1.3/httpcore5-5.1.3.jar:/Users/wiyanherraherviana/.m2/repository/org/apache/httpcomponents/core5/httpcore5-h2/5.1.3/httpcore5-h2-5.1.3.jar:/Users/wiyanherraherviana/.m2/repository/com/jhlabs/filters/2.0.235/filters-2.0.235.jar:/Users/wiyanherraherviana/.m2/repository/com/paulhammant/ngwebdriver/1.1.6/ngwebdriver-1.1.6.jar:/Users/wiyanherraherviana/.m2/repository/joda-time/joda-time/2.8.2/joda-time-2.8.2.jar:/Users/wiyanherraherviana/.m2/repository/org/hamcrest/hamcrest/2.2/hamcrest-2.2.jar:/Users/wiyanherraherviana/.m2/repository/com/google/jimfs/jimfs/1.2/jimfs-1.2.jar:/Users/wiyanherraherviana/.m2/repository/org/mockito/mockito-core/3.3.3/mockito-core-3.3.3.jar:/Users/wiyanherraherviana/.m2/repository/javax/xml/bind/jaxb-api/2.3.1/jaxb-api-2.3.1.jar:/Users/wiyanherraherviana/.m2/repository/javax/activation/javax.activation-api/1.2.0/javax.activation-api-1.2.0.jar:/Users/wiyanherraherviana/.m2/repository/com/sun/xml/bind/jaxb-core/2.3.0.1/jaxb-core-2.3.0.1.jar:/Users/wiyanherraherviana/.m2/repository/com/sun/xml/bind/jaxb-impl/2.3.3/jaxb-impl-2.3.3.jar:/Users/wiyanherraherviana/.m2/repository/jakarta/xml/bind/jakarta.xml.bind-api/2.3.3/jakarta.xml.bind-api-2.3.3.jar:/Users/wiyanherraherviana/.m2/repository/com/sun/activation/jakarta.activation/1.2.2/jakarta.activation-1.2.2.jar:/Users/wiyanherraherviana/.m2/repository/javax/activation/activation/1.1.1/activation-1.1.1.jar:/Users/wiyanherraherviana/.m2/repository/net/serenity-bdd/serenity-rest-assured/3.5.1/serenity-rest-assured-3.5.1.jar:/Users/wiyanherraherviana/.m2/repository/io/rest-assured/rest-assured/5.2.0/rest-assured-5.2.0.jar:/Users/wiyanherraherviana/.m2/repository/org/apache/httpcomponents/httpmime/4.5.13/httpmime-4.5.13.jar:/Users/wiyanherraherviana/.m2/repository/org/ccil/cowan/tagsoup/tagsoup/1.2.1/tagsoup-1.2.1.jar:/Users/wiyanherraherviana/.m2/repository/io/rest-assured/json-path/5.2.0/json-path-5.2.0.jar:/Users/wiyanherraherviana/.m2/repository/io/rest-assured/rest-assured-common/5.2.0/rest-assured-common-5.2.0.jar:/Users/wiyanherraherviana/.m2/repository/io/rest-assured/xml-path/5.2.0/xml-path-5.2.0.jar:/Users/wiyanherraherviana/.m2/repository/org/apache/groovy/groovy-json/4.0.6/groovy-json-4.0.6.jar:/Users/wiyanherraherviana/.m2/repository/org/apache/groovy/groovy-xml/4.0.6/groovy-xml-4.0.6.jar:/Users/wiyanherraherviana/.m2/repository/org/opentest4j/opentest4j/1.2.0/opentest4j-1.2.0.jar:/Users/wiyanherraherviana/.m2/repository/net/serenity-bdd/serenity-cucumber/3.5.1/serenity-cucumber-3.5.1.jar:/Users/wiyanherraherviana/.m2/repository/io/cucumber/cucumber-core/7.8.1/cucumber-core-7.8.1.jar:/Users/wiyanherraherviana/.m2/repository/io/cucumber/cucumber-gherkin/7.8.1/cucumber-gherkin-7.8.1.jar:/Users/wiyanherraherviana/.m2/repository/io/cucumber/cucumber-gherkin-messages/7.8.1/cucumber-gherkin-messages-7.8.1.jar:/Users/wiyanherraherviana/.m2/repository/io/cucumber/gherkin/24.0.0/gherkin-24.0.0.jar:/Users/wiyanherraherviana/.m2/repository/io/cucumber/messages/19.1.4/messages-19.1.4.jar:/Users/wiyanherraherviana/.m2/repository/io/cucumber/tag-expressions/4.1.0/tag-expressions-4.1.0.jar:/Users/wiyanherraherviana/.m2/repository/io/cucumber/cucumber-expressions/16.0.0/cucumber-expressions-16.0.0.jar:/Users/wiyanherraherviana/.m2/repository/io/cucumber/datatable/7.8.1/datatable-7.8.1.jar:/Users/wiyanherraherviana/.m2/repository/io/cucumber/cucumber-plugin/7.8.1/cucumber-plugin-7.8.1.jar:/Users/wiyanherraherviana/.m2/repository/io/cucumber/docstring/7.8.1/docstring-7.8.1.jar:/Users/wiyanherraherviana/.m2/repository/io/cucumber/html-formatter/20.1.0/html-formatter-20.1.0.jar:/Users/wiyanherraherviana/.m2/repository/io/cucumber/ci-environment/9.1.0/ci-environment-9.1.0.jar:/Users/wiyanherraherviana/.m2/repository/io/cucumber/cucumber-java/7.8.1/cucumber-java-7.8.1.jar:/Users/wiyanherraherviana/.m2/repository/io/cucumber/cucumber-junit/7.8.1/cucumber-junit-7.8.1.jar:/Users/wiyanherraherviana/.m2/repository/org/apache/commons/commons-csv/1.5/commons-csv-1.5.jar:/Users/wiyanherraherviana/.m2/repository/net/serenity-bdd/serenity-screenplay/3.5.1/serenity-screenplay-3.5.1.jar:/Users/wiyanherraherviana/.m2/repository/net/serenity-bdd/serenity-screenplay-webdriver/3.5.1/serenity-screenplay-webdriver-3.5.1.jar:/Users/wiyanherraherviana/.m2/repository/net/serenity-bdd/serenity-ensure/3.5.1/serenity-ensure-3.5.1.jar:/Users/wiyanherraherviana/.m2/repository/net/serenity-bdd/serenity-junit/3.5.1/serenity-junit-3.5.1.jar:/Users/wiyanherraherviana/.m2/repository/org/jetbrains/kotlin/kotlin-stdlib/1.7.21/kotlin-stdlib-1.7.21.jar:/Users/wiyanherraherviana/.m2/repository/org/jetbrains/kotlin/kotlin-stdlib-common/1.7.21/kotlin-stdlib-common-1.7.21.jar:/Users/wiyanherraherviana/.m2/repository/org/jetbrains/annotations/13.0/annotations-13.0.jar:/Users/wiyanherraherviana/.m2/repository/org/junit/platform/junit-platform-launcher/1.8.2/junit-platform-launcher-1.8.2.jar:/Users/wiyanherraherviana/.m2/repository/org/junit/platform/junit-platform-engine/1.8.2/junit-platform-engine-1.8.2.jar:/Users/wiyanherraherviana/.m2/repository/org/junit/platform/junit-platform-commons/1.8.2/junit-platform-commons-1.8.2.jar:/Users/wiyanherraherviana/.m2/repository/org/apiguardian/apiguardian-api/1.1.2/apiguardian-api-1.1.2.jar:/Users/wiyanherraherviana/.m2/repository/org/junit/jupiter/junit-jupiter-engine/5.8.2/junit-jupiter-engine-5.8.2.jar:/Users/wiyanherraherviana/.m2/repository/org/junit/jupiter/junit-jupiter-api/5.8.2/junit-jupiter-api-5.8.2.jar:/Users/wiyanherraherviana/.m2/repository/org/junit/vintage/junit-vintage-engine/5.8.2/junit-vintage-engine-5.8.2.jar:/Users/wiyanherraherviana/.m2/repository/junit/junit/4.13.2/junit-4.13.2.jar:/Users/wiyanherraherviana/.m2/repository/org/hamcrest/hamcrest-core/1.3/hamcrest-core-1.3.jar:/Users/wiyanherraherviana/.m2/repository/ch/qos/logback/logback-classic/1.2.10/logback-classic-1.2.10.jar:/Users/wiyanherraherviana/.m2/repository/ch/qos/logback/logback-core/1.2.10/logback-core-1.2.10.jar:/Users/wiyanherraherviana/.m2/repository/org/slf4j/slf4j-api/1.7.32/slf4j-api-1.7.32.jar:/Users/wiyanherraherviana/.m2/repository/org/assertj/assertj-core/3.23.1/assertj-core-3.23.1.jar:/Users/wiyanherraherviana/.m2/repository/net/bytebuddy/byte-buddy/1.12.10/byte-buddy-1.12.10.jar:/Users/wiyanherraherviana/.m2/repository/org/apache/maven/surefire/surefire-junit-platform/3.0.0-M5/surefire-junit-platform-3.0.0-M5.jar:/Users/wiyanherraherviana/.m2/repository/org/apache/maven/surefire/common-java5/3.0.0-M5/common-java5-3.0.0-M5.jar"/>
    <property name="sun.management.compiler" value="HotSpot 64-Bit Tiered Compilers"/>
    <property name="ftp.nonProxyHosts" value="local|*.local|169.254/16|*.169.254/16"/>
    <property name="java.runtime.version" value="19.0.2+7-44"/>
    <property name="user.name" value="wiyanherraherviana"/>
    <property name="stdout.encoding" value="UTF-8"/>
    <property name="path.separator" value=":"/>
    <property name="os.version" value="13.2.1"/>
    <property name="java.runtime.name" value="Java(TM) SE Runtime Environment"/>
    <property name="file.encoding" value="UTF-8"/>
    <property name="webdriver.base.url" value=""/>
    <property name="java.vm.name" value="Java HotSpot(TM) 64-Bit Server VM"/>
    <property name="localRepository" value="/Users/wiyanherraherviana/.m2/repository"/>
    <property name="java.vendor.url.bug" value="https://bugreport.java.com/bugreport/"/>
    <property name="java.io.tmpdir" value="/var/folders/zg/r8j_rgh52cb8w959rfz7lh8h0000gn/T/"/>
    <property name="java.version" value="19.0.2"/>
    <property name="user.dir" value="/Users/wiyanherraherviana/Alterra/Task_RESTfulAPI"/>
    <property name="os.arch" value="x86_64"/>
    <property name="java.vm.specification.name" value="Java Virtual Machine Specification"/>
    <property name="native.encoding" value="UTF-8"/>
    <property name="java.library.path" value="/Users/wiyanherraherviana/Library/Java/Extensions:/Library/Java/Extensions:/Network/Library/Java/Extensions:/System/Library/Java/Extensions:/usr/lib/java:."/>
    <property name="java.vm.info" value="mixed mode"/>
    <property name="stderr.encoding" value="UTF-8"/>
    <property name="java.vendor" value="Oracle Corporation"/>
    <property name="java.vm.version" value="19.0.2+7-44"/>
    <property name="sun.io.unicode.encoding" value="UnicodeBig"/>
    <property name="socksNonProxyHosts" value="local|*.local|169.254/16|*.169.254/16"/>
    <property name="java.class.version" value="63.0"/>
  </properties>
  <testcase name="[Positive] - Verify user GET all posts" classname="API Testing on" time="3.578">
    <system-out><![CDATA[22:17:06.729 [main] DEBUG net.thucydides.core.guice.Injectors - Created injector for module net.thucydides.core.guice.ThucydidesModule
22:17:06.967 [main] INFO io.cucumber.core.plugin.SerenityReporter - Running feature from file:///Users/wiyanherraherviana/Alterra/Task_RESTfulAPI/src/test/resources/api/user.feature
22:17:06.967 [main] WARN io.cucumber.core.plugin.SerenityReporter - Feature from file:///Users/wiyanherraherviana/Alterra/Task_RESTfulAPI/src/test/resources/api/user.feature is not under the 'features' directory. Requirements report will not be correctly generated!
22:17:07.110 [main] DEBUG net.thucydides.core.guice.Injectors - Created injector for module net.thucydides.core.guice.webdriver.WebDriverModule
22:17:07.123 [main] INFO  - 

-------------------------------------------------------------------------------------
     _______. _______ .______       _______ .__   __.  __  .___________.____    ____ 
    /       ||   ____||   _  \     |   ____||  \ |  | |  | |           |\   \  /   / 
   |   (----`|  |__   |  |_)  |    |  |__   |   \|  | |  | `---|  |----` \   \/   /  
    \   \    |   __|  |      /     |   __|  |  . `  | |  |     |  |       \_    _/   
.----)   |   |  |____ |  |\  \----.|  |____ |  |\   | |  |     |  |         |  |     
|_______/    |_______|| _| `._____||_______||__| \__| |__|     |__|         |__|    
                                                                                     
 News and tutorials at http://www.serenity-bdd.info                                  
 Documentation at https://wakaleo.gitbooks.io/the-serenity-book/content/             
 Join the Serenity Community on Gitter: https://gitter.im/serenity-bdd/serenity-core 
 Serenity BDD Support and Training at http://serenity-bdd.info/#/trainingandsupport  
-------------------------------------------------------------------------------------

22:17:07.125 [main] DEBUG net.thucydides.core.steps.StepEventBus - Test suite started for story net.thucydides.core.model.Story@82dfdaac
22:17:07.126 [main] INFO  - Test Suite Started: API Testing on
22:17:07.145 [main] INFO io.cucumber.core.plugin.SerenityReporter - Running feature from file:///Users/wiyanherraherviana/Alterra/Task_RESTfulAPI/src/test/resources/api/user.feature
22:17:07.145 [main] WARN io.cucumber.core.plugin.SerenityReporter - Feature from file:///Users/wiyanherraherviana/Alterra/Task_RESTfulAPI/src/test/resources/api/user.feature is not under the 'features' directory. Requirements report will not be correctly generated!
22:17:07.147 [main] DEBUG net.thucydides.core.steps.StepEventBus - Test suite started for story net.thucydides.core.model.Story@82dfdaac
22:17:07.148 [main] INFO  - Test Suite Started: API Testing on

Scenario: [Positive] - Verify user GET all posts            &amp#27;[90m# src/test/resources/api/user.feature:6&amp#27;[0m
22:17:07.240 [main] INFO io.cucumber.core.plugin.SerenityReporter - Running feature from file:///Users/wiyanherraherviana/Alterra/Task_RESTfulAPI/src/test/resources/api/user.feature
22:17:07.240 [main] WARN io.cucumber.core.plugin.SerenityReporter - Feature from file:///Users/wiyanherraherviana/Alterra/Task_RESTfulAPI/src/test/resources/api/user.feature is not under the 'features' directory. Requirements report will not be correctly generated!
22:17:07.382 [main] INFO  - 
  _____   ___   ___   _____     ___   _____     _     ___   _____   ___   ___  
 |_   _| | __| / __| |_   _|   / __| |_   _|   /_\   | _ \ |_   _| | __| |   \ 
   | |   | _|  \__ \   | |     \__ \   | |    / _ \  |   /   | |   | _|  | |) |
   |_|   |___| |___/   |_|     |___/   |_|   /_/ \_\ |_|_\   |_|   |___| |___/ 

[Positive] - Verify user GET all posts(api-testing-on;[positive]---verify-user-get-all-posts)
--------------------------------------------------------------------------------
22:17:07.818 [main] DEBUG net.thucydides.core.steps.StepInterceptor - STARTING STEP: UserSteps.setGetEndpoint - I set GET endpoint
22:17:07.821 [main] DEBUG net.thucydides.core.steps.StepInterceptor - STEP DONE: I set GET endpoint
  &amp#27;[32mGiven &amp#27;[0m&amp#27;[32mI set GET endpoint&amp#27;[0m                                  &amp#27;[90m# starter.stepDefinition.UserSteps.setGetEndpoint()&amp#27;[0m
22:17:07.829 [main] DEBUG net.thucydides.core.steps.StepInterceptor - STARTING STEP: UserSteps.sendGetHTTPRequest - I send a GET HTTP request
22:17:09.191 [main] DEBUG net.thucydides.core.steps.StepInterceptor - STARTING STEP: Get.sendGetHTTPRequest - I set GET endpoint
22:17:09.192 [main] DEBUG net.thucydides.core.steps.StepInterceptor - STEP DONE: I set GET endpoint
22:17:09.772 [main] DEBUG org.apache.http.impl.conn.BasicClientConnectionManager - Get connection for route {s}->https://jsonplaceholder.typicode.com:443
22:17:09.824 [main] DEBUG org.apache.http.impl.conn.DefaultClientConnectionOperator - Connecting to jsonplaceholder.typicode.com:443
22:17:10.029 [main] DEBUG org.apache.http.client.protocol.RequestAddCookies - CookieSpec selected: ignoreCookies
22:17:10.030 [main] DEBUG org.apache.http.client.protocol.RequestAuthCache - Auth cache not set in the context
22:17:10.030 [main] DEBUG org.apache.http.client.protocol.RequestTargetAuthentication - Target auth state: UNCHALLENGED
22:17:10.030 [main] DEBUG org.apache.http.client.protocol.RequestProxyAuthentication - Proxy auth state: UNCHALLENGED
22:17:10.030 [main] DEBUG org.apache.http.impl.client.DefaultHttpClient - Attempt 1 to execute request
22:17:10.030 [main] DEBUG org.apache.http.impl.conn.DefaultClientConnection - Sending request: GET /posts HTTP/1.1
22:17:10.031 [main] DEBUG org.apache.http.wire -  >> "GET /posts HTTP/1.1[\r][\n]"
22:17:10.032 [main] DEBUG org.apache.http.wire -  >> "Accept: */*[\r][\n]"
22:17:10.032 [main] DEBUG org.apache.http.wire -  >> "Host: jsonplaceholder.typicode.com[\r][\n]"
22:17:10.032 [main] DEBUG org.apache.http.wire -  >> "Connection: Keep-Alive[\r][\n]"
22:17:10.032 [main] DEBUG org.apache.http.wire -  >> "User-Agent: Apache-HttpClient/4.5.13 (Java/19.0.2)[\r][\n]"
22:17:10.032 [main] DEBUG org.apache.http.wire -  >> "Accept-Encoding: gzip,deflate[\r][\n]"
22:17:10.032 [main] DEBUG org.apache.http.wire -  >> "[\r][\n]"
22:17:10.032 [main] DEBUG org.apache.http.headers - >> GET /posts HTTP/1.1
22:17:10.032 [main] DEBUG org.apache.http.headers - >> Accept: */*
22:17:10.032 [main] DEBUG org.apache.http.headers - >> Host: jsonplaceholder.typicode.com
22:17:10.032 [main] DEBUG org.apache.http.headers - >> Connection: Keep-Alive
22:17:10.032 [main] DEBUG org.apache.http.headers - >> User-Agent: Apache-HttpClient/4.5.13 (Java/19.0.2)
22:17:10.032 [main] DEBUG org.apache.http.headers - >> Accept-Encoding: gzip,deflate
22:17:10.070 [main] DEBUG org.apache.http.wire -  << "HTTP/1.1 200 OK[\r][\n]"
22:17:10.071 [main] DEBUG org.apache.http.wire -  << "Date: Thu, 13 Apr 2023 15:17:10 GMT[\r][\n]"
22:17:10.071 [main] DEBUG org.apache.http.wire -  << "Content-Type: application/json; charset=utf-8[\r][\n]"
22:17:10.071 [main] DEBUG org.apache.http.wire -  << "Transfer-Encoding: chunked[\r][\n]"
22:17:10.071 [main] DEBUG org.apache.http.wire -  << "Connection: keep-alive[\r][\n]"
22:17:10.071 [main] DEBUG org.apache.http.wire -  << "X-Powered-By: Express[\r][\n]"
22:17:10.071 [main] DEBUG org.apache.http.wire -  << "X-Ratelimit-Limit: 1000[\r][\n]"
22:17:10.071 [main] DEBUG org.apache.http.wire -  << "X-Ratelimit-Remaining: 998[\r][\n]"
22:17:10.071 [main] DEBUG org.apache.http.wire -  << "X-Ratelimit-Reset: 1680808874[\r][\n]"
22:17:10.071 [main] DEBUG org.apache.http.wire -  << "Vary: Origin, Accept-Encoding[\r][\n]"
22:17:10.071 [main] DEBUG org.apache.http.wire -  << "Access-Control-Allow-Credentials: true[\r][\n]"
22:17:10.071 [main] DEBUG org.apache.http.wire -  << "Cache-Control: max-age=43200[\r][\n]"
22:17:10.071 [main] DEBUG org.apache.http.wire -  << "Pragma: no-cache[\r][\n]"
22:17:10.071 [main] DEBUG org.apache.http.wire -  << "Expires: -1[\r][\n]"
22:17:10.071 [main] DEBUG org.apache.http.wire -  << "X-Content-Type-Options: nosniff[\r][\n]"
22:17:10.071 [main] DEBUG org.apache.http.wire -  << "Etag: W/"6b80-Ybsq/K6GwwqrYkAsFxqDXGC7DoM"[\r][\n]"
22:17:10.071 [main] DEBUG org.apache.http.wire -  << "Content-Encoding: gzip[\r][\n]"
22:17:10.072 [main] DEBUG org.apache.http.wire -  << "Via: 1.1 vegur[\r][\n]"
22:17:10.072 [main] DEBUG org.apache.http.wire -  << "CF-Cache-Status: HIT[\r][\n]"
22:17:10.072 [main] DEBUG org.apache.http.wire -  << "Age: 12091[\r][\n]"
22:17:10.072 [main] DEBUG org.apache.http.wire -  << "Report-To: {"endpoints":[{"url":"https:\/\/a.nel.cloudflare.com\/report\/v3?s=gmDNm8IaHSesenAopXaOL0ClSu3YTIFqLcFsBIxEObCjQBMBNCLy42UleeETzQVRR8BqNosUo%2Bjx06jtQAlxcqXsPkAQburS64oUqHhhfeXUnshj0EPqXWtDDIpdc2fehalAt8j2XgQ28c3TQ1u2"}],"group":"cf-nel","max_age":604800}[\r][\n]"
22:17:10.072 [main] DEBUG org.apache.http.wire -  << "NEL: {"success_fraction":0,"report_to":"cf-nel","max_age":604800}[\r][\n]"
22:17:10.072 [main] DEBUG org.apache.http.wire -  << "Server: cloudflare[\r][\n]"
22:17:10.072 [main] DEBUG org.apache.http.wire -  << "CF-RAY: 7b74aca33c106bfd-SIN[\r][\n]"
22:17:10.072 [main] DEBUG org.apache.http.wire -  << "alt-svc: h3=":443"; ma=86400, h3-29=":443"; ma=86400[\r][\n]"
22:17:10.072 [main] DEBUG org.apache.http.wire -  << "[\r][\n]"
22:17:10.072 [main] DEBUG org.apache.http.impl.conn.DefaultClientConnection - Receiving response: HTTP/1.1 200 OK
22:17:10.073 [main] DEBUG org.apache.http.headers - << HTTP/1.1 200 OK
22:17:10.073 [main] DEBUG org.apache.http.headers - << Date: Thu, 13 Apr 2023 15:17:10 GMT
22:17:10.073 [main] DEBUG org.apache.http.headers - << Content-Type: application/json; charset=utf-8
22:17:10.073 [main] DEBUG org.apache.http.headers - << Transfer-Encoding: chunked
22:17:10.073 [main] DEBUG org.apache.http.headers - << Connection: keep-alive
22:17:10.073 [main] DEBUG org.apache.http.headers - << X-Powered-By: Express
22:17:10.073 [main] DEBUG org.apache.http.headers - << X-Ratelimit-Limit: 1000
22:17:10.073 [main] DEBUG org.apache.http.headers - << X-Ratelimit-Remaining: 998
22:17:10.073 [main] DEBUG org.apache.http.headers - << X-Ratelimit-Reset: 1680808874
22:17:10.073 [main] DEBUG org.apache.http.headers - << Vary: Origin, Accept-Encoding
22:17:10.073 [main] DEBUG org.apache.http.headers - << Access-Control-Allow-Credentials: true
22:17:10.073 [main] DEBUG org.apache.http.headers - << Cache-Control: max-age=43200
22:17:10.073 [main] DEBUG org.apache.http.headers - << Pragma: no-cache
22:17:10.073 [main] DEBUG org.apache.http.headers - << Expires: -1
22:17:10.073 [main] DEBUG org.apache.http.headers - << X-Content-Type-Options: nosniff
22:17:10.073 [main] DEBUG org.apache.http.headers - << Etag: W/"6b80-Ybsq/K6GwwqrYkAsFxqDXGC7DoM"
22:17:10.073 [main] DEBUG org.apache.http.headers - << Content-Encoding: gzip
22:17:10.073 [main] DEBUG org.apache.http.headers - << Via: 1.1 vegur
22:17:10.073 [main] DEBUG org.apache.http.headers - << CF-Cache-Status: HIT
22:17:10.073 [main] DEBUG org.apache.http.headers - << Age: 12091
22:17:10.073 [main] DEBUG org.apache.http.headers - << Report-To: {"endpoints":[{"url":"https:\/\/a.nel.cloudflare.com\/report\/v3?s=gmDNm8IaHSesenAopXaOL0ClSu3YTIFqLcFsBIxEObCjQBMBNCLy42UleeETzQVRR8BqNosUo%2Bjx06jtQAlxcqXsPkAQburS64oUqHhhfeXUnshj0EPqXWtDDIpdc2fehalAt8j2XgQ28c3TQ1u2"}],"group":"cf-nel","max_age":604800}
22:17:10.073 [main] DEBUG org.apache.http.headers - << NEL: {"success_fraction":0,"report_to":"cf-nel","max_age":604800}
22:17:10.073 [main] DEBUG org.apache.http.headers - << Server: cloudflare
22:17:10.073 [main] DEBUG org.apache.http.headers - << CF-RAY: 7b74aca33c106bfd-SIN
22:17:10.073 [main] DEBUG org.apache.http.headers - << alt-svc: h3=":443"; ma=86400, h3-29=":443"; ma=86400
22:17:10.077 [main] DEBUG org.apache.http.impl.client.DefaultHttpClient - Connection can be kept alive indefinitely
22:17:10.081 [main] DEBUG io.restassured.internal.RestAssuredHttpBuilder - Parsing response as: application/json; charset=utf-8
22:17:10.082 [main] DEBUG org.apache.http.wire -  << "1b9a[\r][\n]"
22:17:10.082 [main] DEBUG org.apache.http.wire -  << "[0x1f][0x8b][0x8][0x0][0x0][0x0][0x0][0x0][0x0][0x3][0x8d]]I[0x8e][0xe4][0xc8][0x8e][0xdd][0xff]S[0x8][0xb9][0xfe][0x8b][0x9a][0x87][0xbe]A[0x9f][0xa1][0xa3][0x17][0x16][0xee][0x96]U[0x2][0xdc][0xa5]([0x97][0x94][0x88]F[0xa3][0xef][0xde]$[0x1f]'[0x93][0xc9]=[0x5]d[0x15]b[0x90]K2[0x1a][0x87][0xc7]G[0xd2][0xe2][0xbf][0xfe]5[0xc][0xff]K[0xff][\r][0xc3][0x97]m[0xa9][0x8f][0xff][0xbc]~[0xf9][0x8f][0xe1][0xc7][0xe3][0x7]c[0xfe]f[0x1d][0xd7][[0xa5][0xef][0xbf],[0xdb][0xb4][0xe]e[[0x87][0xaf][0xe5]R[0x1f]ux[0xd4][0x8f]z[0xbb][0x95]u[0xf8]x[0xcc][0xdf][0xc6]k[0xa5][0xdf][0xce][0x97]K[0xa9][0x97][0xb2][0x8e]C[0xfd][0xbc][0xd4][0x8f]u{[0x8c][0xc3][0xfc][0xb1][0x8e]3_[0xfc][0xa8][0xd7][0xe9]Z[0x1f][0xe3][0xfa]Eo[0xfd]>_[0xff][0x87][0xef][0xfc][0xcf]6[0x96][0xa1][0xae][0xc3][0xb2]-[0x97][0xf1]c\[0xdf]&[0xfb][0x8a]>w[0xd9][0x96]2]K[0x1d].[0xf3][0xb4][0xd4]6z[0x8b][0xed]A[0xf7][0xff][0xa8][0xd7]q[0x95][0x8f]][0xb6][0xfb][0xdb][0xd4]<`[0xb8][0xcf][0xb7][0xba][0xac]#}[0x8a][0xde][0x97][0xfe][0xfd][0xb3][0x95]eX[0xe7][0xb5][0xd0][0x95][0xd3][0xbc][0xac][0x8f][0xed]N[0xb7][0xe6][0xff][0xd3]e[0xbc][0xa8]z[0x1f]d}[0xf][0xfa][0xa2]~[0xab][0xd3]H[0xf7]-[0x8f][0xcb][0xdf][0xe3]Z/[0xeb][0xfc][0x85][0xde][0xf7][0xff][0xfe][0xfd]=[0x89][0xfd][0xb4][0x97][0x18][0xad]K[0xee]_[0x97][0xa5][0xee][0xd7][0xcc]?[0xc7][0x1b][0xd0][0xb3]?f[0x92][0xe7]7ZN}[0x93]5[0x8e][0xc3]2[0xd2][0xcb]L[0xe3][0xdf][0xe3][0xad][0x15][0xdd]p[0x9d]o[0xf3]cx[0xaf][0x85].[0x1e]j[0xc1][0xf7]u[0x19]&[0xfa][0x18]}[0xfa][0xeb][0xf6][0xd7]H[[0xf2]~#[0x99][0x8d][0xeb]8.[0xc3][0xb7][0xf9][0xb6]}[0xac]e[0xad][0x3]=[0xe5]1[0xf][0xdf][0xea]Mo[0xdc][0x8][0xe9]Q[0xc7][0xcb]H[0xf][0x19][0x97][0xb7][0x89]_[0xa0]|"
22:17:10.082 [main] DEBUG org.apache.http.wire -  << "[0xd0][0xe3][0xca]}[0x98][0xe6]i[0xb8][0xd6]w[0xba][0xd7]B7X[0x96][0xf1][0xbe]-[0x3]_ [0xf][0xa4];-[0xf4][0xe5]FzpNF?[0xef]eDK[0xb0][0xf7]Xd[0x9b]Xw[0xea][0xe3]B[0xc2] [0xbd][0x99][0xea]=[0xf4][0x8c][0x9f]:~,[0x85][0x84]#{[0xd6][0x89]t[0x1d][0xc6]mY[0xe7]a[0xa9]W[0xba]x[0xa6][0xef][0x1e]$[0x12][0x17][0xc0]=[0xe9][0xe7]|[0xa7]7[0x1f][0xea]m[0xfc][0x8b][0xd7],j][0xae][0xcd][0xb5]"[0xd8][0xf1][0x9d]V[0xcb][0x12]+[0x17][0xd1][0xc3]u[0xa4][\r][0xa3][0xf7] Y[0x14][0x12][0xf]i[0xe2][0xdb][0x14]b[0x84][0x80]+[0xbd][0xc4]0_I[0xe9][0xe9][0x85]n[0xe5][0x9d][0xf7][0x96][0xbe][0xa2][0xbb][0xe8]k[0x9f][0x12][0xd4]/[0x9d][0xa0]XYW[0xd1]'_[0xc6]^[0x2][0xbc][0xf]r[0xd5]RHhiO[0x87][0xb4][0xb0]r%[0xcb]"[0xf3]"U[0xe3][0x17][0xba]W3[0x80][0xb2],[0xdb][0x9d]./[0xc9][0xa2][0xa1][0xa2][0x97][0xed][0xf6]QD/[0x96][0xe1][0xef][0xf1]B[0xa6]x[0xbf][0xd3][\n]"
22:17:10.083 [main] DEBUG org.apache.http.wire -  << "I[0x7][0xe8]>f6k[0x9d]*[0x9b]&4[0xf2][0xce][0xda][0xc1][0xbb]u[0xd7]m[0x90][0xf][0x8b][0x8d][0xa5]w[0xc1][0xed][0xc7][0xdb]m[0x86]|[0xce][0xc9][0xe6][0xd7][0xbd]l[0xfc]=[0xc4][0xce]Y[0xf6]{[0xc9][0x90][0x12]m[0xd7][0x11][0x8e][0x84][0xcd][0xbb][0xf0]6[0x96][0xfa](+[0xde][0x89]T[0xe6]m*7VBqq0#U4v[0xe][0xa4]R$[0xfa]V[0x9b]D[0x87][0xdc]([0xd8][0xca]}m[0xa2]8[0xbc][0xe4][0xb7]I=L+[0x1f][0x98][0xcf][0xb9][0xe5][0xfe][0xb6]_[0xae]Jx`[0x95][0xb8][0x97][0xbf]&2[0x99]yq[0x8b]eo[0xda])[0x6][0xbd][0xc2]B[0xbf][0x9f]Xei[0xfb][0x1e][0xa4][0xaa][0xbc][0x97][0x85][0xc5][0xf]o[0x0][0xad][0xf6][0x8d][0x17]7$[0xca]M[0xdb]B[0xee]y[0x9a][0xdf][0xe9][0xf7]$![0xfa][0xf1]5\[0xc7][0xdb]Dw]>H[0xcf][\n]"
22:17:10.083 [main] DEBUG org.apache.http.wire -  << "{[0x8]VP[0xba][0xb6][0xde][0xe7][0xa1][0xbc][0xef]<WkBeI[0xb2]t/[0x6]#[0xa9]kV"[0xd6]9i[0xfd][0xbe][0x97][0x16]K[0x88][0xc4]BQk[0xbc][0x8d][0xb][0xf6]s/[0x1f]<n[0xf8][0xb8]Qh[0x83][0xa7][0xa1][0xfd][0xbb][0xb2]-[0x15][0xf1]$[0xea][0x9b]!l[0x91][0x14][0xe9][0x90][0x88][0x1a][0xdf][0xf1]5X[0xf5][0xa6][0xc6]'[\n]"
22:17:10.083 [main] DEBUG org.apache.http.wire -  << "[0xcd][0xee]+B[0xa2][0x4][0xa4][0xb1]p[0x98][0x9b]$<[0xc1][0xe7][0xf3]&[0xd2][0xf3][0xe0][0xbd][0xca]rn[0xb9]<S[0xe]][0x12]k[0x9f][0x98]a[0xb7][0xe4][0x91][0xd6][0xc2][0xaa][0x9b]T[0xc7]>+o[0xc3]Q[0xd5][0x84][0x16][0x2])[0xb4]n[\r]O[0x1e][0xa4]=`[0xb9]-HH6[0x3][0x83][0xd4][0xee]e[0x94]-v1[0xbc]Mp[0xf][0xb4]~[0xf3]'0[\r]S[0xb][0xd6][0xee]Y[0x9d][0xb3]l[0xc0]9[0x89][0xfc][0xf9][0xd4];[0xb0]#R[0xab][0xb5][0x95]"[0xf8][\n]"
22:17:10.083 [main] DEBUG org.apache.http.wire -  << "[0x8c]H[0xfa][0xb9][0x97][0x95]@[0x8f][0xcb]*[0xe6][0xb][0x1][0xb4][0xf7][0xc4][0xdd][0xc8][0xd4]U)[\n]"
22:17:10.083 [main] DEBUG org.apache.http.wire -  << "[0x82][0x9][0xfc][0xc][0x1c][0x8]@[0x88]|[0x7][[0xa2][0xab]WC[0x1f][0xac]?W[0xf9]"[0xc]P[0xa5][0xa0][\n]"
22:17:10.083 [main] DEBUG org.apache.http.wire -  << "[0xeb][0xdf][0x9e][0x93][0xc1][0x8f]?[0xec][0x85][0x0][0x18][0x16][0xa1]v[0xbc][0xe2]Ek[0xbf]ZVf~7[0x83]X[0xb2][0x9][0xb4][0xa3][0xc3][0xfc][0xf5]+[0x1b][0xba][0x4]D[0xd9][0xd4][0xb7])[0xa2]$+A[0xf2][0xb2][0xbc]|[\n]"
22:17:10.083 [main] DEBUG org.apache.http.wire -  << "[0x86][0x82][0xf][0x16][0x86]tt[0xd7]%\/-[0x97][0xf5][0x1c]2[0xbf]K[0x90]}H[0xc8]'[0x5][0xa1] [0xfa]x[0xba][0xcc][0x9f][0x9a]ev [0x15][0xe]H[0x1e]-[0xcb][0xbb][0x95][0xed][0xaa]>[0xe7][0xd8][0xf0][0xeb][0x8d]6[0x96][0x9e][0x9f]be[0x4][0xf4][0xc0][0xb][0xc][0x83][0xee]#moqx[0xc8][0xb][0xce][0xee][0x9e][0xe2][0x87][0xaf]f[0x9c][0xc4]9+L[0x93][0xf5][0xb3][0xd0][0x2]7[0xb9][0xeb][[0xb2][0xfe][0xb][0xc2][0x99].[0xe3][0x95]4[0xeb]mb[0xa7]-[0xca][0xa6][0xbf]>)[0x93][0xe][0x86][0xd2][0xcb][0x84][0xfd][0x1a][0xda][0xa4][0xfb]A[0xfd][0xd4][0x12][0xf6][0x82][0xa1][0xcd][0x90][0x8][0xe][0xb5][0x84][0xf]%g[0xff](u[0xa9][0xe][0x83][0x8a]:|[0xdc][0xc][0xa2]7[0xb5][0xad][0xc][0xe3][0xcb][0x7][0xc9][0x94][0xfc][0xbb]\[0x8b]8#[0x80]#[0x4]+[0xbf][0xa1][0xa7]D\%[0xbf][0xa0]"[0xe0][0xfb][0xc9]+[0x8e][0xb4][0x1d][0xd3][0x85][0x15]Xb[0xfb]99tPSV[0xba][0x89])[0x92]H[0xfc]E=[0xc4]9nb[0x3][0x10][0xc9][0xef][0x85][0xc2][0xa2][0xb8][0x8e][0x17][0xb2][0x9][0xf7]t[0xe2][0xf7][0xfc][0x16]~[0xd3][0xd8][0xd1]9[0xc5]2Z[0xda][0xb2]r&[0xf3]x[0xd0]e[0xe3][0x13][0x80]&[0x0]R[0x90][0x11] [0x1a][0x99][0x1e]o[0x85][0x18][0x8d]#V[0x1][0x96][0xec]!E)%[0xc][0xa5][0xac]L[0xee][0x95][0x92][0xa6][0xc0]t[0xd9][0x87][0x1][0xa8]F~[0xc3][0x11][0x82]q[0x98][0xc4][0x89]s[0xd2][0xed][0xf0]i^[0x80][0xbd][0xa4]8[0x9d][0xbd][0x10][0x9][%[0xcb]2[0xb4][0x8d][0xc9]k[0x0]&Tqr[0xd2]6eL[0x0]#B"Jv'[0xbe][0xcc]o[0x13][0xf6][0xb][0xfb][0xe3][0x9c][\n]"
22:17:10.083 [main] DEBUG org.apache.http.wire -  << "j[0xec][0xdb]#[0xa9][0xa0][0xc0];z[0xce]vv[0xcd][0x1d][0xee][0xc]W@[[0x3][0xcb]b;;[0x0][0x9f][0x9][0x7][0x89]#T[0xa4]!n[0x81][0xf3]U[0xb8][0x16]s[0xb0][0x6][0x87][0xc6][0xbb][0xb8][0xe0][0xec]W[0xd3][0xea][0xc4]"}Ii[0xd3][0x5][0x92][0x98]g{[0x9b]pW[0x87]{[0x8a]m_G[0xd4]v[0xe1][0x1d][0x2]m[0xe3][0x3][0x1][0xb1] [0xdb][0xb][0x5][0xf8][0x9c][0xb5][0x89][0xc6][0x8e]3[0x87][0xfc]#[0x84][0xee]wc[0xb0]&aC[0xcc]P[0x91][0x9][0xed][0x1e][0xed]3CXE[0x11]$C^[0xc8][0xea][0xb8]b[0x8f][0xbc]K[0x83][0xd5]E$H[0x8f][0xe0]d[0x7][0x80]}81[0x6][0xf6]J/[0x8]@V[0xc4]bV[0x1d][0x9a][0xca][0xe0][0x96]_-!Wv[0x7]'[0xc5][0xd8]AS[0xac][0xc0][0xb7][0x90][0xd5]4"tz{G[0x5]][0xca];/[0xd9][0xe3][0x8a][0x92][0x8b]3f[0xa0][0xcf][0xaf]+N$A1[0xbe][0x94][0xf8][0xb3]D([0x8a][0x93]SH[0x1e][0x87][0xa4]{P8[\n]"
22:17:10.083 [main] DEBUG org.apache.http.wire -  << "*@i[0x8][0xfd][0x95][0xc0]\l[0xf2][0x86][0x7][\n]"
22:17:10.083 [main] DEBUG org.apache.http.wire -  << "[0x94]8[0xeb][0x95];[0xbc][0x1a][0xa2][0xe4][0xfc][0x1d]QG[0xe2][0xb7]A[0xb3][0xc0][0xff][0xfb][0xc5][0x87][0xf5]i[0xaa]eN[0x11][0xe6][0x9d]w[0xd4][0xfd][0x87][0x84]UE^[\r]\[0xe1][0x1f]$[0x91]s[0xb8]6[0xde][0xa3]Z[0x0]<[0xb9][0xc6][0xe][0x81]Z[0xca][0xed][0x9][0x86]x[0x1d][0x11]^[\n]"
22:17:10.083 [main] DEBUG org.apache.http.wire -  << "[0x1][0xb4][0x86].[\n]"
22:17:10.083 [main] DEBUG org.apache.http.wire -  << "[0xcb]u[0xa2][0xbc][0x97][0xed]cd8[0xc6]DNdic[0xc4]fM[0x1d]D[0x5][0x18][0xe3]:[0x0]5[0xb][0x81][0xfa]g[0xa9][0x94]U[0x82][0x92][0xbf][0x9e][0x90]&[0x1c][0xa1][0x1c][0xfb]"
22:17:10.083 [main] DEBUG org.apache.http.wire -  << "-[0xe6][0xb0][0xbe][0x8b]?[0x1b][0x11][0xfc][0xd4][0xe1][0xcf][0x0][0x8a][0xe4][0xad][0xd3][0x2][0xcc][0xea][0xcb][0x11]+[0xd8]r~[0xd7][0xed]"!7[0xd3]P[0xb]@5c[\n]"
22:17:10.083 [main] DEBUG org.apache.http.wire -  << "[0xfa][0xd9][0xc8][0xe9]iM[0xf4]![0x2][0x1d][0xf2][0xc][0xbe][0x88][0xa4]4g[0xac][0xe9][0xae]q[0xc7]9[0xf1][0xee][0xc3]8[0x5][0xaf][0xd7][0xb]%[0xf7][0xa3]9[0x17][0xe5][0x11][0x91]H(A[0x92][0x84][0xea][0xb2][0xd3][0x4]P[0xc3]7[0xfd][0xf8]6^HA[0x9f]J[0xf0][0xe7]F[0x82][0x1d][0xb4][0xcd][0xde][0xaf][0xe8][0x9a][0x1a][0xa7]'[0x80]C#[0x89][0xf8]5[0xf6][0xd2][0x7][0xb1][0x8][0xe9][0xa8][0xa5][0xf2][0x19][0xd2]E[0xfe]7#h[0xc2][0x90][0xe8][0x9e]t{6![0xd8]'[0x85]cq[0x9]Jn[0x85];[0x91]|[0x16]I[0x9c][0x19]'[0xd3]E)4A%[0xdf][0xa6][0x94]w[0x19]/[0x12]:Gw9)[0xa4][0xe][0xeb][0xe2][0xe1][0x12][0x9e]$|[0x18][0xa3]`[0xc2]W$[0xda][0xa7][0xc3][0xac][0x17][0xe2][0xf5][0xd6][0xc][0x86][0x92]~r[0x0]b[0x91]`[0xdb]Y[0x18][0x1c][0xc5]H[0xa1][0x9c][0x89].[\n]"
22:17:10.084 [main] DEBUG org.apache.http.wire -  << ">[0x10]4B*B.[0xb2][0xa5][0x9]M[0x16]$7[0x7]:[0x8b][0xf0]B[0x11][0x9f][s[0x87]k[0xef][0xe5]s[0xbc][0xb]T[0x97][0x98][0xae][0xfe]zb[0xb5][0xeb][0xd7][0x19][0xba][0xbf][0x91][0xdb]W e[0x80][\r]9[0xbb]f[0xa3][0x81][0xe][0xc1]n[0x88]c[0x6][0xf]"[0xa4][0x2][0x3]4v[0xf][0xb6][0x95][0x9][0x9e][0xc1]t[0xf8]6[0xc8]r[0x85][0xfd][0xf4]lH[0xc8][0xe]8#[0xd1]1[0xdd][0xff][0x8c]"N[0x8a][0xa2][0x3][0xa1][0xc8][0x95]Y[0xe7]T7C#[0x19]Ni^[0xd1][0xed]=[0xa7][0xed][0x92][0xf1][0x82][0xca]6[0xdb][0xf6][0xc8]*J#|X[0x8a][0x10]Mx[0x81][0xb0]aT[0x5][0xb5][0x4]Rr[0xb1][0x9e][0xa4][0xfd][0xb4]E[\r][0xed]"[0xd4][0xcf]uH[0x96]m[0x91][0xf8][0xa4][0x0]:D[0xca][0x1a][0x6]d[0x93][0x92]&[0xb][0x90][0xc7]tq^[0x7]+9[0xd6][0xe][0xba]v[0xc4][0xce]e7[0xc][0xda]&0>[0xac]%[0xb4][0xbd][0xae]F[0xae]s[0x1e]?h[0xb5]%[0xd3][0xe4][0xa2]9[0x96][0x87]Z[0x16][0x19][0xaf]{r[0xe9][0x1d]&[0x95]J[0x8b][0xb0],[0x9a][0xdd][\n]"
22:17:10.084 [main] DEBUG org.apache.http.wire -  << "v[0x99][0xa7][0xe]hZ[0x9c][0x0]c[0x1b][0x81]I[0xf3]S[0x3]{&[0x9]s[0x8a][0x2][0x9d][0x9a][0x80][0xd4][0xe2]z(}[0xda][0xed]H[0x8]v,[0xe9][0x5]Ihp[0x13][0xf6](I[0xb5]]N,yFB'[0x5][0xd2][0xa1]KTSH[0xe7]X[0xb5]I[0xdd][0xcc][0xd0][0x94]p:&D[0x98][0xb6]`[0x9d]t[0x9b][0x81][0x1b]l[0xd8]=[0xc3]E[0x9e][0xc5]3[0x82][0xc4][0x8f][0x94][0x11][0x95][0xec][0x9f][0xe9],[0xc5];[0xb0]0q[0x90][0xe]Q[0x95][l[0x91]wd[0x1]m[0xcc]E[0x98][0xe5][0x17][0x1b][0x19][0xd6][0xac][0xac]:![0xdf][0xac][0xc3]'[0xa5][0xd5][0xf3][0xa6][0xc6][0x4]y[0x11][0xc5]irq[\n]"
22:17:10.084 [main] DEBUG org.apache.http.wire -  << "[0x19][0xa6][0x1f] 5[0xe][0x8][0xaa]}[0xf]!{[0xa1][0x88][0x4]v[0x14]~1{[0xc][0x1b][0xcf]*"[0x1e][0x82]E[0x92]*v[0x1e]B[0xa4][0x9a][0xc1][0xd6]"[0xb2]lb}[0xa6]KB[0xa1][0xad][0xb4]Y_[0xa4][0xb4][0xad][0x18]:[0xa8][0x8a][\n]"
22:17:10.084 [main] DEBUG org.apache.http.wire -  << "[0x9a]P[0x10][0x12][0x6]v[0xfb] [0x95] [0xda][0xc9][0xfd][0xf2]eG[0x95]i7[\n]"
22:17:10.084 [main] DEBUG org.apache.http.wire -  << "\[0xb6][0x8b][0xe5]"[0x9e][0xd3][0xc2][0x4]"[0xa1][0xd8]Z[0xc3][0x98][0x9][0xd2][\r]c[0x14]'[0xa1][0x88][0xdd]}M[0xce][0x83][0xfd][0x89]c ?y[0xe2]es[0xc8]{N[0x8]?w`[0x15][0xa4][0xff][0xfe][0xe6][0x89][0x9e][0xe8][0x88]![0xb8]\[0x1][0x1f][0xc0]{[0xe4]&5[0xb4][0xa7][0x9d][0x15]%Q`$[0x15]B[0x84][0xee][0xb7])]#XV[0xe5]?.[0x1e]][0xc1]*o([0x9a]qN[0x97]@t[0xe3]\[0xa4][0xfc][0xf3]l[0xdd][0xbf]4[0xeb][0xee] &T[0x1f][0xe5][0x9][0x86][0xae][0xca][0xfe][0xed]C@O[0xa2]j[0x9e][0xc4]o[0x8d][0xf2][0x85][0xd1][0x8d][0xba][0xfd]KC?)[0x8a]0[0x1][0xe1]yM[0x1c][0xb2]Df[0x9c][0xbc][0x8e][0xc2][0xb1][0xc8][0xf5];[0xd2]~[0xcf]]4[0x97]1[0x3]<(xf[0xf5]9)[0xa1]c|[0xa9][0xc5]M[0xe4]p[\n]"
22:17:10.084 [main] DEBUG org.apache.http.wire -  << "[0xa3][0x97][0x3]\[0xe1]i5{_-[0xa0]%[0x10]/[0xe0][0x18]`[0xca]$[0xe8][0xe8]<q[0xd0][0xcc][0xa1][0x19][0xe2][0xb6]$|[0xc3]=[0x15]Q[0x85][0xb8]S[0xd0]w[0xb7][0x3][0xb7][0x9b][0x8]g[0xe5][0x9]\,\[0x82]oI[0x94]E[0x15][0xf3][0xa4][0x94]:D*[0x11][0xc0]!w[0xac][0xe5][0x9][0xd7][0xc][0xe7][0x8e][0xbc][0xdc][0x90][0x94][0xa5][0xf2][0xce]S[0xb][0x89][0x8e][0xaa][0x5][0xc2][0x11]t[0x83]C[0x9c][0x5]6[0xc3][0x14]F[0x1a]%[0xc][0xd2][0x87][0xdb]D[0x1e]^[0xc8][0x18][0xd5][0x95]g[0x82][0xf5][0xe4][0x8a];[0xe0][0x19][0xae]O[0x19][0xaf][0xed][0xd1][0xf3][0x15][0x96][0x8d]d[0x9e][0x13][0xbb][0xb3][0xb5][0xdc][0x83]S"[0xc6][0xc2][0xb3]S6<i[0x9d][0x7][0xb2][0x1e][0xb0]1[0x7][0x1f][0xb5][0xba][0x13][0x9c][0x98]s)[0xc8][0xe][0xf9][0x93];b]z>[0x9c],N[0xdc]l[0xc2][0xab]FOz[0xf1]Kt[0xfa][0xa4][0xc8]:[0xa8]J{[0x9][0xa5]n[0x98]7[0xa7][0xbf]P[0xfa]x[0xca]|[0x9][\r][0x7][0x88][0xe9][0x91][0xdb][0x1][\n]"
22:17:10.084 [main] DEBUG org.apache.http.wire -  << "[0xab][0x92][0xc5][0xc]u6[0x8e]Df[0xe3]A[0x13][0xa1]be[0xce][0x16][0xd0]%Y[0x1a][0x91][0x8c]*[0xa5][0xf2][0x10][0xc2][0x96][0x88][0x13][0x8][\n]"
22:17:10.084 [main] DEBUG org.apache.http.wire -  << "[0xce][0x13][0xa9][0xaa][0xd2][0x81][0xe3][0x16]lxRP[0x1d][0xb0][0x15][0xe0][0xc9][0xda][0x95][0xaa]e[0xc1][0xfa]:}[0x4]][0xe9]"[0xd3][0xb5])p[0x0]g"[0xa1]O[0x19][0x1e][Y[0xe2][0x92]s[0xf5][0x1d][0xc9]%[0xca][0x96][0x13][0x98]\[0xd1][0x15][0x89]x[0x96][0xce][0xa7][0xf8][0x5][0x84]P[0xb4][0xc6]m[[0xc][0xb][0xd3][0xce][0xb1]\[0x0][0xd2]n[0xa3]`([0x91][0x10][0x88][0xda][0xb3][0x93]RSv[0xd4]wR[0x88][0x1d][0x18]N[0x85]U[0x8a]f[0x1b][0xa8]3s[0xa7][0xa4]rOc[0xda][0xaa]/#[0x19][0xbf][0x1a][0x80][0x0][0x1b]3[0x2][0xb7]G[0xba]q[0x93] [\n]"
22:17:10.084 [main] DEBUG org.apache.http.wire -  << "[0x93]&T[0xa6][0xdc][0x84][0x8c][0xd5][0xb2][0xc4]-UW[0x91]?[0x1]b[0xb2]]&G[0x8d][0xcd]j[0x8][0xbb]M[0xb1][0xb4]{0)[0xee][0x81][0xd5]>)[0x9a][0xe][0xf9][0x86][0xa7][0xd6]D[0x81][\r]j[0x1a][0xa5][0xea][0x89]x[[0xde][0x19][\n]"
22:17:10.084 [main] DEBUG org.apache.http.wire -  << " 8[0x91][0xb2][0xf5][0x15][0xe][0x18][0xab][0xe4]S[0xda]3[0x83]xm2[\n]"
22:17:10.084 [main] DEBUG org.apache.http.wire -  << "[0xcf]R[0x93][0xb9][0xc8][0xde][0x97][0x16][0xd8][0xc6]>A}Z[0xf8][0xc9]R[0x84][0x83][0xcd]P[0xb0][0xb9][0xb][0xb7]>[0x98]C[0x8][\n]"
22:17:10.084 [main] DEBUG org.apache.http.wire -  << "O[0xcb][0xdd][0xf4]i[0xdd]r[0xd4][0xc3]y[0xb5]@[0xbc][0xca][0x95][0x8a][0xdf]>'[0xc7][0xe]:[0x8b][0xe8]4Y[0x94][0xbd][0xcf][0x1d]/[0x92][0x9d][0x16][0x84][0x99][0x9e][0x95][0xf1]T[0x3][0x8b]3[0xf][0xc3]"
22:17:10.084 [main] DEBUG org.apache.http.wire -  << "[0xaa][0xca][0x2]K7[0xe2]4[0x2][0x16][0x19]&S[0x94][0xe7]t[0xff]'OW[0x12]X[0xb8][0x9a])[0xf6]4![0x10]q,BlEnc[0x15][[0xe1][0xbf][0xd1]B[0x2]o[0x91][0x15][0xdb][0xeb][0xb3][0x9f][0xe7]d[0xf5]K[0x87][0xb0][0xb5]SbV[0xcf]p[0xd0][0xaf][0x94][0xba]@[0xc]c)q[0x80]`/[0x91][0xf][0xf1][0x9b][0xef][0xe3][0xd9]$[0xec][0x89][0xf7][0xc0][[0x1e]"[0x9b]j[0xec]3[0xab]"r[0x14][0xa1][0xc4][0x1a][0xee]G[0x96][0xbb][0x9]O[0xc1]HCe[0xef][0x9f]zU[0x13][0xf8][0xb5][0x91]@[0x87][0xb5]%[0x17]X[0xac][0x9b]v/[0x80][0xa6]Q[0xc3]9[0x94]h![0xda]c[0xaa][0xc1][0xd8]h7[0xd1][0xe8]oC;R[0x6][0xe0][0xa2][0x1f][0xf6]{[0xa7][0x5]B1R[0xc1][0xeb]S8[0xa1][0x9][0x1e][0x86]q[0xb8][0xe0][0x6][0xd5]O[0xb0]k[0xea])[0xe5]9'[0xa5][0xd1][0xe1]j[0xab][0x97]+-[0xc8][0xf8][0xae][0xe6][0x96])D[0xfa][0xf0]T[0x99][0xb5][0xf6][0xd2]D[0x9f][0x93][0xce]CSb[[0x93]m9[0x1b][0xa1]kr[0xa5][0xce][0xa9][0xf5][0x8c][0xea][0xab][0xc7][0xd8][0xcc][0xef][0xa9][0xf2][0xc1]s[0xab][0xdd][0xa3]P[0xdd]4Hc3[0x92]Wo[0xfd][0x10][0xb0][0x8][0x88][0xdb][0x17][0xbd][0xa1][0xad][0xf8][0xfa].Zg[0xe3]xg[0xcd]m7dU[0xd4][0xa0][0x92][0xe8][0xd8]Ik[0x12][0xf1]"[0xbb][0x8d][0x14][0x18][0xd2][0x94]z)[0x90]O[0x8d]R/VR[0x93][0x0][0xdd][0xe1][0xb1][0xe2][0xb0][0xf6]65[0x16])+MB@b[0xef]s[0xf7][0x18][0xd2]cc[0xb2][0x85][0x93][0xb5][0xe7][0xec]n[0xa3][0xc8][0x9b][0x14][0x95][0xf3][0x9a][0x96]J4[0xdd]<)[0xd6][0xe][0xd5][0xc3][0x83] [0xad][0xf][0x8b]\[0xfa][0xe][0xf6]DE[0xb1].e[[0xf3][0xde][0xb0]u[0xb8][0x8d][0xef][0x8c][0x6][0xcc]`[0xc0][0xef]qB[0x90]J[0xe3][0xd0][0xe]8[0xb1][0xc8][0xeb]$}A. N[0xfb]Q[0xb5]$^e[0xc5][0xe6][0xa1][0xc0][0x90][0xa9][0x93][0xda]v[0xf8][0xfe]E[0xd2][0xdb][0x8a][0xa1]C[0xea][[0xa4]e[0xbe]G[0xca][0xf1]J[0xc6]o[0x9c]]j[0xb6]:[0xcc][0x16][0xab]K'[0x8b][0xc2][0x16][0xfb]m[0x9b][0x1e]8V[0x19][0xd7]0i[0xf1][0xd7][0x81][0x3]C\[0xa2][0x88][0x80][0xd9][0x8e][\n]"
22:17:10.085 [main] DEBUG org.apache.http.wire -  << "[0xdc][0xe4],[0x14][0x83][0xe6]<[0xb7][0xf4][0xe]{[0x1b]W[0xaa][0xed][0xce][0x99]dSG[0xd2][0x15]X[0xda][0xa6][0x3][0x91][0x1a][e[0x84][0x1e][0x90][0xcd]"[0x8][0x87]q[0x96][0x81][0xb8][0x1f][0xd1][0xb6][0xd2][0xa2][0xc],[0xfa][0xc7]j[0xe3][0xc9][0xd0][0xc4][0xc0][0xd6]uru[0x7][0xc][0xb1])[0x98][0x2]t[0x95]W[0x94]![0x9e]/. [0x9d][0xf2]7[0xdc][0xc7][0x16])[0x95][0x80].%x,KH[0xed]t[0x1c][0xbc][0x9b][0xdc][0x89]o[0x99][0x9][0xf1]}[0x13][0x8f][0x8d]k[0x14]([0xfb]B[0x9f]ZK[0x8a][0x8c][0xe6][0x0][0xb3][0xff]9)[0x96][0xe][0x10][0xb7][0xd9][0xb8]:[0xba][0x92][0xc9]I[0x98]"[0x1][0xbe][0xa7][0x2]Bz[0x98]nc;[0x8c]&[0xd4]Hd[0xba][0xc0]e[0x99][0xf9][0x89]",:[0x1e][0xdf]P|[0x4][0xc7][\r][0xce]q[0xcf][0x83][0x1b]][0xd4]v[0xaf][0xca][0xa6][0x18]a[0x98][0x87]o[0xce][0x9][0xa5]C[0xb7]F[0xc8]p[0x80][0xf3]Q[0xa0]-C[0xfb][0xb6][\r][0xe8]IP[0xe][0xfa][0x9e]V[0xc1]q[0x9e][0xc1]E`uF;[0x12]P[0x11]\S[0x8a]j][0xea][0x2]ZP[0xc7]7[0xe4]B[0x86][0xa0][\r][0x97]Q[0xdd][0xa4][0xd7][0x14]#R[0xfd]vC[0xcb]m[0xf0][0xd0][0xf9][0x92][0x1a]0_[0x8d]g4[0xf2][0xf9][0xb5]C[0xb4]-[0xf4][0x1a][0x9b][0xb2]_[0x7]-[0xe2][0xdd][0xf9]R[0xf5][0xa5]M\[0xeb][0x9c][0xa7][0x0] w[0xb5][0x96][0x4]XP[0xdf][0xd5][0xa5][0xec][0xd1][0x9][0xd9]g[0xb][0xd1]RY[0xbc][0x8e]fb)^[0xd0][0xee][0x8][0x13][0xed]M[0xdc][0xb9][0xc0][0xa7][0x9c][0x8a]?[0xdd][0xc]][0x11]QLc[0xb4][0xc4][0xef]S[0xd1][0xfe][0xd6][0x88][0xb6][0x9f]<[0x83][0xb1][0x1b][0xf8]2N '[0xc6][0x92][0x1a][0xc8][0xf3][0x9e])^S[0x9][0x16][0x1f]g[0xe6][0xac][0xd0]"[0x97][0x2][0x9b][0x8d][0xb2]N[0x5][0xbb][0xe][0xed][0x1c]+[0xba]$[0x18][0xab]$[0xe4],[0xfd][0x9a]][0xf4][0x1e]~[0xda][0x95][0x1f]O[0x90]iu[0xba][0xd9]b[0x94][0x3]$[0xeb][0xce][0xab]^[0x13][0x19][0xdc]Y[0x1e]*;K[0x1e]o[0x10]0!Qf[0xbf][0xcf][0xdc][0xce][0x8c]Gk.[0x9f]r[0x2][0xfa][0xa9][0xd5]s[0xe0][0xe][0xe5][0xce]9[0xdb][0x8d],>,[0xf8]m[0xd2]}[0x14][0x9a]`[0xdf][0x13][0xe9][0x1d][0xad]'E[0xd5]A[0xe0](j:[0xc4][0x17][0x8e][0xaa][0xcb][0xac]@[0x81][0x2][0xad]f,\[0xb7]f[0x1e][0xc9]p[0xdb][0x93][0x99]4q[0x85][0xd2][0x12]-[0xa9][0xb7]l[0x2][0xf0][0x1][0xd4]"s[0x9a][0x92]?[0x3]Ej[0x12][0x15]~j[0x1][0x8f]:[0xa5][0xdc][0xc6][0xe1][0xf6]IQt[0xb0]U[0xb6]+t[0x12]%[0xdc][0xa6][0xee][0xa4]e[0x99][0xae][0x8c]g[0x8d]s[0xca]F$[0xf2][0x97]<[0x89][0xe4]([0x86][0xaa][0xb6][0xdc][0xc4][0x9d]j[0xe6][0x84][0xd8][0xb4][0x3]T![0x4]:@[0xf6][0xed]U[0xdc][0x95]e^[0xd1][0xdb][0xa1]-U?[0xb9][0xee][0xe][0xa7]Z[0xbb]B[0xce][0xf1]!\ [0xef][0xa7][0x1c]_[0xa4][0x99][0xa5]![0xe7][0xa1]$[\n]"
22:17:10.085 [main] DEBUG org.apache.http.wire -  << "[0xdb][0xb5][0x10]#[0xa3]Vn[0xb][0x97]M[0x8d]H[0x8a][0x9e][0xca][0x9d][0xb4]}[0x85]+[0x1a][0xce]u[0xb1]J[0xc0][0xc6][0xfc][0x14][0xe2][0x1a][0x87]k[0xad]v[0x9c]\}[0x7]U[0xb5]{[0xa9]X[0x9][0xa2][0xa5][0xce][0x8e]Z[0xd9]e[0x96]0[0xf5]8p[0x9f]u[0x5][0xc]|l:[0xa5]Q[\r][0x93]h[0xe9][0xc2][0xa0][0xb7]M[0xa0][0xc6]4O=[0x9c]^[0xb1][0xcd]e[0x93]h[0xa6][0xce][0xe][0xc6]ZkD[0xa9][0x93]B[0xe8][0x10][0xad][0x14][0xe][0xdf]u[0xea][0xb6][0x83][0xaf]9wh[0xc7][0x89][0xb][0x16][0x8c]DU[0x6]`[0x96]&[0x9f]Q[0xd7][0x95][0xb9][0x81][0xe8]b[0xaa][0x9a][0x12]c[0x16]9[0xd6][0x9e][0xb0]zL[0x81]-g7[0xf8]i[0xa7],{([0x0]P[0x1f][0xfe][0x95]b[0x8][0xc6][0x1f][0xbb][0xce][0x4]e6[0xd3][0xa7][0xb5]3[0xc1][0x82]7[0x9a][0xb4]| h[0x96][0x16][0xcd][0x98][0xc1][0x93][0xb9]H[0xe5][0x98]m[0xa0][0xc7][0x8a][0x9a][0xde][0xbe][0xc6][0xe8]D[0x1a][0xf1][0x83]+[0xc0]sO.[0xb6][0x83][0x9b][0xa8][0x8][0xe7][0xb1][0xb0][0x12]E[0xdf][0xaa][0xd8]b[0xbc][0xbe][0x9a][0xda][0xda]O&[0xca][0x1a][0xaa]U[0xd1]S[0xfc]b[0xf][0xb1]o[0x1f][0x9b]T[0xc3][0xad][0xb1][0xaf]+~[0x99][0xf0][0x1d][0x93]5[0xa3]/[0x88][0xcd][0x81](.[0x1e]]$[0xdc]jK1[0xcc][0x86][0xfb][0xd5][0x0][0xa6]m[0xc5][0xe7]z![0x1b][0x11][0xfe][0xd6]![0xd2][0x1c][0x83][0xac][0xfc][0x15][0xcd]]V5([0x87]mL[0x11][0xa0][0x8e][0xf9][0xc9][0xc]y$[0x19]x[0xcf][0xa3]&[0x9b][0xe]"
22:17:10.085 [main] DEBUG org.apache.http.wire -  << "nr[0xf9][0x8d][0xdd][0x6][0x8c]E[0xe2][0xbe][0xb5]&[0xe7][0xae]oq[0xa0][0xd9][0xef]F[0x81]@B[0xb1]qe6[0xab][0xec][0x85][0xac][0xa7][0x92][0xf9][0xbd][0x91]L[0x7]([0xf][0xc7][0xbc]3lc[0xeb][0xf] [0xd1]-[0xfe][0x1d][0x9],[0xe8]![0xb4][0x81]z[0xcd][0xc1][0x80][0xbd][0xbb][0xbb][0xdc][0x9e][0xf3][0xbe][0xe3]h5[0xdd][0x93]Mq[0x6][[0xa2]c[0xaa][0xa8]Y[0x98][0xa2][0x1c][0xa7]U>ym[0xcc]#[0xb9][0x3]W:L9[0xfb][0x97]3[0xd5][0xad][0x90]:[0xec]i[0x1e][0xde]g[0x1a][0xe9]n[0x87][0x9d][0x93])[0xa5][0x2]rjY[0xa7][0xc][0xb2][0xc2][0xaa]0j[0xcd][0x1b][0xea][0x92][0xcb][0x3]u5[0xdd]EiX![0x85]3[0xc8][0x84][0x1d][0xab]B[0x81][0xa4][0xf1][0xa6][0x9]dT1[0xac][0x87]I[0xa4]s[0x92][0xe8][0xa0][0xa5][0x1b]v[0xda][0x94][0xbc][0x8b]j[0xeb]F,#S30[0x90][0xce][0xb5]8[0x96][0x9e]7[0xb0][0x84][0x18]Y[0xbb][0xa2]\[0xe8][0xea]Q[0x1f][0x81][0xbf][0xb4][0xcb][0xfa]3w[0x9][0x1][0x8c][0xfb][0xfc][0xa0][0xd2][0x4]"[TeYH[0xad][0xb5][0xe7][0xc6]#7i[0xeb][0xcb][0x82][0x98]mru[0xdc]9I[0x97][\n]"
22:17:10.085 [main] DEBUG org.apache.http.wire -  << "[0xf0][0xe5][0xeb]A[0x98]V[0xc2][0xfd][0xe1][0x6][0xab][0xf7][0xc][0xb3]s[0x4][0xb9][0xc5][0xfc][0x96][0xcf][0xb4][0xcf][0xd7].[0x9f][0xb9]*&[0x89]5[0x90]7[0x5]U[0x93][0xe3]tjO[0x1f][0xdb]3J[0x16][0x4][0xb1][0x1c]'[0xd2][0xf0]a[0xd1][0x9d][0xc]P[0x3]:[0xbb]l6[0xb3][0xfb][0x1c][0xa5][0xb4][0xcb][0xed][0x80]j[0x93][0xb9]^ab[0x88][0xa9][0xfc][0xef][0x19][0xa7][0x4]z[0xf9]S[0xfc](w[0xfd]M[0xb9][0xaf]]&[0x89][0xb5]Nf[0xc4][0x86]i[0x96]R[0xc6][0x8a]@[0xd0][0x19][0x9d][0xe5][0xe2][0x0][0x9c]n[0x8e][0xce][0xbd][0xb2][0xee]:[0x95][0x92]w6[0xc2][0x86]_[0x9c]=[0xba][0xb][0xcc][0xa0][0xd5]I[0xa9]t[0x0]6[0x97]t[0xab]e[0xb7][0x92][v[0x95][0x1d][0x1f]D[0xb6](e^[0xd7]&}R[0x1][0x7][0xa9]P[0x80][0xd7] [0x82]&[0xfe][0xaa][0xd4]U[0xe4]HH[0x8e][0xe7]<[0xfd][0xeb][0xe4]b<&[0x1d][0xc][0xb0]*[0x89][0x89][0x13]G^[0xd6][0xbe][0xda]uw[0x98][0xd5][0xb6][0x8d][0x9f][0xce]/[0x87][0x1][0xc9][0xc5]I[0x9e][0x17]u[0xf7][0xd6][0x98]s[0xa9][0xf0][0xa8][0x97][0xc3][0xb1][0xaf][0xd5][0xd7]v[0xa7][0x9a][0x14][0xed][0xfc]wG$[0xe8]D[0xe7][0x5]1>#[0xec]_rmM[0x13]|[[0xab][0xff][0xfe][0xb9][\r][0xad]\:[0xbc]+[0x99][0xaa][0xb8]7[0xf5]}[0x89][\r]L[0x15][0x84][0xc3]!S[0xb][0x83]q6K[0x82][0x17][0x6][0x0]K[0x80][0xcc][0xf2][0xe9]7`B[0xa0][0x12][0xa2][0x18][0xa0]9q)E[0x17][0xd0]eVS[0xb7][0x16]E[0xb1][0x1d]?f[0xe7]t[0xe8][0xed][0xc0][0xaf][0x8a]\v[0xc3]7[\r][\r][0xaf][0xc2]^[0x1c][0xdb][0x83][0xf7][0xdc][0xc3][0xd9][0xb7]mU[0xd7][0xb1][0xb5][0xe8][0xa8][0xa7][0x5]n[0xcb][0x93][0x84]6[0xae]n[0xfd][0x9f]:[0x8f][0xdc]d[0x11][\n]"
22:17:10.085 [main] DEBUG org.apache.http.wire -  << ""[0xbb][0xf6][0xd3][0x83][0xa1]([0x10][0xb]([0xc1]k[0xd3][0x9d]B[0xdd]l[0xf5][0xad][0xcf]QWtN[0x88][0xbf]w[0xf0][0xb7]),[0xe8][0xb0]4C[0xee]Cbp_8[0xd7]c[RI|[c[0xbf][0xc5][0xef][0x5][0x9][0xb0][0xa3]~[0xb5][0xa7][0x2]*bt[0x9][0x99]([0xa2][0x93][0xf3][0x89]>|[0xf0][0xdc]@[0xfe]hVxt[0xd8]A[0xd3][0xbc]R[0xf3]`!{[0x91]NO[0x82][0xb1][0xc9][0xf4][0xa7][0x14][0x8d]![0xed]fJ[0xdc]Z[0xe6]r[0x95][0xc6]WT[0x15][0xd5][0xeb]pII[0xa0][0xdd][0xfb]9-[0xb6][0xe9][0x10][0xd6][0xd2][0xc4][0x91][0x93][0xab][0xee]p[0xa9]8/[0xb6][0xc8][0x1d]t[0xb7][0xf1][0xbb]YG[0xd5]:[0xc0][0x0]0[0x95]O[0x1e][0x88][0x1d]M[0xeb]n[0xc9][0xbb]t[0xe0][0x19][0xb0]I[0xcb]dYj[0xcc][0xef][0x93][0xa6][0xd5][0xab][0x9e][0x9d]`[0x7][0xbc][0x8]f[0x8][0x92]l[0x1][0xed][0x95][0xf2][\r][0xef][0x6][0xf3][0xf2][0xc8]k[0x7][0xd2][0xca][0xa8]C[0xac][0xed][0xdc][0xa4][0xab][0xed][0xac][0xfa][0x99][0xe0]"'n[0x1a][0xfa][0x11][0xcc]<[0xed][0x4]L[0x11][0xd9][0xcd][0xc1][0xc0][0xa3][0xb6][0xb2]qX[0x4][0x95]`[0xe8][0x84][0x0][0xa5][0x12]\[0xca][0xbe][0xa6][0x8f][0x1b][0x93]\[0xa3][\r][0xb7]T[0xad]P[0x80][0x98][0x98]Z[0xae][0xe6][0xa8][0xdb]uyY[0xb9]i[0x85][0xd5][0x83]Oa[0xb9][0xb9][0xf5][0xc7][0x12][0xcd]|[0xaa]IY[0x1a][0x1a][0xdc][0x82][0xdf][0xe1][0x0][0x84]Rp[0xb5][0x1b]_[0x11][0x9d][0xb5]2h[0xcc][0x95][0xdf][0x9f][0x9c]t[0xe4][0xce]1rGks[0x0][0x18]o:.[0xa5]{E[0xe1][0x8e][0x9e][0xdd]b[0xdb][0xe4][0xdd]n[0xae][0xf5][0xf1][0xc]uD'[0xa5][0xd6]a[0xd8][0xdc][0x18]\mtc[0xb0][0xfe][0xc4][0x9c][0xd7][0x8d][0xdd][0x8][0x96][0x9f][0x1f]Fv*}[0x95]H[0xd7][0xf2](<[0x93][0x6]z,[0x99][0x9d][0x98][0x93]d[0x10]mj[0x9][0xe8][0xdb]qk[0xdb][0xee][0xcc][0xb8]h[0x7][0xd4][0x12]l[0x1e][0xcc][0x82][0xaf][0xc2][0xd0][0x85]B[0xba][0xc4]M[0x98]fG[0xaf]<:[0x8e][0xbf]S[0xd5]iE[0xf7][0xec][0xfc].[0xde][0xd6][0xa8]K^[0x8d][0xab]~[0xd1][0x88][0xe3]'[0xc2][0xd8][0xc9][0x17][0x8][0xab][0x8][0x2]jF[0x19][0xd8]W[0x8d][0x5][0xa1]f[0x96]Q[0x5][0xcc][0xe9][0xa6][0x91]^[0x1e][0xb1][0xd2][0xae][0xac][0x83][0xb2];[0xb5]?[0xac][0x9d][0x1c][0x1d][0xfe][0x80][0xde]/[0xb1]u[0x94]3*0[0xa0][0xe2][0xd3][0x1f]\[0x8d]@[0xd5]6[0x9c][0x90][0xd2][0x0][0x99]j[0xf]z[0x1b]3[0xed]f:[0xc9]k[0xb8][0x1e]ym1"[0xbe][0xe]l[0xdc]k[0xaa]P[0xe4][0xd7][0x8a][0xd6][0xf4]s[0xc2][0xea][0xf0][0xad]<[0xb0]I[0xee][0x8c]i[0xd7]t[0xa3][0x9f]1{O[0xad]"[0xe2]q[0xc2]wz[0xe7][0x5]:[0x88][0x2][0xd5][0x85]33[0xfe]q[0x94]>Zo[0xe0][0xe2][0x1f][0xe8]L;[0xd0][0x9e][0x80][0x89][0x9c]u[0x9c][`[0x7]c[0xf7]\{[0xf4]w[0xab]%'[0x6]GT[0x9f][0x85][0xbd]_[0xb4]V_[0x9a]^Z[0xd1]h[0x8d][0xca][0xbe][0xdd][0xcb][0x98](kT[0xd4][0xac][0xac][0xa3]S[0x89]h[0xdc][0xce]]&[0x8e]aS?[0xa5][0xd1]8[0xcc][0xe8][0x7][0xb0]f[0xb4][0x96]FX][0xa1][0xe6][0x93][0xd2][0xf9][0xa3][0xc3][0xa7]:[0xa1][0xcc][0x9d][0xb][0x9f]z[0xde][0x96][0xe6][0xf2]N[0x1d][0x16]=[0xba][0xb4]#[0x8e]>[0x91][0x1b]8[0x16]C_[0xb5][0xb6][0x81][0x8d][0xb9][0xfc]z[0xaf][0x6]E[0xf9][0x17][0xd6][0x80][0x1f][0x5][0xaf][0xdd])[0x18]I[0xff][0xa3][0xe1]-5d[0x81]W[0x8c][0x86][0x6][0xde][0x1a][0x1b]|[0x95][0x9]M[0x1c][0xc]3[0xe5][0xde][0xcd][0xef][0x1b][0xca][0x9f][0x8d][0xa4]:[0x9c]k[0x90][0xf9][0xd1]TNS[0xeb][0xee][0xec]d[0xfc][0xb7][0x83]2[0x9f][0xc3][0xb7][0xd4][0x9a][0x90]O[0xfb]h[0x9b][0x90][0xb8][0xc0]a9[0x8a][0xf7]Ltm[0xe8]Q"
22:17:10.086 [main] DEBUG org.apache.http.wire -  << "f[0xb3][0xc8][0xab]g)[0x6][0xd3]p[0xd8][0xdb][0xb7]4XF[0xca][0xa5][0xae]c[0x8a][0x8d]Rt[0xf0]%n[0xaf]O[0xe]m[0xe5][0xd7]![0xe6]T[0xc7][0x8a][0xd8][0xe6]e[0xb][0xec][0x96][0x4]m[0xfa][0xdf]A[0xc8]Q[0xb][0xb4][0xc6]~[0x8d]9[0xe]T1[0xeb][0x8e][0xac]W[0xf]^[0xd0][\n]"
22:17:10.086 [main] DEBUG org.apache.http.wire -  << "Q[0xaa]rf[0xf][0xd0][0xfa]*[0xd8][0x92][0x97][0xec][0xfd]pR%8A0[0x9b]/[0xd3]2\[0x92][0xa9][0xf8]g[0xdc][0xc2][0xc2]<a[0xf1][0x93][0x92][0xea]p[0xb3][0x1d]d[0x96]BD:[0xb8]D8k=[0xd9][0xf5][0xa8][0xb9]1[0xfc]C:71:H[0x8c][0xcf][0xf5][0xf3]6s[0x19][0xc4]#Q[0x83][0xac][0xd1][0xac][0xc1][0x9]E[0xa3][0x1][0x8c]d[0x1e][0xc7]X[0xd2]([0x96]U{[0xd8][0xfe]`d=[,[0xf5][0x96][0x9e][0x14][0xd5][0x93][0xde]Xp[0xbf][0xe1]*v/[0x1a][0xb8][0xd3]$[0x12][0xf6][0x9b]zq[0xfa][0x86][0xe3][0xac]=:[0xc3]V[0xcc][0xe1]2[0x1][0xe3]-8[0x85][0xad][0xd5][0xc7][0xee][0xbc][0x17]}W[0x85]d18[0xcc][0xc9][0xc8][0x15]Z[0x96]Z[0x11][0x12][0xa2]x[0x85][0x83]Z[0xe1][0xf4][0xe0][0x18][0x9b][0x10][0x8b][0xd5][0x1][0x8d][0xf0][0xcb][0x6](3[0x8e]_[0xf][0xa7]H[0xdb][0xe9][0xe6]|[0xfc][0x94][0xd1][0x96][0x8a]}[0xf2][0x9c][0x97]4[0xa1]$[0xbb]1c7[0xe6]T[0x3]0[0xdc]u[0xb5][0xc3][0xcb][0x8a][0x1e]a[0x99]F[0x8b]-[0x84][0xe7]N[0x19][0x8c]p'~L=[0xde]Iiux8[0x1d][0xbb]*/[0xaf][0xa7][0xf6],}[0x96]e[0x80][0xd2]BKC[0xa4]/h;mk[0xbb][0xf9]L[0xad]8[0x10].O[0xea][0xe3][0xf0][0x95]![0x8d][0xc1][0xb4]GE+[0x19][0x16][0xe1]Y[0x9e][0xd1][0x84]J[0x97][0x92]O[0xfc][0xbe][0xae]7[0xb5][0xf2][0xe8]Q[0xb4][0x2]][0xef][0x1][0xf6][0x83][0xa3][0x8e]N[0xad][0xa9][0x8d][0xa3][0xf5][0x8][0xc7]![0xc3]:[0xd6][0xda][0x1a][0xc7][0xae][0x2][0xd9][0x9e][0x7][0xe4][0x15]DQ[\r][0x19]e[0x92][0xac][0xfe]U[0xdf]B[0xbb][0x9c][0xe][0xe7][0xba]k[0xd3]B[0x16]f[0x8][0xfa][0xde][0xd9][0xe][0xce][0x83]1[0xca][0xd5]C[0xb][0x13]B[0xf0]HS5[0xa8][0x16][0xa1][0x83][0xbc][0xe1][0xa8]-S[0x1][0xce]^[0x80][0x1b][0xfd][0x1c][0x89][0x93][0x8b][0xe9]0-,F[0x1b][0xd9]V?[\n]"
22:17:10.086 [main] DEBUG org.apache.http.wire -  << "U[0xa7][0xfa][0xf4]@[0x97][0x83][0xf3]!B[0xce]i[0xaa][0x11][0xa1]4[0xb3]1[0x18]G[0xe1][0xdc]7[0xb8]n[0x9f]-n[0xc3]([0xb8]k[0xf][0xa5][0xe][0xee]=Jf?[0x87][0x98][0x83][0x93][0xb8][0xe3][0xe8][0x95][0xb2][0x9c][0xdf][0xd7]?[0xfb]S[0x12][0xae][0xd9][0xff] [0x1f]iO[0xf0]=j<[0x2][0x82][0xc4]G[0xf4]E[0x91][0xb1][0x8]l[0xe0][0xf6][0x1d]s[0x8d])[0x8]#Wi[0xcf][0xbc][0xaa][0xb9][0xed][0xdb][0xfc][0x9a][0x9e][0x19] [0xa5][0x14][0xdc]<Q([0x9][0xd0][0x86]3[0xb][0x7][0xfc][0xfc]h[0xdd][0x1f][0x1a]A[0xf4]'smz[0x8e]:[0xeb][0xd5]q[0xfa][0x92]8[0x5][0xfb][0xeb][0x2][0xaa][0x3]r[0xf2][0xb8][0xc0]%s[0x83][0xd1][0xe4][0x1b][0xbd][0x98][0xfb][0x11][0x1c]9$[0xb1][0xac][0xe8][0xb8]S[0x92][0xa2][0xc1]X[0xe9]k[0xf3][0x1][0xde][0xde]S[0xfd]Yg[0x97][0xdc]AJ[0x9f][0x9c][0xfd][0xcc][0xe7]7==[0x1e]c[0xdb][0x8d]s[0xa1]i![0xf7]W[0x8d]~[0xd8][0xbc][0x1e][\r][0x92]~)]m[0xdc][0x8f][\n]"
22:17:10.086 [main] DEBUG org.apache.http.wire -  << "c[0xdf][0x1d][0x96][0x99][0x8f]~3[0xac]Z[0xc5]V@25[0xad][0xb1]g[0x17][0xdc]!C;[0xbc][\n]"
22:17:10.086 [main] DEBUG org.apache.http.wire -  << "J[0x15]h[0xe2][0xf8]$[0xf1]<[0xbb]c>[0xab][0xe5]dE[0x0]6][0x12]x[0xb6]?[0xb4]R[0x2]rB/[0xea]b[0x80][0xba][0x9d][0x12]Y[0xf4]P[0x1d][0xcd][0xe3][0x17][0xeb][0xc9][0xf2]k][0xef][0x9a][0x1][0xdb][0xef][0xfd][0xe9][0x86]V([0x1d][0x6][0xd4][0xbc]zg[0xa9]z[0x86][0xe0]q[0xa9]*u9D[0x93][0x93][0xb9][0x1]i;[0xdf][0x9a][0xa3][0xfc][0xfc]"[0x87][0x8b][0x92][0xd1][0x6]f[0xd1]&[0x98]t[0xee][0x5][0xc2][0x97][0x94]3bL[0xa2][0xe9][0xb1][0x11][0xf3]Q[0xb6]Zj[0xd9][0xf0][0xea][0xae]E[0xaf][0x9b][0x8b]vR9:[0xd8][0x0]NN[0x95][0x11][0xce]KB[0xc4][0xd5][0xb3][0xbd][0xfe]p[0x88]G[0x9b][0x87]j[0xd6][0x1a][0xdb][0x95][0xff][0xa6][0xc7].[0xb3][0xa4][0xf4][0xcb][0x10]HT[0xa5]$Q[0xb1][0xe1]OP[0xeb][0xde][0x83][0xcc][0xf5][0x1f]h[0xe0][0xfb][0x93]2[0x8a]bJ[0xa7]"R[0xa4][0xd1]6[0x88]8,"[0x86][0xe1][0xcf][0xca][0xec][0xa0]yU[0x8f]m[0x91][0x95][0xd9][0xc9][0xe9][0xc2][0xbd][0xb5]3E[0x96]D[0xd9][0xa9][0xf9][0xfd]|[0x89][0x9f][0xcd][0x97][0xfc][\r][\n]"
22:17:10.086 [main] DEBUG org.apache.http.wire -  << "[0xde][0x8c] [0x94]uI[0x1a][0x8b][0xbe]f[0xa7]Hd[0xe6][0xc6][0x93][m[0xb4][0xb4][0xea]'[0xde][0xb][0xe4]RCjz[0xf2][0xf9][0xf2][0xf]|[0xb4]B8<[0xb0][0xcb][0xca][0xed][w[0xac]n[0xce][0x1f][0x8e]N[0xed][0xe2][0xb7]J:[0xa2]F[0xe5][0xed][0xe9][0xea][0x8d][0xa2]H[0xb5][0xeb][0x94][0x16][0xde]H#P[0x8a][0x18][0xf1]wK[0xf0][0x89]4[0xbf][0xb3][0xf9][0xd1][0xd4]z*T d[0xaf]([0xed][0xff]>[0xc4]n[0xf0][0xe4]~[0x94][0x8c]A[0xe4][0xb][0xa2][0xdc]Yav[0xa8]3q[0x4]-([0xa9][0x9d][0xed][0xe5][0xb1][0x8e]O[0xf7][0x11][0x8b][0xf5][0x9c][0xe9]_?[0xb1])[0x94]8[0xca][0xc0][0xd9]![0x92][0xfc][0x86][0xdc][0xda][0x98][0xa3]<[0xc1][0xaf]Ij:[0xe1][0xde][0x8f]]?[0xed]d:[0x1c][0x9a]S[0x9c]q[0xb5]3[0xff]L[0xb][0xfd][0xd5]|[0xb0][0xf2][0xb0][0xf4]-[0xcc][0x99]U[0x7][0x9b][0x83]@[0xc5]9`J[0x80][0xf]q[0xb4]n[0xf1][0x84]H[0x2]M[0xd5]H+1[0x6][0x81][0x0][0xde][0xf4]([0xeb][0x9f]%9[0xb7][0xda][0x1f][0xe8][0xb1][0xe6][0xaa][0xa3][0xc2][0x89][0x1c])[0xfe][0xd7]ut[0x9c][0xa3]K(2[0xd1][0xa4]-RC[0xfb][0x87]k[0xb0][0xa9]z[0xa6]a[0xf4]?H[0xe8][0xb4][0x5][0x88],[0x18]U[0x2][0x9d][0xf3][0xf6][0xc2][0xbf]G=*[0xc5][0x1f][0xf1]2[0xa9]7[0xc0][0x80][0x92][0xdc][0xd2][0xbc][0xc3][0xbf][0xfe][0xfb][0xff][0x1]:=[0x9c][0xeb][0x80]k[0x0][0x0]"
22:17:10.086 [main] DEBUG org.apache.http.wire -  << "[\r][\n]"
22:17:10.086 [main] DEBUG org.apache.http.wire -  << "0[\r][\n]"
22:17:10.086 [main] DEBUG org.apache.http.wire -  << "[\r][\n]"
22:17:10.087 [main] DEBUG io.restassured.internal.RestAssuredHttpBuilder - Parsed data to instance of: class org.apache.http.conn.EofSensorInputStream
22:17:10.125 [main] DEBUG org.apache.http.impl.conn.BasicClientConnectionManager - Releasing connection org.apache.http.impl.conn.ManagedClientConnectionImpl@4a58e0e9
22:17:10.126 [main] DEBUG org.apache.http.impl.conn.BasicClientConnectionManager - Connection can be kept alive indefinitely
22:17:10.170 [main] DEBUG net.thucydides.core.steps.StepInterceptor - STEP DONE: I send a GET HTTP request
  &amp#27;[32mWhen &amp#27;[0m&amp#27;[32mI send a GET HTTP request&amp#27;[0m                            &amp#27;[90m# starter.stepDefinition.UserSteps.sendGetHTTPRequest()&amp#27;[0m
22:17:10.174 [main] DEBUG net.thucydides.core.steps.StepInterceptor - STARTING STEP: UserSteps.validHTTPresponse200 - I receive valid HTTP response code 200
22:17:10.196 [main] DEBUG net.thucydides.core.steps.StepInterceptor - STEP DONE: I receive valid HTTP response code 200
  &amp#27;[32mThen &amp#27;[0m&amp#27;[32mI receive valid HTTP response code 200&amp#27;[0m               &amp#27;[90m# starter.stepDefinition.UserSteps.validHTTPresponse200()&amp#27;[0m
22:17:10.199 [main] DEBUG net.thucydides.core.steps.StepInterceptor - STARTING STEP: UserSteps.validData - I receive response valid data for a list of all posts
22:17:10.720 [main] DEBUG net.thucydides.core.steps.StepInterceptor - STEP DONE: I receive response valid data for a list of all posts
  &amp#27;[32mAnd &amp#27;[0m&amp#27;[32mI receive response valid data for a list of all posts&amp#27;[0m &amp#27;[90m# starter.stepDefinition.UserSteps.validData()&amp#27;[0m
22:17:10.724 [main] INFO  - 
  _____   ___   ___   _____     ___     _     ___   ___   ___   ___  
 |_   _| | __| / __| |_   _|   | _ \   /_\   / __| / __| | __| |   \ 
   | |   | _|  \__ \   | |     |  _/  / _ \  \__ \ \__ \ | _|  | |) |
   |_|   |___| |___/   |_|     |_|   /_/ \_\ |___/ |___/ |___| |___/ 

[Positive] - Verify user GET all posts
----------------------------------------------------------------------
]]></system-out>
  </testcase>
  <testcase name="[Negative] - Verify user GET all posts with wrong endpoint" classname="API Testing on" time="0.772">
    <system-out><![CDATA[
Scenario: [Negative] - Verify user GET all posts with wrong endpoint &amp#27;[90m# src/test/resources/api/user.feature:12&amp#27;[0m
22:17:10.745 [main] INFO io.cucumber.core.plugin.SerenityReporter - Running feature from file:///Users/wiyanherraherviana/Alterra/Task_RESTfulAPI/src/test/resources/api/user.feature
22:17:10.745 [main] WARN io.cucumber.core.plugin.SerenityReporter - Feature from file:///Users/wiyanherraherviana/Alterra/Task_RESTfulAPI/src/test/resources/api/user.feature is not under the 'features' directory. Requirements report will not be correctly generated!
22:17:10.749 [main] INFO  - 
  _____   ___   ___   _____     ___   _____     _     ___   _____   ___   ___  
 |_   _| | __| / __| |_   _|   / __| |_   _|   /_\   | _ \ |_   _| | __| |   \ 
   | |   | _|  \__ \   | |     \__ \   | |    / _ \  |   /   | |   | _|  | |) |
   |_|   |___| |___/   |_|     |___/   |_|   /_/ \_\ |_|_\   |_|   |___| |___/ 

[Negative] - Verify user GET all posts with wrong endpoint(api-testing-on;[negative]---verify-user-get-all-posts-with-wrong-endpoint)
--------------------------------------------------------------------------------
22:17:10.804 [main] DEBUG net.thucydides.core.steps.StepInterceptor - STARTING STEP: UserSteps.setGetInvalidEndpoint - I set GET endpoint to an invalid endpoint
22:17:10.804 [main] DEBUG net.thucydides.core.steps.StepInterceptor - STEP DONE: I set GET endpoint to an invalid endpoint
  &amp#27;[32mGiven &amp#27;[0m&amp#27;[32mI set GET endpoint to an invalid endpoint&amp#27;[0m                    &amp#27;[90m# starter.stepDefinition.UserSteps.setGetInvalidEndpoint()&amp#27;[0m
22:17:10.810 [main] DEBUG net.thucydides.core.steps.StepInterceptor - STARTING STEP: UserSteps.getHTTPRequest - I send an HTTP GET request
22:17:10.812 [main] DEBUG net.thucydides.core.steps.StepInterceptor - STARTING STEP: Get.getHTTPRequest - I set GET endpoint to an invalid endpoint
22:17:10.813 [main] DEBUG net.thucydides.core.steps.StepInterceptor - STEP DONE: I set GET endpoint to an invalid endpoint
22:17:10.833 [main] DEBUG org.apache.http.impl.conn.BasicClientConnectionManager - Get connection for route {s}->https://jsonplaceholder.typicode.com:443
22:17:10.833 [main] DEBUG org.apache.http.impl.conn.DefaultClientConnectionOperator - Connecting to jsonplaceholder.typicode.com:443
22:17:10.918 [main] DEBUG org.apache.http.client.protocol.RequestAddCookies - CookieSpec selected: ignoreCookies
22:17:10.918 [main] DEBUG org.apache.http.client.protocol.RequestAuthCache - Auth cache not set in the context
22:17:10.918 [main] DEBUG org.apache.http.client.protocol.RequestTargetAuthentication - Target auth state: UNCHALLENGED
22:17:10.918 [main] DEBUG org.apache.http.client.protocol.RequestProxyAuthentication - Proxy auth state: UNCHALLENGED
22:17:10.918 [main] DEBUG org.apache.http.impl.client.DefaultHttpClient - Attempt 1 to execute request
22:17:10.919 [main] DEBUG org.apache.http.impl.conn.DefaultClientConnection - Sending request: GET /wrong_endpoint HTTP/1.1
22:17:10.919 [main] DEBUG org.apache.http.wire -  >> "GET /wrong_endpoint HTTP/1.1[\r][\n]"
22:17:10.919 [main] DEBUG org.apache.http.wire -  >> "Accept: */*[\r][\n]"
22:17:10.919 [main] DEBUG org.apache.http.wire -  >> "Host: jsonplaceholder.typicode.com[\r][\n]"
22:17:10.919 [main] DEBUG org.apache.http.wire -  >> "Connection: Keep-Alive[\r][\n]"
22:17:10.919 [main] DEBUG org.apache.http.wire -  >> "User-Agent: Apache-HttpClient/4.5.13 (Java/19.0.2)[\r][\n]"
22:17:10.919 [main] DEBUG org.apache.http.wire -  >> "Accept-Encoding: gzip,deflate[\r][\n]"
22:17:10.919 [main] DEBUG org.apache.http.wire -  >> "[\r][\n]"
22:17:10.919 [main] DEBUG org.apache.http.headers - >> GET /wrong_endpoint HTTP/1.1
22:17:10.919 [main] DEBUG org.apache.http.headers - >> Accept: */*
22:17:10.919 [main] DEBUG org.apache.http.headers - >> Host: jsonplaceholder.typicode.com
22:17:10.919 [main] DEBUG org.apache.http.headers - >> Connection: Keep-Alive
22:17:10.919 [main] DEBUG org.apache.http.headers - >> User-Agent: Apache-HttpClient/4.5.13 (Java/19.0.2)
22:17:10.919 [main] DEBUG org.apache.http.headers - >> Accept-Encoding: gzip,deflate
22:17:11.489 [main] DEBUG org.apache.http.wire -  << "HTTP/1.1 404 Not Found[\r][\n]"
22:17:11.490 [main] DEBUG org.apache.http.wire -  << "Date: Thu, 13 Apr 2023 15:17:11 GMT[\r][\n]"
22:17:11.490 [main] DEBUG org.apache.http.wire -  << "Content-Type: application/json; charset=utf-8[\r][\n]"
22:17:11.490 [main] DEBUG org.apache.http.wire -  << "Content-Length: 2[\r][\n]"
22:17:11.490 [main] DEBUG org.apache.http.wire -  << "Connection: keep-alive[\r][\n]"
22:17:11.490 [main] DEBUG org.apache.http.wire -  << "X-Powered-By: Express[\r][\n]"
22:17:11.490 [main] DEBUG org.apache.http.wire -  << "X-Ratelimit-Limit: 1000[\r][\n]"
22:17:11.490 [main] DEBUG org.apache.http.wire -  << "X-Ratelimit-Remaining: 999[\r][\n]"
22:17:11.490 [main] DEBUG org.apache.http.wire -  << "X-Ratelimit-Reset: 1681399068[\r][\n]"
22:17:11.490 [main] DEBUG org.apache.http.wire -  << "Vary: Origin, Accept-Encoding[\r][\n]"
22:17:11.490 [main] DEBUG org.apache.http.wire -  << "Access-Control-Allow-Credentials: true[\r][\n]"
22:17:11.490 [main] DEBUG org.apache.http.wire -  << "Cache-Control: max-age=43200[\r][\n]"
22:17:11.490 [main] DEBUG org.apache.http.wire -  << "Pragma: no-cache[\r][\n]"
22:17:11.490 [main] DEBUG org.apache.http.wire -  << "Expires: -1[\r][\n]"
22:17:11.490 [main] DEBUG org.apache.http.wire -  << "X-Content-Type-Options: nosniff[\r][\n]"
22:17:11.490 [main] DEBUG org.apache.http.wire -  << "Etag: W/"2-vyGp6PvFo4RvsFtPoIWeCReyIC8"[\r][\n]"
22:17:11.490 [main] DEBUG org.apache.http.wire -  << "Via: 1.1 vegur[\r][\n]"
22:17:11.490 [main] DEBUG org.apache.http.wire -  << "CF-Cache-Status: MISS[\r][\n]"
22:17:11.490 [main] DEBUG org.apache.http.wire -  << "Report-To: {"endpoints":[{"url":"https:\/\/a.nel.cloudflare.com\/report\/v3?s=vDWtS7fZM9qIw3R9TdF86CWhc2rfxpooshEeXWrKn9iclcqyG2MQRQRxVH5YaDp%2BOprJaOG7imzdhSFNItsa3RZYUhHE16vq9d5kq6Vg1YlyjWOhkieAixUEs4ghfTqQMeck%2BHElB2caNFIR82uI"}],"group":"cf-nel","max_age":604800}[\r][\n]"
22:17:11.490 [main] DEBUG org.apache.http.wire -  << "NEL: {"success_fraction":0,"report_to":"cf-nel","max_age":604800}[\r][\n]"
22:17:11.490 [main] DEBUG org.apache.http.wire -  << "Server: cloudflare[\r][\n]"
22:17:11.490 [main] DEBUG org.apache.http.wire -  << "CF-RAY: 7b74aca8c88f880b-SIN[\r][\n]"
22:17:11.490 [main] DEBUG org.apache.http.wire -  << "alt-svc: h3=":443"; ma=86400, h3-29=":443"; ma=86400[\r][\n]"
22:17:11.490 [main] DEBUG org.apache.http.wire -  << "[\r][\n]"
22:17:11.490 [main] DEBUG org.apache.http.impl.conn.DefaultClientConnection - Receiving response: HTTP/1.1 404 Not Found
22:17:11.490 [main] DEBUG org.apache.http.headers - << HTTP/1.1 404 Not Found
22:17:11.490 [main] DEBUG org.apache.http.headers - << Date: Thu, 13 Apr 2023 15:17:11 GMT
22:17:11.490 [main] DEBUG org.apache.http.headers - << Content-Type: application/json; charset=utf-8
22:17:11.490 [main] DEBUG org.apache.http.headers - << Content-Length: 2
22:17:11.490 [main] DEBUG org.apache.http.headers - << Connection: keep-alive
22:17:11.490 [main] DEBUG org.apache.http.headers - << X-Powered-By: Express
22:17:11.490 [main] DEBUG org.apache.http.headers - << X-Ratelimit-Limit: 1000
22:17:11.490 [main] DEBUG org.apache.http.headers - << X-Ratelimit-Remaining: 999
22:17:11.490 [main] DEBUG org.apache.http.headers - << X-Ratelimit-Reset: 1681399068
22:17:11.490 [main] DEBUG org.apache.http.headers - << Vary: Origin, Accept-Encoding
22:17:11.490 [main] DEBUG org.apache.http.headers - << Access-Control-Allow-Credentials: true
22:17:11.490 [main] DEBUG org.apache.http.headers - << Cache-Control: max-age=43200
22:17:11.490 [main] DEBUG org.apache.http.headers - << Pragma: no-cache
22:17:11.490 [main] DEBUG org.apache.http.headers - << Expires: -1
22:17:11.490 [main] DEBUG org.apache.http.headers - << X-Content-Type-Options: nosniff
22:17:11.491 [main] DEBUG org.apache.http.headers - << Etag: W/"2-vyGp6PvFo4RvsFtPoIWeCReyIC8"
22:17:11.491 [main] DEBUG org.apache.http.headers - << Via: 1.1 vegur
22:17:11.491 [main] DEBUG org.apache.http.headers - << CF-Cache-Status: MISS
22:17:11.491 [main] DEBUG org.apache.http.headers - << Report-To: {"endpoints":[{"url":"https:\/\/a.nel.cloudflare.com\/report\/v3?s=vDWtS7fZM9qIw3R9TdF86CWhc2rfxpooshEeXWrKn9iclcqyG2MQRQRxVH5YaDp%2BOprJaOG7imzdhSFNItsa3RZYUhHE16vq9d5kq6Vg1YlyjWOhkieAixUEs4ghfTqQMeck%2BHElB2caNFIR82uI"}],"group":"cf-nel","max_age":604800}
22:17:11.491 [main] DEBUG org.apache.http.headers - << NEL: {"success_fraction":0,"report_to":"cf-nel","max_age":604800}
22:17:11.491 [main] DEBUG org.apache.http.headers - << Server: cloudflare
22:17:11.491 [main] DEBUG org.apache.http.headers - << CF-RAY: 7b74aca8c88f880b-SIN
22:17:11.491 [main] DEBUG org.apache.http.headers - << alt-svc: h3=":443"; ma=86400, h3-29=":443"; ma=86400
22:17:11.491 [main] DEBUG org.apache.http.impl.client.DefaultHttpClient - Connection can be kept alive indefinitely
22:17:11.491 [main] DEBUG io.restassured.internal.RestAssuredHttpBuilder - Parsing response as: application/json; charset=utf-8
22:17:11.491 [main] DEBUG io.restassured.internal.RestAssuredHttpBuilder - Parsed data to instance of: class org.apache.http.conn.EofSensorInputStream
22:17:11.492 [main] DEBUG org.apache.http.wire -  << "{}"
22:17:11.492 [main] DEBUG org.apache.http.impl.conn.BasicClientConnectionManager - Releasing connection org.apache.http.impl.conn.ManagedClientConnectionImpl@1669f4e5
22:17:11.492 [main] DEBUG org.apache.http.impl.conn.BasicClientConnectionManager - Connection can be kept alive indefinitely
22:17:11.493 [main] DEBUG net.thucydides.core.steps.StepInterceptor - STEP DONE: I send an HTTP GET request
  &amp#27;[32mWhen &amp#27;[0m&amp#27;[32mI send an HTTP GET request&amp#27;[0m                                    &amp#27;[90m# starter.stepDefinition.UserSteps.getHTTPRequest()&amp#27;[0m
22:17:11.496 [main] DEBUG net.thucydides.core.steps.StepInterceptor - STARTING STEP: UserSteps.invalidHTTPresponse404 - Then I received HTTP response code 404
22:17:11.497 [main] DEBUG net.thucydides.core.steps.StepInterceptor - STEP DONE: Then I received HTTP response code 404
  &amp#27;[32mThen &amp#27;[0m&amp#27;[32mThen I received HTTP response code 404&amp#27;[0m                        &amp#27;[90m# starter.stepDefinition.UserSteps.invalidHTTPresponse404()&amp#27;[0m
22:17:11.499 [main] DEBUG net.thucydides.core.steps.StepInterceptor - STARTING STEP: UserSteps.invalidData - I should receive an error message 404 Not Found
22:17:11.499 [main] DEBUG net.thucydides.core.steps.StepInterceptor - STEP DONE: I should receive an error message 404 Not Found
  &amp#27;[32mAnd &amp#27;[0m&amp#27;[32mI should receive an error message 404 Not Found&amp#27;[0m                &amp#27;[90m# starter.stepDefinition.UserSteps.invalidData()&amp#27;[0m
22:17:11.501 [main] INFO  - 
  _____   ___   ___   _____     ___     _     ___   ___   ___   ___  
 |_   _| | __| / __| |_   _|   | _ \   /_\   / __| / __| | __| |   \ 
   | |   | _|  \__ \   | |     |  _/  / _ \  \__ \ \__ \ | _|  | |) |
   |_|   |___| |___/   |_|     |_|   /_/ \_\ |___/ |___/ |___| |___/ 

[Negative] - Verify user GET all posts with wrong endpoint
----------------------------------------------------------------------
]]></system-out>
  </testcase>
  <testcase name="[Positive] - Verify user POST new post" classname="API Testing on" time="0.801">
    <system-out><![CDATA[
Scenario: [Positive] - Verify user POST new post   &amp#27;[90m# src/test/resources/api/user.feature:18&amp#27;[0m
22:17:11.512 [main] INFO io.cucumber.core.plugin.SerenityReporter - Running feature from file:///Users/wiyanherraherviana/Alterra/Task_RESTfulAPI/src/test/resources/api/user.feature
22:17:11.512 [main] WARN io.cucumber.core.plugin.SerenityReporter - Feature from file:///Users/wiyanherraherviana/Alterra/Task_RESTfulAPI/src/test/resources/api/user.feature is not under the 'features' directory. Requirements report will not be correctly generated!
22:17:11.514 [main] INFO  - 
  _____   ___   ___   _____     ___   _____     _     ___   _____   ___   ___  
 |_   _| | __| / __| |_   _|   / __| |_   _|   /_\   | _ \ |_   _| | __| |   \ 
   | |   | _|  \__ \   | |     \__ \   | |    / _ \  |   /   | |   | _|  | |) |
   |_|   |___| |___/   |_|     |___/   |_|   /_/ \_\ |_|_\   |_|   |___| |___/ 

[Positive] - Verify user POST new post(api-testing-on;[positive]---verify-user-post-new-post)
--------------------------------------------------------------------------------
22:17:11.536 [main] DEBUG net.thucydides.core.steps.StepInterceptor - STARTING STEP: UserSteps.setPostEndpoint - I set an endpoint for POST new user
22:17:11.537 [main] DEBUG net.thucydides.core.steps.StepInterceptor - STEP DONE: I set an endpoint for POST new user
  &amp#27;[32mGiven &amp#27;[0m&amp#27;[32mI set an endpoint for POST new user&amp#27;[0m        &amp#27;[90m# starter.stepDefinition.UserSteps.setPostEndpoint()&amp#27;[0m
22:17:11.542 [main] DEBUG net.thucydides.core.steps.StepInterceptor - STARTING STEP: UserSteps.reqPostDetailUser - I request POST detail user
22:17:11.560 [main] DEBUG net.thucydides.core.steps.StepInterceptor - STARTING STEP: Post.reqPostDetailUser - I set an endpoint for POST new user
22:17:11.561 [main] DEBUG net.thucydides.core.steps.StepInterceptor - STEP DONE: I set an endpoint for POST new user
22:17:11.592 [main] DEBUG org.apache.http.impl.conn.BasicClientConnectionManager - Get connection for route {s}->https://jsonplaceholder.typicode.com:443
22:17:11.592 [main] DEBUG org.apache.http.impl.conn.DefaultClientConnectionOperator - Connecting to jsonplaceholder.typicode.com:443
22:17:11.656 [main] DEBUG org.apache.http.client.protocol.RequestAddCookies - CookieSpec selected: ignoreCookies
22:17:11.656 [main] DEBUG org.apache.http.client.protocol.RequestAuthCache - Auth cache not set in the context
22:17:11.656 [main] DEBUG org.apache.http.client.protocol.RequestTargetAuthentication - Target auth state: UNCHALLENGED
22:17:11.656 [main] DEBUG org.apache.http.client.protocol.RequestProxyAuthentication - Proxy auth state: UNCHALLENGED
22:17:11.656 [main] DEBUG org.apache.http.impl.client.DefaultHttpClient - Attempt 1 to execute request
22:17:11.656 [main] DEBUG org.apache.http.impl.conn.DefaultClientConnection - Sending request: POST /posts HTTP/1.1
22:17:11.657 [main] DEBUG org.apache.http.wire -  >> "POST /posts HTTP/1.1[\r][\n]"
22:17:11.657 [main] DEBUG org.apache.http.wire -  >> "Accept: */*[\r][\n]"
22:17:11.657 [main] DEBUG org.apache.http.wire -  >> "Content-Type: application/json[\r][\n]"
22:17:11.657 [main] DEBUG org.apache.http.wire -  >> "Content-Length: 58[\r][\n]"
22:17:11.657 [main] DEBUG org.apache.http.wire -  >> "Host: jsonplaceholder.typicode.com[\r][\n]"
22:17:11.657 [main] DEBUG org.apache.http.wire -  >> "Connection: Keep-Alive[\r][\n]"
22:17:11.657 [main] DEBUG org.apache.http.wire -  >> "User-Agent: Apache-HttpClient/4.5.13 (Java/19.0.2)[\r][\n]"
22:17:11.657 [main] DEBUG org.apache.http.wire -  >> "Accept-Encoding: gzip,deflate[\r][\n]"
22:17:11.657 [main] DEBUG org.apache.http.wire -  >> "[\r][\n]"
22:17:11.657 [main] DEBUG org.apache.http.headers - >> POST /posts HTTP/1.1
22:17:11.657 [main] DEBUG org.apache.http.headers - >> Accept: */*
22:17:11.657 [main] DEBUG org.apache.http.headers - >> Content-Type: application/json
22:17:11.657 [main] DEBUG org.apache.http.headers - >> Content-Length: 58
22:17:11.657 [main] DEBUG org.apache.http.headers - >> Host: jsonplaceholder.typicode.com
22:17:11.657 [main] DEBUG org.apache.http.headers - >> Connection: Keep-Alive
22:17:11.657 [main] DEBUG org.apache.http.headers - >> User-Agent: Apache-HttpClient/4.5.13 (Java/19.0.2)
22:17:11.657 [main] DEBUG org.apache.http.headers - >> Accept-Encoding: gzip,deflate
22:17:11.657 [main] DEBUG org.apache.http.wire -  >> "{"id":101,"title":"RESTful API Testing with Rest Assured"}"
22:17:12.262 [main] DEBUG org.apache.http.wire -  << "HTTP/1.1 201 Created[\r][\n]"
22:17:12.262 [main] DEBUG org.apache.http.wire -  << "Date: Thu, 13 Apr 2023 15:17:12 GMT[\r][\n]"
22:17:12.262 [main] DEBUG org.apache.http.wire -  << "Content-Type: application/json; charset=utf-8[\r][\n]"
22:17:12.263 [main] DEBUG org.apache.http.wire -  << "Content-Length: 67[\r][\n]"
22:17:12.263 [main] DEBUG org.apache.http.wire -  << "Connection: keep-alive[\r][\n]"
22:17:12.263 [main] DEBUG org.apache.http.wire -  << "X-Powered-By: Express[\r][\n]"
22:17:12.263 [main] DEBUG org.apache.http.wire -  << "X-Ratelimit-Limit: 1000[\r][\n]"
22:17:12.263 [main] DEBUG org.apache.http.wire -  << "X-Ratelimit-Remaining: 998[\r][\n]"
22:17:12.263 [main] DEBUG org.apache.http.wire -  << "X-Ratelimit-Reset: 1681399068[\r][\n]"
22:17:12.263 [main] DEBUG org.apache.http.wire -  << "Vary: Origin, X-HTTP-Method-Override, Accept-Encoding[\r][\n]"
22:17:12.263 [main] DEBUG org.apache.http.wire -  << "Access-Control-Allow-Credentials: true[\r][\n]"
22:17:12.263 [main] DEBUG org.apache.http.wire -  << "Cache-Control: no-cache[\r][\n]"
22:17:12.263 [main] DEBUG org.apache.http.wire -  << "Pragma: no-cache[\r][\n]"
22:17:12.263 [main] DEBUG org.apache.http.wire -  << "Expires: -1[\r][\n]"
22:17:12.263 [main] DEBUG org.apache.http.wire -  << "Access-Control-Expose-Headers: Location[\r][\n]"
22:17:12.263 [main] DEBUG org.apache.http.wire -  << "Location: http://jsonplaceholder.typicode.com/posts/101[\r][\n]"
22:17:12.263 [main] DEBUG org.apache.http.wire -  << "X-Content-Type-Options: nosniff[\r][\n]"
22:17:12.263 [main] DEBUG org.apache.http.wire -  << "Etag: W/"43-JeVcVdzFaetbEnCA97XfIy/hx1k"[\r][\n]"
22:17:12.264 [main] DEBUG org.apache.http.wire -  << "Via: 1.1 vegur[\r][\n]"
22:17:12.264 [main] DEBUG org.apache.http.wire -  << "CF-Cache-Status: DYNAMIC[\r][\n]"
22:17:12.264 [main] DEBUG org.apache.http.wire -  << "Report-To: {"endpoints":[{"url":"https:\/\/a.nel.cloudflare.com\/report\/v3?s=5KKLytFAOovA3XBoxIlIGKowsRhwjoaDk50b%2B4Vr4UHOH0zVqxbIJaYnSbfofEMSHR6Nn93aOhZsyGpaf6526d1aNdl0HHKWYWut%2BLX1FTxx1Nm5PJQ78sxO7FqnvBfHGixoVJJ%2FReNynzrJ%2FKRv"}],"group":"cf-nel","max_age":604800}[\r][\n]"
22:17:12.264 [main] DEBUG org.apache.http.wire -  << "NEL: {"success_fraction":0,"report_to":"cf-nel","max_age":604800}[\r][\n]"
22:17:12.264 [main] DEBUG org.apache.http.wire -  << "Server: cloudflare[\r][\n]"
22:17:12.264 [main] DEBUG org.apache.http.wire -  << "CF-RAY: 7b74acad5df86beb-SIN[\r][\n]"
22:17:12.264 [main] DEBUG org.apache.http.wire -  << "alt-svc: h3=":443"; ma=86400, h3-29=":443"; ma=86400[\r][\n]"
22:17:12.264 [main] DEBUG org.apache.http.wire -  << "[\r][\n]"
22:17:12.264 [main] DEBUG org.apache.http.impl.conn.DefaultClientConnection - Receiving response: HTTP/1.1 201 Created
22:17:12.264 [main] DEBUG org.apache.http.headers - << HTTP/1.1 201 Created
22:17:12.264 [main] DEBUG org.apache.http.headers - << Date: Thu, 13 Apr 2023 15:17:12 GMT
22:17:12.264 [main] DEBUG org.apache.http.headers - << Content-Type: application/json; charset=utf-8
22:17:12.264 [main] DEBUG org.apache.http.headers - << Content-Length: 67
22:17:12.264 [main] DEBUG org.apache.http.headers - << Connection: keep-alive
22:17:12.264 [main] DEBUG org.apache.http.headers - << X-Powered-By: Express
22:17:12.264 [main] DEBUG org.apache.http.headers - << X-Ratelimit-Limit: 1000
22:17:12.265 [main] DEBUG org.apache.http.headers - << X-Ratelimit-Remaining: 998
22:17:12.265 [main] DEBUG org.apache.http.headers - << X-Ratelimit-Reset: 1681399068
22:17:12.265 [main] DEBUG org.apache.http.headers - << Vary: Origin, X-HTTP-Method-Override, Accept-Encoding
22:17:12.265 [main] DEBUG org.apache.http.headers - << Access-Control-Allow-Credentials: true
22:17:12.265 [main] DEBUG org.apache.http.headers - << Cache-Control: no-cache
22:17:12.265 [main] DEBUG org.apache.http.headers - << Pragma: no-cache
22:17:12.265 [main] DEBUG org.apache.http.headers - << Expires: -1
22:17:12.265 [main] DEBUG org.apache.http.headers - << Access-Control-Expose-Headers: Location
22:17:12.265 [main] DEBUG org.apache.http.headers - << Location: http://jsonplaceholder.typicode.com/posts/101
22:17:12.265 [main] DEBUG org.apache.http.headers - << X-Content-Type-Options: nosniff
22:17:12.265 [main] DEBUG org.apache.http.headers - << Etag: W/"43-JeVcVdzFaetbEnCA97XfIy/hx1k"
22:17:12.265 [main] DEBUG org.apache.http.headers - << Via: 1.1 vegur
22:17:12.265 [main] DEBUG org.apache.http.headers - << CF-Cache-Status: DYNAMIC
22:17:12.265 [main] DEBUG org.apache.http.headers - << Report-To: {"endpoints":[{"url":"https:\/\/a.nel.cloudflare.com\/report\/v3?s=5KKLytFAOovA3XBoxIlIGKowsRhwjoaDk50b%2B4Vr4UHOH0zVqxbIJaYnSbfofEMSHR6Nn93aOhZsyGpaf6526d1aNdl0HHKWYWut%2BLX1FTxx1Nm5PJQ78sxO7FqnvBfHGixoVJJ%2FReNynzrJ%2FKRv"}],"group":"cf-nel","max_age":604800}
22:17:12.265 [main] DEBUG org.apache.http.headers - << NEL: {"success_fraction":0,"report_to":"cf-nel","max_age":604800}
22:17:12.265 [main] DEBUG org.apache.http.headers - << Server: cloudflare
22:17:12.265 [main] DEBUG org.apache.http.headers - << CF-RAY: 7b74acad5df86beb-SIN
22:17:12.265 [main] DEBUG org.apache.http.headers - << alt-svc: h3=":443"; ma=86400, h3-29=":443"; ma=86400
22:17:12.265 [main] DEBUG org.apache.http.impl.client.DefaultHttpClient - Connection can be kept alive indefinitely
22:17:12.266 [main] DEBUG io.restassured.internal.RestAssuredHttpBuilder - Parsing response as: application/json; charset=utf-8
22:17:12.266 [main] DEBUG io.restassured.internal.RestAssuredHttpBuilder - Parsed data to instance of: class org.apache.http.conn.EofSensorInputStream
22:17:12.270 [main] DEBUG org.apache.http.wire -  << "{[\n]"
22:17:12.270 [main] DEBUG org.apache.http.wire -  << "  "id": 101,[\n]"
22:17:12.270 [main] DEBUG org.apache.http.wire -  << "  "title": "RESTful API Testing with Rest Assured"[\n]"
22:17:12.270 [main] DEBUG org.apache.http.wire -  << "}"
22:17:12.270 [main] DEBUG org.apache.http.impl.conn.BasicClientConnectionManager - Releasing connection org.apache.http.impl.conn.ManagedClientConnectionImpl@1bbef3c7
22:17:12.270 [main] DEBUG org.apache.http.impl.conn.BasicClientConnectionManager - Connection can be kept alive indefinitely
22:17:12.271 [main] DEBUG net.thucydides.core.steps.StepInterceptor - STEP DONE: I request POST detail user
  &amp#27;[32mWhen &amp#27;[0m&amp#27;[32mI request POST detail user&amp#27;[0m                  &amp#27;[90m# starter.stepDefinition.UserSteps.reqPostDetailUser()&amp#27;[0m
22:17:12.276 [main] DEBUG net.thucydides.core.steps.StepInterceptor - STARTING STEP: UserSteps.validHTTPresponse201 - I receive valid HTTP response code 201
22:17:12.277 [main] DEBUG net.thucydides.core.steps.StepInterceptor - STEP DONE: I receive valid HTTP response code 201
  &amp#27;[32mThen &amp#27;[0m&amp#27;[32mI receive valid HTTP response code 201&amp#27;[0m      &amp#27;[90m# starter.stepDefinition.UserSteps.validHTTPresponse201()&amp#27;[0m
22:17:12.281 [main] DEBUG net.thucydides.core.steps.StepInterceptor - STARTING STEP: UserSteps.validateDataDetailAfterCreateUser - I validate the data detail after create user
22:17:12.301 [main] DEBUG net.thucydides.core.steps.StepInterceptor - STEP DONE: I validate the data detail after create user
  &amp#27;[32mAnd &amp#27;[0m&amp#27;[32mI validate the data detail after create user&amp#27;[0m &amp#27;[90m# starter.stepDefinition.UserSteps.validateDataDetailAfterCreateUser()&amp#27;[0m
22:17:12.302 [main] INFO  - 
  _____   ___   ___   _____     ___     _     ___   ___   ___   ___  
 |_   _| | __| / __| |_   _|   | _ \   /_\   / __| / __| | __| |   \ 
   | |   | _|  \__ \   | |     |  _/  / _ \  \__ \ \__ \ | _|  | |) |
   |_|   |___| |___/   |_|     |_|   /_/ \_\ |___/ |___/ |___| |___/ 

[Positive] - Verify user POST new post
----------------------------------------------------------------------
]]></system-out>
  </testcase>
  <testcase name="[Negative] - Verify user POST new post with missing data" classname="API Testing on" time="0.823">
    <system-out><![CDATA[
Scenario: [Negative] - Verify user POST new post with missing data   &amp#27;[90m# src/test/resources/api/user.feature:24&amp#27;[0m
22:17:12.311 [main] INFO io.cucumber.core.plugin.SerenityReporter - Running feature from file:///Users/wiyanherraherviana/Alterra/Task_RESTfulAPI/src/test/resources/api/user.feature
22:17:12.311 [main] WARN io.cucumber.core.plugin.SerenityReporter - Feature from file:///Users/wiyanherraherviana/Alterra/Task_RESTfulAPI/src/test/resources/api/user.feature is not under the 'features' directory. Requirements report will not be correctly generated!
22:17:12.314 [main] INFO  - 
  _____   ___   ___   _____     ___   _____     _     ___   _____   ___   ___  
 |_   _| | __| / __| |_   _|   / __| |_   _|   /_\   | _ \ |_   _| | __| |   \ 
   | |   | _|  \__ \   | |     \__ \   | |    / _ \  |   /   | |   | _|  | |) |
   |_|   |___| |___/   |_|     |___/   |_|   /_/ \_\ |_|_\   |_|   |___| |___/ 

[Negative] - Verify user POST new post with missing data(api-testing-on;[negative]---verify-user-post-new-post-with-missing-data)
--------------------------------------------------------------------------------
22:17:12.327 [main] DEBUG net.thucydides.core.steps.StepInterceptor - STARTING STEP: UserSteps.setPostEndpoint - I set an endpoint for POST new user
22:17:12.328 [main] DEBUG net.thucydides.core.steps.StepInterceptor - STEP DONE: I set an endpoint for POST new user
  &amp#27;[32mGiven &amp#27;[0m&amp#27;[32mI set an endpoint for POST new user&amp#27;[0m                          &amp#27;[90m# starter.stepDefinition.UserSteps.setPostEndpoint()&amp#27;[0m
22:17:12.331 [main] DEBUG net.thucydides.core.steps.StepInterceptor - STARTING STEP: UserSteps.reqPostDetailUserWithMissingData - I request POST detail user with missing data
22:17:12.333 [main] DEBUG net.thucydides.core.steps.StepInterceptor - STARTING STEP: Post.reqPostDetailUserWithMissingData - I set a endpoint for POST new user
22:17:12.333 [main] DEBUG net.thucydides.core.steps.StepInterceptor - STEP DONE: I set a endpoint for POST new user
22:17:12.350 [main] DEBUG org.apache.http.impl.conn.BasicClientConnectionManager - Get connection for route {s}->https://jsonplaceholder.typicode.com:443
22:17:12.351 [main] DEBUG org.apache.http.impl.conn.DefaultClientConnectionOperator - Connecting to jsonplaceholder.typicode.com:443
22:17:12.414 [main] DEBUG org.apache.http.client.protocol.RequestAddCookies - CookieSpec selected: ignoreCookies
22:17:12.415 [main] DEBUG org.apache.http.client.protocol.RequestAuthCache - Auth cache not set in the context
22:17:12.415 [main] DEBUG org.apache.http.client.protocol.RequestTargetAuthentication - Target auth state: UNCHALLENGED
22:17:12.415 [main] DEBUG org.apache.http.client.protocol.RequestProxyAuthentication - Proxy auth state: UNCHALLENGED
22:17:12.415 [main] DEBUG org.apache.http.impl.client.DefaultHttpClient - Attempt 1 to execute request
22:17:12.415 [main] DEBUG org.apache.http.impl.conn.DefaultClientConnection - Sending request: POST /post HTTP/1.1
22:17:12.415 [main] DEBUG org.apache.http.wire -  >> "POST /post HTTP/1.1[\r][\n]"
22:17:12.415 [main] DEBUG org.apache.http.wire -  >> "Accept: */*[\r][\n]"
22:17:12.415 [main] DEBUG org.apache.http.wire -  >> "Content-Type: application/json[\r][\n]"
22:17:12.415 [main] DEBUG org.apache.http.wire -  >> "Content-Length: 10[\r][\n]"
22:17:12.415 [main] DEBUG org.apache.http.wire -  >> "Host: jsonplaceholder.typicode.com[\r][\n]"
22:17:12.415 [main] DEBUG org.apache.http.wire -  >> "Connection: Keep-Alive[\r][\n]"
22:17:12.415 [main] DEBUG org.apache.http.wire -  >> "User-Agent: Apache-HttpClient/4.5.13 (Java/19.0.2)[\r][\n]"
22:17:12.415 [main] DEBUG org.apache.http.wire -  >> "Accept-Encoding: gzip,deflate[\r][\n]"
22:17:12.415 [main] DEBUG org.apache.http.wire -  >> "[\r][\n]"
22:17:12.415 [main] DEBUG org.apache.http.headers - >> POST /post HTTP/1.1
22:17:12.415 [main] DEBUG org.apache.http.headers - >> Accept: */*
22:17:12.415 [main] DEBUG org.apache.http.headers - >> Content-Type: application/json
22:17:12.415 [main] DEBUG org.apache.http.headers - >> Content-Length: 10
22:17:12.415 [main] DEBUG org.apache.http.headers - >> Host: jsonplaceholder.typicode.com
22:17:12.415 [main] DEBUG org.apache.http.headers - >> Connection: Keep-Alive
22:17:12.415 [main] DEBUG org.apache.http.headers - >> User-Agent: Apache-HttpClient/4.5.13 (Java/19.0.2)
22:17:12.415 [main] DEBUG org.apache.http.headers - >> Accept-Encoding: gzip,deflate
22:17:12.415 [main] DEBUG org.apache.http.wire -  >> "{"id":101}"
22:17:13.096 [main] DEBUG org.apache.http.wire -  << "HTTP/1.1 404 Not Found[\r][\n]"
22:17:13.096 [main] DEBUG org.apache.http.wire -  << "Date: Thu, 13 Apr 2023 15:17:13 GMT[\r][\n]"
22:17:13.096 [main] DEBUG org.apache.http.wire -  << "Content-Type: application/json; charset=utf-8[\r][\n]"
22:17:13.096 [main] DEBUG org.apache.http.wire -  << "Content-Length: 2[\r][\n]"
22:17:13.096 [main] DEBUG org.apache.http.wire -  << "Connection: keep-alive[\r][\n]"
22:17:13.096 [main] DEBUG org.apache.http.wire -  << "X-Powered-By: Express[\r][\n]"
22:17:13.097 [main] DEBUG org.apache.http.wire -  << "X-Ratelimit-Limit: 1000[\r][\n]"
22:17:13.097 [main] DEBUG org.apache.http.wire -  << "X-Ratelimit-Remaining: 997[\r][\n]"
22:17:13.097 [main] DEBUG org.apache.http.wire -  << "X-Ratelimit-Reset: 1681399068[\r][\n]"
22:17:13.097 [main] DEBUG org.apache.http.wire -  << "Vary: Origin, X-HTTP-Method-Override, Accept-Encoding[\r][\n]"
22:17:13.097 [main] DEBUG org.apache.http.wire -  << "Access-Control-Allow-Credentials: true[\r][\n]"
22:17:13.097 [main] DEBUG org.apache.http.wire -  << "Cache-Control: no-cache[\r][\n]"
22:17:13.097 [main] DEBUG org.apache.http.wire -  << "Pragma: no-cache[\r][\n]"
22:17:13.098 [main] DEBUG org.apache.http.wire -  << "Expires: -1[\r][\n]"
22:17:13.098 [main] DEBUG org.apache.http.wire -  << "X-Content-Type-Options: nosniff[\r][\n]"
22:17:13.098 [main] DEBUG org.apache.http.wire -  << "Etag: W/"2-vyGp6PvFo4RvsFtPoIWeCReyIC8"[\r][\n]"
22:17:13.098 [main] DEBUG org.apache.http.wire -  << "Via: 1.1 vegur[\r][\n]"
22:17:13.098 [main] DEBUG org.apache.http.wire -  << "CF-Cache-Status: DYNAMIC[\r][\n]"
22:17:13.098 [main] DEBUG org.apache.http.wire -  << "Report-To: {"endpoints":[{"url":"https:\/\/a.nel.cloudflare.com\/report\/v3?s=GdGp1AmslyXcD%2BREXbYdOLAv28sxh%2FLO%2Bl4dLleS%2Fq5%2FhPPNntrx1j3mC%2FBTNwoC%2BjNrNbtHikM0%2B6V%2FWnDQxHl4gPVtq4j1FjRNFVuKMA5%2BIO17wuXk87GyE%2FeNd5LYJD3SNCt3JMBVfLqu5gI5"}],"group":"cf-nel","max_age":604800}[\r][\n]"
22:17:13.098 [main] DEBUG org.apache.http.wire -  << "NEL: {"success_fraction":0,"report_to":"cf-nel","max_age":604800}[\r][\n]"
22:17:13.098 [main] DEBUG org.apache.http.wire -  << "Server: cloudflare[\r][\n]"
22:17:13.098 [main] DEBUG org.apache.http.wire -  << "CF-RAY: 7b74acb21b1c4c6b-SIN[\r][\n]"
22:17:13.098 [main] DEBUG org.apache.http.wire -  << "alt-svc: h3=":443"; ma=86400, h3-29=":443"; ma=86400[\r][\n]"
22:17:13.098 [main] DEBUG org.apache.http.wire -  << "[\r][\n]"
22:17:13.098 [main] DEBUG org.apache.http.impl.conn.DefaultClientConnection - Receiving response: HTTP/1.1 404 Not Found
22:17:13.098 [main] DEBUG org.apache.http.headers - << HTTP/1.1 404 Not Found
22:17:13.099 [main] DEBUG org.apache.http.headers - << Date: Thu, 13 Apr 2023 15:17:13 GMT
22:17:13.099 [main] DEBUG org.apache.http.headers - << Content-Type: application/json; charset=utf-8
22:17:13.099 [main] DEBUG org.apache.http.headers - << Content-Length: 2
22:17:13.099 [main] DEBUG org.apache.http.headers - << Connection: keep-alive
22:17:13.099 [main] DEBUG org.apache.http.headers - << X-Powered-By: Express
22:17:13.099 [main] DEBUG org.apache.http.headers - << X-Ratelimit-Limit: 1000
22:17:13.099 [main] DEBUG org.apache.http.headers - << X-Ratelimit-Remaining: 997
22:17:13.099 [main] DEBUG org.apache.http.headers - << X-Ratelimit-Reset: 1681399068
22:17:13.099 [main] DEBUG org.apache.http.headers - << Vary: Origin, X-HTTP-Method-Override, Accept-Encoding
22:17:13.099 [main] DEBUG org.apache.http.headers - << Access-Control-Allow-Credentials: true
22:17:13.099 [main] DEBUG org.apache.http.headers - << Cache-Control: no-cache
22:17:13.099 [main] DEBUG org.apache.http.headers - << Pragma: no-cache
22:17:13.099 [main] DEBUG org.apache.http.headers - << Expires: -1
22:17:13.099 [main] DEBUG org.apache.http.headers - << X-Content-Type-Options: nosniff
22:17:13.099 [main] DEBUG org.apache.http.headers - << Etag: W/"2-vyGp6PvFo4RvsFtPoIWeCReyIC8"
22:17:13.099 [main] DEBUG org.apache.http.headers - << Via: 1.1 vegur
22:17:13.099 [main] DEBUG org.apache.http.headers - << CF-Cache-Status: DYNAMIC
22:17:13.099 [main] DEBUG org.apache.http.headers - << Report-To: {"endpoints":[{"url":"https:\/\/a.nel.cloudflare.com\/report\/v3?s=GdGp1AmslyXcD%2BREXbYdOLAv28sxh%2FLO%2Bl4dLleS%2Fq5%2FhPPNntrx1j3mC%2FBTNwoC%2BjNrNbtHikM0%2B6V%2FWnDQxHl4gPVtq4j1FjRNFVuKMA5%2BIO17wuXk87GyE%2FeNd5LYJD3SNCt3JMBVfLqu5gI5"}],"group":"cf-nel","max_age":604800}
22:17:13.099 [main] DEBUG org.apache.http.headers - << NEL: {"success_fraction":0,"report_to":"cf-nel","max_age":604800}
22:17:13.099 [main] DEBUG org.apache.http.headers - << Server: cloudflare
22:17:13.099 [main] DEBUG org.apache.http.headers - << CF-RAY: 7b74acb21b1c4c6b-SIN
22:17:13.099 [main] DEBUG org.apache.http.headers - << alt-svc: h3=":443"; ma=86400, h3-29=":443"; ma=86400
22:17:13.099 [main] DEBUG org.apache.http.impl.client.DefaultHttpClient - Connection can be kept alive indefinitely
22:17:13.100 [main] DEBUG io.restassured.internal.RestAssuredHttpBuilder - Parsing response as: application/json; charset=utf-8
22:17:13.100 [main] DEBUG io.restassured.internal.RestAssuredHttpBuilder - Parsed data to instance of: class org.apache.http.conn.EofSensorInputStream
22:17:13.103 [main] DEBUG org.apache.http.wire -  << "{}"
22:17:13.103 [main] DEBUG org.apache.http.impl.conn.BasicClientConnectionManager - Releasing connection org.apache.http.impl.conn.ManagedClientConnectionImpl@73d7d676
22:17:13.103 [main] DEBUG org.apache.http.impl.conn.BasicClientConnectionManager - Connection can be kept alive indefinitely
22:17:13.104 [main] DEBUG net.thucydides.core.steps.StepInterceptor - STEP DONE: I request POST detail user with missing data
  &amp#27;[32mWhen &amp#27;[0m&amp#27;[32mI request POST detail user with missing data&amp#27;[0m                  &amp#27;[90m# starter.stepDefinition.UserSteps.reqPostDetailUserWithMissingData()&amp#27;[0m
22:17:13.109 [main] DEBUG net.thucydides.core.steps.StepInterceptor - STARTING STEP: UserSteps.invalidHTTPCoderesponse404 - I receive invalid HTTP response code 404
22:17:13.110 [main] DEBUG net.thucydides.core.steps.StepInterceptor - STEP DONE: I receive invalid HTTP response code 404
  &amp#27;[32mThen &amp#27;[0m&amp#27;[32mI receive invalid HTTP response code 404&amp#27;[0m                      &amp#27;[90m# starter.stepDefinition.UserSteps.invalidHTTPCoderesponse404()&amp#27;[0m
22:17:13.113 [main] DEBUG net.thucydides.core.steps.StepInterceptor - STARTING STEP: UserSteps.invalidInputDetailUser - I receive an error message Invalid input: missing field 'body'
22:17:13.124 [main] DEBUG net.thucydides.core.steps.StepInterceptor - STEP DONE: I receive an error message Invalid input: missing field 'body'
  &amp#27;[32mAnd &amp#27;[0m&amp#27;[32mI receive an error message Invalid input: missing field 'body'&amp#27;[0m &amp#27;[90m# starter.stepDefinition.UserSteps.invalidInputDetailUser()&amp#27;[0m
22:17:13.126 [main] INFO  - 
  _____   ___   ___   _____     ___     _     ___   ___   ___   ___  
 |_   _| | __| / __| |_   _|   | _ \   /_\   / __| / __| | __| |   \ 
   | |   | _|  \__ \   | |     |  _/  / _ \  \__ \ \__ \ | _|  | |) |
   |_|   |___| |___/   |_|     |_|   /_/ \_\ |___/ |___/ |___| |___/ 

[Negative] - Verify user POST new post with missing data
----------------------------------------------------------------------
]]></system-out>
  </testcase>
  <testcase name="[Positive] - Verify user GET post by ID" classname="API Testing on" time="0.436">
    <system-out><![CDATA[
Scenario: [Positive] - Verify user GET post by ID                &amp#27;[90m# src/test/resources/api/user.feature:30&amp#27;[0m
22:17:13.136 [main] INFO io.cucumber.core.plugin.SerenityReporter - Running feature from file:///Users/wiyanherraherviana/Alterra/Task_RESTfulAPI/src/test/resources/api/user.feature
22:17:13.136 [main] WARN io.cucumber.core.plugin.SerenityReporter - Feature from file:///Users/wiyanherraherviana/Alterra/Task_RESTfulAPI/src/test/resources/api/user.feature is not under the 'features' directory. Requirements report will not be correctly generated!
22:17:13.138 [main] INFO  - 
  _____   ___   ___   _____     ___   _____     _     ___   _____   ___   ___  
 |_   _| | __| / __| |_   _|   / __| |_   _|   /_\   | _ \ |_   _| | __| |   \ 
   | |   | _|  \__ \   | |     \__ \   | |    / _ \  |   /   | |   | _|  | |) |
   |_|   |___| |___/   |_|     |___/   |_|   /_/ \_\ |_|_\   |_|   |___| |___/ 

[Positive] - Verify user GET post by ID(api-testing-on;[positive]---verify-user-get-post-by-id)
--------------------------------------------------------------------------------
22:17:13.149 [main] DEBUG net.thucydides.core.steps.StepInterceptor - STARTING STEP: UserSteps.setEndpointForPostWithID - I set the GET endpoint URL to post with ID
22:17:13.149 [main] DEBUG net.thucydides.core.steps.StepInterceptor - STEP DONE: I set the GET endpoint URL to post with ID
  &amp#27;[32mGiven &amp#27;[0m&amp#27;[32mI set the GET endpoint URL to post with ID&amp#27;[0m               &amp#27;[90m# starter.stepDefinition.UserSteps.setEndpointForPostWithID()&amp#27;[0m
22:17:13.153 [main] DEBUG net.thucydides.core.steps.StepInterceptor - STARTING STEP: UserSteps.getToRequestID - I send a GET HTTP request to endpoint URL to post with ID
22:17:13.155 [main] DEBUG net.thucydides.core.steps.StepInterceptor - STARTING STEP: Get.getToRequestID - I set the GET endpoint URL to post with ID
22:17:13.156 [main] DEBUG net.thucydides.core.steps.StepInterceptor - STEP DONE: I set the GET endpoint URL to post with ID
22:17:13.169 [main] DEBUG org.apache.http.impl.conn.BasicClientConnectionManager - Get connection for route {s}->https://jsonplaceholder.typicode.com:443
22:17:13.169 [main] DEBUG org.apache.http.impl.conn.DefaultClientConnectionOperator - Connecting to jsonplaceholder.typicode.com:443
22:17:13.235 [main] DEBUG org.apache.http.client.protocol.RequestAddCookies - CookieSpec selected: ignoreCookies
22:17:13.235 [main] DEBUG org.apache.http.client.protocol.RequestAuthCache - Auth cache not set in the context
22:17:13.235 [main] DEBUG org.apache.http.client.protocol.RequestTargetAuthentication - Target auth state: UNCHALLENGED
22:17:13.235 [main] DEBUG org.apache.http.client.protocol.RequestProxyAuthentication - Proxy auth state: UNCHALLENGED
22:17:13.235 [main] DEBUG org.apache.http.impl.client.DefaultHttpClient - Attempt 1 to execute request
22:17:13.235 [main] DEBUG org.apache.http.impl.conn.DefaultClientConnection - Sending request: GET /posts/ HTTP/1.1
22:17:13.235 [main] DEBUG org.apache.http.wire -  >> "GET /posts/ HTTP/1.1[\r][\n]"
22:17:13.235 [main] DEBUG org.apache.http.wire -  >> "Accept: */*[\r][\n]"
22:17:13.235 [main] DEBUG org.apache.http.wire -  >> "Host: jsonplaceholder.typicode.com[\r][\n]"
22:17:13.235 [main] DEBUG org.apache.http.wire -  >> "Connection: Keep-Alive[\r][\n]"
22:17:13.235 [main] DEBUG org.apache.http.wire -  >> "User-Agent: Apache-HttpClient/4.5.13 (Java/19.0.2)[\r][\n]"
22:17:13.235 [main] DEBUG org.apache.http.wire -  >> "Accept-Encoding: gzip,deflate[\r][\n]"
22:17:13.235 [main] DEBUG org.apache.http.wire -  >> "[\r][\n]"
22:17:13.235 [main] DEBUG org.apache.http.headers - >> GET /posts/ HTTP/1.1
22:17:13.235 [main] DEBUG org.apache.http.headers - >> Accept: */*
22:17:13.235 [main] DEBUG org.apache.http.headers - >> Host: jsonplaceholder.typicode.com
22:17:13.235 [main] DEBUG org.apache.http.headers - >> Connection: Keep-Alive
22:17:13.235 [main] DEBUG org.apache.http.headers - >> User-Agent: Apache-HttpClient/4.5.13 (Java/19.0.2)
22:17:13.236 [main] DEBUG org.apache.http.headers - >> Accept-Encoding: gzip,deflate
22:17:13.271 [main] DEBUG org.apache.http.wire -  << "HTTP/1.1 200 OK[\r][\n]"
22:17:13.271 [main] DEBUG org.apache.http.wire -  << "Date: Thu, 13 Apr 2023 15:17:13 GMT[\r][\n]"
22:17:13.271 [main] DEBUG org.apache.http.wire -  << "Content-Type: application/json; charset=utf-8[\r][\n]"
22:17:13.271 [main] DEBUG org.apache.http.wire -  << "Transfer-Encoding: chunked[\r][\n]"
22:17:13.271 [main] DEBUG org.apache.http.wire -  << "Connection: keep-alive[\r][\n]"
22:17:13.271 [main] DEBUG org.apache.http.wire -  << "X-Powered-By: Express[\r][\n]"
22:17:13.271 [main] DEBUG org.apache.http.wire -  << "X-Ratelimit-Limit: 1000[\r][\n]"
22:17:13.271 [main] DEBUG org.apache.http.wire -  << "X-Ratelimit-Remaining: 999[\r][\n]"
22:17:13.271 [main] DEBUG org.apache.http.wire -  << "X-Ratelimit-Reset: 1681198796[\r][\n]"
22:17:13.271 [main] DEBUG org.apache.http.wire -  << "Vary: Origin, Accept-Encoding[\r][\n]"
22:17:13.271 [main] DEBUG org.apache.http.wire -  << "Access-Control-Allow-Credentials: true[\r][\n]"
22:17:13.271 [main] DEBUG org.apache.http.wire -  << "Cache-Control: max-age=43200[\r][\n]"
22:17:13.271 [main] DEBUG org.apache.http.wire -  << "Pragma: no-cache[\r][\n]"
22:17:13.271 [main] DEBUG org.apache.http.wire -  << "Expires: -1[\r][\n]"
22:17:13.271 [main] DEBUG org.apache.http.wire -  << "X-Content-Type-Options: nosniff[\r][\n]"
22:17:13.271 [main] DEBUG org.apache.http.wire -  << "Etag: W/"6b80-Ybsq/K6GwwqrYkAsFxqDXGC7DoM"[\r][\n]"
22:17:13.271 [main] DEBUG org.apache.http.wire -  << "Content-Encoding: gzip[\r][\n]"
22:17:13.272 [main] DEBUG org.apache.http.wire -  << "Via: 1.1 vegur[\r][\n]"
22:17:13.272 [main] DEBUG org.apache.http.wire -  << "CF-Cache-Status: HIT[\r][\n]"
22:17:13.272 [main] DEBUG org.apache.http.wire -  << "Age: 1251[\r][\n]"
22:17:13.272 [main] DEBUG org.apache.http.wire -  << "Report-To: {"endpoints":[{"url":"https:\/\/a.nel.cloudflare.com\/report\/v3?s=OyYvT5LWecbKk2KuL2zisohhiqrTSlkyjyjTisEQvHEKGsTdlfcMu2ChuNTesI0a0RKU52LQqfrHEAN8eknc89PPKS3LtHORuCUT6XWtsjnA%2FPnAwZVe9B%2BJD%2FikeeVM4siAEX5FlfenBj1zExE3"}],"group":"cf-nel","max_age":604800}[\r][\n]"
22:17:13.272 [main] DEBUG org.apache.http.wire -  << "NEL: {"success_fraction":0,"report_to":"cf-nel","max_age":604800}[\r][\n]"
22:17:13.272 [main] DEBUG org.apache.http.wire -  << "Server: cloudflare[\r][\n]"
22:17:13.272 [main] DEBUG org.apache.http.wire -  << "CF-RAY: 7b74acb73ae587f0-SIN[\r][\n]"
22:17:13.272 [main] DEBUG org.apache.http.wire -  << "alt-svc: h3=":443"; ma=86400, h3-29=":443"; ma=86400[\r][\n]"
22:17:13.272 [main] DEBUG org.apache.http.wire -  << "[\r][\n]"
22:17:13.272 [main] DEBUG org.apache.http.impl.conn.DefaultClientConnection - Receiving response: HTTP/1.1 200 OK
22:17:13.272 [main] DEBUG org.apache.http.headers - << HTTP/1.1 200 OK
22:17:13.272 [main] DEBUG org.apache.http.headers - << Date: Thu, 13 Apr 2023 15:17:13 GMT
22:17:13.272 [main] DEBUG org.apache.http.headers - << Content-Type: application/json; charset=utf-8
22:17:13.272 [main] DEBUG org.apache.http.headers - << Transfer-Encoding: chunked
22:17:13.272 [main] DEBUG org.apache.http.headers - << Connection: keep-alive
22:17:13.272 [main] DEBUG org.apache.http.headers - << X-Powered-By: Express
22:17:13.272 [main] DEBUG org.apache.http.headers - << X-Ratelimit-Limit: 1000
22:17:13.272 [main] DEBUG org.apache.http.headers - << X-Ratelimit-Remaining: 999
22:17:13.272 [main] DEBUG org.apache.http.headers - << X-Ratelimit-Reset: 1681198796
22:17:13.272 [main] DEBUG org.apache.http.headers - << Vary: Origin, Accept-Encoding
22:17:13.272 [main] DEBUG org.apache.http.headers - << Access-Control-Allow-Credentials: true
22:17:13.272 [main] DEBUG org.apache.http.headers - << Cache-Control: max-age=43200
22:17:13.272 [main] DEBUG org.apache.http.headers - << Pragma: no-cache
22:17:13.272 [main] DEBUG org.apache.http.headers - << Expires: -1
22:17:13.272 [main] DEBUG org.apache.http.headers - << X-Content-Type-Options: nosniff
22:17:13.272 [main] DEBUG org.apache.http.headers - << Etag: W/"6b80-Ybsq/K6GwwqrYkAsFxqDXGC7DoM"
22:17:13.272 [main] DEBUG org.apache.http.headers - << Content-Encoding: gzip
22:17:13.272 [main] DEBUG org.apache.http.headers - << Via: 1.1 vegur
22:17:13.272 [main] DEBUG org.apache.http.headers - << CF-Cache-Status: HIT
22:17:13.272 [main] DEBUG org.apache.http.headers - << Age: 1251
22:17:13.272 [main] DEBUG org.apache.http.headers - << Report-To: {"endpoints":[{"url":"https:\/\/a.nel.cloudflare.com\/report\/v3?s=OyYvT5LWecbKk2KuL2zisohhiqrTSlkyjyjTisEQvHEKGsTdlfcMu2ChuNTesI0a0RKU52LQqfrHEAN8eknc89PPKS3LtHORuCUT6XWtsjnA%2FPnAwZVe9B%2BJD%2FikeeVM4siAEX5FlfenBj1zExE3"}],"group":"cf-nel","max_age":604800}
22:17:13.272 [main] DEBUG org.apache.http.headers - << NEL: {"success_fraction":0,"report_to":"cf-nel","max_age":604800}
22:17:13.272 [main] DEBUG org.apache.http.headers - << Server: cloudflare
22:17:13.272 [main] DEBUG org.apache.http.headers - << CF-RAY: 7b74acb73ae587f0-SIN
22:17:13.272 [main] DEBUG org.apache.http.headers - << alt-svc: h3=":443"; ma=86400, h3-29=":443"; ma=86400
22:17:13.272 [main] DEBUG org.apache.http.impl.client.DefaultHttpClient - Connection can be kept alive indefinitely
22:17:13.272 [main] DEBUG io.restassured.internal.RestAssuredHttpBuilder - Parsing response as: application/json; charset=utf-8
22:17:13.272 [main] DEBUG org.apache.http.wire -  << "1b9a[\r][\n]"
22:17:13.272 [main] DEBUG org.apache.http.wire -  << "[0x1f][0x8b][0x8][0x0][0x0][0x0][0x0][0x0][0x0][0x3][0x8d]]I[0x8e][0xe4][0xc8][0x8e][0xdd][0xff]S[0x8][0xb9][0xfe][0x8b][0x9a][0x87][0xbe]A[0x9f][0xa1][0xa3][0x17][0x16][0xee][0x96]U[0x2][0xdc][0xa5]([0x97][0x94][0x88]F[0xa3][0xef][0xde]$[0x1f]'[0x93][0xc9]=[0x5]d[0x15]b[0x90]K2[0x1a][0x87][0xc7]G[0xd2][0xe2][0xbf][0xfe]5[0xc][0xff]K[0xff][\r][0xc3][0x97]m[0xa9][0x8f][0xff][0xbc]~[0xf9][0x8f][0xe1][0xc7][0xe3][0x7]c[0xfe]f[0x1d][0xd7][[0xa5][0xef][0xbf],[0xdb][0xb4][0xe]e[[0x87][0xaf][0xe5]R[0x1f]ux[0xd4][0x8f]z[0xbb][0x95]u[0xf8]x[0xcc][0xdf][0xc6]k[0xa5][0xdf][0xce][0x97]K[0xa9][0x97][0xb2][0x8e]C[0xfd][0xbc][0xd4][0x8f]u{[0x8c][0xc3][0xfc][0xb1][0x8e]3_[0xfc][0xa8][0xd7][0xe9]Z[0x1f][0xe3][0xfa]Eo[0xfd]>_[0xff][0x87][0xef][0xfc][0xcf]6[0x96][0xa1][0xae][0xc3][0xb2]-[0x97][0xf1]c\[0xdf]&[0xfb][0x8a]>w[0xd9][0x96]2]K[0x1d].[0xf3][0xb4][0xd4]6z[0x8b][0xed]A[0xf7][0xff][0xa8][0xd7]q[0x95][0x8f]][0xb6][0xfb][0xdb][0xd4]<`[0xb8][0xcf][0xb7][0xba][0xac]#}[0x8a][0xde][0x97][0xfe][0xfd][0xb3][0x95]eX[0xe7][0xb5][0xd0][0x95][0xd3][0xbc][0xac][0x8f][0xed]N[0xb7][0xe6][0xff][0xd3]e[0xbc][0xa8]z[0x1f]d}[0xf][0xfa][0xa2]~[0xab][0xd3]H[0xf7]-[0x8f][0xcb][0xdf][0xe3]Z/[0xeb][0xfc][0x85][0xde][0xf7][0xff][0xfe][0xfd]=[0x89][0xfd][0xb4][0x97][0x18][0xad]K[0xee]_[0x97][0xa5][0xee][0xd7][0xcc]?[0xc7][0x1b][0xd0][0xb3]?f[0x92][0xe7]7ZN}[0x93]5[0x8e][0xc3]2[0xd2][0xcb]L[0xe3][0xdf][0xe3][0xad][0x15][0xdd]p[0x9d]o[0xf3]cx[0xaf][0x85].[0x1e]j[0xc1][0xf7]u[0x19]&[0xfa][0x18]}[0xfa][0xeb][0xf6][0xd7]H[[0xf2]~#[0x99][0x8d][0xeb]8.[0xc3][0xb7][0xf9][0xb6]}[0xac]e[0xad][0x3]=[0xe5]1[0xf][0xdf][0xea]Mo[0xdc][0x8][0xe9]Q[0xc7][0xcb]H[0xf][0x19][0x97][0xb7][0x89]"
22:17:13.273 [main] DEBUG org.apache.http.wire -  << "_[0xa0]|[0xd0][0xe3][0xca]}[0x98][0xe6]i[0xb8][0xd6]w[0xba][0xd7]B7X[0x96][0xf1][0xbe]-[0x3]_ [0xf][0xa4];-[0xf4][0xe5]FzpNF?[0xef]eDK[0xb0][0xf7]Xd[0x9b]Xw[0xea][0xe3]B[0xc2] [0xbd][0x99][0xea]=[0xf4][0x8c][0x9f]:~,[0x85][0x84]#{[0xd6][0x89]t[0x1d][0xc6]mY[0xe7]a[0xa9]W[0xba]x[0xa6][0xef][0x1e]$[0x12][0x17][0xc0]=[0xe9][0xe7]|[0xa7]7[0x1f][0xea]m[0xfc][0x8b][0xd7],j][0xae][0xcd][0xb5]"[0xd8][0xf1][0x9d]V[0xcb][0x12]+[0x17][0xd1][0xc3]u[0xa4][\r][0xa3][0xf7] Y[0x14][0x12][0xf]i[0xe2][0xdb][0x14]b[0x84][0x80]+[0xbd][0xc4]0_I[0xe9][0xe9][0x85]n[0xe5][0x9d][0xf7][0x96][0xbe][0xa2][0xbb][0xe8]k[0x9f][0x12][0xd4]/[0x9d][0xa0]XYW[0xd1]'_[0xc6]^[0x2][0xbc][0xf]r[0xd5]RHhiO[0x87][0xb4][0xb0]r%[0xcb]"[0xf3]"U[0xe3][0x17][0xba]W3[0x80][0xb2],[0xdb][0x9d]./[0xc9][0xa2][0xa1][0xa2][0x97][0xed][0xf6]QD/[0x96][0xe1][0xef][0xf1]B[0xa6]x[0xbf][0xd3][\n]"
22:17:13.273 [main] DEBUG org.apache.http.wire -  << "I[0x7][0xe8]>f6k[0x9d]*[0x9b]&4[0xf2][0xce][0xda][0xc1][0xbb]u[0xd7]m[0x90][0xf][0x8b][0x8d][0xa5]w[0xc1][0xed][0xc7][0xdb]m[0x86]|[0xce][0xc9][0xe6][0xd7][0xbd]l[0xfc]=[0xc4][0xce]Y[0xf6]{[0xc9][0x90][0x12]m[0xd7][0x11][0x8e][0x84][0xcd][0xbb][0xf0]6[0x96][0xfa](+[0xde][0x89]T[0xe6]m*7VBqq0#U4v[0xe][0xa4]R$[0xfa]V[0x9b]D[0x87][0xdc]([0xd8][0xca]}m[0xa2]8[0xbc][0xe4][0xb7]I=L+[0x1f][0x98][0xcf][0xb9][0xe5][0xfe][0xb6]_[0xae]Jx`[0x95][0xb8][0x97][0xbf]&2[0x99]yq[0x8b]eo[0xda])[0x6][0xbd][0xc2]B[0xbf][0x9f]Xei[0xfb][0x1e][0xa4][0xaa][0xbc][0x97][0x85][0xc5][0xf]o[0x0][0xad][0xf6][0x8d][0x17]7$[0xca]M[0xdb]B[0xee]y[0x9a][0xdf][0xe9][0xf7]$![0xfa][0xf1]5\[0xc7][0xdb]Dw]>H[0xcf][\n]"
22:17:13.273 [main] DEBUG org.apache.http.wire -  << "{[0x8]VP[0xba][0xb6][0xde][0xe7][0xa1][0xbc][0xef]<WkBeI[0xb2]t/[0x6]#[0xa9]kV"[0xd6]9i[0xfd][0xbe][0x97][0x16]K[0x88][0xc4]BQk[0xbc][0x8d][0xb][0xf6]s/[0x1f]<n[0xf8][0xb8]Qh[0x83][0xa7][0xa1][0xfd][0xbb][0xb2]-[0x15][0xf1]$[0xea][0x9b]!l[0x91][0x14][0xe9][0x90][0x88][0x1a][0xdf][0xf1]5X[0xf5][0xa6][0xc6]'[\n]"
22:17:13.273 [main] DEBUG org.apache.http.wire -  << "[0xcd][0xee]+B[0xa2][0x4][0xa4][0xb1]p[0x98][0x9b]$<[0xc1][0xe7][0xf3]&[0xd2][0xf3][0xe0][0xbd][0xca]rn[0xb9]<S[0xe]][0x12]k[0x9f][0x98]a[0xb7][0xe4][0x91][0xd6][0xc2][0xaa][0x9b]T[0xc7]>+o[0xc3]Q[0xd5][0x84][0x16][0x2])[0xb4]n[\r]O[0x1e][0xa4]=`[0xb9]-HH6[0x3][0x83][0xd4][0xee]e[0x94]-v1[0xbc]Mp[0xf][0xb4]~[0xf3]'0[\r]S[0xb][0xd6][0xee]Y[0x9d][0xb3]l[0xc0]9[0x89][0xfc][0xf9][0xd4];[0xb0]#R[0xab][0xb5][0x95]"[0xf8][\n]"
22:17:13.273 [main] DEBUG org.apache.http.wire -  << "[0x8c]H[0xfa][0xb9][0x97][0x95]@[0x8f][0xcb]*[0xe6][0xb][0x1][0xb4][0xf7][0xc4][0xdd][0xc8][0xd4]U)[\n]"
22:17:13.273 [main] DEBUG org.apache.http.wire -  << "[0x82][0x9][0xfc][0xc][0x1c][0x8]@[0x88]|[0x7][[0xa2][0xab]WC[0x1f][0xac]?W[0xf9]"[0xc]P[0xa5][0xa0][\n]"
22:17:13.273 [main] DEBUG org.apache.http.wire -  << "[0xeb][0xdf][0x9e][0x93][0xc1][0x8f]?[0xec][0x85][0x0][0x18][0x16][0xa1]v[0xbc][0xe2]Ek[0xbf]ZVf~7[0x83]X[0xb2][0x9][0xb4][0xa3][0xc3][0xfc][0xf5]+[0x1b][0xba][0x4]D[0xd9][0xd4][0xb7])[0xa2]$+A[0xf2][0xb2][0xbc]|[\n]"
22:17:13.273 [main] DEBUG org.apache.http.wire -  << "[0x86][0x82][0xf][0x16][0x86]tt[0xd7]%\/-[0x97][0xf5][0x1c]2[0xbf]K[0x90]}H[0xc8]'[0x5][0xa1] [0xfa]x[0xba][0xcc][0x9f][0x9a]ev [0x15][0xe]H[0x1e]-[0xcb][0xbb][0x95][0xed][0xaa]>[0xe7][0xd8][0xf0][0xeb][0x8d]6[0x96][0x9e][0x9f]be[0x4][0xf4][0xc0][0xb][0xc][0x83][0xee]#moqx[0xc8][0xb][0xce][0xee][0x9e][0xe2][0x87][0xaf]f[0x9c][0xc4]9+L[0x93][0xf5][0xb3][0xd0][0x2]7[0xb9][0xeb][[0xb2][0xfe][0xb][0xc2][0x99].[0xe3][0x95]4[0xeb]mb[0xa7]-[0xca][0xa6][0xbf]>)[0x93][0xe][0x86][0xd2][0xcb][0x84][0xfd][0x1a][0xda][0xa4][0xfb]A[0xfd][0xd4][0x12][0xf6][0x82][0xa1][0xcd][0x90][0x8][0xe][0xb5][0x84][0xf]%g[0xff](u[0xa9][0xe][0x83][0x8a]:|[0xdc][0xc][0xa2]7[0xb5][0xad][0xc][0xe3][0xcb][0x7][0xc9][0x94][0xfc][0xbb]\[0x8b]8#[0x80]#[0x4]+[0xbf][0xa1][0xa7]D\%[0xbf][0xa0]"[0xe0][0xfb][0xc9]+[0x8e][0xb4][0x1d][0xd3][0x85][0x15]Xb[0xfb]99tPSV[0xba][0x89])[0x92]H[0xfc]E=[0xc4]9nb[0x3][0x10][0xc9][0xef][0x85][0xc2][0xa2][0xb8][0x8e][0x17][0xb2][0x9][0xf7]t[0xe2][0xf7][0xfc][0x16]~[0xd3][0xd8][0xd1]9[0xc5]2Z[0xda][0xb2]r&[0xf3]x[0xd0]e[0xe3][0x13][0x80]&[0x0]R[0x90][0x11] [0x1a][0x99][0x1e]o[0x85][0x18][0x8d]#V[0x1][0x96][0xec]!E)%[0xc][0xa5][0xac]L[0xee][0x95][0x92][0xa6][0xc0]t[0xd9][0x87][0x1][0xa8]F~[0xc3][0x11][0x82]q[0x98][0xc4][0x89]s[0xd2][0xed][0xf0]i^[0x80][0xbd][0xa4]8[0x9d][0xbd][0x10][0x9][%[0xcb]2[0xb4][0x8d][0xc9]k[0x0]&Tqr[0xd2]6eL[0x0]#B"Jv'[0xbe][0xcc]o[0x13][0xf6][0xb][0xfb][0xe3][0x9c][\n]"
22:17:13.273 [main] DEBUG org.apache.http.wire -  << "j[0xec][0xdb]#[0xa9][0xa0][0xc0];z[0xce]vv[0xcd][0x1d][0xee][0xc]W@[[0x3][0xcb]b;;[0x0][0x9f][0x9][0x7][0x89]#T[0xa4]!n[0x81][0xf3]U[0xb8][0x16]s[0xb0][0x6][0x87][0xc6][0xbb][0xb8][0xe0][0xec]W[0xd3][0xea][0xc4]"}Ii[0xd3][0x5][0x92][0x98]g{[0x9b]pW[0x87]{[0x8a]m_G[0xd4]v[0xe1][0x1d][0x2]m[0xe3][0x3][0x1][0xb1] [0xdb][0xb][0x5][0xf8][0x9c][0xb5][0x89][0xc6][0x8e]3[0x87][0xfc]#[0x84][0xee]wc[0xb0]&aC[0xcc]P[0x91][0x9][0xed][0x1e][0xed]3CXE[0x11]$C^[0xc8][0xea][0xb8]b[0x8f][0xbc]K[0x83][0xd5]E$H[0x8f][0xe0]d[0x7][0x80]}81[0x6][0xf6]J/[0x8]@V[0xc4]bV[0x1d][0x9a][0xca][0xe0][0x96]_-!Wv[0x7]'[0xc5][0xd8]AS[0xac][0xc0][0xb7][0x90][0xd5]4"tz{G[0x5]][0xca];/[0xd9][0xe3][0x8a][0x92][0x8b]3f[0xa0][0xcf][0xaf]+N$A1[0xbe][0x94][0xf8][0xb3]D([0x8a][0x93]SH[0x1e][0x87][0xa4]{P8[\n]"
22:17:13.273 [main] DEBUG org.apache.http.wire -  << "*@i[0x8][0xfd][0x95][0xc0]\l[0xf2][0x86][0x7][\n]"
22:17:13.273 [main] DEBUG org.apache.http.wire -  << "[0x94]8[0xeb][0x95];[0xbc][0x1a][0xa2][0xe4][0xfc][0x1d]QG[0xe2][0xb7]A[0xb3][0xc0][0xff][0xfb][0xc5][0x87][0xf5]i[0xaa]eN[0x11][0xe6][0x9d]w[0xd4][0xfd][0x87][0x84]UE^[\r]\[0xe1][0x1f]$[0x91]s[0xb8]6[0xde][0xa3]Z[0x0]<[0xb9][0xc6][0xe][0x81]Z[0xca][0xed][0x9][0x86]x[0x1d][0x11]^[\n]"
22:17:13.273 [main] DEBUG org.apache.http.wire -  << "[0x1][0xb4][0x86].[\n]"
22:17:13.273 [main] DEBUG org.apache.http.wire -  << "[0xcb]u[0xa2][0xbc][0x97][0xed]cd8[0xc6]DNdic[0xc4]fM[0x1d]D[0x5][0x18][0xe3]:[0x0]5[0xb][0x81][0xfa]g[0xa9][0x94]U[0x82][0x92][0xbf][0x9e][0x90]&[0x1c]"
22:17:13.274 [main] DEBUG org.apache.http.wire -  << "[0xa1][0x1c][0xfb]-[0xe6][0xb0][0xbe][0x8b]?[0x1b][0x11][0xfc][0xd4][0xe1][0xcf][0x0][0x8a][0xe4][0xad][0xd3][0x2][0xcc][0xea][0xcb][0x11]+[0xd8]r~[0xd7][0xed]"!7[0xd3]P[0xb]@5c[\n]"
22:17:13.274 [main] DEBUG org.apache.http.wire -  << "[0xfa][0xd9][0xc8][0xe9]iM[0xf4]![0x2][0x1d][0xf2][0xc][0xbe][0x88][0xa4]4g[0xac][0xe9][0xae]q[0xc7]9[0xf1][0xee][0xc3]8[0x5][0xaf][0xd7][0xb]%[0xf7][0xa3]9[0x17][0xe5][0x11][0x91]H(A[0x92][0x84][0xea][0xb2][0xd3][0x4]P[0xc3]7[0xfd][0xf8]6^HA[0x9f]J[0xf0][0xe7]F[0x82][0x1d][0xb4][0xcd][0xde][0xaf][0xe8][0x9a][0x1a][0xa7]'[0x80]C#[0x89][0xf8]5[0xf6][0xd2][0x7][0xb1][0x8][0xe9][0xa8][0xa5][0xf2][0x19][0xd2]E[0xfe]7#h[0xc2][0x90][0xe8][0x9e]t{6![0xd8]'[0x85]cq[0x9]Jn[0x85];[0x91]|[0x16]I[0x9c][0x19]'[0xd3]E)4A%[0xdf][0xa6][0x94]w[0x19]/[0x12]:Gw9)[0xa4][0xe][0xeb][0xe2][0xe1][0x12][0x9e]$|[0x18][0xa3]`[0xc2]W$[0xda][0xa7][0xc3][0xac][0x17][0xe2][0xf5][0xd6][0xc][0x86][0x92]~r[0x0]b[0x91]`[0xdb]Y[0x18][0x1c][0xc5]H[0xa1][0x9c][0x89].[\n]"
22:17:13.274 [main] DEBUG org.apache.http.wire -  << ">[0x10]4B*B.[0xb2][0xa5][0x9]M[0x16]$7[0x7]:[0x8b][0xf0]B[0x11][0x9f][s[0x87]k[0xef][0xe5]s[0xbc][0xb]T[0x97][0x98][0xae][0xfe]zb[0xb5][0xeb][0xd7][0x19][0xba][0xbf][0x91][0xdb]W e[0x80][\r]9[0xbb]f[0xa3][0x81][0xe][0xc1]n[0x88]c[0x6][0xf]"[0xa4][0x2][0x3]4v[0xf][0xb6][0x95][0x9][0x9e][0xc1]t[0xf8]6[0xc8]r[0x85][0xfd][0xf4]lH[0xc8][0xe]8#[0xd1]1[0xdd][0xff][0x8c]"N[0x8a][0xa2][0x3][0xa1][0xc8][0x95]Y[0xe7]T7C#[0x19]Ni^[0xd1][0xed]=[0xa7][0xed][0x92][0xf1][0x82][0xca]6[0xdb][0xf6][0xc8]*J#|X[0x8a][0x10]Mx[0x81][0xb0]aT[0x5][0xb5][0x4]Rr[0xb1][0x9e][0xa4][0xfd][0xb4]E[\r][0xed]"[0xd4][0xcf]uH[0x96]m[0x91][0xf8][0xa4][0x0]:D[0xca][0x1a][0x6]d[0x93][0x92]&[0xb][0x90][0xc7]tq^[0x7]+9[0xd6][0xe][0xba]v[0xc4][0xce]e7[0xc][0xda]&0>[0xac]%[0xb4][0xbd][0xae]F[0xae]s[0x1e]?h[0xb5]%[0xd3][0xe4][0xa2]9[0x96][0x87]Z[0x16][0x19][0xaf]{r[0xe9][0x1d]&[0x95]J[0x8b][0xb0],[0x9a][0xdd][\n]"
22:17:13.274 [main] DEBUG org.apache.http.wire -  << "v[0x99][0xa7][0xe]hZ[0x9c][0x0]c[0x1b][0x81]I[0xf3]S[0x3]{&[0x9]s[0x8a][0x2][0x9d][0x9a][0x80][0xd4][0xe2]z(}[0xda][0xed]H[0x8]v,[0xe9][0x5]Ihp[0x13][0xf6](I[0xb5]]N,yFB'[0x5][0xd2][0xa1]KTSH[0xe7]X[0xb5]I[0xdd][0xcc][0xd0][0x94]p:&D[0x98][0xb6]`[0x9d]t[0x9b][0x81][0x1b]l[0xd8]=[0xc3]E[0x9e][0xc5]3[0x82][0xc4][0x8f][0x94][0x11][0x95][0xec][0x9f][0xe9],[0xc5];[0xb0]0q[0x90][0xe]Q[0x95][l[0x91]wd[0x1]m[0xcc]E[0x98][0xe5][0x17][0x1b][0x19][0xd6][0xac][0xac]:![0xdf][0xac][0xc3]'[0xa5][0xd5][0xf3][0xa6][0xc6][0x4]y[0x11][0xc5]irq[\n]"
22:17:13.274 [main] DEBUG org.apache.http.wire -  << "[0x19][0xa6][0x1f] 5[0xe][0x8][0xaa]}[0xf]!{[0xa1][0x88][0x4]v[0x14]~1{[0xc][0x1b][0xcf]*"[0x1e][0x82]E[0x92]*v[0x1e]B[0xa4][0x9a][0xc1][0xd6]"[0xb2]lb}[0xa6]KB[0xa1][0xad][0xb4]Y_[0xa4][0xb4][0xad][0x18]:[0xa8][0x8a][\n]"
22:17:13.274 [main] DEBUG org.apache.http.wire -  << "[0x9a]P[0x10][0x12][0x6]v[0xfb] [0x95] [0xda][0xc9][0xfd][0xf2]eG[0x95]i7[\n]"
22:17:13.274 [main] DEBUG org.apache.http.wire -  << "\[0xb6][0x8b][0xe5]"[0x9e][0xd3][0xc2][0x4]"[0xa1][0xd8]Z[0xc3][0x98][0x9][0xd2][\r]c[0x14]'[0xa1][0x88][0xdd]}M[0xce][0x83][0xfd][0x89]c ?y[0xe2]es[0xc8]{N[0x8]?w`[0x15][0xa4][0xff][0xfe][0xe6][0x89][0x9e][0xe8][0x88]![0xb8]\[0x1][0x1f][0xc0]{[0xe4]&5[0xb4][0xa7][0x9d][0x15]%Q`$[0x15]B[0x84][0xee][0xb7])]#XV[0xe5]?.[0x1e]][0xc1]*o([0x9a]qN[0x97]@t[0xe3]\[0xa4][0xfc][0xf3]l[0xdd][0xbf]4[0xeb][0xee] &T[0x1f][0xe5][0x9][0x86][0xae][0xca][0xfe][0xed]C@O[0xa2]j[0x9e][0xc4]o[0x8d][0xf2][0x85][0xd1][0x8d][0xba][0xfd]KC?)[0x8a]0[0x1][0xe1]yM[0x1c][0xb2]Df[0x9c][0xbc][0x8e][0xc2][0xb1][0xc8][0xf5];[0xd2]~[0xcf]]4[0x97]1[0x3]<(xf[0xf5]9)[0xa1]c|[0xa9][0xc5]M[0xe4]p[\n]"
22:17:13.274 [main] DEBUG org.apache.http.wire -  << "[0xa3][0x97][0x3]\[0xe1]i5{_-[0xa0]%[0x10]/[0xe0][0x18]`[0xca]$[0xe8][0xe8]<q[0xd0][0xcc][0xa1][0x19][0xe2][0xb6]$|[0xc3]=[0x15]Q[0x85][0xb8]S[0xd0]w[0xb7][0x3][0xb7][0x9b][0x8]g[0xe5][0x9]\,\[0x82]oI[0x94]E[0x15][0xf3][0xa4][0x94]:D*[0x11][0xc0]!w[0xac][0xe5][0x9][0xd7][0xc][0xe7][0x8e][0xbc][0xdc][0x90][0x94][0xa5][0xf2][0xce]S[0xb][0x89][0x8e][0xaa][0x5][0xc2][0x11]t[0x83]C[0x9c][0x5]6[0xc3][0x14]F[0x1a]%[0xc][0xd2][0x87][0xdb]D[0x1e]^[0xc8][0x18][0xd5][0x95]g[0x82][0xf5][0xe4][0x8a];[0xe0][0x19][0xae]O[0x19][0xaf][0xed][0xd1][0xf3][0x15][0x96][0x8d]d[0x9e][0x13][0xbb][0xb3][0xb5][0xdc][0x83]S"[0xc6][0xc2][0xb3]S6<i[0x9d][0x7][0xb2][0x1e][0xb0]1[0x7][0x1f][0xb5][0xba][0x13][0x9c][0x98]s)[0xc8][0xe][0xf9][0x93];b]z>[0x9c],N[0xdc]l[0xc2][0xab]FOz[0xf1]Kt[0xfa][0xa4][0xc8]:[0xa8]J{[0x9][0xa5]n[0x98]7[0xa7][0xbf]P[0xfa]x[0xca]|[0x9][\r][0x7][0x88][0xe9][0x91][0xdb][0x1][\n]"
22:17:13.274 [main] DEBUG org.apache.http.wire -  << "[0xab][0x92][0xc5][0xc]u6[0x8e]Df[0xe3]A[0x13][0xa1]be[0xce][0x16][0xd0]%Y[0x1a][0x91][0x8c]*[0xa5][0xf2][0x10][0xc2][0x96][0x88][0x13][0x8][\n]"
22:17:13.274 [main] DEBUG org.apache.http.wire -  << "[0xce][0x13][0xa9][0xaa][0xd2][0x81][0xe3][0x16]lxRP[0x1d][0xb0][0x15][0xe0][0xc9][0xda][0x95][0xaa]e[0xc1][0xfa]:}[0x4]][0xe9]"[0xd3][0xb5])p[0x0]g"[0xa1]O[0x19][0x1e][Y[0xe2][0x92]s[0xf5][0x1d][0xc9]%[0xca][0x96][0x13][0x98]\[0xd1][0x15][0x89]x[0x96][0xce][0xa7][0xf8][0x5][0x84]P[0xb4][0xc6]m[[0xc][0xb][0xd3][0xce][0xb1]\[0x0][0xd2]n[0xa3]`([0x91][0x10][0x88][0xda][0xb3][0x93]RSv[0xd4]wR[0x88][0x1d][0x18]N[0x85]U[0x8a]f[0x1b][0xa8]3s[0xa7][0xa4]rOc[0xda][0xaa]/#[0x19][0xbf][0x1a][0x80][0x0][0x1b]3[0x2][0xb7]G[0xba]q[0x93] [\n]"
22:17:13.274 [main] DEBUG org.apache.http.wire -  << "[0x93]&T[0xa6][0xdc][0x84][0x8c][0xd5][0xb2][0xc4]-UW[0x91]?[0x1]b[0xb2]]&G[0x8d][0xcd]j[0x8][0xbb]M[0xb1][0xb4]{0)[0xee][0x81][0xd5]>)[0x9a][0xe][0xf9][0x86][0xa7][0xd6]D[0x81][\r]j[0x1a][0xa5][0xea][0x89]x[[0xde][0x19][\n]"
22:17:13.274 [main] DEBUG org.apache.http.wire -  << " 8[0x91][0xb2][0xf5][0x15][0xe][0x18][0xab][0xe4]S[0xda]3[0x83]xm2[\n]"
22:17:13.274 [main] DEBUG org.apache.http.wire -  << "[0xcf]R[0x93][0xb9][0xc8][0xde][0x97][0x16][0xd8][0xc6]>A}Z[0xf8][0xc9]R[0x84][0x83][0xcd]P[0xb0][0xb9][0xb][0xb7]>[0x98]C[0x8][\n]"
22:17:13.275 [main] DEBUG org.apache.http.wire -  << "O[0xcb][0xdd][0xf4]i[0xdd]r[0xd4][0xc3]y[0xb5]@[0xbc][0xca][0x95][0x8a][0xdf]>'[0xc7][0xe]:[0x8b][0xe8]4Y[0x94][0xbd][0xcf][0x1d]/[0x92][0x9d][0x16][0x84][0x99][0x9e][0x95][0xf1]T[0x3][0x8b]"
22:17:13.277 [main] DEBUG org.apache.http.wire -  << "3[0xf][0xc3][0xaa][0xca][0x2]K7[0xe2]4[0x2][0x16][0x19]&S[0x94][0xe7]t[0xff]'OW[0x12]X[0xb8][0x9a])[0xf6]4![0x10]q,BlEnc[0x15][[0xe1][0xbf][0xd1]B[0x2]o[0x91][0x15][0xdb][0xeb][0xb3][0x9f][0xe7]d[0xf5]K[0x87][0xb0][0xb5]SbV[0xcf]p[0xd0][0xaf][0x94][0xba]@[0xc]c)q[0x80]`/[0x91][0xf][0xf1][0x9b][0xef][0xe3][0xd9]$[0xec][0x89][0xf7][0xc0][[0x1e]"[0x9b]j[0xec]3[0xab]"r[0x14][0xa1][0xc4][0x1a][0xee]G[0x96][0xbb][0x9]O[0xc1]HCe[0xef][0x9f]zU[0x13][0xf8][0xb5][0x91]@[0x87][0xb5]%[0x17]X[0xac][0x9b]v/[0x80][0xa6]Q[0xc3]9[0x94]h![0xda]c[0xaa][0xc1][0xd8]h7[0xd1][0xe8]oC;R[0x6][0xe0][0xa2][0x1f][0xf6]{[0xa7][0x5]B1R[0xc1][0xeb]S8[0xa1][0x9][0x1e][0x86]q[0xb8][0xe0][0x6][0xd5]O[0xb0]k[0xea])[0xe5]9'[0xa5][0xd1][0xe1]j[0xab][0x97]+-[0xc8][0xf8][0xae][0xe6][0x96])D[0xfa][0xf0]T[0x99][0xb5][0xf6][0xd2]D[0x9f][0x93][0xce]CSb[[0x93]m9[0x1b][0xa1]kr[0xa5][0xce][0xa9][0xf5][0x8c][0xea][0xab][0xc7][0xd8][0xcc][0xef][0xa9][0xf2][0xc1]s[0xab][0xdd][0xa3]P[0xdd]4Hc3[0x92]Wo[0xfd][0x10][0xb0][0x8][0x88][0xdb][0x17][0xbd][0xa1][0xad][0xf8][0xfa].Zg[0xe3]xg[0xcd]m7dU[0xd4][0xa0][0x92][0xe8][0xd8]Ik[0x12][0xf1]"[0xbb][0x8d][0x14][0x18][0xd2][0x94]z)[0x90]O[0x8d]R/VR[0x93][0x0][0xdd][0xe1][0xb1][0xe2][0xb0][0xf6]65[0x16])+MB@b[0xef]s[0xf7][0x18][0xd2]cc[0xb2][0x85][0x93][0xb5][0xe7][0xec]n[0xa3][0xc8][0x9b][0x14][0x95][0xf3][0x9a][0x96]J4[0xdd]<)[0xd6][0xe][0xd5][0xc3][0x83] [0xad][0xf][0x8b]\[0xfa][0xe][0xf6]DE[0xb1].e[[0xf3][0xde][0xb0]u[0xb8][0x8d][0xef][0x8c][0x6][0xcc]`[0xc0][0xef]qB[0x90]J[0xe3][0xd0][0xe]8[0xb1][0xc8][0xeb]$}A. N[0xfb]Q[0xb5]$^e[0xc5][0xe6][0xa1][0xc0][0x90][0xa9][0x93][0xda]v[0xf8][0xfe]E[0xd2][0xdb][0x8a][0xa1]C[0xea][[0xa4]e[0xbe]G[0xca][0xf1]J[0xc6]o[0x9c]]j[0xb6]:[0xcc][0x16][0xab]K'[0x8b][0xc2][0x16][0xfb]m[0x9b][0x1e]8V[0x19][0xd7]0i[0xf1][0xd7][0x81][0x3]C\[0xa2][0x88][0x80][0xd9][0x8e][\n]"
22:17:13.277 [main] DEBUG org.apache.http.wire -  << "[0xdc][0xe4],[0x14][0x83][0xe6]<[0xb7][0xf4][0xe]{[0x1b]W[0xaa][0xed][0xce][0x99]dSG[0xd2][0x15]X[0xda][0xa6][0x3][0x91][0x1a][e[0x84][0x1e][0x90][0xcd]"[0x8][0x87]q[0x96][0x81][0xb8][0x1f][0xd1][0xb6][0xd2][0xa2][0xc],[0xfa][0xc7]j[0xe3][0xc9][0xd0][0xc4][0xc0][0xd6]uru[0x7][0xc][0xb1])[0x98][0x2]t[0x95]W[0x94]![0x9e]/. [0x9d][0xf2]7[0xdc][0xc7][0x16])[0x95][0x80].%x,KH[0xed]t[0x1c][0xbc][0x9b][0xdc][0x89]o[0x99][0x9][0xf1]}[0x13][0x8f][0x8d]k[0x14]([0xfb]B[0x9f]ZK[0x8a][0x8c][0xe6][0x0][0xb3][0xff]9)[0x96][0xe][0x10][0xb7][0xd9][0xb8]:[0xba][0x92][0xc9]I[0x98]"[0x1][0xbe][0xa7][0x2]Bz[0x98]nc;[0x8c]&[0xd4]Hd[0xba][0xc0]e[0x99][0xf9][0x89]",:[0x1e][0xdf]P|[0x4][0xc7][\r][0xce]q[0xcf][0x83][0x1b]][0xd4]v[0xaf][0xca][0xa6][0x18]a[0x98][0x87]o[0xce][0x9][0xa5]C[0xb7]F[0xc8]p[0x80][0xf3]Q[0xa0]-C[0xfb][0xb6][\r][0xe8]IP[0xe][0xfa][0x9e]V[0xc1]q[0x9e][0xc1]E`uF;[0x12]P[0x11]\S[0x8a]j][0xea][0x2]ZP[0xc7]7[0xe4]B[0x86][0xa0][\r][0x97]Q[0xdd][0xa4][0xd7][0x14]#R[0xfd]vC[0xcb]m[0xf0][0xd0][0xf9][0x92][0x1a]0_[0x8d]g4[0xf2][0xf9][0xb5]C[0xb4]-[0xf4][0x1a][0x9b][0xb2]_[0x7]-[0xe2][0xdd][0xf9]R[0xf5][0xa5]M\[0xeb][0x9c][0xa7][0x0] w[0xb5][0x96][0x4]XP[0xdf][0xd5][0xa5][0xec][0xd1][0x9][0xd9]g[0xb][0xd1]RY[0xbc][0x8e]fb)^[0xd0][0xee][0x8][0x13][0xed]M[0xdc][0xb9][0xc0][0xa7][0x9c][0x8a]?[0xdd][0xc]][0x11]QLc[0xb4][0xc4][0xef]S[0xd1][0xfe][0xd6][0x88][0xb6][0x9f]<[0x83][0xb1][0x1b][0xf8]2N '[0xc6][0x92][0x1a][0xc8][0xf3][0x9e])^S[0x9][0x16][0x1f]g[0xe6][0xac][0xd0]"[0x97][0x2][0x9b][0x8d][0xb2]N[0x5][0xbb][0xe][0xed][0x1c]+[0xba]$[0x18][0xab]$[0xe4],[0xfd][0x9a]][0xf4][0x1e]~[0xda][0x95][0x1f]O[0x90]iu[0xba][0xd9]b[0x94][0x3]$[0xeb][0xce][0xab]^[0x13][0x19][0xdc]Y[0x1e]*;K[0x1e]o[0x10]0!Qf[0xbf][0xcf][0xdc][0xce][0x8c]Gk.[0x9f]r[0x2][0xfa][0xa9][0xd5]s[0xe0][0xe][0xe5][0xce]9[0xdb][0x8d],>,[0xf8]m[0xd2]}[0x14][0x9a]`[0xdf][0x13][0xe9][0x1d][0xad]'E[0xd5]A[0xe0](j:[0xc4][0x17][0x8e][0xaa][0xcb][0xac]@[0x81][0x2][0xad]f,\[0xb7]f[0x1e][0xc9]p[0xdb][0x93][0x99]4q[0x85][0xd2][0x12]-[0xa9][0xb7]l[0x2][0xf0][0x1][0xd4]"s[0x9a][0x92]?[0x3]Ej[0x12][0x15]~j[0x1][0x8f]:[0xa5][0xdc][0xc6][0xe1][0xf6]IQt[0xb0]U[0xb6]+t[0x12]%[0xdc][0xa6][0xee][0xa4]e[0x99][0xae][0x8c]g[0x8d]s[0xca]F$[0xf2][0x97]<[0x89][0xe4]([0x86][0xaa][0xb6][0xdc][0xc4][0x9d]j[0xe6][0x84][0xd8][0xb4][0x3]T![0x4]:@[0xf6][0xed]U[0xdc][0x95]e^[0xd1][0xdb][0xa1]-U?[0xb9][0xee][0xe][0xa7]Z[0xbb]B[0xce][0xf1]!\ [0xef][0xa7][0x1c]_[0xa4][0x99][0xa5]![0xe7][0xa1]$[\n]"
22:17:13.277 [main] DEBUG org.apache.http.wire -  << "[0xdb][0xb5][0x10]#[0xa3]Vn[0xb][0x97]M[0x8d]H[0x8a][0x9e][0xca][0x9d][0xb4]}[0x85]+[0x1a][0xce]u[0xb1]J[0xc0][0xc6][0xfc][0x14][0xe2][0x1a][0x87]k[0xad]v[0x9c]\}[0x7]U[0xb5]{[0xa9]X[0x9][0xa2][0xa5][0xce][0x8e]Z[0xd9]e[0x96]0[0xf5]8p[0x9f]u[0x5][0xc]|l:[0xa5]Q[\r][0x93]h[0xe9][0xc2][0xa0][0xb7]M[0xa0][0xc6]4O=[0x9c]^[0xb1][0xcd]e[0x93]h[0xa6][0xce][0xe][0xc6]ZkD[0xa9][0x93]B[0xe8][0x10][0xad][0x14][0xe][0xdf]u[0xea][0xb6][0x83][0xaf]9wh[0xc7][0x89][0xb][0x16][0x8c]DU[0x6]`[0x96]&[0x9f]Q[0xd7][0x95][0xb9][0x81][0xe8]b[0xaa][0x9a][0x12]c[0x16]9[0xd6][0x9e][0xb0]zL[0x81]-g7[0xf8]i[0xa7],{([0x0]P[0x1f][0xfe][0x95]b[0x8][0xc6][0x1f][0xbb][0xce][0x4]e6[0xd3][0xa7][0xb5]3[0xc1][0x82]7[0x9a][0xb4]| h[0x96][0x16][0xcd][0x98][0xc1][0x93][0xb9]H[0xe5][0x98]m[0xa0][0xc7][0x8a][0x9a][0xde][0xbe][0xc6][0xe8]D[0x1a][0xf1][0x83]+[0xc0]sO.[0xb6][0x83][0x9b][0xa8][0x8][0xe7][0xb1][0xb0][0x12]E[0xdf][0xaa][0xd8]b[0xbc][0xbe][0x9a][0xda][0xda]O&[0xca][0x1a][0xaa]U[0xd1]S[0xfc]b[0xf][0xb1]o[0x1f][0x9b]T[0xc3][0xad][0xb1][0xaf]+~[0x99][0xf0][0x1d][0x93]5[0xa3]/[0x88][0xcd][0x81](.[0x1e]]$[0xdc]jK1[0xcc][0x86][0xfb][0xd5][0x0][0xa6]m[0xc5][0xe7]z![0x1b][0x11][0xfe][0xd6]![0xd2][0x1c][0x83][0xac][0xfc][0x15][0xcd]]V5([0x87]mL[0x11][0xa0][0x8e][0xf9][0xc9][0xc]y$[0x19]x[0xcf][0xa3]"
22:17:13.279 [main] DEBUG org.apache.http.wire -  << "&[0x9b][0xe]nr[0xf9][0x8d][0xdd][0x6][0x8c]E[0xe2][0xbe][0xb5]&[0xe7][0xae]oq[0xa0][0xd9][0xef]F[0x81]@B[0xb1]qe6[0xab][0xec][0x85][0xac][0xa7][0x92][0xf9][0xbd][0x91]L[0x7]([0xf][0xc7][0xbc]3lc[0xeb][0xf] [0xd1]-[0xfe][0x1d][0x9],[0xe8]![0xb4][0x81]z[0xcd][0xc1][0x80][0xbd][0xbb][0xbb][0xdc][0x9e][0xf3][0xbe][0xe3]h5[0xdd][0x93]Mq[0x6][[0xa2]c[0xaa][0xa8]Y[0x98][0xa2][0x1c][0xa7]U>ym[0xcc]#[0xb9][0x3]W:L9[0xfb][0x97]3[0xd5][0xad][0x90]:[0xec]i[0x1e][0xde]g[0x1a][0xe9]n[0x87][0x9d][0x93])[0xa5][0x2]rjY[0xa7][0xc][0xb2][0xc2][0xaa]0j[0xcd][0x1b][0xea][0x92][0xcb][0x3]u5[0xdd]EiX![0x85]3[0xc8][0x84][0x1d][0xab]B[0x81][0xa4][0xf1][0xa6][0x9]dT1[0xac][0x87]I[0xa4]s[0x92][0xe8][0xa0][0xa5][0x1b]v[0xda][0x94][0xbc][0x8b]j[0xeb]F,#S30[0x90][0xce][0xb5]8[0x96][0x9e]7[0xb0][0x84][0x18]Y[0xbb][0xa2]\[0xe8][0xea]Q[0x1f][0x81][0xbf][0xb4][0xcb][0xfa]3w[0x9][0x1][0x8c][0xfb][0xfc][0xa0][0xd2][0x4]"[TeYH[0xad][0xb5][0xe7][0xc6]#7i[0xeb][0xcb][0x82][0x98]mru[0xdc]9I[0x97][\n]"
22:17:13.279 [main] DEBUG org.apache.http.wire -  << "[0xf0][0xe5][0xeb]A[0x98]V[0xc2][0xfd][0xe1][0x6][0xab][0xf7][0xc][0xb3]s[0x4][0xb9][0xc5][0xfc][0x96][0xcf][0xb4][0xcf][0xd7].[0x9f][0xb9]*&[0x89]5[0x90]7[0x5]U[0x93][0xe3]tjO[0x1f][0xdb]3J[0x16][0x4][0xb1][0x1c]'[0xd2][0xf0]a[0xd1][0x9d][0xc]P[0x3]:[0xbb]l6[0xb3][0xfb][0x1c][0xa5][0xb4][0xcb][0xed][0x80]j[0x93][0xb9]^ab[0x88][0xa9][0xfc][0xef][0x19][0xa7][0x4]z[0xf9]S[0xfc](w[0xfd]M[0xb9][0xaf]]&[0x89][0xb5]Nf[0xc4][0x86]i[0x96]R[0xc6][0x8a]@[0xd0][0x19][0x9d][0xe5][0xe2][0x0][0x9c]n[0x8e][0xce][0xbd][0xb2][0xee]:[0x95][0x92]w6[0xc2][0x86]_[0x9c]=[0xba][0xb][0xcc][0xa0][0xd5]I[0xa9]t[0x0]6[0x97]t[0xab]e[0xb7][0x92][v[0x95][0x1d][0x1f]D[0xb6](e^[0xd7]&}R[0x1][0x7][0xa9]P[0x80][0xd7] [0x82]&[0xfe][0xaa][0xd4]U[0xe4]HH[0x8e][0xe7]<[0xfd][0xeb][0xe4]b<&[0x1d][0xc][0xb0]*[0x89][0x89][0x13]G^[0xd6][0xbe][0xda]uw[0x98][0xd5][0xb6][0x8d][0x9f][0xce]/[0x87][0x1][0xc9][0xc5]I[0x9e][0x17]u[0xf7][0xd6][0x98]s[0xa9][0xf0][0xa8][0x97][0xc3][0xb1][0xaf][0xd5][0xd7]v[0xa7][0x9a][0x14][0xed][0xfc]wG$[0xe8]D[0xe7][0x5]1>#[0xec]_rmM[0x13]|[[0xab][0xff][0xfe][0xb9][\r][0xad]\:[0xbc]+[0x99][0xaa][0xb8]7[0xf5]}[0x89][\r]L[0x15][0x84][0xc3]!S[0xb][0x83]q6K[0x82][0x17][0x6][0x0]K[0x80][0xcc][0xf2][0xe9]7`B[0xa0][0x12][0xa2][0x18][0xa0]9q)E[0x17][0xd0]eVS[0xb7][0x16]E[0xb1][0x1d]?f[0xe7]t[0xe8][0xed][0xc0][0xaf][0x8a]\v[0xc3]7[\r][\r][0xaf][0xc2]^[0x1c][0xdb][0x83][0xf7][0xdc][0xc3][0xd9][0xb7]mU[0xd7][0xb1][0xb5][0xe8][0xa8][0xa7][0x5]n[0xcb][0x93][0x84]6[0xae]n[0xfd][0x9f]:[0x8f][0xdc]d[0x11][\n]"
22:17:13.279 [main] DEBUG org.apache.http.wire -  << ""[0xbb][0xf6][0xd3][0x83][0xa1]([0x10][0xb]([0xc1]k[0xd3][0x9d]B[0xdd]l[0xf5][0xad][0xcf]QWtN[0x88][0xbf]w[0xf0][0xb7]),[0xe8][0xb0]4C[0xee]Cbp_8[0xd7]c[RI|[c[0xbf][0xc5][0xef][0x5][0x9][0xb0][0xa3]~[0xb5][0xa7][0x2]*bt[0x9][0x99]([0xa2][0x93][0xf3][0x89]>|[0xf0][0xdc]@[0xfe]hVxt[0xd8]A[0xd3][0xbc]R[0xf3]`!{[0x91]NO[0x82][0xb1][0xc9][0xf4][0xa7][0x14][0x8d]![0xed]fJ[0xdc]Z[0xe6]r[0x95][0xc6]WT[0x15][0xd5][0xeb]pII[0xa0][0xdd][0xfb]9-[0xb6][0xe9][0x10][0xd6][0xd2][0xc4][0x91][0x93][0xab][0xee]p[0xa9]8/[0xb6][0xc8][0x1d]t[0xb7][0xf1][0xbb]YG[0xd5]:[0xc0][0x0]0[0x95]O[0x1e][0x88][0x1d]M[0xeb]n[0xc9][0xbb]t[0xe0][0x19][0xb0]I[0xcb]dYj[0xcc][0xef][0x93][0xa6][0xd5][0xab][0x9e][0x9d]`[0x7][0xbc][0x8]f[0x8][0x92]l[0x1][0xed][0x95][0xf2][\r][0xef][0x6][0xf3][0xf2][0xc8]k[0x7][0xd2][0xca][0xa8]C[0xac][0xed][0xdc][0xa4][0xab][0xed][0xac][0xfa][0x99][0xe0]"'n[0x1a][0xfa][0x11][0xcc]<[0xed][0x4]L[0x11][0xd9][0xcd][0xc1][0xc0][0xa3][0xb6][0xb2]qX[0x4][0x95]`[0xe8][0x84][0x0][0xa5][0x12]\[0xca][0xbe][0xa6][0x8f][0x1b][0x93]\[0xa3][\r][0xb7]T[0xad]P[0x80][0x98][0x98]Z[0xae][0xe6][0xa8][0xdb]uyY[0xb9]i[0x85][0xd5][0x83]Oa[0xb9][0xb9][0xf5][0xc7][0x12][0xcd]|[0xaa]IY[0x1a][0x1a][0xdc][0x82][0xdf][0xe1][0x0][0x84]Rp[0xb5][0x1b]_[0x11][0x9d][0xb5]2h[0xcc][0x95][0xdf][0x9f][0x9c]t[0xe4][0xce]1rGks[0x0][0x18]o:.[0xa5]{E[0xe1][0x8e][0x9e][0xdd]b[0xdb][0xe4][0xdd]n[0xae][0xf5][0xf1][0xc]uD'[0xa5][0xd6]a[0xd8][0xdc][0x18]\mtc[0xb0][0xfe][0xc4][0x9c][0xd7][0x8d][0xdd][0x8][0x96][0x9f][0x1f]Fv*}[0x95]H[0xd7][0xf2](<[0x93][0x6]z,[0x99][0x9d][0x98][0x93]d[0x10]mj[0x9][0xe8][0xdb]qk[0xdb][0xee][0xcc][0xb8]h[0x7][0xd4][0x12]l[0x1e][0xcc][0x82][0xaf][0xc2][0xd0][0x85]B[0xba][0xc4]M[0x98]fG[0xaf]<:[0x8e][0xbf]S[0xd5]iE[0xf7][0xec][0xfc].[0xde][0xd6][0xa8]K^[0x8d][0xab]~[0xd1][0x88][0xe3]'[0xc2][0xd8][0xc9][0x17][0x8][0xab][0x8][0x2]jF[0x19][0xd8]W[0x8d][0x5][0xa1]f[0x96]Q[0x5][0xcc][0xe9][0xa6][0x91]^[0x1e][0xb1][0xd2][0xae][0xac][0x83][0xb2];[0xb5]?[0xac][0x9d][0x1c][0x1d][0xfe][0x80][0xde]/[0xb1]u[0x94]3*0[0xa0][0xe2][0xd3][0x1f]\[0x8d]@[0xd5]6[0x9c][0x90][0xd2][0x0][0x99]j[0xf]z[0x1b]3[0xed]f:[0xc9]k[0xb8][0x1e]ym1"[0xbe][0xe]l[0xdc]k[0xaa]P[0xe4][0xd7][0x8a][0xd6][0xf4]s[0xc2][0xea][0xf0][0xad]<[0xb0]I[0xee][0x8c]i[0xd7]t[0xa3][0x9f]1{O[0xad]"[0xe2]q[0xc2]wz[0xe7][0x5]:[0x88][0x2][0xd5][0x85]33[0xfe]q[0x94]>Zo[0xe0][0xe2][0x1f][0xe8]L;[0xd0][0x9e][0x80][0x89][0x9c]u[0x9c][`[0x7]c[0xf7]\{[0xf4]w[0xab]%'[0x6]GT[0x9f][0x85][0xbd]_[0xb4]V_[0x9a]^Z[0xd1]h[0x8d][0xca][0xbe][0xdd][0xcb][0x98](kT[0xd4][0xac][0xac][0xa3]S[0x89]h[0xdc][0xce]]&[0x8e]aS?[0xa5][0xd1]8[0xcc][0xe8][0x7][0xb0]f[0xb4][0x96]FX][0xa1][0xe6][0x93][0xd2][0xf9][0xa3][0xc3][0xa7]:[0xa1][0xcc][0x9d][0xb][0x9f]z[0xde][0x96][0xe6][0xf2]N[0x1d][0x16]=[0xba][0xb4]#[0x8e]>[0x91][0x1b]8[0x16]C_[0xb5][0xb6][0x81][0x8d][0xb9][0xfc]z[0xaf][0x6]E[0xf9][0x17][0xd6][0x80][0x1f][0x5][0xaf][0xdd])[0x18]I[0xff][0xa3][0xe1]-5d[0x81]W[0x8c][0x86][0x6][0xde][0x1a][0x1b]|[0x95][0x9]M[0x1c][0xc]3[0xe5][0xde][0xcd][0xef][0x1b][0xca][0x9f][0x8d][0xa4]:[0x9c]k[0x90][0xf9][0xd1]TNS[0xeb][0xee][0xec]d[0xfc][0xb7][0x83]2[0x9f][0xc3][0xb7][0xd4][0x9a][0x90]O[0xfb]h[0x9b][0x90][0xb8][0xc0]a9[0x8a][0xf7]Lt"
22:17:13.279 [main] DEBUG org.apache.http.wire -  << "m[0xe8]Qf[0xb3][0xc8][0xab]g)[0x6][0xd3]p[0xd8][0xdb][0xb7]4XF[0xca][0xa5][0xae]c[0x8a][0x8d]Rt[0xf0]%n[0xaf]O[0xe]m[0xe5][0xd7]![0xe6]T[0xc7][0x8a][0xd8][0xe6]e[0xb][0xec][0x96][0x4]m[0xfa][0xdf]A[0xc8]Q[0xb][0xb4][0xc6]~[0x8d]9[0xe]T1[0xeb][0x8e][0xac]W[0xf]^[0xd0][\n]"
22:17:13.279 [main] DEBUG org.apache.http.wire -  << "Q[0xaa]rf[0xf][0xd0][0xfa]*[0xd8][0x92][0x97][0xec][0xfd]pR%8A0[0x9b]/[0xd3]2\[0x92][0xa9][0xf8]g[0xdc][0xc2][0xc2]<a[0xf1][0x93][0x92][0xea]p[0xb3][0x1d]d[0x96]BD:[0xb8]D8k=[0xd9][0xf5][0xa8][0xb9]1[0xfc]C:71:H[0x8c][0xcf][0xf5][0xf3]6s[0x19][0xc4]#Q[0x83][0xac][0xd1][0xac][0xc1][0x9]E[0xa3][0x1][0x8c]d[0x1e][0xc7]X[0xd2]([0x96]U{[0xd8][0xfe]`d=[,[0xf5][0x96][0x9e][0x14][0xd5][0x93][0xde]Xp[0xbf][0xe1]*v/[0x1a][0xb8][0xd3]$[0x12][0xf6][0x9b]zq[0xfa][0x86][0xe3][0xac]=:[0xc3]V[0xcc][0xe1]2[0x1][0xe3]-8[0x85][0xad][0xd5][0xc7][0xee][0xbc][0x17]}W[0x85]d18[0xcc][0xc9][0xc8][0x15]Z[0x96]Z[0x11][0x12][0xa2]x[0x85][0x83]Z[0xe1][0xf4][0xe0][0x18][0x9b][0x10][0x8b][0xd5][0x1][0x8d][0xf0][0xcb][0x6](3[0x8e]_[0xf][0xa7]H[0xdb][0xe9][0xe6]|[0xfc][0x94][0xd1][0x96][0x8a]}[0xf2][0x9c][0x97]4[0xa1]$[0xbb]1c7[0xe6]T[0x3]0[0xdc]u[0xb5][0xc3][0xcb][0x8a][0x1e]a[0x99]F[0x8b]-[0x84][0xe7]N[0x19][0x8c]p'~L=[0xde]Iiux8[0x1d][0xbb]*/[0xaf][0xa7][0xf6],}[0x96]e[0x80][0xd2]BKC[0xa4]/h;mk[0xbb][0xf9]L[0xad]8[0x10].O[0xea][0xe3][0xf0][0x95]![0x8d][0xc1][0xb4]GE+[0x19][0x16][0xe1]Y[0x9e][0xd1][0x84]J[0x97][0x92]O[0xfc][0xbe][0xae]7[0xb5][0xf2][0xe8]Q[0xb4][0x2]][0xef][0x1][0xf6][0x83][0xa3][0x8e]N[0xad][0xa9][0x8d][0xa3][0xf5][0x8][0xc7]![0xc3]:[0xd6][0xda][0x1a][0xc7][0xae][0x2][0xd9][0x9e][0x7][0xe4][0x15]DQ[\r][0x19]e[0x92][0xac][0xfe]U[0xdf]B[0xbb][0x9c][0xe][0xe7][0xba]k[0xd3]B[0x16]f[0x8][0xfa][0xde][0xd9][0xe][0xce][0x83]1[0xca][0xd5]C[0xb][0x13]B[0xf0]HS5[0xa8][0x16][0xa1][0x83][0xbc][0xe1][0xa8]-S[0x1][0xce]^[0x80][0x1b][0xfd][0x1c][0x89][0x93][0x8b][0xe9]0-,F[0x1b][0xd9]V?[\n]"
22:17:13.279 [main] DEBUG org.apache.http.wire -  << "U[0xa7][0xfa][0xf4]@[0x97][0x83][0xf3]!B[0xce]i[0xaa][0x11][0xa1]4[0xb3]1[0x18]G[0xe1][0xdc]7[0xb8]n[0x9f]-n[0xc3]([0xb8]k[0xf][0xa5][0xe][0xee]=Jf?[0x87][0x98][0x83][0x93][0xb8][0xe3][0xe8][0x95][0xb2][0x9c][0xdf][0xd7]?[0xfb]S[0x12][0xae][0xd9][0xff] [0x1f]iO[0xf0]=j<[0x2][0x82][0xc4]G[0xf4]E[0x91][0xb1][0x8]l[0xe0][0xf6][0x1d]s[0x8d])[0x8]#Wi[0xcf][0xbc][0xaa][0xb9][0xed][0xdb][0xfc][0x9a][0x9e][0x19] [0xa5][0x14][0xdc]<Q([0x9][0xd0][0x86]3[0xb][0x7][0xfc][0xfc]h[0xdd][0x1f][0x1a]A[0xf4]'smz[0x8e]:[0xeb][0xd5]q[0xfa][0x92]8[0x5][0xfb][0xeb][0x2][0xaa][0x3]r[0xf2][0xb8][0xc0]%s[0x83][0xd1][0xe4][0x1b][0xbd][0x98][0xfb][0x11][0x1c]9$[0xb1][0xac][0xe8][0xb8]S[0x92][0xa2][0xc1]X[0xe9]k[0xf3][0x1][0xde][0xde]S[0xfd]Yg[0x97][0xdc]AJ[0x9f][0x9c][0xfd][0xcc][0xe7]7==[0x1e]c[0xdb][0x8d]s[0xa1]i![0xf7]W[0x8d]~[0xd8][0xbc][0x1e][\r][0x92]~)]m[0xdc][0x8f][\n]"
22:17:13.279 [main] DEBUG org.apache.http.wire -  << "c[0xdf][0x1d][0x96][0x99][0x8f]~3[0xac]Z[0xc5]V@25[0xad][0xb1]g[0x17][0xdc]!C;[0xbc][\n]"
22:17:13.279 [main] DEBUG org.apache.http.wire -  << "J[0x15]h[0xe2][0xf8]$[0xf1]<[0xbb]c>[0xab][0xe5]dE[0x0]6][0x12]x[0xb6]?[0xb4]R[0x2]rB/[0xea]b[0x80][0xba][0x9d][0x12]Y[0xf4]P[0x1d][0xcd][0xe3][0x17][0xeb][0xc9][0xf2]k][0xef][0x9a][0x1][0xdb][0xef][0xfd][0xe9][0x86]V([0x1d][0x6][0xd4][0xbc]zg[0xa9]z[0x86][0xe0]q[0xa9]*u9D[0x93][0x93][0xb9][0x1]i;[0xdf][0x9a][0xa3][0xfc][0xfc]"[0x87][0x8b][0x92][0xd1][0x6]f[0xd1]&[0x98]t[0xee][0x5][0xc2][0x97][0x94]3bL[0xa2][0xe9][0xb1][0x11][0xf3]Q[0xb6]Zj[0xd9][0xf0][0xea][0xae]E[0xaf][0x9b][0x8b]vR9:[0xd8][0x0]NN[0x95][0x11][0xce]KB[0xc4][0xd5][0xb3][0xbd][0xfe]p[0x88]G[0x9b][0x87]j[0xd6][0x1a][0xdb][0x95][0xff][0xa6][0xc7].[0xb3][0xa4][0xf4][0xcb][0x10]HT[0xa5]$Q[0xb1][0xe1]OP[0xeb][0xde][0x83][0xcc][0xf5][0x1f]h[0xe0][0xfb][0x93]2[0x8a]bJ[0xa7]"R[0xa4][0xd1]6[0x88]8,"[0x86][0xe1][0xcf][0xca][0xec][0xa0]yU[0x8f]m[0x91][0x95][0xd9][0xc9][0xe9][0xc2][0xbd][0xb5]3E[0x96]D[0xd9][0xa9][0xf9][0xfd]|[0x89][0x9f][0xcd][0x97][0xfc][\r][\n]"
22:17:13.279 [main] DEBUG org.apache.http.wire -  << "[0xde][0x8c] [0x94]uI[0x1a][0x8b][0xbe]f[0xa7]Hd[0xe6][0xc6][0x93][m[0xb4][0xb4][0xea]'[0xde][0xb][0xe4]RCjz[0xf2][0xf9][0xf2][0xf]|[0xb4]B8<[0xb0][0xcb][0xca][0xed][w[0xac]n[0xce][0x1f][0x8e]N[0xed][0xe2][0xb7]J:[0xa2]F[0xe5][0xed][0xe9][0xea][0x8d][0xa2]H[0xb5][0xeb][0x94][0x16][0xde]H#P[0x8a][0x18][0xf1]wK[0xf0][0x89]4[0xbf][0xb3][0xf9][0xd1][0xd4]z*T d[0xaf]([0xed][0xff]>[0xc4]n[0xf0][0xe4]~[0x94][0x8c]A[0xe4][0xb][0xa2][0xdc]Yav[0xa8]3q[0x4]-([0xa9][0x9d][0xed][0xe5][0xb1][0x8e]O[0xf7][0x11][0x8b][0xf5][0x9c][0xe9]_?[0xb1])[0x94]8[0xca][0xc0][0xd9]![0x92][0xfc][0x86][0xdc][0xda][0x98][0xa3]<[0xc1][0xaf]Ij:[0xe1][0xde][0x8f]]?[0xed]d:[0x1c][0x9a]S[0x9c]q[0xb5]3[0xff]L[0xb][0xfd][0xd5]|[0xb0][0xf2][0xb0][0xf4]-[0xcc][0x99]U[0x7][0x9b][0x83]@[0xc5]9`J[0x80][0xf]q[0xb4]n[0xf1][0x84]H[0x2]M[0xd5]H+1[0x6][0x81][0x0][0xde][0xf4]([0xeb][0x9f]%9[0xb7][0xda][0x1f][0xe8][0xb1][0xe6][0xaa][0xa3][0xc2][0x89][0x1c])[0xfe][0xd7]ut[0x9c][0xa3]K(2[0xd1][0xa4]-RC[0xfb][0x87]k[0xb0][0xa9]z[0xa6]a[0xf4]?H[0xe8][0xb4][0x5][0x88],[0x18]U[0x2][0x9d][0xf3][0xf6][0xc2][0xbf]G=*[0xc5][0x1f][0xf1]2[0xa9]7[0xc0][0x80][0x92][0xdc][0xd2][0xbc][0xc3][0xbf][0xfe][0xfb][0xff][0x1]:=[0x9c][0xeb][0x80]k[0x0][0x0]"
22:17:13.279 [main] DEBUG org.apache.http.wire -  << "[\r][\n]"
22:17:13.280 [main] DEBUG org.apache.http.wire -  << "0[\r][\n]"
22:17:13.280 [main] DEBUG org.apache.http.wire -  << "[\r][\n]"
22:17:13.280 [main] DEBUG io.restassured.internal.RestAssuredHttpBuilder - Parsed data to instance of: class org.apache.http.conn.EofSensorInputStream
22:17:13.281 [main] DEBUG org.apache.http.impl.conn.BasicClientConnectionManager - Releasing connection org.apache.http.impl.conn.ManagedClientConnectionImpl@5718e77c
22:17:13.281 [main] DEBUG org.apache.http.impl.conn.BasicClientConnectionManager - Connection can be kept alive indefinitely
22:17:13.291 [main] DEBUG net.thucydides.core.steps.StepInterceptor - STEP DONE: I send a GET HTTP request to endpoint URL to post with ID
  &amp#27;[32mWhen &amp#27;[0m&amp#27;[32mI send a GET HTTP request to endpoint URL to post with ID&amp#27;[0m &amp#27;[90m# starter.stepDefinition.UserSteps.getToRequestID()&amp#27;[0m
22:17:13.294 [main] DEBUG net.thucydides.core.steps.StepInterceptor - STARTING STEP: UserSteps.verifyHTTPResponseCode200 - I verify that HTTP response code 200
22:17:13.295 [main] DEBUG net.thucydides.core.steps.StepInterceptor - STARTING STEP: Get.verifyHTTPResponseCode200 - I set the GET endpoint URL to post with ID
22:17:13.295 [main] DEBUG net.thucydides.core.steps.StepInterceptor - STEP DONE: I set the GET endpoint URL to post with ID
22:17:13.300 [main] DEBUG org.apache.http.impl.conn.BasicClientConnectionManager - Get connection for route {s}->https://jsonplaceholder.typicode.com:443
22:17:13.300 [main] DEBUG org.apache.http.impl.conn.DefaultClientConnectionOperator - Connecting to jsonplaceholder.typicode.com:443
22:17:13.363 [main] DEBUG org.apache.http.client.protocol.RequestAddCookies - CookieSpec selected: ignoreCookies
22:17:13.363 [main] DEBUG org.apache.http.client.protocol.RequestAuthCache - Auth cache not set in the context
22:17:13.363 [main] DEBUG org.apache.http.client.protocol.RequestTargetAuthentication - Target auth state: UNCHALLENGED
22:17:13.363 [main] DEBUG org.apache.http.client.protocol.RequestProxyAuthentication - Proxy auth state: UNCHALLENGED
22:17:13.363 [main] DEBUG org.apache.http.impl.client.DefaultHttpClient - Attempt 1 to execute request
22:17:13.364 [main] DEBUG org.apache.http.impl.conn.DefaultClientConnection - Sending request: GET /posts/ HTTP/1.1
22:17:13.364 [main] DEBUG org.apache.http.wire -  >> "GET /posts/ HTTP/1.1[\r][\n]"
22:17:13.364 [main] DEBUG org.apache.http.wire -  >> "Accept: */*[\r][\n]"
22:17:13.364 [main] DEBUG org.apache.http.wire -  >> "Host: jsonplaceholder.typicode.com[\r][\n]"
22:17:13.364 [main] DEBUG org.apache.http.wire -  >> "Connection: Keep-Alive[\r][\n]"
22:17:13.364 [main] DEBUG org.apache.http.wire -  >> "User-Agent: Apache-HttpClient/4.5.13 (Java/19.0.2)[\r][\n]"
22:17:13.364 [main] DEBUG org.apache.http.wire -  >> "Accept-Encoding: gzip,deflate[\r][\n]"
22:17:13.364 [main] DEBUG org.apache.http.wire -  >> "[\r][\n]"
22:17:13.364 [main] DEBUG org.apache.http.headers - >> GET /posts/ HTTP/1.1
22:17:13.364 [main] DEBUG org.apache.http.headers - >> Accept: */*
22:17:13.364 [main] DEBUG org.apache.http.headers - >> Host: jsonplaceholder.typicode.com
22:17:13.364 [main] DEBUG org.apache.http.headers - >> Connection: Keep-Alive
22:17:13.364 [main] DEBUG org.apache.http.headers - >> User-Agent: Apache-HttpClient/4.5.13 (Java/19.0.2)
22:17:13.364 [main] DEBUG org.apache.http.headers - >> Accept-Encoding: gzip,deflate
22:17:13.400 [main] DEBUG org.apache.http.wire -  << "HTTP/1.1 200 OK[\r][\n]"
22:17:13.400 [main] DEBUG org.apache.http.wire -  << "Date: Thu, 13 Apr 2023 15:17:13 GMT[\r][\n]"
22:17:13.400 [main] DEBUG org.apache.http.wire -  << "Content-Type: application/json; charset=utf-8[\r][\n]"
22:17:13.400 [main] DEBUG org.apache.http.wire -  << "Transfer-Encoding: chunked[\r][\n]"
22:17:13.400 [main] DEBUG org.apache.http.wire -  << "Connection: keep-alive[\r][\n]"
22:17:13.400 [main] DEBUG org.apache.http.wire -  << "X-Powered-By: Express[\r][\n]"
22:17:13.400 [main] DEBUG org.apache.http.wire -  << "X-Ratelimit-Limit: 1000[\r][\n]"
22:17:13.400 [main] DEBUG org.apache.http.wire -  << "X-Ratelimit-Remaining: 999[\r][\n]"
22:17:13.400 [main] DEBUG org.apache.http.wire -  << "X-Ratelimit-Reset: 1681198796[\r][\n]"
22:17:13.400 [main] DEBUG org.apache.http.wire -  << "Vary: Origin, Accept-Encoding[\r][\n]"
22:17:13.400 [main] DEBUG org.apache.http.wire -  << "Access-Control-Allow-Credentials: true[\r][\n]"
22:17:13.400 [main] DEBUG org.apache.http.wire -  << "Cache-Control: max-age=43200[\r][\n]"
22:17:13.400 [main] DEBUG org.apache.http.wire -  << "Pragma: no-cache[\r][\n]"
22:17:13.400 [main] DEBUG org.apache.http.wire -  << "Expires: -1[\r][\n]"
22:17:13.400 [main] DEBUG org.apache.http.wire -  << "X-Content-Type-Options: nosniff[\r][\n]"
22:17:13.400 [main] DEBUG org.apache.http.wire -  << "Etag: W/"6b80-Ybsq/K6GwwqrYkAsFxqDXGC7DoM"[\r][\n]"
22:17:13.400 [main] DEBUG org.apache.http.wire -  << "Content-Encoding: gzip[\r][\n]"
22:17:13.400 [main] DEBUG org.apache.http.wire -  << "Via: 1.1 vegur[\r][\n]"
22:17:13.400 [main] DEBUG org.apache.http.wire -  << "CF-Cache-Status: HIT[\r][\n]"
22:17:13.400 [main] DEBUG org.apache.http.wire -  << "Age: 1251[\r][\n]"
22:17:13.400 [main] DEBUG org.apache.http.wire -  << "Report-To: {"endpoints":[{"url":"https:\/\/a.nel.cloudflare.com\/report\/v3?s=ysRJsAnPMO7Mtqo8GUVlvZfqrODVnYa901bsYHT4W7%2BO0uh4L5xtmz3e1r0vhb0vSu8bi49pO2EhWJ%2FYjEXrikG1A0OpXRHJwuSoNIaGq0S%2B%2Fu43%2BoQJWiaKlma7YhtEvMRzkRGu16zxCcFuQqo2"}],"group":"cf-nel","max_age":604800}[\r][\n]"
22:17:13.400 [main] DEBUG org.apache.http.wire -  << "NEL: {"success_fraction":0,"report_to":"cf-nel","max_age":604800}[\r][\n]"
22:17:13.400 [main] DEBUG org.apache.http.wire -  << "Server: cloudflare[\r][\n]"
22:17:13.400 [main] DEBUG org.apache.http.wire -  << "CF-RAY: 7b74acb80f8f87d1-SIN[\r][\n]"
22:17:13.400 [main] DEBUG org.apache.http.wire -  << "alt-svc: h3=":443"; ma=86400, h3-29=":443"; ma=86400[\r][\n]"
22:17:13.400 [main] DEBUG org.apache.http.wire -  << "[\r][\n]"
22:17:13.400 [main] DEBUG org.apache.http.impl.conn.DefaultClientConnection - Receiving response: HTTP/1.1 200 OK
22:17:13.400 [main] DEBUG org.apache.http.headers - << HTTP/1.1 200 OK
22:17:13.400 [main] DEBUG org.apache.http.headers - << Date: Thu, 13 Apr 2023 15:17:13 GMT
22:17:13.400 [main] DEBUG org.apache.http.headers - << Content-Type: application/json; charset=utf-8
22:17:13.400 [main] DEBUG org.apache.http.headers - << Transfer-Encoding: chunked
22:17:13.400 [main] DEBUG org.apache.http.headers - << Connection: keep-alive
22:17:13.400 [main] DEBUG org.apache.http.headers - << X-Powered-By: Express
22:17:13.400 [main] DEBUG org.apache.http.headers - << X-Ratelimit-Limit: 1000
22:17:13.400 [main] DEBUG org.apache.http.headers - << X-Ratelimit-Remaining: 999
22:17:13.400 [main] DEBUG org.apache.http.headers - << X-Ratelimit-Reset: 1681198796
22:17:13.400 [main] DEBUG org.apache.http.headers - << Vary: Origin, Accept-Encoding
22:17:13.400 [main] DEBUG org.apache.http.headers - << Access-Control-Allow-Credentials: true
22:17:13.400 [main] DEBUG org.apache.http.headers - << Cache-Control: max-age=43200
22:17:13.400 [main] DEBUG org.apache.http.headers - << Pragma: no-cache
22:17:13.400 [main] DEBUG org.apache.http.headers - << Expires: -1
22:17:13.400 [main] DEBUG org.apache.http.headers - << X-Content-Type-Options: nosniff
22:17:13.400 [main] DEBUG org.apache.http.headers - << Etag: W/"6b80-Ybsq/K6GwwqrYkAsFxqDXGC7DoM"
22:17:13.400 [main] DEBUG org.apache.http.headers - << Content-Encoding: gzip
22:17:13.400 [main] DEBUG org.apache.http.headers - << Via: 1.1 vegur
22:17:13.400 [main] DEBUG org.apache.http.headers - << CF-Cache-Status: HIT
22:17:13.400 [main] DEBUG org.apache.http.headers - << Age: 1251
22:17:13.400 [main] DEBUG org.apache.http.headers - << Report-To: {"endpoints":[{"url":"https:\/\/a.nel.cloudflare.com\/report\/v3?s=ysRJsAnPMO7Mtqo8GUVlvZfqrODVnYa901bsYHT4W7%2BO0uh4L5xtmz3e1r0vhb0vSu8bi49pO2EhWJ%2FYjEXrikG1A0OpXRHJwuSoNIaGq0S%2B%2Fu43%2BoQJWiaKlma7YhtEvMRzkRGu16zxCcFuQqo2"}],"group":"cf-nel","max_age":604800}
22:17:13.400 [main] DEBUG org.apache.http.headers - << NEL: {"success_fraction":0,"report_to":"cf-nel","max_age":604800}
22:17:13.400 [main] DEBUG org.apache.http.headers - << Server: cloudflare
22:17:13.400 [main] DEBUG org.apache.http.headers - << CF-RAY: 7b74acb80f8f87d1-SIN
22:17:13.400 [main] DEBUG org.apache.http.headers - << alt-svc: h3=":443"; ma=86400, h3-29=":443"; ma=86400
22:17:13.400 [main] DEBUG org.apache.http.impl.client.DefaultHttpClient - Connection can be kept alive indefinitely
22:17:13.401 [main] DEBUG io.restassured.internal.RestAssuredHttpBuilder - Parsing response as: application/json; charset=utf-8
22:17:13.401 [main] DEBUG org.apache.http.wire -  << "1b9a[\r][\n]"
22:17:13.401 [main] DEBUG org.apache.http.wire -  << "[0x1f][0x8b][0x8][0x0][0x0][0x0][0x0][0x0][0x0][0x3][0x8d]]I[0x8e][0xe4][0xc8][0x8e][0xdd][0xff]S[0x8][0xb9][0xfe][0x8b][0x9a][0x87][0xbe]A[0x9f][0xa1][0xa3][0x17][0x16][0xee][0x96]U[0x2][0xdc][0xa5]([0x97][0x94][0x88]F[0xa3][0xef][0xde]$[0x1f]'[0x93][0xc9]=[0x5]d[0x15]b[0x90]K2[0x1a][0x87][0xc7]G[0xd2][0xe2][0xbf][0xfe]5[0xc][0xff]K[0xff][\r][0xc3][0x97]m[0xa9][0x8f][0xff][0xbc]~[0xf9][0x8f][0xe1][0xc7][0xe3][0x7]c[0xfe]f[0x1d][0xd7][[0xa5][0xef][0xbf],[0xdb][0xb4][0xe]e[[0x87][0xaf][0xe5]R[0x1f]ux[0xd4][0x8f]z[0xbb][0x95]u[0xf8]x[0xcc][0xdf][0xc6]k[0xa5][0xdf][0xce][0x97]K[0xa9][0x97][0xb2][0x8e]C[0xfd][0xbc][0xd4][0x8f]u{[0x8c][0xc3][0xfc][0xb1][0x8e]3_[0xfc][0xa8][0xd7][0xe9]Z[0x1f][0xe3][0xfa]Eo[0xfd]>_[0xff][0x87][0xef][0xfc][0xcf]6[0x96][0xa1][0xae][0xc3][0xb2]-[0x97][0xf1]c\[0xdf]&[0xfb][0x8a]>w[0xd9][0x96]2]K[0x1d].[0xf3][0xb4][0xd4]6z[0x8b][0xed]A[0xf7][0xff][0xa8][0xd7]q[0x95][0x8f]][0xb6][0xfb][0xdb][0xd4]<`[0xb8][0xcf][0xb7][0xba][0xac]#}[0x8a][0xde][0x97][0xfe][0xfd][0xb3][0x95]eX[0xe7][0xb5][0xd0][0x95][0xd3][0xbc][0xac][0x8f][0xed]N[0xb7][0xe6][0xff][0xd3]e[0xbc][0xa8]z[0x1f]d}[0xf][0xfa][0xa2]~[0xab][0xd3]H[0xf7]-[0x8f][0xcb][0xdf][0xe3]Z/[0xeb][0xfc][0x85][0xde][0xf7][0xff][0xfe][0xfd]=[0x89][0xfd][0xb4][0x97][0x18][0xad]K[0xee]_[0x97][0xa5][0xee][0xd7][0xcc]?[0xc7][0x1b][0xd0][0xb3]?f[0x92][0xe7]7ZN}[0x93]5[0x8e][0xc3]2[0xd2][0xcb]L[0xe3][0xdf][0xe3][0xad][0x15][0xdd]p[0x9d]o[0xf3]cx[0xaf][0x85].[0x1e]j[0xc1][0xf7]u[0x19]&[0xfa][0x18]}[0xfa][0xeb][0xf6][0xd7]H[[0xf2]~#[0x99][0x8d][0xeb]8.[0xc3][0xb7][0xf9][0xb6]}[0xac]e[0xad][0x3]=[0xe5]1[0xf][0xdf][0xea]Mo[0xdc][0x8][0xe9]Q[0xc7][0xcb]H[0xf]"
22:17:13.401 [main] DEBUG org.apache.http.wire -  << "[0x19][0x97][0xb7][0x89]_[0xa0]|[0xd0][0xe3][0xca]}[0x98][0xe6]i[0xb8][0xd6]w[0xba][0xd7]B7X[0x96][0xf1][0xbe]-[0x3]_ [0xf][0xa4];-[0xf4][0xe5]FzpNF?[0xef]eDK[0xb0][0xf7]Xd[0x9b]Xw[0xea][0xe3]B[0xc2] [0xbd][0x99][0xea]=[0xf4][0x8c][0x9f]:~,[0x85][0x84]#{[0xd6][0x89]t[0x1d][0xc6]mY[0xe7]a[0xa9]W[0xba]x[0xa6][0xef][0x1e]$[0x12][0x17][0xc0]=[0xe9][0xe7]|[0xa7]7[0x1f][0xea]m[0xfc][0x8b][0xd7],j][0xae][0xcd][0xb5]"[0xd8][0xf1][0x9d]V[0xcb][0x12]+[0x17][0xd1][0xc3]u[0xa4][\r][0xa3][0xf7] Y[0x14][0x12][0xf]i[0xe2][0xdb][0x14]b[0x84][0x80]+[0xbd][0xc4]0_I[0xe9][0xe9][0x85]n[0xe5][0x9d][0xf7][0x96][0xbe][0xa2][0xbb][0xe8]k[0x9f][0x12][0xd4]/[0x9d][0xa0]XYW[0xd1]'_[0xc6]^[0x2][0xbc][0xf]r[0xd5]RHhiO[0x87][0xb4][0xb0]r%[0xcb]"[0xf3]"U[0xe3][0x17][0xba]W3[0x80][0xb2],[0xdb][0x9d]./[0xc9][0xa2][0xa1][0xa2][0x97][0xed][0xf6]QD/[0x96][0xe1][0xef][0xf1]B[0xa6]x[0xbf][0xd3][\n]"
22:17:13.401 [main] DEBUG org.apache.http.wire -  << "I[0x7][0xe8]>f6k[0x9d]*[0x9b]&4[0xf2][0xce][0xda][0xc1][0xbb]u[0xd7]m[0x90][0xf][0x8b][0x8d][0xa5]w[0xc1][0xed][0xc7][0xdb]m[0x86]|[0xce][0xc9][0xe6][0xd7][0xbd]l[0xfc]=[0xc4][0xce]Y[0xf6]{[0xc9][0x90][0x12]m[0xd7][0x11][0x8e][0x84][0xcd][0xbb][0xf0]6[0x96][0xfa](+[0xde][0x89]T[0xe6]m*7VBqq0#U4v[0xe][0xa4]R$[0xfa]V[0x9b]D[0x87][0xdc]([0xd8][0xca]}m[0xa2]8[0xbc][0xe4][0xb7]I=L+[0x1f][0x98][0xcf][0xb9][0xe5][0xfe][0xb6]_[0xae]Jx`[0x95][0xb8][0x97][0xbf]&2[0x99]yq[0x8b]eo[0xda])[0x6][0xbd][0xc2]B[0xbf][0x9f]Xei[0xfb][0x1e][0xa4][0xaa][0xbc][0x97][0x85][0xc5][0xf]o[0x0][0xad][0xf6][0x8d][0x17]7$[0xca]M[0xdb]B[0xee]y[0x9a][0xdf][0xe9][0xf7]$![0xfa][0xf1]5\[0xc7][0xdb]Dw]>H[0xcf][\n]"
22:17:13.401 [main] DEBUG org.apache.http.wire -  << "{[0x8]VP[0xba][0xb6][0xde][0xe7][0xa1][0xbc][0xef]<WkBeI[0xb2]t/[0x6]#[0xa9]kV"[0xd6]9i[0xfd][0xbe][0x97][0x16]K[0x88][0xc4]BQk[0xbc][0x8d][0xb][0xf6]s/[0x1f]<n[0xf8][0xb8]Qh[0x83][0xa7][0xa1][0xfd][0xbb][0xb2]-[0x15][0xf1]$[0xea][0x9b]!l[0x91][0x14][0xe9][0x90][0x88][0x1a][0xdf][0xf1]5X[0xf5][0xa6][0xc6]'[\n]"
22:17:13.401 [main] DEBUG org.apache.http.wire -  << "[0xcd][0xee]+B[0xa2][0x4][0xa4][0xb1]p[0x98][0x9b]$<[0xc1][0xe7][0xf3]&[0xd2][0xf3][0xe0][0xbd][0xca]rn[0xb9]<S[0xe]][0x12]k[0x9f][0x98]a[0xb7][0xe4][0x91][0xd6][0xc2][0xaa][0x9b]T[0xc7]>+o[0xc3]Q[0xd5][0x84][0x16][0x2])[0xb4]n[\r]O[0x1e][0xa4]=`[0xb9]-HH6[0x3][0x83][0xd4][0xee]e[0x94]-v1[0xbc]Mp[0xf][0xb4]~[0xf3]'0[\r]S[0xb][0xd6][0xee]Y[0x9d][0xb3]l[0xc0]9[0x89][0xfc][0xf9][0xd4];[0xb0]#R[0xab][0xb5][0x95]"[0xf8][\n]"
22:17:13.401 [main] DEBUG org.apache.http.wire -  << "[0x8c]H[0xfa][0xb9][0x97][0x95]@[0x8f][0xcb]*[0xe6][0xb][0x1][0xb4][0xf7][0xc4][0xdd][0xc8][0xd4]U)[\n]"
22:17:13.401 [main] DEBUG org.apache.http.wire -  << "[0x82][0x9][0xfc][0xc][0x1c][0x8]@[0x88]|[0x7][[0xa2][0xab]WC[0x1f][0xac]?W[0xf9]"[0xc]P[0xa5][0xa0][\n]"
22:17:13.401 [main] DEBUG org.apache.http.wire -  << "[0xeb][0xdf][0x9e][0x93][0xc1][0x8f]?[0xec][0x85][0x0][0x18][0x16][0xa1]v[0xbc][0xe2]Ek[0xbf]ZVf~7[0x83]X[0xb2][0x9][0xb4][0xa3][0xc3][0xfc][0xf5]+[0x1b][0xba][0x4]D[0xd9][0xd4][0xb7])[0xa2]$+A[0xf2][0xb2][0xbc]|[\n]"
22:17:13.401 [main] DEBUG org.apache.http.wire -  << "[0x86][0x82][0xf][0x16][0x86]tt[0xd7]%\/-[0x97][0xf5][0x1c]2[0xbf]K[0x90]}H[0xc8]'[0x5][0xa1] [0xfa]x[0xba][0xcc][0x9f][0x9a]ev [0x15][0xe]H[0x1e]-[0xcb][0xbb][0x95][0xed][0xaa]>[0xe7][0xd8][0xf0][0xeb][0x8d]6[0x96][0x9e][0x9f]be[0x4][0xf4][0xc0][0xb][0xc][0x83][0xee]#moqx[0xc8][0xb][0xce][0xee][0x9e][0xe2][0x87][0xaf]f[0x9c][0xc4]9+L[0x93][0xf5][0xb3][0xd0][0x2]7[0xb9][0xeb][[0xb2][0xfe][0xb][0xc2][0x99].[0xe3][0x95]4[0xeb]mb[0xa7]-[0xca][0xa6][0xbf]>)[0x93][0xe][0x86][0xd2][0xcb][0x84][0xfd][0x1a][0xda][0xa4][0xfb]A[0xfd][0xd4][0x12][0xf6][0x82][0xa1][0xcd][0x90][0x8][0xe][0xb5][0x84][0xf]%g[0xff](u[0xa9][0xe][0x83][0x8a]:|[0xdc][0xc][0xa2]7[0xb5][0xad][0xc][0xe3][0xcb][0x7][0xc9][0x94][0xfc][0xbb]\[0x8b]8#[0x80]#[0x4]+[0xbf][0xa1][0xa7]D\%[0xbf][0xa0]"[0xe0][0xfb][0xc9]+[0x8e][0xb4][0x1d][0xd3][0x85][0x15]Xb[0xfb]99tPSV[0xba][0x89])[0x92]H[0xfc]E=[0xc4]9nb[0x3][0x10][0xc9][0xef][0x85][0xc2][0xa2][0xb8][0x8e][0x17][0xb2][0x9][0xf7]t[0xe2][0xf7][0xfc][0x16]~[0xd3][0xd8][0xd1]9[0xc5]2Z[0xda][0xb2]r&[0xf3]x[0xd0]e[0xe3][0x13][0x80]&[0x0]R[0x90][0x11] [0x1a][0x99][0x1e]o[0x85][0x18][0x8d]#V[0x1][0x96][0xec]!E)%[0xc][0xa5][0xac]L[0xee][0x95][0x92][0xa6][0xc0]t[0xd9][0x87][0x1][0xa8]F~[0xc3][0x11][0x82]q[0x98][0xc4][0x89]s[0xd2][0xed][0xf0]i^[0x80][0xbd][0xa4]8[0x9d][0xbd][0x10][0x9][%[0xcb]2[0xb4][0x8d][0xc9]k[0x0]&Tqr[0xd2]6eL[0x0]#B"Jv'[0xbe][0xcc]o[0x13][0xf6][0xb][0xfb][0xe3][0x9c][\n]"
22:17:13.401 [main] DEBUG org.apache.http.wire -  << "j[0xec][0xdb]#[0xa9][0xa0][0xc0];z[0xce]vv[0xcd][0x1d][0xee][0xc]W@[[0x3][0xcb]b;;[0x0][0x9f][0x9][0x7][0x89]#T[0xa4]!n[0x81][0xf3]U[0xb8][0x16]s[0xb0][0x6][0x87][0xc6][0xbb][0xb8][0xe0][0xec]W[0xd3][0xea][0xc4]"}Ii[0xd3][0x5][0x92][0x98]g{[0x9b]pW[0x87]{[0x8a]m_G[0xd4]v[0xe1][0x1d][0x2]m[0xe3][0x3][0x1][0xb1] [0xdb][0xb][0x5][0xf8][0x9c][0xb5][0x89][0xc6][0x8e]3[0x87][0xfc]#[0x84][0xee]wc[0xb0]&aC[0xcc]P[0x91][0x9][0xed][0x1e][0xed]3CXE[0x11]$C^[0xc8][0xea][0xb8]b[0x8f][0xbc]K[0x83][0xd5]E$H[0x8f][0xe0]d[0x7][0x80]}81[0x6][0xf6]J/[0x8]@V[0xc4]bV[0x1d][0x9a][0xca][0xe0][0x96]_-!Wv[0x7]'[0xc5][0xd8]AS[0xac][0xc0][0xb7][0x90][0xd5]4"tz{G[0x5]][0xca];/[0xd9][0xe3][0x8a][0x92][0x8b]3f[0xa0][0xcf][0xaf]+N$A1[0xbe][0x94][0xf8][0xb3]D([0x8a][0x93]SH[0x1e][0x87][0xa4]{P8[\n]"
22:17:13.401 [main] DEBUG org.apache.http.wire -  << "*@i[0x8][0xfd][0x95][0xc0]\l[0xf2][0x86][0x7][\n]"
22:17:13.401 [main] DEBUG org.apache.http.wire -  << "[0x94]8[0xeb][0x95];[0xbc][0x1a][0xa2][0xe4][0xfc][0x1d]QG[0xe2][0xb7]A[0xb3][0xc0][0xff][0xfb][0xc5][0x87][0xf5]i[0xaa]eN[0x11][0xe6][0x9d]w[0xd4][0xfd][0x87][0x84]UE^[\r]\[0xe1][0x1f]$[0x91]s[0xb8]6[0xde][0xa3]Z[0x0]<[0xb9][0xc6][0xe][0x81]Z[0xca][0xed][0x9][0x86]x[0x1d][0x11]^[\n]"
22:17:13.401 [main] DEBUG org.apache.http.wire -  << "[0x1][0xb4][0x86].[\n]"
22:17:13.401 [main] DEBUG org.apache.http.wire -  << "[0xcb]u[0xa2][0xbc][0x97][0xed]cd8[0xc6]DNdic[0xc4]fM[0x1d]D[0x5][0x18][0xe3]:[0x0]5[0xb][0x81][0xfa]g[0xa9][0x94]U[0x82][0x92][0xbf]"
22:17:13.402 [main] DEBUG org.apache.http.wire -  << "[0x9e][0x90]&[0x1c][0xa1][0x1c][0xfb]-[0xe6][0xb0][0xbe][0x8b]?[0x1b][0x11][0xfc][0xd4][0xe1][0xcf][0x0][0x8a][0xe4][0xad][0xd3][0x2][0xcc][0xea][0xcb][0x11]+[0xd8]r~[0xd7][0xed]"!7[0xd3]P[0xb]@5c[\n]"
22:17:13.402 [main] DEBUG org.apache.http.wire -  << "[0xfa][0xd9][0xc8][0xe9]iM[0xf4]![0x2][0x1d][0xf2][0xc][0xbe][0x88][0xa4]4g[0xac][0xe9][0xae]q[0xc7]9[0xf1][0xee][0xc3]8[0x5][0xaf][0xd7][0xb]%[0xf7][0xa3]9[0x17][0xe5][0x11][0x91]H(A[0x92][0x84][0xea][0xb2][0xd3][0x4]P[0xc3]7[0xfd][0xf8]6^HA[0x9f]J[0xf0][0xe7]F[0x82][0x1d][0xb4][0xcd][0xde][0xaf][0xe8][0x9a][0x1a][0xa7]'[0x80]C#[0x89][0xf8]5[0xf6][0xd2][0x7][0xb1][0x8][0xe9][0xa8][0xa5][0xf2][0x19][0xd2]E[0xfe]7#h[0xc2][0x90][0xe8][0x9e]t{6![0xd8]'[0x85]cq[0x9]Jn[0x85];[0x91]|[0x16]I[0x9c][0x19]'[0xd3]E)4A%[0xdf][0xa6][0x94]w[0x19]/[0x12]:Gw9)[0xa4][0xe][0xeb][0xe2][0xe1][0x12][0x9e]$|[0x18][0xa3]`[0xc2]W$[0xda][0xa7][0xc3][0xac][0x17][0xe2][0xf5][0xd6][0xc][0x86][0x92]~r[0x0]b[0x91]`[0xdb]Y[0x18][0x1c][0xc5]H[0xa1][0x9c][0x89].[\n]"
22:17:13.402 [main] DEBUG org.apache.http.wire -  << ">[0x10]4B*B.[0xb2][0xa5][0x9]M[0x16]$7[0x7]:[0x8b][0xf0]B[0x11][0x9f][s[0x87]k[0xef][0xe5]s[0xbc][0xb]T[0x97][0x98][0xae][0xfe]zb[0xb5][0xeb][0xd7][0x19][0xba][0xbf][0x91][0xdb]W e[0x80][\r]9[0xbb]f[0xa3][0x81][0xe][0xc1]n[0x88]c[0x6][0xf]"[0xa4][0x2][0x3]4v[0xf][0xb6][0x95][0x9][0x9e][0xc1]t[0xf8]6[0xc8]r[0x85][0xfd][0xf4]lH[0xc8][0xe]8#[0xd1]1[0xdd][0xff][0x8c]"N[0x8a][0xa2][0x3][0xa1][0xc8][0x95]Y[0xe7]T7C#[0x19]Ni^[0xd1][0xed]=[0xa7][0xed][0x92][0xf1][0x82][0xca]6[0xdb][0xf6][0xc8]*J#|X[0x8a][0x10]Mx[0x81][0xb0]aT[0x5][0xb5][0x4]Rr[0xb1][0x9e][0xa4][0xfd][0xb4]E[\r][0xed]"[0xd4][0xcf]uH[0x96]m[0x91][0xf8][0xa4][0x0]:D[0xca][0x1a][0x6]d[0x93][0x92]&[0xb][0x90][0xc7]tq^[0x7]+9[0xd6][0xe][0xba]v[0xc4][0xce]e7[0xc][0xda]&0>[0xac]%[0xb4][0xbd][0xae]F[0xae]s[0x1e]?h[0xb5]%[0xd3][0xe4][0xa2]9[0x96][0x87]Z[0x16][0x19][0xaf]{r[0xe9][0x1d]&[0x95]J[0x8b][0xb0],[0x9a][0xdd][\n]"
22:17:13.402 [main] DEBUG org.apache.http.wire -  << "v[0x99][0xa7][0xe]hZ[0x9c][0x0]c[0x1b][0x81]I[0xf3]S[0x3]{&[0x9]s[0x8a][0x2][0x9d][0x9a][0x80][0xd4][0xe2]z(}[0xda][0xed]H[0x8]v,[0xe9][0x5]Ihp[0x13][0xf6](I[0xb5]]N,yFB'[0x5][0xd2][0xa1]KTSH[0xe7]X[0xb5]I[0xdd][0xcc][0xd0][0x94]p:&D[0x98][0xb6]`[0x9d]t[0x9b][0x81][0x1b]l[0xd8]=[0xc3]E[0x9e][0xc5]3[0x82][0xc4][0x8f][0x94][0x11][0x95][0xec][0x9f][0xe9],[0xc5];[0xb0]0q[0x90][0xe]Q[0x95][l[0x91]wd[0x1]m[0xcc]E[0x98][0xe5][0x17][0x1b][0x19][0xd6][0xac][0xac]:![0xdf][0xac][0xc3]'[0xa5][0xd5][0xf3][0xa6][0xc6][0x4]y[0x11][0xc5]irq[\n]"
22:17:13.402 [main] DEBUG org.apache.http.wire -  << "[0x19][0xa6][0x1f] 5[0xe][0x8][0xaa]}[0xf]!{[0xa1][0x88][0x4]v[0x14]~1{[0xc][0x1b][0xcf]*"[0x1e][0x82]E[0x92]*v[0x1e]B[0xa4][0x9a][0xc1][0xd6]"[0xb2]lb}[0xa6]KB[0xa1][0xad][0xb4]Y_[0xa4][0xb4][0xad][0x18]:[0xa8][0x8a][\n]"
22:17:13.402 [main] DEBUG org.apache.http.wire -  << "[0x9a]P[0x10][0x12][0x6]v[0xfb] [0x95] [0xda][0xc9][0xfd][0xf2]eG[0x95]i7[\n]"
22:17:13.402 [main] DEBUG org.apache.http.wire -  << "\[0xb6][0x8b][0xe5]"[0x9e][0xd3][0xc2][0x4]"[0xa1][0xd8]Z[0xc3][0x98][0x9][0xd2][\r]c[0x14]'[0xa1][0x88][0xdd]}M[0xce][0x83][0xfd][0x89]c ?y[0xe2]es[0xc8]{N[0x8]?w`[0x15][0xa4][0xff][0xfe][0xe6][0x89][0x9e][0xe8][0x88]![0xb8]\[0x1][0x1f][0xc0]{[0xe4]&5[0xb4][0xa7][0x9d][0x15]%Q`$[0x15]B[0x84][0xee][0xb7])]#XV[0xe5]?.[0x1e]][0xc1]*o([0x9a]qN[0x97]@t[0xe3]\[0xa4][0xfc][0xf3]l[0xdd][0xbf]4[0xeb][0xee] &T[0x1f][0xe5][0x9][0x86][0xae][0xca][0xfe][0xed]C@O[0xa2]j[0x9e][0xc4]o[0x8d][0xf2][0x85][0xd1][0x8d][0xba][0xfd]KC?)[0x8a]0[0x1][0xe1]yM[0x1c][0xb2]Df[0x9c][0xbc][0x8e][0xc2][0xb1][0xc8][0xf5];[0xd2]~[0xcf]]4[0x97]1[0x3]<(xf[0xf5]9)[0xa1]c|[0xa9][0xc5]M[0xe4]p[\n]"
22:17:13.402 [main] DEBUG org.apache.http.wire -  << "[0xa3][0x97][0x3]\[0xe1]i5{_-[0xa0]%[0x10]/[0xe0][0x18]`[0xca]$[0xe8][0xe8]<q[0xd0][0xcc][0xa1][0x19][0xe2][0xb6]$|[0xc3]=[0x15]Q[0x85][0xb8]S[0xd0]w[0xb7][0x3][0xb7][0x9b][0x8]g[0xe5][0x9]\,\[0x82]oI[0x94]E[0x15][0xf3][0xa4][0x94]:D*[0x11][0xc0]!w[0xac][0xe5][0x9][0xd7][0xc][0xe7][0x8e][0xbc][0xdc][0x90][0x94][0xa5][0xf2][0xce]S[0xb][0x89][0x8e][0xaa][0x5][0xc2][0x11]t[0x83]C[0x9c][0x5]6[0xc3][0x14]F[0x1a]%[0xc][0xd2][0x87][0xdb]D[0x1e]^[0xc8][0x18][0xd5][0x95]g[0x82][0xf5][0xe4][0x8a];[0xe0][0x19][0xae]O[0x19][0xaf][0xed][0xd1][0xf3][0x15][0x96][0x8d]d[0x9e][0x13][0xbb][0xb3][0xb5][0xdc][0x83]S"[0xc6][0xc2][0xb3]S6<i[0x9d][0x7][0xb2][0x1e][0xb0]1[0x7][0x1f][0xb5][0xba][0x13][0x9c][0x98]s)[0xc8][0xe][0xf9][0x93];b]z>[0x9c],N[0xdc]l[0xc2][0xab]FOz[0xf1]Kt[0xfa][0xa4][0xc8]:[0xa8]J{[0x9][0xa5]n[0x98]7[0xa7][0xbf]P[0xfa]x[0xca]|[0x9][\r][0x7][0x88][0xe9][0x91][0xdb][0x1][\n]"
22:17:13.402 [main] DEBUG org.apache.http.wire -  << "[0xab][0x92][0xc5][0xc]u6[0x8e]Df[0xe3]A[0x13][0xa1]be[0xce][0x16][0xd0]%Y[0x1a][0x91][0x8c]*[0xa5][0xf2][0x10][0xc2][0x96][0x88][0x13][0x8][\n]"
22:17:13.402 [main] DEBUG org.apache.http.wire -  << "[0xce][0x13][0xa9][0xaa][0xd2][0x81][0xe3][0x16]lxRP[0x1d][0xb0][0x15][0xe0][0xc9][0xda][0x95][0xaa]e[0xc1][0xfa]:}[0x4]][0xe9]"[0xd3][0xb5])p[0x0]g"[0xa1]O[0x19][0x1e][Y[0xe2][0x92]s[0xf5][0x1d][0xc9]%[0xca][0x96][0x13][0x98]\[0xd1][0x15][0x89]x[0x96][0xce][0xa7][0xf8][0x5][0x84]P[0xb4][0xc6]m[[0xc][0xb][0xd3][0xce][0xb1]\[0x0][0xd2]n[0xa3]`([0x91][0x10][0x88][0xda][0xb3][0x93]RSv[0xd4]wR[0x88][0x1d][0x18]N[0x85]U[0x8a]f[0x1b][0xa8]3s[0xa7][0xa4]rOc[0xda][0xaa]/#[0x19][0xbf][0x1a][0x80][0x0][0x1b]3[0x2][0xb7]G[0xba]q[0x93] [\n]"
22:17:13.402 [main] DEBUG org.apache.http.wire -  << "[0x93]&T[0xa6][0xdc][0x84][0x8c][0xd5][0xb2][0xc4]-UW[0x91]?[0x1]b[0xb2]]&G[0x8d][0xcd]j[0x8][0xbb]M[0xb1][0xb4]{0)[0xee][0x81][0xd5]>)[0x9a][0xe][0xf9][0x86][0xa7][0xd6]D[0x81][\r]j[0x1a][0xa5][0xea][0x89]x[[0xde][0x19][\n]"
22:17:13.402 [main] DEBUG org.apache.http.wire -  << " 8[0x91][0xb2][0xf5][0x15][0xe][0x18][0xab][0xe4]S[0xda]3[0x83]xm2[\n]"
22:17:13.402 [main] DEBUG org.apache.http.wire -  << "[0xcf]R[0x93][0xb9][0xc8][0xde][0x97][0x16][0xd8][0xc6]>A}Z[0xf8][0xc9]R[0x84][0x83][0xcd]P[0xb0][0xb9][0xb][0xb7]>[0x98]C[0x8][\n]"
22:17:13.402 [main] DEBUG org.apache.http.wire -  << "O[0xcb][0xdd][0xf4]i[0xdd]r[0xd4][0xc3]y[0xb5]@[0xbc][0xca][0x95][0x8a][0xdf]>'[0xc7][0xe]:[0x8b][0xe8]4Y[0x94][0xbd][0xcf][0x1d]/[0x92][0x9d][0x16][0x84][0x99][0x9e][0x95]"
22:17:13.402 [main] DEBUG org.apache.http.wire -  << "[0xf1]T[0x3][0x8b]3[0xf][0xc3][0xaa][0xca][0x2]K7[0xe2]4[0x2][0x16][0x19]&S[0x94][0xe7]t[0xff]'OW[0x12]X[0xb8][0x9a])[0xf6]4![0x10]q,BlEnc[0x15][[0xe1][0xbf][0xd1]B[0x2]o[0x91][0x15][0xdb][0xeb][0xb3][0x9f][0xe7]d[0xf5]K[0x87][0xb0][0xb5]SbV[0xcf]p[0xd0][0xaf][0x94][0xba]@[0xc]c)q[0x80]`/[0x91][0xf][0xf1][0x9b][0xef][0xe3][0xd9]$[0xec][0x89][0xf7][0xc0][[0x1e]"[0x9b]j[0xec]3[0xab]"r[0x14][0xa1][0xc4][0x1a][0xee]G[0x96][0xbb][0x9]O[0xc1]HCe[0xef][0x9f]zU[0x13][0xf8][0xb5][0x91]@[0x87][0xb5]%[0x17]X[0xac][0x9b]v/[0x80][0xa6]Q[0xc3]9[0x94]h![0xda]c[0xaa][0xc1][0xd8]h7[0xd1][0xe8]oC;R[0x6][0xe0][0xa2][0x1f][0xf6]{[0xa7][0x5]B1R[0xc1][0xeb]S8[0xa1][0x9][0x1e][0x86]q[0xb8][0xe0][0x6][0xd5]O[0xb0]k[0xea])[0xe5]9'[0xa5][0xd1][0xe1]j[0xab][0x97]+-[0xc8][0xf8][0xae][0xe6][0x96])D[0xfa][0xf0]T[0x99][0xb5][0xf6][0xd2]D[0x9f][0x93][0xce]CSb[[0x93]m9[0x1b][0xa1]kr[0xa5][0xce][0xa9][0xf5][0x8c][0xea][0xab][0xc7][0xd8][0xcc][0xef][0xa9][0xf2][0xc1]s[0xab][0xdd][0xa3]P[0xdd]4Hc3[0x92]Wo[0xfd][0x10][0xb0][0x8][0x88][0xdb][0x17][0xbd][0xa1][0xad][0xf8][0xfa].Zg[0xe3]xg[0xcd]m7dU[0xd4][0xa0][0x92][0xe8][0xd8]Ik[0x12][0xf1]"[0xbb][0x8d][0x14][0x18][0xd2][0x94]z)[0x90]O[0x8d]R/VR[0x93][0x0][0xdd][0xe1][0xb1][0xe2][0xb0][0xf6]65[0x16])+MB@b[0xef]s[0xf7][0x18][0xd2]cc[0xb2][0x85][0x93][0xb5][0xe7][0xec]n[0xa3][0xc8][0x9b][0x14][0x95][0xf3][0x9a][0x96]J4[0xdd]<)[0xd6][0xe][0xd5][0xc3][0x83] [0xad][0xf][0x8b]\[0xfa][0xe][0xf6]DE[0xb1].e[[0xf3][0xde][0xb0]u[0xb8][0x8d][0xef][0x8c][0x6][0xcc]`[0xc0][0xef]qB[0x90]J[0xe3][0xd0][0xe]8[0xb1][0xc8][0xeb]$}A. N[0xfb]Q[0xb5]$^e[0xc5][0xe6][0xa1][0xc0][0x90][0xa9][0x93][0xda]v[0xf8][0xfe]E[0xd2][0xdb][0x8a][0xa1]C[0xea][[0xa4]e[0xbe]G[0xca][0xf1]J[0xc6]o[0x9c]]j[0xb6]:[0xcc][0x16][0xab]K'[0x8b][0xc2][0x16][0xfb]m[0x9b][0x1e]8V[0x19][0xd7]0i[0xf1][0xd7][0x81][0x3]C\[0xa2][0x88][0x80][0xd9][0x8e][\n]"
22:17:13.402 [main] DEBUG org.apache.http.wire -  << "[0xdc][0xe4],[0x14][0x83][0xe6]<[0xb7][0xf4][0xe]{[0x1b]W[0xaa][0xed][0xce][0x99]dSG[0xd2][0x15]X[0xda][0xa6][0x3][0x91][0x1a][e[0x84][0x1e][0x90][0xcd]"[0x8][0x87]q[0x96][0x81][0xb8][0x1f][0xd1][0xb6][0xd2][0xa2][0xc],[0xfa][0xc7]j[0xe3][0xc9][0xd0][0xc4][0xc0][0xd6]uru[0x7][0xc][0xb1])[0x98][0x2]t[0x95]W[0x94]![0x9e]/. [0x9d][0xf2]7[0xdc][0xc7][0x16])[0x95][0x80].%x,KH[0xed]t[0x1c][0xbc][0x9b][0xdc][0x89]o[0x99][0x9][0xf1]}[0x13][0x8f][0x8d]k[0x14]([0xfb]B[0x9f]ZK[0x8a][0x8c][0xe6][0x0][0xb3][0xff]9)[0x96][0xe][0x10][0xb7][0xd9][0xb8]:[0xba][0x92][0xc9]I[0x98]"[0x1][0xbe][0xa7][0x2]Bz[0x98]nc;[0x8c]&[0xd4]Hd[0xba][0xc0]e[0x99][0xf9][0x89]",:[0x1e][0xdf]P|[0x4][0xc7][\r][0xce]q[0xcf][0x83][0x1b]][0xd4]v[0xaf][0xca][0xa6][0x18]a[0x98][0x87]o[0xce][0x9][0xa5]C[0xb7]F[0xc8]p[0x80][0xf3]Q[0xa0]-C[0xfb][0xb6][\r][0xe8]IP[0xe][0xfa][0x9e]V[0xc1]q[0x9e][0xc1]E`uF;[0x12]P[0x11]\S[0x8a]j][0xea][0x2]ZP[0xc7]7[0xe4]B[0x86][0xa0][\r][0x97]Q[0xdd][0xa4][0xd7][0x14]#R[0xfd]vC[0xcb]m[0xf0][0xd0][0xf9][0x92][0x1a]0_[0x8d]g4[0xf2][0xf9][0xb5]C[0xb4]-[0xf4][0x1a][0x9b][0xb2]_[0x7]-[0xe2][0xdd][0xf9]R[0xf5][0xa5]M\[0xeb][0x9c][0xa7][0x0] w[0xb5][0x96][0x4]XP[0xdf][0xd5][0xa5][0xec][0xd1][0x9][0xd9]g[0xb][0xd1]RY[0xbc][0x8e]fb)^[0xd0][0xee][0x8][0x13][0xed]M[0xdc][0xb9][0xc0][0xa7][0x9c][0x8a]?[0xdd][0xc]][0x11]QLc[0xb4][0xc4][0xef]S[0xd1][0xfe][0xd6][0x88][0xb6][0x9f]<[0x83][0xb1][0x1b][0xf8]2N '[0xc6][0x92][0x1a][0xc8][0xf3][0x9e])^S[0x9][0x16][0x1f]g[0xe6][0xac][0xd0]"[0x97][0x2][0x9b][0x8d][0xb2]N[0x5][0xbb][0xe][0xed][0x1c]+[0xba]$[0x18][0xab]$[0xe4],[0xfd][0x9a]][0xf4][0x1e]~[0xda][0x95][0x1f]O[0x90]iu[0xba][0xd9]b[0x94][0x3]$[0xeb][0xce][0xab]^[0x13][0x19][0xdc]Y[0x1e]*;K[0x1e]o[0x10]0!Qf[0xbf][0xcf][0xdc][0xce][0x8c]Gk.[0x9f]r[0x2][0xfa][0xa9][0xd5]s[0xe0][0xe][0xe5][0xce]9[0xdb][0x8d],>,[0xf8]m[0xd2]}[0x14][0x9a]`[0xdf][0x13][0xe9][0x1d][0xad]'E[0xd5]A[0xe0](j:[0xc4][0x17][0x8e][0xaa][0xcb][0xac]@[0x81][0x2][0xad]f,\[0xb7]f[0x1e][0xc9]p[0xdb][0x93][0x99]4q[0x85][0xd2][0x12]-[0xa9][0xb7]l[0x2][0xf0][0x1][0xd4]"s[0x9a][0x92]?[0x3]Ej[0x12][0x15]~j[0x1][0x8f]:[0xa5][0xdc][0xc6][0xe1][0xf6]IQt[0xb0]U[0xb6]+t[0x12]%[0xdc][0xa6][0xee][0xa4]e[0x99][0xae][0x8c]g[0x8d]s[0xca]F$[0xf2][0x97]<[0x89][0xe4]([0x86][0xaa][0xb6][0xdc][0xc4][0x9d]j[0xe6][0x84][0xd8][0xb4][0x3]T![0x4]:@[0xf6][0xed]U[0xdc][0x95]e^[0xd1][0xdb][0xa1]-U?[0xb9][0xee][0xe][0xa7]Z[0xbb]B[0xce][0xf1]!\ [0xef][0xa7][0x1c]_[0xa4][0x99][0xa5]![0xe7][0xa1]$[\n]"
22:17:13.402 [main] DEBUG org.apache.http.wire -  << "[0xdb][0xb5][0x10]#[0xa3]Vn[0xb][0x97]M[0x8d]H[0x8a][0x9e][0xca][0x9d][0xb4]}[0x85]+[0x1a][0xce]u[0xb1]J[0xc0][0xc6][0xfc][0x14][0xe2][0x1a][0x87]k[0xad]v[0x9c]\}[0x7]U[0xb5]{[0xa9]X[0x9][0xa2][0xa5][0xce][0x8e]Z[0xd9]e[0x96]0[0xf5]8p[0x9f]u[0x5][0xc]|l:[0xa5]Q[\r][0x93]h[0xe9][0xc2][0xa0][0xb7]M[0xa0][0xc6]4O=[0x9c]^[0xb1][0xcd]e[0x93]h[0xa6][0xce][0xe][0xc6]ZkD[0xa9][0x93]B[0xe8][0x10][0xad][0x14][0xe][0xdf]u[0xea][0xb6][0x83][0xaf]9wh[0xc7][0x89][0xb][0x16][0x8c]DU[0x6]`[0x96]&[0x9f]Q[0xd7][0x95][0xb9][0x81][0xe8]b[0xaa][0x9a][0x12]c[0x16]9[0xd6][0x9e][0xb0]zL[0x81]-g7[0xf8]i[0xa7],{([0x0]P[0x1f][0xfe][0x95]b[0x8][0xc6][0x1f][0xbb][0xce][0x4]e6[0xd3][0xa7][0xb5]3[0xc1][0x82]7[0x9a][0xb4]| h[0x96][0x16][0xcd][0x98][0xc1][0x93][0xb9]H[0xe5][0x98]m[0xa0][0xc7][0x8a][0x9a][0xde][0xbe][0xc6][0xe8]D[0x1a][0xf1][0x83]+[0xc0]sO.[0xb6][0x83][0x9b][0xa8][0x8][0xe7][0xb1][0xb0][0x12]E[0xdf][0xaa][0xd8]b[0xbc][0xbe][0x9a][0xda][0xda]O&[0xca][0x1a][0xaa]U[0xd1]S[0xfc]b[0xf][0xb1]o[0x1f][0x9b]T[0xc3][0xad][0xb1][0xaf]+~[0x99][0xf0][0x1d][0x93]5[0xa3]/[0x88][0xcd][0x81](.[0x1e]]$[0xdc]jK1[0xcc][0x86][0xfb][0xd5][0x0][0xa6]m[0xc5][0xe7]z![0x1b][0x11][0xfe][0xd6]![0xd2][0x1c][0x83][0xac][0xfc][0x15][0xcd]]V5([0x87]mL[0x11][0xa0][0x8e][0xf9][0xc9][0xc]y$"
22:17:13.403 [main] DEBUG org.apache.http.wire -  << "[0x19]x[0xcf][0xa3]&[0x9b][0xe]nr[0xf9][0x8d][0xdd][0x6][0x8c]E[0xe2][0xbe][0xb5]&[0xe7][0xae]oq[0xa0][0xd9][0xef]F[0x81]@B[0xb1]qe6[0xab][0xec][0x85][0xac][0xa7][0x92][0xf9][0xbd][0x91]L[0x7]([0xf][0xc7][0xbc]3lc[0xeb][0xf] [0xd1]-[0xfe][0x1d][0x9],[0xe8]![0xb4][0x81]z[0xcd][0xc1][0x80][0xbd][0xbb][0xbb][0xdc][0x9e][0xf3][0xbe][0xe3]h5[0xdd][0x93]Mq[0x6][[0xa2]c[0xaa][0xa8]Y[0x98][0xa2][0x1c][0xa7]U>ym[0xcc]#[0xb9][0x3]W:L9[0xfb][0x97]3[0xd5][0xad][0x90]:[0xec]i[0x1e][0xde]g[0x1a][0xe9]n[0x87][0x9d][0x93])[0xa5][0x2]rjY[0xa7][0xc][0xb2][0xc2][0xaa]0j[0xcd][0x1b][0xea][0x92][0xcb][0x3]u5[0xdd]EiX![0x85]3[0xc8][0x84][0x1d][0xab]B[0x81][0xa4][0xf1][0xa6][0x9]dT1[0xac][0x87]I[0xa4]s[0x92][0xe8][0xa0][0xa5][0x1b]v[0xda][0x94][0xbc][0x8b]j[0xeb]F,#S30[0x90][0xce][0xb5]8[0x96][0x9e]7[0xb0][0x84][0x18]Y[0xbb][0xa2]\[0xe8][0xea]Q[0x1f][0x81][0xbf][0xb4][0xcb][0xfa]3w[0x9][0x1][0x8c][0xfb][0xfc][0xa0][0xd2][0x4]"[TeYH[0xad][0xb5][0xe7][0xc6]#7i[0xeb][0xcb][0x82][0x98]mru[0xdc]9I[0x97][\n]"
22:17:13.403 [main] DEBUG org.apache.http.wire -  << "[0xf0][0xe5][0xeb]A[0x98]V[0xc2][0xfd][0xe1][0x6][0xab][0xf7][0xc][0xb3]s[0x4][0xb9][0xc5][0xfc][0x96][0xcf][0xb4][0xcf][0xd7].[0x9f][0xb9]*&[0x89]5[0x90]7[0x5]U[0x93][0xe3]tjO[0x1f][0xdb]3J[0x16][0x4][0xb1][0x1c]'[0xd2][0xf0]a[0xd1][0x9d][0xc]P[0x3]:[0xbb]l6[0xb3][0xfb][0x1c][0xa5][0xb4][0xcb][0xed][0x80]j[0x93][0xb9]^ab[0x88][0xa9][0xfc][0xef][0x19][0xa7][0x4]z[0xf9]S[0xfc](w[0xfd]M[0xb9][0xaf]]&[0x89][0xb5]Nf[0xc4][0x86]i[0x96]R[0xc6][0x8a]@[0xd0][0x19][0x9d][0xe5][0xe2][0x0][0x9c]n[0x8e][0xce][0xbd][0xb2][0xee]:[0x95][0x92]w6[0xc2][0x86]_[0x9c]=[0xba][0xb][0xcc][0xa0][0xd5]I[0xa9]t[0x0]6[0x97]t[0xab]e[0xb7][0x92][v[0x95][0x1d][0x1f]D[0xb6](e^[0xd7]&}R[0x1][0x7][0xa9]P[0x80][0xd7] [0x82]&[0xfe][0xaa][0xd4]U[0xe4]HH[0x8e][0xe7]<[0xfd][0xeb][0xe4]b<&[0x1d][0xc][0xb0]*[0x89][0x89][0x13]G^[0xd6][0xbe][0xda]uw[0x98][0xd5][0xb6][0x8d][0x9f][0xce]/[0x87][0x1][0xc9][0xc5]I[0x9e][0x17]u[0xf7][0xd6][0x98]s[0xa9][0xf0][0xa8][0x97][0xc3][0xb1][0xaf][0xd5][0xd7]v[0xa7][0x9a][0x14][0xed][0xfc]wG$[0xe8]D[0xe7][0x5]1>#[0xec]_rmM[0x13]|[[0xab][0xff][0xfe][0xb9][\r][0xad]\:[0xbc]+[0x99][0xaa][0xb8]7[0xf5]}[0x89][\r]L[0x15][0x84][0xc3]!S[0xb][0x83]q6K[0x82][0x17][0x6][0x0]K[0x80][0xcc][0xf2][0xe9]7`B[0xa0][0x12][0xa2][0x18][0xa0]9q)E[0x17][0xd0]eVS[0xb7][0x16]E[0xb1][0x1d]?f[0xe7]t[0xe8][0xed][0xc0][0xaf][0x8a]\v[0xc3]7[\r][\r][0xaf][0xc2]^[0x1c][0xdb][0x83][0xf7][0xdc][0xc3][0xd9][0xb7]mU[0xd7][0xb1][0xb5][0xe8][0xa8][0xa7][0x5]n[0xcb][0x93][0x84]6[0xae]n[0xfd][0x9f]:[0x8f][0xdc]d[0x11][\n]"
22:17:13.403 [main] DEBUG org.apache.http.wire -  << ""[0xbb][0xf6][0xd3][0x83][0xa1]([0x10][0xb]([0xc1]k[0xd3][0x9d]B[0xdd]l[0xf5][0xad][0xcf]QWtN[0x88][0xbf]w[0xf0][0xb7]),[0xe8][0xb0]4C[0xee]Cbp_8[0xd7]c[RI|[c[0xbf][0xc5][0xef][0x5][0x9][0xb0][0xa3]~[0xb5][0xa7][0x2]*bt[0x9][0x99]([0xa2][0x93][0xf3][0x89]>|[0xf0][0xdc]@[0xfe]hVxt[0xd8]A[0xd3][0xbc]R[0xf3]`!{[0x91]NO[0x82][0xb1][0xc9][0xf4][0xa7][0x14][0x8d]![0xed]fJ[0xdc]Z[0xe6]r[0x95][0xc6]WT[0x15][0xd5][0xeb]pII[0xa0][0xdd][0xfb]9-[0xb6][0xe9][0x10][0xd6][0xd2][0xc4][0x91][0x93][0xab][0xee]p[0xa9]8/[0xb6][0xc8][0x1d]t[0xb7][0xf1][0xbb]YG[0xd5]:[0xc0][0x0]0[0x95]O[0x1e][0x88][0x1d]M[0xeb]n[0xc9][0xbb]t[0xe0][0x19][0xb0]I[0xcb]dYj[0xcc][0xef][0x93][0xa6][0xd5][0xab][0x9e][0x9d]`[0x7][0xbc][0x8]f[0x8][0x92]l[0x1][0xed][0x95][0xf2][\r][0xef][0x6][0xf3][0xf2][0xc8]k[0x7][0xd2][0xca][0xa8]C[0xac][0xed][0xdc][0xa4][0xab][0xed][0xac][0xfa][0x99][0xe0]"'n[0x1a][0xfa][0x11][0xcc]<[0xed][0x4]L[0x11][0xd9][0xcd][0xc1][0xc0][0xa3][0xb6][0xb2]qX[0x4][0x95]`[0xe8][0x84][0x0][0xa5][0x12]\[0xca][0xbe][0xa6][0x8f][0x1b][0x93]\[0xa3][\r][0xb7]T[0xad]P[0x80][0x98][0x98]Z[0xae][0xe6][0xa8][0xdb]uyY[0xb9]i[0x85][0xd5][0x83]Oa[0xb9][0xb9][0xf5][0xc7][0x12][0xcd]|[0xaa]IY[0x1a][0x1a][0xdc][0x82][0xdf][0xe1][0x0][0x84]Rp[0xb5][0x1b]_[0x11][0x9d][0xb5]2h[0xcc][0x95][0xdf][0x9f][0x9c]t[0xe4][0xce]1rGks[0x0][0x18]o:.[0xa5]{E[0xe1][0x8e][0x9e][0xdd]b[0xdb][0xe4][0xdd]n[0xae][0xf5][0xf1][0xc]uD'[0xa5][0xd6]a[0xd8][0xdc][0x18]\mtc[0xb0][0xfe][0xc4][0x9c][0xd7][0x8d][0xdd][0x8][0x96][0x9f][0x1f]Fv*}[0x95]H[0xd7][0xf2](<[0x93][0x6]z,[0x99][0x9d][0x98][0x93]d[0x10]mj[0x9][0xe8][0xdb]qk[0xdb][0xee][0xcc][0xb8]h[0x7][0xd4][0x12]l[0x1e][0xcc][0x82][0xaf][0xc2][0xd0][0x85]B[0xba][0xc4]M[0x98]fG[0xaf]<:[0x8e][0xbf]S[0xd5]iE[0xf7][0xec][0xfc].[0xde][0xd6][0xa8]K^[0x8d][0xab]~[0xd1][0x88][0xe3]'[0xc2][0xd8][0xc9][0x17][0x8][0xab][0x8][0x2]jF[0x19][0xd8]W[0x8d][0x5][0xa1]f[0x96]Q[0x5][0xcc][0xe9][0xa6][0x91]^[0x1e][0xb1][0xd2][0xae][0xac][0x83][0xb2];[0xb5]?[0xac][0x9d][0x1c][0x1d][0xfe][0x80][0xde]/[0xb1]u[0x94]3*0[0xa0][0xe2][0xd3][0x1f]\[0x8d]@[0xd5]6[0x9c][0x90][0xd2][0x0][0x99]j[0xf]z[0x1b]3[0xed]f:[0xc9]k[0xb8][0x1e]ym1"[0xbe][0xe]l[0xdc]k[0xaa]P[0xe4][0xd7][0x8a][0xd6][0xf4]s[0xc2][0xea][0xf0][0xad]<[0xb0]I[0xee][0x8c]i[0xd7]t[0xa3][0x9f]1{O[0xad]"[0xe2]q[0xc2]wz[0xe7][0x5]:[0x88][0x2][0xd5][0x85]33[0xfe]q[0x94]>Zo[0xe0][0xe2][0x1f][0xe8]L;[0xd0][0x9e][0x80][0x89][0x9c]u[0x9c][`[0x7]c[0xf7]\{[0xf4]w[0xab]%'[0x6]GT[0x9f][0x85][0xbd]_[0xb4]V_[0x9a]^Z[0xd1]h[0x8d][0xca][0xbe][0xdd][0xcb][0x98](kT[0xd4][0xac][0xac][0xa3]S[0x89]h[0xdc][0xce]]&[0x8e]aS?[0xa5][0xd1]8[0xcc][0xe8][0x7][0xb0]f[0xb4][0x96]FX][0xa1][0xe6][0x93][0xd2][0xf9][0xa3][0xc3][0xa7]:[0xa1][0xcc][0x9d][0xb][0x9f]z[0xde][0x96][0xe6][0xf2]N[0x1d][0x16]=[0xba][0xb4]#[0x8e]>[0x91][0x1b]8[0x16]C_[0xb5][0xb6][0x81][0x8d][0xb9][0xfc]z[0xaf][0x6]E[0xf9][0x17][0xd6][0x80][0x1f][0x5][0xaf][0xdd])[0x18]I[0xff][0xa3][0xe1]-5d[0x81]W[0x8c][0x86][0x6][0xde][0x1a][0x1b]|[0x95][0x9]M[0x1c][0xc]3[0xe5][0xde][0xcd][0xef][0x1b][0xca][0x9f][0x8d][0xa4]:[0x9c]k[0x90][0xf9][0xd1]TNS[0xeb][0xee][0xec]d[0xfc][0xb7][0x83]2[0x9f][0xc3][0xb7][0xd4][0x9a][0x90]O[0xfb]h[0x9b][0x90][0xb8][0xc0]a9"
22:17:13.403 [main] DEBUG org.apache.http.wire -  << "[0x8a][0xf7]Ltm[0xe8]Qf[0xb3][0xc8][0xab]g)[0x6][0xd3]p[0xd8][0xdb][0xb7]4XF[0xca][0xa5][0xae]c[0x8a][0x8d]Rt[0xf0]%n[0xaf]O[0xe]m[0xe5][0xd7]![0xe6]T[0xc7][0x8a][0xd8][0xe6]e[0xb][0xec][0x96][0x4]m[0xfa][0xdf]A[0xc8]Q[0xb][0xb4][0xc6]~[0x8d]9[0xe]T1[0xeb][0x8e][0xac]W[0xf]^[0xd0][\n]"
22:17:13.403 [main] DEBUG org.apache.http.wire -  << "Q[0xaa]rf[0xf][0xd0][0xfa]*[0xd8][0x92][0x97][0xec][0xfd]pR%8A0[0x9b]/[0xd3]2\[0x92][0xa9][0xf8]g[0xdc][0xc2][0xc2]<a[0xf1][0x93][0x92][0xea]p[0xb3][0x1d]d[0x96]BD:[0xb8]D8k=[0xd9][0xf5][0xa8][0xb9]1[0xfc]C:71:H[0x8c][0xcf][0xf5][0xf3]6s[0x19][0xc4]#Q[0x83][0xac][0xd1][0xac][0xc1][0x9]E[0xa3][0x1][0x8c]d[0x1e][0xc7]X[0xd2]([0x96]U{[0xd8][0xfe]`d=[,[0xf5][0x96][0x9e][0x14][0xd5][0x93][0xde]Xp[0xbf][0xe1]*v/[0x1a][0xb8][0xd3]$[0x12][0xf6][0x9b]zq[0xfa][0x86][0xe3][0xac]=:[0xc3]V[0xcc][0xe1]2[0x1][0xe3]-8[0x85][0xad][0xd5][0xc7][0xee][0xbc][0x17]}W[0x85]d18[0xcc][0xc9][0xc8][0x15]Z[0x96]Z[0x11][0x12][0xa2]x[0x85][0x83]Z[0xe1][0xf4][0xe0][0x18][0x9b][0x10][0x8b][0xd5][0x1][0x8d][0xf0][0xcb][0x6](3[0x8e]_[0xf][0xa7]H[0xdb][0xe9][0xe6]|[0xfc][0x94][0xd1][0x96][0x8a]}[0xf2][0x9c][0x97]4[0xa1]$[0xbb]1c7[0xe6]T[0x3]0[0xdc]u[0xb5][0xc3][0xcb][0x8a][0x1e]a[0x99]F[0x8b]-[0x84][0xe7]N[0x19][0x8c]p'~L=[0xde]Iiux8[0x1d][0xbb]*/[0xaf][0xa7][0xf6],}[0x96]e[0x80][0xd2]BKC[0xa4]/h;mk[0xbb][0xf9]L[0xad]8[0x10].O[0xea][0xe3][0xf0][0x95]![0x8d][0xc1][0xb4]GE+[0x19][0x16][0xe1]Y[0x9e][0xd1][0x84]J[0x97][0x92]O[0xfc][0xbe][0xae]7[0xb5][0xf2][0xe8]Q[0xb4][0x2]][0xef][0x1][0xf6][0x83][0xa3][0x8e]N[0xad][0xa9][0x8d][0xa3][0xf5][0x8][0xc7]![0xc3]:[0xd6][0xda][0x1a][0xc7][0xae][0x2][0xd9][0x9e][0x7][0xe4][0x15]DQ[\r][0x19]e[0x92][0xac][0xfe]U[0xdf]B[0xbb][0x9c][0xe][0xe7][0xba]k[0xd3]B[0x16]f[0x8][0xfa][0xde][0xd9][0xe][0xce][0x83]1[0xca][0xd5]C[0xb][0x13]B[0xf0]HS5[0xa8][0x16][0xa1][0x83][0xbc][0xe1][0xa8]-S[0x1][0xce]^[0x80][0x1b][0xfd][0x1c][0x89][0x93][0x8b][0xe9]0-,F[0x1b][0xd9]V?[\n]"
22:17:13.403 [main] DEBUG org.apache.http.wire -  << "U[0xa7][0xfa][0xf4]@[0x97][0x83][0xf3]!B[0xce]i[0xaa][0x11][0xa1]4[0xb3]1[0x18]G[0xe1][0xdc]7[0xb8]n[0x9f]-n[0xc3]([0xb8]k[0xf][0xa5][0xe][0xee]=Jf?[0x87][0x98][0x83][0x93][0xb8][0xe3][0xe8][0x95][0xb2][0x9c][0xdf][0xd7]?[0xfb]S[0x12][0xae][0xd9][0xff] [0x1f]iO[0xf0]=j<[0x2][0x82][0xc4]G[0xf4]E[0x91][0xb1][0x8]l[0xe0][0xf6][0x1d]s[0x8d])[0x8]#Wi[0xcf][0xbc][0xaa][0xb9][0xed][0xdb][0xfc][0x9a][0x9e][0x19] [0xa5][0x14][0xdc]<Q([0x9][0xd0][0x86]3[0xb][0x7][0xfc][0xfc]h[0xdd][0x1f][0x1a]A[0xf4]'smz[0x8e]:[0xeb][0xd5]q[0xfa][0x92]8[0x5][0xfb][0xeb][0x2][0xaa][0x3]r[0xf2][0xb8][0xc0]%s[0x83][0xd1][0xe4][0x1b][0xbd][0x98][0xfb][0x11][0x1c]9$[0xb1][0xac][0xe8][0xb8]S[0x92][0xa2][0xc1]X[0xe9]k[0xf3][0x1][0xde][0xde]S[0xfd]Yg[0x97][0xdc]AJ[0x9f][0x9c][0xfd][0xcc][0xe7]7==[0x1e]c[0xdb][0x8d]s[0xa1]i![0xf7]W[0x8d]~[0xd8][0xbc][0x1e][\r][0x92]~)]m[0xdc][0x8f][\n]"
22:17:13.403 [main] DEBUG org.apache.http.wire -  << "c[0xdf][0x1d][0x96][0x99][0x8f]~3[0xac]Z[0xc5]V@25[0xad][0xb1]g[0x17][0xdc]!C;[0xbc][\n]"
22:17:13.403 [main] DEBUG org.apache.http.wire -  << "J[0x15]h[0xe2][0xf8]$[0xf1]<[0xbb]c>[0xab][0xe5]dE[0x0]6][0x12]x[0xb6]?[0xb4]R[0x2]rB/[0xea]b[0x80][0xba][0x9d][0x12]Y[0xf4]P[0x1d][0xcd][0xe3][0x17][0xeb][0xc9][0xf2]k][0xef][0x9a][0x1][0xdb][0xef][0xfd][0xe9][0x86]V([0x1d][0x6][0xd4][0xbc]zg[0xa9]z[0x86][0xe0]q[0xa9]*u9D[0x93][0x93][0xb9][0x1]i;[0xdf][0x9a][0xa3][0xfc][0xfc]"[0x87][0x8b][0x92][0xd1][0x6]f[0xd1]&[0x98]t[0xee][0x5][0xc2][0x97][0x94]3bL[0xa2][0xe9][0xb1][0x11][0xf3]Q[0xb6]Zj[0xd9][0xf0][0xea][0xae]E[0xaf][0x9b][0x8b]vR9:[0xd8][0x0]NN[0x95][0x11][0xce]KB[0xc4][0xd5][0xb3][0xbd][0xfe]p[0x88]G[0x9b][0x87]j[0xd6][0x1a][0xdb][0x95][0xff][0xa6][0xc7].[0xb3][0xa4][0xf4][0xcb][0x10]HT[0xa5]$Q[0xb1][0xe1]OP[0xeb][0xde][0x83][0xcc][0xf5][0x1f]h[0xe0][0xfb][0x93]2[0x8a]bJ[0xa7]"R[0xa4][0xd1]6[0x88]8,"[0x86][0xe1][0xcf][0xca][0xec][0xa0]yU[0x8f]m[0x91][0x95][0xd9][0xc9][0xe9][0xc2][0xbd][0xb5]3E[0x96]D[0xd9][0xa9][0xf9][0xfd]|[0x89][0x9f][0xcd][0x97][0xfc][\r][\n]"
22:17:13.403 [main] DEBUG org.apache.http.wire -  << "[0xde][0x8c] [0x94]uI[0x1a][0x8b][0xbe]f[0xa7]Hd[0xe6][0xc6][0x93][m[0xb4][0xb4][0xea]'[0xde][0xb][0xe4]RCjz[0xf2][0xf9][0xf2][0xf]|[0xb4]B8<[0xb0][0xcb][0xca][0xed][w[0xac]n[0xce][0x1f][0x8e]N[0xed][0xe2][0xb7]J:[0xa2]F[0xe5][0xed][0xe9][0xea][0x8d][0xa2]H[0xb5][0xeb][0x94][0x16][0xde]H#P[0x8a][0x18][0xf1]wK[0xf0][0x89]4[0xbf][0xb3][0xf9][0xd1][0xd4]z*T d[0xaf]([0xed][0xff]>[0xc4]n[0xf0][0xe4]~[0x94][0x8c]A[0xe4][0xb][0xa2][0xdc]Yav[0xa8]3q[0x4]-([0xa9][0x9d][0xed][0xe5][0xb1][0x8e]O[0xf7][0x11][0x8b][0xf5][0x9c][0xe9]_?[0xb1])[0x94]8[0xca][0xc0][0xd9]![0x92][0xfc][0x86][0xdc][0xda][0x98][0xa3]<[0xc1][0xaf]Ij:[0xe1][0xde][0x8f]]?[0xed]d:[0x1c][0x9a]S[0x9c]q[0xb5]3[0xff]L[0xb][0xfd][0xd5]|[0xb0][0xf2][0xb0][0xf4]-[0xcc][0x99]U[0x7][0x9b][0x83]@[0xc5]9`J[0x80][0xf]q[0xb4]n[0xf1][0x84]H[0x2]M[0xd5]H+1[0x6][0x81][0x0][0xde][0xf4]([0xeb][0x9f]%9[0xb7][0xda][0x1f][0xe8][0xb1][0xe6][0xaa][0xa3][0xc2][0x89][0x1c])[0xfe][0xd7]ut[0x9c][0xa3]K(2[0xd1][0xa4]-RC[0xfb][0x87]k[0xb0][0xa9]z[0xa6]a[0xf4]?H[0xe8][0xb4][0x5][0x88],[0x18]U[0x2][0x9d][0xf3][0xf6][0xc2][0xbf]G=*[0xc5][0x1f][0xf1]2[0xa9]7[0xc0][0x80][0x92][0xdc][0xd2][0xbc][0xc3][0xbf][0xfe][0xfb][0xff][0x1]:=[0x9c][0xeb][0x80]k[0x0][0x0]"
22:17:13.403 [main] DEBUG org.apache.http.wire -  << "[\r][\n]"
22:17:13.404 [main] DEBUG org.apache.http.wire -  << "0[\r][\n]"
22:17:13.404 [main] DEBUG org.apache.http.wire -  << "[\r][\n]"
22:17:13.404 [main] DEBUG io.restassured.internal.RestAssuredHttpBuilder - Parsed data to instance of: class org.apache.http.conn.EofSensorInputStream
22:17:13.405 [main] DEBUG net.thucydides.core.steps.StepInterceptor - STEP DONE: I verify that HTTP response code 200
  &amp#27;[32mThen &amp#27;[0m&amp#27;[32mI verify that HTTP response code 200&amp#27;[0m                      &amp#27;[90m# starter.stepDefinition.UserSteps.verifyHTTPResponseCode200()&amp#27;[0m
22:17:13.410 [main] DEBUG net.thucydides.core.steps.StepInterceptor - STARTING STEP: UserSteps.receiveValidDataForPostWithID1 - I receive response valid data for post with ID 1
22:17:13.414 [main] DEBUG net.thucydides.core.steps.StepInterceptor - STARTING STEP: Get.receiveValidDataForPostWithID1 - I set the GET endpoint URL to post with ID
22:17:13.414 [main] DEBUG net.thucydides.core.steps.StepInterceptor - STEP DONE: I set the GET endpoint URL to post with ID
22:17:13.419 [main] DEBUG org.apache.http.impl.conn.BasicClientConnectionManager - Get connection for route {s}->https://jsonplaceholder.typicode.com:443
22:17:13.419 [main] DEBUG org.apache.http.impl.conn.DefaultClientConnectionOperator - Connecting to jsonplaceholder.typicode.com:443
22:17:13.485 [main] DEBUG org.apache.http.client.protocol.RequestAddCookies - CookieSpec selected: ignoreCookies
22:17:13.485 [main] DEBUG org.apache.http.client.protocol.RequestAuthCache - Auth cache not set in the context
22:17:13.485 [main] DEBUG org.apache.http.client.protocol.RequestTargetAuthentication - Target auth state: UNCHALLENGED
22:17:13.485 [main] DEBUG org.apache.http.client.protocol.RequestProxyAuthentication - Proxy auth state: UNCHALLENGED
22:17:13.485 [main] DEBUG org.apache.http.impl.client.DefaultHttpClient - Attempt 1 to execute request
22:17:13.485 [main] DEBUG org.apache.http.impl.conn.DefaultClientConnection - Sending request: GET /posts/ HTTP/1.1
22:17:13.485 [main] DEBUG org.apache.http.wire -  >> "GET /posts/ HTTP/1.1[\r][\n]"
22:17:13.485 [main] DEBUG org.apache.http.wire -  >> "Accept: */*[\r][\n]"
22:17:13.485 [main] DEBUG org.apache.http.wire -  >> "Host: jsonplaceholder.typicode.com[\r][\n]"
22:17:13.485 [main] DEBUG org.apache.http.wire -  >> "Connection: Keep-Alive[\r][\n]"
22:17:13.485 [main] DEBUG org.apache.http.wire -  >> "User-Agent: Apache-HttpClient/4.5.13 (Java/19.0.2)[\r][\n]"
22:17:13.485 [main] DEBUG org.apache.http.wire -  >> "Accept-Encoding: gzip,deflate[\r][\n]"
22:17:13.485 [main] DEBUG org.apache.http.wire -  >> "[\r][\n]"
22:17:13.485 [main] DEBUG org.apache.http.headers - >> GET /posts/ HTTP/1.1
22:17:13.485 [main] DEBUG org.apache.http.headers - >> Accept: */*
22:17:13.485 [main] DEBUG org.apache.http.headers - >> Host: jsonplaceholder.typicode.com
22:17:13.485 [main] DEBUG org.apache.http.headers - >> Connection: Keep-Alive
22:17:13.485 [main] DEBUG org.apache.http.headers - >> User-Agent: Apache-HttpClient/4.5.13 (Java/19.0.2)
22:17:13.485 [main] DEBUG org.apache.http.headers - >> Accept-Encoding: gzip,deflate
22:17:13.521 [main] DEBUG org.apache.http.wire -  << "HTTP/1.1 200 OK[\r][\n]"
22:17:13.521 [main] DEBUG org.apache.http.wire -  << "Date: Thu, 13 Apr 2023 15:17:13 GMT[\r][\n]"
22:17:13.521 [main] DEBUG org.apache.http.wire -  << "Content-Type: application/json; charset=utf-8[\r][\n]"
22:17:13.521 [main] DEBUG org.apache.http.wire -  << "Transfer-Encoding: chunked[\r][\n]"
22:17:13.521 [main] DEBUG org.apache.http.wire -  << "Connection: keep-alive[\r][\n]"
22:17:13.521 [main] DEBUG org.apache.http.wire -  << "X-Powered-By: Express[\r][\n]"
22:17:13.521 [main] DEBUG org.apache.http.wire -  << "X-Ratelimit-Limit: 1000[\r][\n]"
22:17:13.521 [main] DEBUG org.apache.http.wire -  << "X-Ratelimit-Remaining: 999[\r][\n]"
22:17:13.521 [main] DEBUG org.apache.http.wire -  << "X-Ratelimit-Reset: 1681353348[\r][\n]"
22:17:13.521 [main] DEBUG org.apache.http.wire -  << "Vary: Origin, Accept-Encoding[\r][\n]"
22:17:13.521 [main] DEBUG org.apache.http.wire -  << "Access-Control-Allow-Credentials: true[\r][\n]"
22:17:13.521 [main] DEBUG org.apache.http.wire -  << "Cache-Control: max-age=43200[\r][\n]"
22:17:13.521 [main] DEBUG org.apache.http.wire -  << "Pragma: no-cache[\r][\n]"
22:17:13.521 [main] DEBUG org.apache.http.wire -  << "Expires: -1[\r][\n]"
22:17:13.521 [main] DEBUG org.apache.http.wire -  << "X-Content-Type-Options: nosniff[\r][\n]"
22:17:13.521 [main] DEBUG org.apache.http.wire -  << "Etag: W/"6b80-Ybsq/K6GwwqrYkAsFxqDXGC7DoM"[\r][\n]"
22:17:13.521 [main] DEBUG org.apache.http.wire -  << "Content-Encoding: gzip[\r][\n]"
22:17:13.521 [main] DEBUG org.apache.http.wire -  << "Via: 1.1 vegur[\r][\n]"
22:17:13.521 [main] DEBUG org.apache.http.wire -  << "CF-Cache-Status: HIT[\r][\n]"
22:17:13.521 [main] DEBUG org.apache.http.wire -  << "Age: 14956[\r][\n]"
22:17:13.521 [main] DEBUG org.apache.http.wire -  << "Report-To: {"endpoints":[{"url":"https:\/\/a.nel.cloudflare.com\/report\/v3?s=dtfzn7epQwTwEAFnWgBPKSe1mIpkODKT0McAcPxhfsAy5ZMIQYSmuHwXnpVDRdAfp%2FnAVD2x59VtH4Oj0oqMBVzmuFCDNslwljL%2Bfxo3d8Tl0bAxII3r6YQ80RSV0VYnd6yJMNRXI9d59LxHqC5P"}],"group":"cf-nel","max_age":604800}[\r][\n]"
22:17:13.521 [main] DEBUG org.apache.http.wire -  << "NEL: {"success_fraction":0,"report_to":"cf-nel","max_age":604800}[\r][\n]"
22:17:13.521 [main] DEBUG org.apache.http.wire -  << "Server: cloudflare[\r][\n]"
22:17:13.521 [main] DEBUG org.apache.http.wire -  << "CF-RAY: 7b74acb8cb4f4bc2-SIN[\r][\n]"
22:17:13.521 [main] DEBUG org.apache.http.wire -  << "alt-svc: h3=":443"; ma=86400, h3-29=":443"; ma=86400[\r][\n]"
22:17:13.521 [main] DEBUG org.apache.http.wire -  << "[\r][\n]"
22:17:13.521 [main] DEBUG org.apache.http.impl.conn.DefaultClientConnection - Receiving response: HTTP/1.1 200 OK
22:17:13.521 [main] DEBUG org.apache.http.headers - << HTTP/1.1 200 OK
22:17:13.521 [main] DEBUG org.apache.http.headers - << Date: Thu, 13 Apr 2023 15:17:13 GMT
22:17:13.521 [main] DEBUG org.apache.http.headers - << Content-Type: application/json; charset=utf-8
22:17:13.521 [main] DEBUG org.apache.http.headers - << Transfer-Encoding: chunked
22:17:13.521 [main] DEBUG org.apache.http.headers - << Connection: keep-alive
22:17:13.521 [main] DEBUG org.apache.http.headers - << X-Powered-By: Express
22:17:13.521 [main] DEBUG org.apache.http.headers - << X-Ratelimit-Limit: 1000
22:17:13.521 [main] DEBUG org.apache.http.headers - << X-Ratelimit-Remaining: 999
22:17:13.521 [main] DEBUG org.apache.http.headers - << X-Ratelimit-Reset: 1681353348
22:17:13.521 [main] DEBUG org.apache.http.headers - << Vary: Origin, Accept-Encoding
22:17:13.521 [main] DEBUG org.apache.http.headers - << Access-Control-Allow-Credentials: true
22:17:13.521 [main] DEBUG org.apache.http.headers - << Cache-Control: max-age=43200
22:17:13.521 [main] DEBUG org.apache.http.headers - << Pragma: no-cache
22:17:13.521 [main] DEBUG org.apache.http.headers - << Expires: -1
22:17:13.521 [main] DEBUG org.apache.http.headers - << X-Content-Type-Options: nosniff
22:17:13.521 [main] DEBUG org.apache.http.headers - << Etag: W/"6b80-Ybsq/K6GwwqrYkAsFxqDXGC7DoM"
22:17:13.521 [main] DEBUG org.apache.http.headers - << Content-Encoding: gzip
22:17:13.521 [main] DEBUG org.apache.http.headers - << Via: 1.1 vegur
22:17:13.521 [main] DEBUG org.apache.http.headers - << CF-Cache-Status: HIT
22:17:13.521 [main] DEBUG org.apache.http.headers - << Age: 14956
22:17:13.521 [main] DEBUG org.apache.http.headers - << Report-To: {"endpoints":[{"url":"https:\/\/a.nel.cloudflare.com\/report\/v3?s=dtfzn7epQwTwEAFnWgBPKSe1mIpkODKT0McAcPxhfsAy5ZMIQYSmuHwXnpVDRdAfp%2FnAVD2x59VtH4Oj0oqMBVzmuFCDNslwljL%2Bfxo3d8Tl0bAxII3r6YQ80RSV0VYnd6yJMNRXI9d59LxHqC5P"}],"group":"cf-nel","max_age":604800}
22:17:13.522 [main] DEBUG org.apache.http.headers - << NEL: {"success_fraction":0,"report_to":"cf-nel","max_age":604800}
22:17:13.522 [main] DEBUG org.apache.http.headers - << Server: cloudflare
22:17:13.522 [main] DEBUG org.apache.http.headers - << CF-RAY: 7b74acb8cb4f4bc2-SIN
22:17:13.522 [main] DEBUG org.apache.http.headers - << alt-svc: h3=":443"; ma=86400, h3-29=":443"; ma=86400
22:17:13.522 [main] DEBUG org.apache.http.impl.client.DefaultHttpClient - Connection can be kept alive indefinitely
22:17:13.522 [main] DEBUG io.restassured.internal.RestAssuredHttpBuilder - Parsing response as: application/json; charset=utf-8
22:17:13.522 [main] DEBUG org.apache.http.wire -  << "1b9a[\r][\n]"
22:17:13.522 [main] DEBUG org.apache.http.wire -  << "[0x1f][0x8b][0x8][0x0][0x0][0x0][0x0][0x0][0x0][0x3][0x8d]]I[0x8e][0xe4][0xc8][0x8e][0xdd][0xff]S[0x8][0xb9][0xfe][0x8b][0x9a][0x87][0xbe]A[0x9f][0xa1][0xa3][0x17][0x16][0xee][0x96]U[0x2][0xdc][0xa5]([0x97][0x94][0x88]F[0xa3][0xef][0xde]$[0x1f]'[0x93][0xc9]=[0x5]d[0x15]b[0x90]K2[0x1a][0x87][0xc7]G[0xd2][0xe2][0xbf][0xfe]5[0xc][0xff]K[0xff][\r][0xc3][0x97]m[0xa9][0x8f][0xff][0xbc]~[0xf9][0x8f][0xe1][0xc7][0xe3][0x7]c[0xfe]f[0x1d][0xd7][[0xa5][0xef][0xbf],[0xdb][0xb4][0xe]e[[0x87][0xaf][0xe5]R[0x1f]ux[0xd4][0x8f]z[0xbb][0x95]u[0xf8]x[0xcc][0xdf][0xc6]k[0xa5][0xdf][0xce][0x97]K[0xa9][0x97][0xb2][0x8e]C[0xfd][0xbc][0xd4][0x8f]u{[0x8c][0xc3][0xfc][0xb1][0x8e]3_[0xfc][0xa8][0xd7][0xe9]Z[0x1f][0xe3][0xfa]Eo[0xfd]>_[0xff][0x87][0xef][0xfc][0xcf]6[0x96][0xa1][0xae][0xc3][0xb2]-[0x97][0xf1]c\[0xdf]&[0xfb][0x8a]>w[0xd9][0x96]2]K[0x1d].[0xf3][0xb4][0xd4]6z[0x8b][0xed]A[0xf7][0xff][0xa8][0xd7]q[0x95][0x8f]][0xb6][0xfb][0xdb][0xd4]<`[0xb8][0xcf][0xb7][0xba][0xac]#}[0x8a][0xde][0x97][0xfe][0xfd][0xb3][0x95]eX[0xe7][0xb5][0xd0][0x95][0xd3][0xbc][0xac][0x8f][0xed]N[0xb7][0xe6][0xff][0xd3]e[0xbc][0xa8]z[0x1f]d}[0xf][0xfa][0xa2]~[0xab][0xd3]H[0xf7]-[0x8f][0xcb][0xdf][0xe3]Z/[0xeb][0xfc][0x85][0xde][0xf7][0xff][0xfe][0xfd]=[0x89][0xfd][0xb4][0x97][0x18][0xad]K[0xee]_[0x97][0xa5][0xee][0xd7][0xcc]?[0xc7][0x1b][0xd0][0xb3]?f[0x92][0xe7]7ZN}[0x93]5[0x8e][0xc3]2[0xd2][0xcb]L[0xe3][0xdf][0xe3][0xad][0x15][0xdd]p[0x9d]o[0xf3]cx[0xaf][0x85].[0x1e]j[0xc1][0xf7]u[0x19]&[0xfa][0x18]}[0xfa][0xeb][0xf6][0xd7]H[[0xf2]~#[0x99][0x8d][0xeb]8.[0xc3][0xb7][0xf9][0xb6]}[0xac]e[0xad][0x3]=[0xe5]1[0xf][0xdf][0xea]Mo[0xdc][0x8][0xe9]Q[0xc7][0xcb]H[0xf][0x19][0x97][0xb7][0x89]_"
22:17:13.522 [main] DEBUG org.apache.http.wire -  << "[0xa0]|[0xd0][0xe3][0xca]}[0x98][0xe6]i[0xb8][0xd6]w[0xba][0xd7]B7X[0x96][0xf1][0xbe]-[0x3]_ [0xf][0xa4];-[0xf4][0xe5]FzpNF?[0xef]eDK[0xb0][0xf7]Xd[0x9b]Xw[0xea][0xe3]B[0xc2] [0xbd][0x99][0xea]=[0xf4][0x8c][0x9f]:~,[0x85][0x84]#{[0xd6][0x89]t[0x1d][0xc6]mY[0xe7]a[0xa9]W[0xba]x[0xa6][0xef][0x1e]$[0x12][0x17][0xc0]=[0xe9][0xe7]|[0xa7]7[0x1f][0xea]m[0xfc][0x8b][0xd7],j][0xae][0xcd][0xb5]"[0xd8][0xf1][0x9d]V[0xcb][0x12]+[0x17][0xd1][0xc3]u[0xa4][\r][0xa3][0xf7] Y[0x14][0x12][0xf]i[0xe2][0xdb][0x14]b[0x84][0x80]+[0xbd][0xc4]0_I[0xe9][0xe9][0x85]n[0xe5][0x9d][0xf7][0x96][0xbe][0xa2][0xbb][0xe8]k[0x9f][0x12][0xd4]/[0x9d][0xa0]XYW[0xd1]'_[0xc6]^[0x2][0xbc][0xf]r[0xd5]RHhiO[0x87][0xb4][0xb0]r%[0xcb]"[0xf3]"U[0xe3][0x17][0xba]W3[0x80][0xb2],[0xdb][0x9d]./[0xc9][0xa2][0xa1][0xa2][0x97][0xed][0xf6]QD/[0x96][0xe1][0xef][0xf1]B[0xa6]x[0xbf][0xd3][\n]"
22:17:13.522 [main] DEBUG org.apache.http.wire -  << "I[0x7][0xe8]>f6k[0x9d]*[0x9b]&4[0xf2][0xce][0xda][0xc1][0xbb]u[0xd7]m[0x90][0xf][0x8b][0x8d][0xa5]w[0xc1][0xed][0xc7][0xdb]m[0x86]|[0xce][0xc9][0xe6][0xd7][0xbd]l[0xfc]=[0xc4][0xce]Y[0xf6]{[0xc9][0x90][0x12]m[0xd7][0x11][0x8e][0x84][0xcd][0xbb][0xf0]6[0x96][0xfa](+[0xde][0x89]T[0xe6]m*7VBqq0#U4v[0xe][0xa4]R$[0xfa]V[0x9b]D[0x87][0xdc]([0xd8][0xca]}m[0xa2]8[0xbc][0xe4][0xb7]I=L+[0x1f][0x98][0xcf][0xb9][0xe5][0xfe][0xb6]_[0xae]Jx`[0x95][0xb8][0x97][0xbf]&2[0x99]yq[0x8b]eo[0xda])[0x6][0xbd][0xc2]B[0xbf][0x9f]Xei[0xfb][0x1e][0xa4][0xaa][0xbc][0x97][0x85][0xc5][0xf]o[0x0][0xad][0xf6][0x8d][0x17]7$[0xca]M[0xdb]B[0xee]y[0x9a][0xdf][0xe9][0xf7]$![0xfa][0xf1]5\[0xc7][0xdb]Dw]>H[0xcf][\n]"
22:17:13.522 [main] DEBUG org.apache.http.wire -  << "{[0x8]VP[0xba][0xb6][0xde][0xe7][0xa1][0xbc][0xef]<WkBeI[0xb2]t/[0x6]#[0xa9]kV"[0xd6]9i[0xfd][0xbe][0x97][0x16]K[0x88][0xc4]BQk[0xbc][0x8d][0xb][0xf6]s/[0x1f]<n[0xf8][0xb8]Qh[0x83][0xa7][0xa1][0xfd][0xbb][0xb2]-[0x15][0xf1]$[0xea][0x9b]!l[0x91][0x14][0xe9][0x90][0x88][0x1a][0xdf][0xf1]5X[0xf5][0xa6][0xc6]'[\n]"
22:17:13.522 [main] DEBUG org.apache.http.wire -  << "[0xcd][0xee]+B[0xa2][0x4][0xa4][0xb1]p[0x98][0x9b]$<[0xc1][0xe7][0xf3]&[0xd2][0xf3][0xe0][0xbd][0xca]rn[0xb9]<S[0xe]][0x12]k[0x9f][0x98]a[0xb7][0xe4][0x91][0xd6][0xc2][0xaa][0x9b]T[0xc7]>+o[0xc3]Q[0xd5][0x84][0x16][0x2])[0xb4]n[\r]O[0x1e][0xa4]=`[0xb9]-HH6[0x3][0x83][0xd4][0xee]e[0x94]-v1[0xbc]Mp[0xf][0xb4]~[0xf3]'0[\r]S[0xb][0xd6][0xee]Y[0x9d][0xb3]l[0xc0]9[0x89][0xfc][0xf9][0xd4];[0xb0]#R[0xab][0xb5][0x95]"[0xf8][\n]"
22:17:13.522 [main] DEBUG org.apache.http.wire -  << "[0x8c]H[0xfa][0xb9][0x97][0x95]@[0x8f][0xcb]*[0xe6][0xb][0x1][0xb4][0xf7][0xc4][0xdd][0xc8][0xd4]U)[\n]"
22:17:13.522 [main] DEBUG org.apache.http.wire -  << "[0x82][0x9][0xfc][0xc][0x1c][0x8]@[0x88]|[0x7][[0xa2][0xab]WC[0x1f][0xac]?W[0xf9]"[0xc]P[0xa5][0xa0][\n]"
22:17:13.522 [main] DEBUG org.apache.http.wire -  << "[0xeb][0xdf][0x9e][0x93][0xc1][0x8f]?[0xec][0x85][0x0][0x18][0x16][0xa1]v[0xbc][0xe2]Ek[0xbf]ZVf~7[0x83]X[0xb2][0x9][0xb4][0xa3][0xc3][0xfc][0xf5]+[0x1b][0xba][0x4]D[0xd9][0xd4][0xb7])[0xa2]$+A[0xf2][0xb2][0xbc]|[\n]"
22:17:13.522 [main] DEBUG org.apache.http.wire -  << "[0x86][0x82][0xf][0x16][0x86]tt[0xd7]%\/-[0x97][0xf5][0x1c]2[0xbf]K[0x90]}H[0xc8]'[0x5][0xa1] [0xfa]x[0xba][0xcc][0x9f][0x9a]ev [0x15][0xe]H[0x1e]-[0xcb][0xbb][0x95][0xed][0xaa]>[0xe7][0xd8][0xf0][0xeb][0x8d]6[0x96][0x9e][0x9f]be[0x4][0xf4][0xc0][0xb][0xc][0x83][0xee]#moqx[0xc8][0xb][0xce][0xee][0x9e][0xe2][0x87][0xaf]f[0x9c][0xc4]9+L[0x93][0xf5][0xb3][0xd0][0x2]7[0xb9][0xeb][[0xb2][0xfe][0xb][0xc2][0x99].[0xe3][0x95]4[0xeb]mb[0xa7]-[0xca][0xa6][0xbf]>)[0x93][0xe][0x86][0xd2][0xcb][0x84][0xfd][0x1a][0xda][0xa4][0xfb]A[0xfd][0xd4][0x12][0xf6][0x82][0xa1][0xcd][0x90][0x8][0xe][0xb5][0x84][0xf]%g[0xff](u[0xa9][0xe][0x83][0x8a]:|[0xdc][0xc][0xa2]7[0xb5][0xad][0xc][0xe3][0xcb][0x7][0xc9][0x94][0xfc][0xbb]\[0x8b]8#[0x80]#[0x4]+[0xbf][0xa1][0xa7]D\%[0xbf][0xa0]"[0xe0][0xfb][0xc9]+[0x8e][0xb4][0x1d][0xd3][0x85][0x15]Xb[0xfb]99tPSV[0xba][0x89])[0x92]H[0xfc]E=[0xc4]9nb[0x3][0x10][0xc9][0xef][0x85][0xc2][0xa2][0xb8][0x8e][0x17][0xb2][0x9][0xf7]t[0xe2][0xf7][0xfc][0x16]~[0xd3][0xd8][0xd1]9[0xc5]2Z[0xda][0xb2]r&[0xf3]x[0xd0]e[0xe3][0x13][0x80]&[0x0]R[0x90][0x11] [0x1a][0x99][0x1e]o[0x85][0x18][0x8d]#V[0x1][0x96][0xec]!E)%[0xc][0xa5][0xac]L[0xee][0x95][0x92][0xa6][0xc0]t[0xd9][0x87][0x1][0xa8]F~[0xc3][0x11][0x82]q[0x98][0xc4][0x89]s[0xd2][0xed][0xf0]i^[0x80][0xbd][0xa4]8[0x9d][0xbd][0x10][0x9][%[0xcb]2[0xb4][0x8d][0xc9]k[0x0]&Tqr[0xd2]6eL[0x0]#B"Jv'[0xbe][0xcc]o[0x13][0xf6][0xb][0xfb][0xe3][0x9c][\n]"
22:17:13.522 [main] DEBUG org.apache.http.wire -  << "j[0xec][0xdb]#[0xa9][0xa0][0xc0];z[0xce]vv[0xcd][0x1d][0xee][0xc]W@[[0x3][0xcb]b;;[0x0][0x9f][0x9][0x7][0x89]#T[0xa4]!n[0x81][0xf3]U[0xb8][0x16]s[0xb0][0x6][0x87][0xc6][0xbb][0xb8][0xe0][0xec]W[0xd3][0xea][0xc4]"}Ii[0xd3][0x5][0x92][0x98]g{[0x9b]pW[0x87]{[0x8a]m_G[0xd4]v[0xe1][0x1d][0x2]m[0xe3][0x3][0x1][0xb1] [0xdb][0xb][0x5][0xf8][0x9c][0xb5][0x89][0xc6][0x8e]3[0x87][0xfc]#[0x84][0xee]wc[0xb0]&aC[0xcc]P[0x91][0x9][0xed][0x1e][0xed]3CXE[0x11]$C^[0xc8][0xea][0xb8]b[0x8f][0xbc]K[0x83][0xd5]E$H[0x8f][0xe0]d[0x7][0x80]}81[0x6][0xf6]J/[0x8]@V[0xc4]bV[0x1d][0x9a][0xca][0xe0][0x96]_-!Wv[0x7]'[0xc5][0xd8]AS[0xac][0xc0][0xb7][0x90][0xd5]4"tz{G[0x5]][0xca];/[0xd9][0xe3][0x8a][0x92][0x8b]3f[0xa0][0xcf][0xaf]+N$A1[0xbe][0x94][0xf8][0xb3]D([0x8a][0x93]SH[0x1e][0x87][0xa4]{P8[\n]"
22:17:13.522 [main] DEBUG org.apache.http.wire -  << "*@i[0x8][0xfd][0x95][0xc0]\l[0xf2][0x86][0x7][\n]"
22:17:13.522 [main] DEBUG org.apache.http.wire -  << "[0x94]8[0xeb][0x95];[0xbc][0x1a][0xa2][0xe4][0xfc][0x1d]QG[0xe2][0xb7]A[0xb3][0xc0][0xff][0xfb][0xc5][0x87][0xf5]i[0xaa]eN[0x11][0xe6][0x9d]w[0xd4][0xfd][0x87][0x84]UE^[\r]\[0xe1][0x1f]$[0x91]s[0xb8]6[0xde][0xa3]Z[0x0]<[0xb9][0xc6][0xe][0x81]Z[0xca][0xed][0x9][0x86]x[0x1d][0x11]^[\n]"
22:17:13.522 [main] DEBUG org.apache.http.wire -  << "[0x1][0xb4][0x86].[\n]"
22:17:13.522 [main] DEBUG org.apache.http.wire -  << "[0xcb]u[0xa2][0xbc][0x97][0xed]cd8[0xc6]DNdic[0xc4]fM[0x1d]D[0x5][0x18][0xe3]:[0x0]5[0xb][0x81][0xfa]g[0xa9][0x94]U[0x82][0x92][0xbf][0x9e][0x90]&[0x1c][0xa1]"
22:17:13.523 [main] DEBUG org.apache.http.wire -  << "[0x1c][0xfb]-[0xe6][0xb0][0xbe][0x8b]?[0x1b][0x11][0xfc][0xd4][0xe1][0xcf][0x0][0x8a][0xe4][0xad][0xd3][0x2][0xcc][0xea][0xcb][0x11]+[0xd8]r~[0xd7][0xed]"!7[0xd3]P[0xb]@5c[\n]"
22:17:13.523 [main] DEBUG org.apache.http.wire -  << "[0xfa][0xd9][0xc8][0xe9]iM[0xf4]![0x2][0x1d][0xf2][0xc][0xbe][0x88][0xa4]4g[0xac][0xe9][0xae]q[0xc7]9[0xf1][0xee][0xc3]8[0x5][0xaf][0xd7][0xb]%[0xf7][0xa3]9[0x17][0xe5][0x11][0x91]H(A[0x92][0x84][0xea][0xb2][0xd3][0x4]P[0xc3]7[0xfd][0xf8]6^HA[0x9f]J[0xf0][0xe7]F[0x82][0x1d][0xb4][0xcd][0xde][0xaf][0xe8][0x9a][0x1a][0xa7]'[0x80]C#[0x89][0xf8]5[0xf6][0xd2][0x7][0xb1][0x8][0xe9][0xa8][0xa5][0xf2][0x19][0xd2]E[0xfe]7#h[0xc2][0x90][0xe8][0x9e]t{6![0xd8]'[0x85]cq[0x9]Jn[0x85];[0x91]|[0x16]I[0x9c][0x19]'[0xd3]E)4A%[0xdf][0xa6][0x94]w[0x19]/[0x12]:Gw9)[0xa4][0xe][0xeb][0xe2][0xe1][0x12][0x9e]$|[0x18][0xa3]`[0xc2]W$[0xda][0xa7][0xc3][0xac][0x17][0xe2][0xf5][0xd6][0xc][0x86][0x92]~r[0x0]b[0x91]`[0xdb]Y[0x18][0x1c][0xc5]H[0xa1][0x9c][0x89].[\n]"
22:17:13.523 [main] DEBUG org.apache.http.wire -  << ">[0x10]4B*B.[0xb2][0xa5][0x9]M[0x16]$7[0x7]:[0x8b][0xf0]B[0x11][0x9f][s[0x87]k[0xef][0xe5]s[0xbc][0xb]T[0x97][0x98][0xae][0xfe]zb[0xb5][0xeb][0xd7][0x19][0xba][0xbf][0x91][0xdb]W e[0x80][\r]9[0xbb]f[0xa3][0x81][0xe][0xc1]n[0x88]c[0x6][0xf]"[0xa4][0x2][0x3]4v[0xf][0xb6][0x95][0x9][0x9e][0xc1]t[0xf8]6[0xc8]r[0x85][0xfd][0xf4]lH[0xc8][0xe]8#[0xd1]1[0xdd][0xff][0x8c]"N[0x8a][0xa2][0x3][0xa1][0xc8][0x95]Y[0xe7]T7C#[0x19]Ni^[0xd1][0xed]=[0xa7][0xed][0x92][0xf1][0x82][0xca]6[0xdb][0xf6][0xc8]*J#|X[0x8a][0x10]Mx[0x81][0xb0]aT[0x5][0xb5][0x4]Rr[0xb1][0x9e][0xa4][0xfd][0xb4]E[\r][0xed]"[0xd4][0xcf]uH[0x96]m[0x91][0xf8][0xa4][0x0]:D[0xca][0x1a][0x6]d[0x93][0x92]&[0xb][0x90][0xc7]tq^[0x7]+9[0xd6][0xe][0xba]v[0xc4][0xce]e7[0xc][0xda]&0>[0xac]%[0xb4][0xbd][0xae]F[0xae]s[0x1e]?h[0xb5]%[0xd3][0xe4][0xa2]9[0x96][0x87]Z[0x16][0x19][0xaf]{r[0xe9][0x1d]&[0x95]J[0x8b][0xb0],[0x9a][0xdd][\n]"
22:17:13.523 [main] DEBUG org.apache.http.wire -  << "v[0x99][0xa7][0xe]hZ[0x9c][0x0]c[0x1b][0x81]I[0xf3]S[0x3]{&[0x9]s[0x8a][0x2][0x9d][0x9a][0x80][0xd4][0xe2]z(}[0xda][0xed]H[0x8]v,[0xe9][0x5]Ihp[0x13][0xf6](I[0xb5]]N,yFB'[0x5][0xd2][0xa1]KTSH[0xe7]X[0xb5]I[0xdd][0xcc][0xd0][0x94]p:&D[0x98][0xb6]`[0x9d]t[0x9b][0x81][0x1b]l[0xd8]=[0xc3]E[0x9e][0xc5]3[0x82][0xc4][0x8f][0x94][0x11][0x95][0xec][0x9f][0xe9],[0xc5];[0xb0]0q[0x90][0xe]Q[0x95][l[0x91]wd[0x1]m[0xcc]E[0x98][0xe5][0x17][0x1b][0x19][0xd6][0xac][0xac]:![0xdf][0xac][0xc3]'[0xa5][0xd5][0xf3][0xa6][0xc6][0x4]y[0x11][0xc5]irq[\n]"
22:17:13.523 [main] DEBUG org.apache.http.wire -  << "[0x19][0xa6][0x1f] 5[0xe][0x8][0xaa]}[0xf]!{[0xa1][0x88][0x4]v[0x14]~1{[0xc][0x1b][0xcf]*"[0x1e][0x82]E[0x92]*v[0x1e]B[0xa4][0x9a][0xc1][0xd6]"[0xb2]lb}[0xa6]KB[0xa1][0xad][0xb4]Y_[0xa4][0xb4][0xad][0x18]:[0xa8][0x8a][\n]"
22:17:13.523 [main] DEBUG org.apache.http.wire -  << "[0x9a]P[0x10][0x12][0x6]v[0xfb] [0x95] [0xda][0xc9][0xfd][0xf2]eG[0x95]i7[\n]"
22:17:13.523 [main] DEBUG org.apache.http.wire -  << "\[0xb6][0x8b][0xe5]"[0x9e][0xd3][0xc2][0x4]"[0xa1][0xd8]Z[0xc3][0x98][0x9][0xd2][\r]c[0x14]'[0xa1][0x88][0xdd]}M[0xce][0x83][0xfd][0x89]c ?y[0xe2]es[0xc8]{N[0x8]?w`[0x15][0xa4][0xff][0xfe][0xe6][0x89][0x9e][0xe8][0x88]![0xb8]\[0x1][0x1f][0xc0]{[0xe4]&5[0xb4][0xa7][0x9d][0x15]%Q`$[0x15]B[0x84][0xee][0xb7])]#XV[0xe5]?.[0x1e]][0xc1]*o([0x9a]qN[0x97]@t[0xe3]\[0xa4][0xfc][0xf3]l[0xdd][0xbf]4[0xeb][0xee] &T[0x1f][0xe5][0x9][0x86][0xae][0xca][0xfe][0xed]C@O[0xa2]j[0x9e][0xc4]o[0x8d][0xf2][0x85][0xd1][0x8d][0xba][0xfd]KC?)[0x8a]0[0x1][0xe1]yM[0x1c][0xb2]Df[0x9c][0xbc][0x8e][0xc2][0xb1][0xc8][0xf5];[0xd2]~[0xcf]]4[0x97]1[0x3]<(xf[0xf5]9)[0xa1]c|[0xa9][0xc5]M[0xe4]p[\n]"
22:17:13.523 [main] DEBUG org.apache.http.wire -  << "[0xa3][0x97][0x3]\[0xe1]i5{_-[0xa0]%[0x10]/[0xe0][0x18]`[0xca]$[0xe8][0xe8]<q[0xd0][0xcc][0xa1][0x19][0xe2][0xb6]$|[0xc3]=[0x15]Q[0x85][0xb8]S[0xd0]w[0xb7][0x3][0xb7][0x9b][0x8]g[0xe5][0x9]\,\[0x82]oI[0x94]E[0x15][0xf3][0xa4][0x94]:D*[0x11][0xc0]!w[0xac][0xe5][0x9][0xd7][0xc][0xe7][0x8e][0xbc][0xdc][0x90][0x94][0xa5][0xf2][0xce]S[0xb][0x89][0x8e][0xaa][0x5][0xc2][0x11]t[0x83]C[0x9c][0x5]6[0xc3][0x14]F[0x1a]%[0xc][0xd2][0x87][0xdb]D[0x1e]^[0xc8][0x18][0xd5][0x95]g[0x82][0xf5][0xe4][0x8a];[0xe0][0x19][0xae]O[0x19][0xaf][0xed][0xd1][0xf3][0x15][0x96][0x8d]d[0x9e][0x13][0xbb][0xb3][0xb5][0xdc][0x83]S"[0xc6][0xc2][0xb3]S6<i[0x9d][0x7][0xb2][0x1e][0xb0]1[0x7][0x1f][0xb5][0xba][0x13][0x9c][0x98]s)[0xc8][0xe][0xf9][0x93];b]z>[0x9c],N[0xdc]l[0xc2][0xab]FOz[0xf1]Kt[0xfa][0xa4][0xc8]:[0xa8]J{[0x9][0xa5]n[0x98]7[0xa7][0xbf]P[0xfa]x[0xca]|[0x9][\r][0x7][0x88][0xe9][0x91][0xdb][0x1][\n]"
22:17:13.523 [main] DEBUG org.apache.http.wire -  << "[0xab][0x92][0xc5][0xc]u6[0x8e]Df[0xe3]A[0x13][0xa1]be[0xce][0x16][0xd0]%Y[0x1a][0x91][0x8c]*[0xa5][0xf2][0x10][0xc2][0x96][0x88][0x13][0x8][\n]"
22:17:13.523 [main] DEBUG org.apache.http.wire -  << "[0xce][0x13][0xa9][0xaa][0xd2][0x81][0xe3][0x16]lxRP[0x1d][0xb0][0x15][0xe0][0xc9][0xda][0x95][0xaa]e[0xc1][0xfa]:}[0x4]][0xe9]"[0xd3][0xb5])p[0x0]g"[0xa1]O[0x19][0x1e][Y[0xe2][0x92]s[0xf5][0x1d][0xc9]%[0xca][0x96][0x13][0x98]\[0xd1][0x15][0x89]x[0x96][0xce][0xa7][0xf8][0x5][0x84]P[0xb4][0xc6]m[[0xc][0xb][0xd3][0xce][0xb1]\[0x0][0xd2]n[0xa3]`([0x91][0x10][0x88][0xda][0xb3][0x93]RSv[0xd4]wR[0x88][0x1d][0x18]N[0x85]U[0x8a]f[0x1b][0xa8]3s[0xa7][0xa4]rOc[0xda][0xaa]/#[0x19][0xbf][0x1a][0x80][0x0][0x1b]3[0x2][0xb7]G[0xba]q[0x93] [\n]"
22:17:13.523 [main] DEBUG org.apache.http.wire -  << "[0x93]&T[0xa6][0xdc][0x84][0x8c][0xd5][0xb2][0xc4]-UW[0x91]?[0x1]b[0xb2]]&G[0x8d][0xcd]j[0x8][0xbb]M[0xb1][0xb4]{0)[0xee][0x81][0xd5]>)[0x9a][0xe][0xf9][0x86][0xa7][0xd6]D[0x81][\r]j[0x1a][0xa5][0xea][0x89]x[[0xde][0x19][\n]"
22:17:13.523 [main] DEBUG org.apache.http.wire -  << " 8[0x91][0xb2][0xf5][0x15][0xe][0x18][0xab][0xe4]S[0xda]3[0x83]xm2[\n]"
22:17:13.523 [main] DEBUG org.apache.http.wire -  << "[0xcf]R[0x93][0xb9][0xc8][0xde][0x97][0x16][0xd8][0xc6]>A}Z[0xf8][0xc9]R[0x84][0x83][0xcd]P[0xb0][0xb9][0xb][0xb7]>[0x98]C[0x8][\n]"
22:17:13.523 [main] DEBUG org.apache.http.wire -  << "O[0xcb][0xdd][0xf4]i[0xdd]r[0xd4][0xc3]y[0xb5]@[0xbc][0xca][0x95][0x8a][0xdf]>'[0xc7][0xe]:[0x8b][0xe8]4Y[0x94][0xbd][0xcf][0x1d]/[0x92][0x9d][0x16][0x84][0x99][0x9e][0x95][0xf1]T[0x3][0x8b]3"
22:17:13.523 [main] DEBUG org.apache.http.wire -  << "[0xf][0xc3][0xaa][0xca][0x2]K7[0xe2]4[0x2][0x16][0x19]&S[0x94][0xe7]t[0xff]'OW[0x12]X[0xb8][0x9a])[0xf6]4![0x10]q,BlEnc[0x15][[0xe1][0xbf][0xd1]B[0x2]o[0x91][0x15][0xdb][0xeb][0xb3][0x9f][0xe7]d[0xf5]K[0x87][0xb0][0xb5]SbV[0xcf]p[0xd0][0xaf][0x94][0xba]@[0xc]c)q[0x80]`/[0x91][0xf][0xf1][0x9b][0xef][0xe3][0xd9]$[0xec][0x89][0xf7][0xc0][[0x1e]"[0x9b]j[0xec]3[0xab]"r[0x14][0xa1][0xc4][0x1a][0xee]G[0x96][0xbb][0x9]O[0xc1]HCe[0xef][0x9f]zU[0x13][0xf8][0xb5][0x91]@[0x87][0xb5]%[0x17]X[0xac][0x9b]v/[0x80][0xa6]Q[0xc3]9[0x94]h![0xda]c[0xaa][0xc1][0xd8]h7[0xd1][0xe8]oC;R[0x6][0xe0][0xa2][0x1f][0xf6]{[0xa7][0x5]B1R[0xc1][0xeb]S8[0xa1][0x9][0x1e][0x86]q[0xb8][0xe0][0x6][0xd5]O[0xb0]k[0xea])[0xe5]9'[0xa5][0xd1][0xe1]j[0xab][0x97]+-[0xc8][0xf8][0xae][0xe6][0x96])D[0xfa][0xf0]T[0x99][0xb5][0xf6][0xd2]D[0x9f][0x93][0xce]CSb[[0x93]m9[0x1b][0xa1]kr[0xa5][0xce][0xa9][0xf5][0x8c][0xea][0xab][0xc7][0xd8][0xcc][0xef][0xa9][0xf2][0xc1]s[0xab][0xdd][0xa3]P[0xdd]4Hc3[0x92]Wo[0xfd][0x10][0xb0][0x8][0x88][0xdb][0x17][0xbd][0xa1][0xad][0xf8][0xfa].Zg[0xe3]xg[0xcd]m7dU[0xd4][0xa0][0x92][0xe8][0xd8]Ik[0x12][0xf1]"[0xbb][0x8d][0x14][0x18][0xd2][0x94]z)[0x90]O[0x8d]R/VR[0x93][0x0][0xdd][0xe1][0xb1][0xe2][0xb0][0xf6]65[0x16])+MB@b[0xef]s[0xf7][0x18][0xd2]cc[0xb2][0x85][0x93][0xb5][0xe7][0xec]n[0xa3][0xc8][0x9b][0x14][0x95][0xf3][0x9a][0x96]J4[0xdd]<)[0xd6][0xe][0xd5][0xc3][0x83] [0xad][0xf][0x8b]\[0xfa][0xe][0xf6]DE[0xb1].e[[0xf3][0xde][0xb0]u[0xb8][0x8d][0xef][0x8c][0x6][0xcc]`[0xc0][0xef]qB[0x90]J[0xe3][0xd0][0xe]8[0xb1][0xc8][0xeb]$}A. N[0xfb]Q[0xb5]$^e[0xc5][0xe6][0xa1][0xc0][0x90][0xa9][0x93][0xda]v[0xf8][0xfe]E[0xd2][0xdb][0x8a][0xa1]C[0xea][[0xa4]e[0xbe]G[0xca][0xf1]J[0xc6]o[0x9c]]j[0xb6]:[0xcc][0x16][0xab]K'[0x8b][0xc2][0x16][0xfb]m[0x9b][0x1e]8V[0x19][0xd7]0i[0xf1][0xd7][0x81][0x3]C\[0xa2][0x88][0x80][0xd9][0x8e][\n]"
22:17:13.523 [main] DEBUG org.apache.http.wire -  << "[0xdc][0xe4],[0x14][0x83][0xe6]<[0xb7][0xf4][0xe]{[0x1b]W[0xaa][0xed][0xce][0x99]dSG[0xd2][0x15]X[0xda][0xa6][0x3][0x91][0x1a][e[0x84][0x1e][0x90][0xcd]"[0x8][0x87]q[0x96][0x81][0xb8][0x1f][0xd1][0xb6][0xd2][0xa2][0xc],[0xfa][0xc7]j[0xe3][0xc9][0xd0][0xc4][0xc0][0xd6]uru[0x7][0xc][0xb1])[0x98][0x2]t[0x95]W[0x94]![0x9e]/. [0x9d][0xf2]7[0xdc][0xc7][0x16])[0x95][0x80].%x,KH[0xed]t[0x1c][0xbc][0x9b][0xdc][0x89]o[0x99][0x9][0xf1]}[0x13][0x8f][0x8d]k[0x14]([0xfb]B[0x9f]ZK[0x8a][0x8c][0xe6][0x0][0xb3][0xff]9)[0x96][0xe][0x10][0xb7][0xd9][0xb8]:[0xba][0x92][0xc9]I[0x98]"[0x1][0xbe][0xa7][0x2]Bz[0x98]nc;[0x8c]&[0xd4]Hd[0xba][0xc0]e[0x99][0xf9][0x89]",:[0x1e][0xdf]P|[0x4][0xc7][\r][0xce]q[0xcf][0x83][0x1b]][0xd4]v[0xaf][0xca][0xa6][0x18]a[0x98][0x87]o[0xce][0x9][0xa5]C[0xb7]F[0xc8]p[0x80][0xf3]Q[0xa0]-C[0xfb][0xb6][\r][0xe8]IP[0xe][0xfa][0x9e]V[0xc1]q[0x9e][0xc1]E`uF;[0x12]P[0x11]\S[0x8a]j][0xea][0x2]ZP[0xc7]7[0xe4]B[0x86][0xa0][\r][0x97]Q[0xdd][0xa4][0xd7][0x14]#R[0xfd]vC[0xcb]m[0xf0][0xd0][0xf9][0x92][0x1a]0_[0x8d]g4[0xf2][0xf9][0xb5]C[0xb4]-[0xf4][0x1a][0x9b][0xb2]_[0x7]-[0xe2][0xdd][0xf9]R[0xf5][0xa5]M\[0xeb][0x9c][0xa7][0x0] w[0xb5][0x96][0x4]XP[0xdf][0xd5][0xa5][0xec][0xd1][0x9][0xd9]g[0xb][0xd1]RY[0xbc][0x8e]fb)^[0xd0][0xee][0x8][0x13][0xed]M[0xdc][0xb9][0xc0][0xa7][0x9c][0x8a]?[0xdd][0xc]][0x11]QLc[0xb4][0xc4][0xef]S[0xd1][0xfe][0xd6][0x88][0xb6][0x9f]<[0x83][0xb1][0x1b][0xf8]2N '[0xc6][0x92][0x1a][0xc8][0xf3][0x9e])^S[0x9][0x16][0x1f]g[0xe6][0xac][0xd0]"[0x97][0x2][0x9b][0x8d][0xb2]N[0x5][0xbb][0xe][0xed][0x1c]+[0xba]$[0x18][0xab]$[0xe4],[0xfd][0x9a]][0xf4][0x1e]~[0xda][0x95][0x1f]O[0x90]iu[0xba][0xd9]b[0x94][0x3]$[0xeb][0xce][0xab]^[0x13][0x19][0xdc]Y[0x1e]*;K[0x1e]o[0x10]0!Qf[0xbf][0xcf][0xdc][0xce][0x8c]Gk.[0x9f]r[0x2][0xfa][0xa9][0xd5]s[0xe0][0xe][0xe5][0xce]9[0xdb][0x8d],>,[0xf8]m[0xd2]}[0x14][0x9a]`[0xdf][0x13][0xe9][0x1d][0xad]'E[0xd5]A[0xe0](j:[0xc4][0x17][0x8e][0xaa][0xcb][0xac]@[0x81][0x2][0xad]f,\[0xb7]f[0x1e][0xc9]p[0xdb][0x93][0x99]4q[0x85][0xd2][0x12]-[0xa9][0xb7]l[0x2][0xf0][0x1][0xd4]"s[0x9a][0x92]?[0x3]Ej[0x12][0x15]~j[0x1][0x8f]:[0xa5][0xdc][0xc6][0xe1][0xf6]IQt[0xb0]U[0xb6]+t[0x12]%[0xdc][0xa6][0xee][0xa4]e[0x99][0xae][0x8c]g[0x8d]s[0xca]F$[0xf2][0x97]<[0x89][0xe4]([0x86][0xaa][0xb6][0xdc][0xc4][0x9d]j[0xe6][0x84][0xd8][0xb4][0x3]T![0x4]:@[0xf6][0xed]U[0xdc][0x95]e^[0xd1][0xdb][0xa1]-U?[0xb9][0xee][0xe][0xa7]Z[0xbb]B[0xce][0xf1]!\ [0xef][0xa7][0x1c]_[0xa4][0x99][0xa5]![0xe7][0xa1]$[\n]"
22:17:13.523 [main] DEBUG org.apache.http.wire -  << "[0xdb][0xb5][0x10]#[0xa3]Vn[0xb][0x97]M[0x8d]H[0x8a][0x9e][0xca][0x9d][0xb4]}[0x85]+[0x1a][0xce]u[0xb1]J[0xc0][0xc6][0xfc][0x14][0xe2][0x1a][0x87]k[0xad]v[0x9c]\}[0x7]U[0xb5]{[0xa9]X[0x9][0xa2][0xa5][0xce][0x8e]Z[0xd9]e[0x96]0[0xf5]8p[0x9f]u[0x5][0xc]|l:[0xa5]Q[\r][0x93]h[0xe9][0xc2][0xa0][0xb7]M[0xa0][0xc6]4O=[0x9c]^[0xb1][0xcd]e[0x93]h[0xa6][0xce][0xe][0xc6]ZkD[0xa9][0x93]B[0xe8][0x10][0xad][0x14][0xe][0xdf]u[0xea][0xb6][0x83][0xaf]9wh[0xc7][0x89][0xb][0x16][0x8c]DU[0x6]`[0x96]&[0x9f]Q[0xd7][0x95][0xb9][0x81][0xe8]b[0xaa][0x9a][0x12]c[0x16]9[0xd6][0x9e][0xb0]zL[0x81]-g7[0xf8]i[0xa7],{([0x0]P[0x1f][0xfe][0x95]b[0x8][0xc6][0x1f][0xbb][0xce][0x4]e6[0xd3][0xa7][0xb5]3[0xc1][0x82]7[0x9a][0xb4]| h[0x96][0x16][0xcd][0x98][0xc1][0x93][0xb9]H[0xe5][0x98]m[0xa0][0xc7][0x8a][0x9a][0xde][0xbe][0xc6][0xe8]D[0x1a][0xf1][0x83]+[0xc0]sO.[0xb6][0x83][0x9b][0xa8][0x8][0xe7][0xb1][0xb0][0x12]E[0xdf][0xaa][0xd8]b[0xbc][0xbe][0x9a][0xda][0xda]O&[0xca][0x1a][0xaa]U[0xd1]S[0xfc]b[0xf][0xb1]o[0x1f][0x9b]T[0xc3][0xad][0xb1][0xaf]+~[0x99][0xf0][0x1d][0x93]5[0xa3]/[0x88][0xcd][0x81](.[0x1e]]$[0xdc]jK1[0xcc][0x86][0xfb][0xd5][0x0][0xa6]m[0xc5][0xe7]z![0x1b][0x11][0xfe][0xd6]![0xd2][0x1c][0x83][0xac][0xfc][0x15][0xcd]]V5([0x87]mL[0x11][0xa0][0x8e][0xf9][0xc9][0xc]y$[0x19]x[0xcf][0xa3]&"
22:17:13.523 [main] DEBUG org.apache.http.wire -  << "[0x9b][0xe]nr[0xf9][0x8d][0xdd][0x6][0x8c]E[0xe2][0xbe][0xb5]&[0xe7][0xae]oq[0xa0][0xd9][0xef]F[0x81]@B[0xb1]qe6[0xab][0xec][0x85][0xac][0xa7][0x92][0xf9][0xbd][0x91]L[0x7]([0xf][0xc7][0xbc]3lc[0xeb][0xf] [0xd1]-[0xfe][0x1d][0x9],[0xe8]![0xb4][0x81]z[0xcd][0xc1][0x80][0xbd][0xbb][0xbb][0xdc][0x9e][0xf3][0xbe][0xe3]h5[0xdd][0x93]Mq[0x6][[0xa2]c[0xaa][0xa8]Y[0x98][0xa2][0x1c][0xa7]U>ym[0xcc]#[0xb9][0x3]W:L9[0xfb][0x97]3[0xd5][0xad][0x90]:[0xec]i[0x1e][0xde]g[0x1a][0xe9]n[0x87][0x9d][0x93])[0xa5][0x2]rjY[0xa7][0xc][0xb2][0xc2][0xaa]0j[0xcd][0x1b][0xea][0x92][0xcb][0x3]u5[0xdd]EiX![0x85]3[0xc8][0x84][0x1d][0xab]B[0x81][0xa4][0xf1][0xa6][0x9]dT1[0xac][0x87]I[0xa4]s[0x92][0xe8][0xa0][0xa5][0x1b]v[0xda][0x94][0xbc][0x8b]j[0xeb]F,#S30[0x90][0xce][0xb5]8[0x96][0x9e]7[0xb0][0x84][0x18]Y[0xbb][0xa2]\[0xe8][0xea]Q[0x1f][0x81][0xbf][0xb4][0xcb][0xfa]3w[0x9][0x1][0x8c][0xfb][0xfc][0xa0][0xd2][0x4]"[TeYH[0xad][0xb5][0xe7][0xc6]#7i[0xeb][0xcb][0x82][0x98]mru[0xdc]9I[0x97][\n]"
22:17:13.523 [main] DEBUG org.apache.http.wire -  << "[0xf0][0xe5][0xeb]A[0x98]V[0xc2][0xfd][0xe1][0x6][0xab][0xf7][0xc][0xb3]s[0x4][0xb9][0xc5][0xfc][0x96][0xcf][0xb4][0xcf][0xd7].[0x9f][0xb9]*&[0x89]5[0x90]7[0x5]U[0x93][0xe3]tjO[0x1f][0xdb]3J[0x16][0x4][0xb1][0x1c]'[0xd2][0xf0]a[0xd1][0x9d][0xc]P[0x3]:[0xbb]l6[0xb3][0xfb][0x1c][0xa5][0xb4][0xcb][0xed][0x80]j[0x93][0xb9]^ab[0x88][0xa9][0xfc][0xef][0x19][0xa7][0x4]z[0xf9]S[0xfc](w[0xfd]M[0xb9][0xaf]]&[0x89][0xb5]Nf[0xc4][0x86]i[0x96]R[0xc6][0x8a]@[0xd0][0x19][0x9d][0xe5][0xe2][0x0][0x9c]n[0x8e][0xce][0xbd][0xb2][0xee]:[0x95][0x92]w6[0xc2][0x86]_[0x9c]=[0xba][0xb][0xcc][0xa0][0xd5]I[0xa9]t[0x0]6[0x97]t[0xab]e[0xb7][0x92][v[0x95][0x1d][0x1f]D[0xb6](e^[0xd7]&}R[0x1][0x7][0xa9]P[0x80][0xd7] [0x82]&[0xfe][0xaa][0xd4]U[0xe4]HH[0x8e][0xe7]<[0xfd][0xeb][0xe4]b<&[0x1d][0xc][0xb0]*[0x89][0x89][0x13]G^[0xd6][0xbe][0xda]uw[0x98][0xd5][0xb6][0x8d][0x9f][0xce]/[0x87][0x1][0xc9][0xc5]I[0x9e][0x17]u[0xf7][0xd6][0x98]s[0xa9][0xf0][0xa8][0x97][0xc3][0xb1][0xaf][0xd5][0xd7]v[0xa7][0x9a][0x14][0xed][0xfc]wG$[0xe8]D[0xe7][0x5]1>#[0xec]_rmM[0x13]|[[0xab][0xff][0xfe][0xb9][\r][0xad]\:[0xbc]+[0x99][0xaa][0xb8]7[0xf5]}[0x89][\r]L[0x15][0x84][0xc3]!S[0xb][0x83]q6K[0x82][0x17][0x6][0x0]K[0x80][0xcc][0xf2][0xe9]7`B[0xa0][0x12][0xa2][0x18][0xa0]9q)E[0x17][0xd0]eVS[0xb7][0x16]E[0xb1][0x1d]?f[0xe7]t[0xe8][0xed][0xc0][0xaf][0x8a]\v[0xc3]7[\r][\r][0xaf][0xc2]^[0x1c][0xdb][0x83][0xf7][0xdc][0xc3][0xd9][0xb7]mU[0xd7][0xb1][0xb5][0xe8][0xa8][0xa7][0x5]n[0xcb][0x93][0x84]6[0xae]n[0xfd][0x9f]:[0x8f][0xdc]d[0x11][\n]"
22:17:13.523 [main] DEBUG org.apache.http.wire -  << ""[0xbb][0xf6][0xd3][0x83][0xa1]([0x10][0xb]([0xc1]k[0xd3][0x9d]B[0xdd]l[0xf5][0xad][0xcf]QWtN[0x88][0xbf]w[0xf0][0xb7]),[0xe8][0xb0]4C[0xee]Cbp_8[0xd7]c[RI|[c[0xbf][0xc5][0xef][0x5][0x9][0xb0][0xa3]~[0xb5][0xa7][0x2]*bt[0x9][0x99]([0xa2][0x93][0xf3][0x89]>|[0xf0][0xdc]@[0xfe]hVxt[0xd8]A[0xd3][0xbc]R[0xf3]`!{[0x91]NO[0x82][0xb1][0xc9][0xf4][0xa7][0x14][0x8d]![0xed]fJ[0xdc]Z[0xe6]r[0x95][0xc6]WT[0x15][0xd5][0xeb]pII[0xa0][0xdd][0xfb]9-[0xb6][0xe9][0x10][0xd6][0xd2][0xc4][0x91][0x93][0xab][0xee]p[0xa9]8/[0xb6][0xc8][0x1d]t[0xb7][0xf1][0xbb]YG[0xd5]:[0xc0][0x0]0[0x95]O[0x1e][0x88][0x1d]M[0xeb]n[0xc9][0xbb]t[0xe0][0x19][0xb0]I[0xcb]dYj[0xcc][0xef][0x93][0xa6][0xd5][0xab][0x9e][0x9d]`[0x7][0xbc][0x8]f[0x8][0x92]l[0x1][0xed][0x95][0xf2][\r][0xef][0x6][0xf3][0xf2][0xc8]k[0x7][0xd2][0xca][0xa8]C[0xac][0xed][0xdc][0xa4][0xab][0xed][0xac][0xfa][0x99][0xe0]"'n[0x1a][0xfa][0x11][0xcc]<[0xed][0x4]L[0x11][0xd9][0xcd][0xc1][0xc0][0xa3][0xb6][0xb2]qX[0x4][0x95]`[0xe8][0x84][0x0][0xa5][0x12]\[0xca][0xbe][0xa6][0x8f][0x1b][0x93]\[0xa3][\r][0xb7]T[0xad]P[0x80][0x98][0x98]Z[0xae][0xe6][0xa8][0xdb]uyY[0xb9]i[0x85][0xd5][0x83]Oa[0xb9][0xb9][0xf5][0xc7][0x12][0xcd]|[0xaa]IY[0x1a][0x1a][0xdc][0x82][0xdf][0xe1][0x0][0x84]Rp[0xb5][0x1b]_[0x11][0x9d][0xb5]2h[0xcc][0x95][0xdf][0x9f][0x9c]t[0xe4][0xce]1rGks[0x0][0x18]o:.[0xa5]{E[0xe1][0x8e][0x9e][0xdd]b[0xdb][0xe4][0xdd]n[0xae][0xf5][0xf1][0xc]uD'[0xa5][0xd6]a[0xd8][0xdc][0x18]\mtc[0xb0][0xfe][0xc4][0x9c][0xd7][0x8d][0xdd][0x8][0x96][0x9f][0x1f]Fv*}[0x95]H[0xd7][0xf2](<[0x93][0x6]z,[0x99][0x9d][0x98][0x93]d[0x10]mj[0x9][0xe8][0xdb]qk[0xdb][0xee][0xcc][0xb8]h[0x7][0xd4][0x12]l[0x1e][0xcc][0x82][0xaf][0xc2][0xd0][0x85]B[0xba][0xc4]M[0x98]fG[0xaf]<:[0x8e][0xbf]S[0xd5]iE[0xf7][0xec][0xfc].[0xde][0xd6][0xa8]K^[0x8d][0xab]~[0xd1][0x88][0xe3]'[0xc2][0xd8][0xc9][0x17][0x8][0xab][0x8][0x2]jF[0x19][0xd8]W[0x8d][0x5][0xa1]f[0x96]Q[0x5][0xcc][0xe9][0xa6][0x91]^[0x1e][0xb1][0xd2][0xae][0xac][0x83][0xb2];[0xb5]?[0xac][0x9d][0x1c][0x1d][0xfe][0x80][0xde]/[0xb1]u[0x94]3*0[0xa0][0xe2][0xd3][0x1f]\[0x8d]@[0xd5]6[0x9c][0x90][0xd2][0x0][0x99]j[0xf]z[0x1b]3[0xed]f:[0xc9]k[0xb8][0x1e]ym1"[0xbe][0xe]l[0xdc]k[0xaa]P[0xe4][0xd7][0x8a][0xd6][0xf4]s[0xc2][0xea][0xf0][0xad]<[0xb0]I[0xee][0x8c]i[0xd7]t[0xa3][0x9f]1{O[0xad]"[0xe2]q[0xc2]wz[0xe7][0x5]:[0x88][0x2][0xd5][0x85]33[0xfe]q[0x94]>Zo[0xe0][0xe2][0x1f][0xe8]L;[0xd0][0x9e][0x80][0x89][0x9c]u[0x9c][`[0x7]c[0xf7]\{[0xf4]w[0xab]%'[0x6]GT[0x9f][0x85][0xbd]_[0xb4]V_[0x9a]^Z[0xd1]h[0x8d][0xca][0xbe][0xdd][0xcb][0x98](kT[0xd4][0xac][0xac][0xa3]S[0x89]h[0xdc][0xce]]&[0x8e]aS?[0xa5][0xd1]8[0xcc][0xe8][0x7][0xb0]f[0xb4][0x96]FX][0xa1][0xe6][0x93][0xd2][0xf9][0xa3][0xc3][0xa7]:[0xa1][0xcc][0x9d][0xb][0x9f]z[0xde][0x96][0xe6][0xf2]N[0x1d][0x16]=[0xba][0xb4]#[0x8e]>[0x91][0x1b]8[0x16]C_[0xb5][0xb6][0x81][0x8d][0xb9][0xfc]z[0xaf][0x6]E[0xf9][0x17][0xd6][0x80][0x1f][0x5][0xaf][0xdd])[0x18]I[0xff][0xa3][0xe1]-5d[0x81]W[0x8c][0x86][0x6][0xde][0x1a][0x1b]|[0x95][0x9]M[0x1c][0xc]3[0xe5][0xde][0xcd][0xef][0x1b][0xca][0x9f][0x8d][0xa4]:[0x9c]k[0x90][0xf9][0xd1]TNS[0xeb][0xee][0xec]d[0xfc][0xb7][0x83]2[0x9f][0xc3][0xb7][0xd4][0x9a][0x90]O[0xfb]h[0x9b][0x90][0xb8][0xc0]a9[0x8a][0xf7]Ltm"
22:17:13.524 [main] DEBUG org.apache.http.wire -  << "[0xe8]Qf[0xb3][0xc8][0xab]g)[0x6][0xd3]p[0xd8][0xdb][0xb7]4XF[0xca][0xa5][0xae]c[0x8a][0x8d]Rt[0xf0]%n[0xaf]O[0xe]m[0xe5][0xd7]![0xe6]T[0xc7][0x8a][0xd8][0xe6]e[0xb][0xec][0x96][0x4]m[0xfa][0xdf]A[0xc8]Q[0xb][0xb4][0xc6]~[0x8d]9[0xe]T1[0xeb][0x8e][0xac]W[0xf]^[0xd0][\n]"
22:17:13.524 [main] DEBUG org.apache.http.wire -  << "Q[0xaa]rf[0xf][0xd0][0xfa]*[0xd8][0x92][0x97][0xec][0xfd]pR%8A0[0x9b]/[0xd3]2\[0x92][0xa9][0xf8]g[0xdc][0xc2][0xc2]<a[0xf1][0x93][0x92][0xea]p[0xb3][0x1d]d[0x96]BD:[0xb8]D8k=[0xd9][0xf5][0xa8][0xb9]1[0xfc]C:71:H[0x8c][0xcf][0xf5][0xf3]6s[0x19][0xc4]#Q[0x83][0xac][0xd1][0xac][0xc1][0x9]E[0xa3][0x1][0x8c]d[0x1e][0xc7]X[0xd2]([0x96]U{[0xd8][0xfe]`d=[,[0xf5][0x96][0x9e][0x14][0xd5][0x93][0xde]Xp[0xbf][0xe1]*v/[0x1a][0xb8][0xd3]$[0x12][0xf6][0x9b]zq[0xfa][0x86][0xe3][0xac]=:[0xc3]V[0xcc][0xe1]2[0x1][0xe3]-8[0x85][0xad][0xd5][0xc7][0xee][0xbc][0x17]}W[0x85]d18[0xcc][0xc9][0xc8][0x15]Z[0x96]Z[0x11][0x12][0xa2]x[0x85][0x83]Z[0xe1][0xf4][0xe0][0x18][0x9b][0x10][0x8b][0xd5][0x1][0x8d][0xf0][0xcb][0x6](3[0x8e]_[0xf][0xa7]H[0xdb][0xe9][0xe6]|[0xfc][0x94][0xd1][0x96][0x8a]}[0xf2][0x9c][0x97]4[0xa1]$[0xbb]1c7[0xe6]T[0x3]0[0xdc]u[0xb5][0xc3][0xcb][0x8a][0x1e]a[0x99]F[0x8b]-[0x84][0xe7]N[0x19][0x8c]p'~L=[0xde]Iiux8[0x1d][0xbb]*/[0xaf][0xa7][0xf6],}[0x96]e[0x80][0xd2]BKC[0xa4]/h;mk[0xbb][0xf9]L[0xad]8[0x10].O[0xea][0xe3][0xf0][0x95]![0x8d][0xc1][0xb4]GE+[0x19][0x16][0xe1]Y[0x9e][0xd1][0x84]J[0x97][0x92]O[0xfc][0xbe][0xae]7[0xb5][0xf2][0xe8]Q[0xb4][0x2]][0xef][0x1][0xf6][0x83][0xa3][0x8e]N[0xad][0xa9][0x8d][0xa3][0xf5][0x8][0xc7]![0xc3]:[0xd6][0xda][0x1a][0xc7][0xae][0x2][0xd9][0x9e][0x7][0xe4][0x15]DQ[\r][0x19]e[0x92][0xac][0xfe]U[0xdf]B[0xbb][0x9c][0xe][0xe7][0xba]k[0xd3]B[0x16]f[0x8][0xfa][0xde][0xd9][0xe][0xce][0x83]1[0xca][0xd5]C[0xb][0x13]B[0xf0]HS5[0xa8][0x16][0xa1][0x83][0xbc][0xe1][0xa8]-S[0x1][0xce]^[0x80][0x1b][0xfd][0x1c][0x89][0x93][0x8b][0xe9]0-,F[0x1b][0xd9]V?[\n]"
22:17:13.524 [main] DEBUG org.apache.http.wire -  << "U[0xa7][0xfa][0xf4]@[0x97][0x83][0xf3]!B[0xce]i[0xaa][0x11][0xa1]4[0xb3]1[0x18]G[0xe1][0xdc]7[0xb8]n[0x9f]-n[0xc3]([0xb8]k[0xf][0xa5][0xe][0xee]=Jf?[0x87][0x98][0x83][0x93][0xb8][0xe3][0xe8][0x95][0xb2][0x9c][0xdf][0xd7]?[0xfb]S[0x12][0xae][0xd9][0xff] [0x1f]iO[0xf0]=j<[0x2][0x82][0xc4]G[0xf4]E[0x91][0xb1][0x8]l[0xe0][0xf6][0x1d]s[0x8d])[0x8]#Wi[0xcf][0xbc][0xaa][0xb9][0xed][0xdb][0xfc][0x9a][0x9e][0x19] [0xa5][0x14][0xdc]<Q([0x9][0xd0][0x86]3[0xb][0x7][0xfc][0xfc]h[0xdd][0x1f][0x1a]A[0xf4]'smz[0x8e]:[0xeb][0xd5]q[0xfa][0x92]8[0x5][0xfb][0xeb][0x2][0xaa][0x3]r[0xf2][0xb8][0xc0]%s[0x83][0xd1][0xe4][0x1b][0xbd][0x98][0xfb][0x11][0x1c]9$[0xb1][0xac][0xe8][0xb8]S[0x92][0xa2][0xc1]X[0xe9]k[0xf3][0x1][0xde][0xde]S[0xfd]Yg[0x97][0xdc]AJ[0x9f][0x9c][0xfd][0xcc][0xe7]7==[0x1e]c[0xdb][0x8d]s[0xa1]i![0xf7]W[0x8d]~[0xd8][0xbc][0x1e][\r][0x92]~)]m[0xdc][0x8f][\n]"
22:17:13.524 [main] DEBUG org.apache.http.wire -  << "c[0xdf][0x1d][0x96][0x99][0x8f]~3[0xac]Z[0xc5]V@25[0xad][0xb1]g[0x17][0xdc]!C;[0xbc][\n]"
22:17:13.524 [main] DEBUG org.apache.http.wire -  << "J[0x15]h[0xe2][0xf8]$[0xf1]<[0xbb]c>[0xab][0xe5]dE[0x0]6][0x12]x[0xb6]?[0xb4]R[0x2]rB/[0xea]b[0x80][0xba][0x9d][0x12]Y[0xf4]P[0x1d][0xcd][0xe3][0x17][0xeb][0xc9][0xf2]k][0xef][0x9a][0x1][0xdb][0xef][0xfd][0xe9][0x86]V([0x1d][0x6][0xd4][0xbc]zg[0xa9]z[0x86][0xe0]q[0xa9]*u9D[0x93][0x93][0xb9][0x1]i;[0xdf][0x9a][0xa3][0xfc][0xfc]"[0x87][0x8b][0x92][0xd1][0x6]f[0xd1]&[0x98]t[0xee][0x5][0xc2][0x97][0x94]3bL[0xa2][0xe9][0xb1][0x11][0xf3]Q[0xb6]Zj[0xd9][0xf0][0xea][0xae]E[0xaf][0x9b][0x8b]vR9:[0xd8][0x0]NN[0x95][0x11][0xce]KB[0xc4][0xd5][0xb3][0xbd][0xfe]p[0x88]G[0x9b][0x87]j[0xd6][0x1a][0xdb][0x95][0xff][0xa6][0xc7].[0xb3][0xa4][0xf4][0xcb][0x10]HT[0xa5]$Q[0xb1][0xe1]OP[0xeb][0xde][0x83][0xcc][0xf5][0x1f]h[0xe0][0xfb][0x93]2[0x8a]bJ[0xa7]"R[0xa4][0xd1]6[0x88]8,"[0x86][0xe1][0xcf][0xca][0xec][0xa0]yU[0x8f]m[0x91][0x95][0xd9][0xc9][0xe9][0xc2][0xbd][0xb5]3E[0x96]D[0xd9][0xa9][0xf9][0xfd]|[0x89][0x9f][0xcd][0x97][0xfc][\r][\n]"
22:17:13.524 [main] DEBUG org.apache.http.wire -  << "[0xde][0x8c] [0x94]uI[0x1a][0x8b][0xbe]f[0xa7]Hd[0xe6][0xc6][0x93][m[0xb4][0xb4][0xea]'[0xde][0xb][0xe4]RCjz[0xf2][0xf9][0xf2][0xf]|[0xb4]B8<[0xb0][0xcb][0xca][0xed][w[0xac]n[0xce][0x1f][0x8e]N[0xed][0xe2][0xb7]J:[0xa2]F[0xe5][0xed][0xe9][0xea][0x8d][0xa2]H[0xb5][0xeb][0x94][0x16][0xde]H#P[0x8a][0x18][0xf1]wK[0xf0][0x89]4[0xbf][0xb3][0xf9][0xd1][0xd4]z*T d[0xaf]([0xed][0xff]>[0xc4]n[0xf0][0xe4]~[0x94][0x8c]A[0xe4][0xb][0xa2][0xdc]Yav[0xa8]3q[0x4]-([0xa9][0x9d][0xed][0xe5][0xb1][0x8e]O[0xf7][0x11][0x8b][0xf5][0x9c][0xe9]_?[0xb1])[0x94]8[0xca][0xc0][0xd9]![0x92][0xfc][0x86][0xdc][0xda][0x98][0xa3]<[0xc1][0xaf]Ij:[0xe1][0xde][0x8f]]?[0xed]d:[0x1c][0x9a]S[0x9c]q[0xb5]3[0xff]L[0xb][0xfd][0xd5]|[0xb0][0xf2][0xb0][0xf4]-[0xcc][0x99]U[0x7][0x9b][0x83]@[0xc5]9`J[0x80][0xf]q[0xb4]n[0xf1][0x84]H[0x2]M[0xd5]H+1[0x6][0x81][0x0][0xde][0xf4]([0xeb][0x9f]%9[0xb7][0xda][0x1f][0xe8][0xb1][0xe6][0xaa][0xa3][0xc2][0x89][0x1c])[0xfe][0xd7]ut[0x9c][0xa3]K(2[0xd1][0xa4]-RC[0xfb][0x87]k[0xb0][0xa9]z[0xa6]a[0xf4]?H[0xe8][0xb4][0x5][0x88],[0x18]U[0x2][0x9d][0xf3][0xf6][0xc2][0xbf]G=*[0xc5][0x1f][0xf1]2[0xa9]7[0xc0][0x80][0x92][0xdc][0xd2][0xbc][0xc3][0xbf][0xfe][0xfb][0xff][0x1]:=[0x9c][0xeb][0x80]k[0x0][0x0]"
22:17:13.524 [main] DEBUG org.apache.http.wire -  << "[\r][\n]"
22:17:13.524 [main] DEBUG org.apache.http.wire -  << "0[\r][\n]"
22:17:13.524 [main] DEBUG org.apache.http.wire -  << "[\r][\n]"
22:17:13.524 [main] DEBUG io.restassured.internal.RestAssuredHttpBuilder - Parsed data to instance of: class org.apache.http.conn.EofSensorInputStream
22:17:13.526 [main] DEBUG org.apache.http.impl.conn.BasicClientConnectionManager - Releasing connection org.apache.http.impl.conn.ManagedClientConnectionImpl@6d0a4a22
22:17:13.526 [main] DEBUG org.apache.http.impl.conn.BasicClientConnectionManager - Connection can be kept alive indefinitely
22:17:13.561 [main] DEBUG net.thucydides.core.steps.StepInterceptor - STEP DONE: I receive response valid data for post with ID 1
  &amp#27;[32mAnd &amp#27;[0m&amp#27;[32mI receive response valid data for post with ID 1&amp#27;[0m           &amp#27;[90m# starter.stepDefinition.UserSteps.receiveValidDataForPostWithID1()&amp#27;[0m
22:17:13.562 [main] INFO  - 
  _____   ___   ___   _____     ___     _     ___   ___   ___   ___  
 |_   _| | __| / __| |_   _|   | _ \   /_\   / __| / __| | __| |   \ 
   | |   | _|  \__ \   | |     |  _/  / _ \  \__ \ \__ \ | _|  | |) |
   |_|   |___| |___/   |_|     |_|   /_/ \_\ |___/ |___/ |___| |___/ 

[Positive] - Verify user GET post by ID
----------------------------------------------------------------------
]]></system-out>
  </testcase>
  <testcase name="[Negative] - Verify user GET post by invalid ID" classname="API Testing on" time="0.697">
    <system-out><![CDATA[
Scenario: [Negative] - Verify user GET post by invalid ID           &amp#27;[90m# src/test/resources/api/user.feature:36&amp#27;[0m
22:17:13.569 [main] INFO io.cucumber.core.plugin.SerenityReporter - Running feature from file:///Users/wiyanherraherviana/Alterra/Task_RESTfulAPI/src/test/resources/api/user.feature
22:17:13.570 [main] WARN io.cucumber.core.plugin.SerenityReporter - Feature from file:///Users/wiyanherraherviana/Alterra/Task_RESTfulAPI/src/test/resources/api/user.feature is not under the 'features' directory. Requirements report will not be correctly generated!
22:17:13.571 [main] INFO  - 
  _____   ___   ___   _____     ___   _____     _     ___   _____   ___   ___  
 |_   _| | __| / __| |_   _|   / __| |_   _|   /_\   | _ \ |_   _| | __| |   \ 
   | |   | _|  \__ \   | |     \__ \   | |    / _ \  |   /   | |   | _|  | |) |
   |_|   |___| |___/   |_|     |___/   |_|   /_/ \_\ |_|_\   |_|   |___| |___/ 

[Negative] - Verify user GET post by invalid ID(api-testing-on;[negative]---verify-user-get-post-by-invalid-id)
--------------------------------------------------------------------------------
22:17:13.588 [main] DEBUG net.thucydides.core.steps.StepInterceptor - STARTING STEP: UserSteps.setGetInvalidPostidEndpoint - I set the GET endpoint URL to invalid post ID
22:17:13.588 [main] DEBUG net.thucydides.core.steps.StepInterceptor - STEP DONE: I set the GET endpoint URL to invalid post ID
  &amp#27;[32mGiven &amp#27;[0m&amp#27;[32mI set the GET endpoint URL to invalid post ID&amp#27;[0m               &amp#27;[90m# starter.stepDefinition.UserSteps.setGetInvalidPostidEndpoint()&amp#27;[0m
22:17:13.592 [main] DEBUG net.thucydides.core.steps.StepInterceptor - STARTING STEP: UserSteps.sendGetEndpointInvalidPostID - I send a GET HTTP request to endpoint URL to invalid post ID
22:17:13.594 [main] DEBUG net.thucydides.core.steps.StepInterceptor - STARTING STEP: Get.sendGetEndpointInvalidPostID - I set the GET endpoint URL to invalid post ID
22:17:13.594 [main] DEBUG net.thucydides.core.steps.StepInterceptor - STEP DONE: I set the GET endpoint URL to invalid post ID
22:17:13.600 [main] DEBUG org.apache.http.impl.conn.BasicClientConnectionManager - Get connection for route {s}->https://jsonplaceholder.typicode.com:443
22:17:13.600 [main] DEBUG org.apache.http.impl.conn.DefaultClientConnectionOperator - Connecting to jsonplaceholder.typicode.com:443
22:17:13.669 [main] DEBUG org.apache.http.client.protocol.RequestAddCookies - CookieSpec selected: ignoreCookies
22:17:13.669 [main] DEBUG org.apache.http.client.protocol.RequestAuthCache - Auth cache not set in the context
22:17:13.669 [main] DEBUG org.apache.http.client.protocol.RequestTargetAuthentication - Target auth state: UNCHALLENGED
22:17:13.669 [main] DEBUG org.apache.http.client.protocol.RequestProxyAuthentication - Proxy auth state: UNCHALLENGED
22:17:13.669 [main] DEBUG org.apache.http.impl.client.DefaultHttpClient - Attempt 1 to execute request
22:17:13.669 [main] DEBUG org.apache.http.impl.conn.DefaultClientConnection - Sending request: GET /posts/999 HTTP/1.1
22:17:13.669 [main] DEBUG org.apache.http.wire -  >> "GET /posts/999 HTTP/1.1[\r][\n]"
22:17:13.669 [main] DEBUG org.apache.http.wire -  >> "Accept: */*[\r][\n]"
22:17:13.669 [main] DEBUG org.apache.http.wire -  >> "Host: jsonplaceholder.typicode.com[\r][\n]"
22:17:13.669 [main] DEBUG org.apache.http.wire -  >> "Connection: Keep-Alive[\r][\n]"
22:17:13.669 [main] DEBUG org.apache.http.wire -  >> "User-Agent: Apache-HttpClient/4.5.13 (Java/19.0.2)[\r][\n]"
22:17:13.669 [main] DEBUG org.apache.http.wire -  >> "Accept-Encoding: gzip,deflate[\r][\n]"
22:17:13.669 [main] DEBUG org.apache.http.wire -  >> "[\r][\n]"
22:17:13.669 [main] DEBUG org.apache.http.headers - >> GET /posts/999 HTTP/1.1
22:17:13.669 [main] DEBUG org.apache.http.headers - >> Accept: */*
22:17:13.669 [main] DEBUG org.apache.http.headers - >> Host: jsonplaceholder.typicode.com
22:17:13.669 [main] DEBUG org.apache.http.headers - >> Connection: Keep-Alive
22:17:13.669 [main] DEBUG org.apache.http.headers - >> User-Agent: Apache-HttpClient/4.5.13 (Java/19.0.2)
22:17:13.669 [main] DEBUG org.apache.http.headers - >> Accept-Encoding: gzip,deflate
22:17:14.240 [main] DEBUG org.apache.http.wire -  << "HTTP/1.1 404 Not Found[\r][\n]"
22:17:14.241 [main] DEBUG org.apache.http.wire -  << "Date: Thu, 13 Apr 2023 15:17:14 GMT[\r][\n]"
22:17:14.241 [main] DEBUG org.apache.http.wire -  << "Content-Type: application/json; charset=utf-8[\r][\n]"
22:17:14.241 [main] DEBUG org.apache.http.wire -  << "Content-Length: 2[\r][\n]"
22:17:14.241 [main] DEBUG org.apache.http.wire -  << "Connection: keep-alive[\r][\n]"
22:17:14.241 [main] DEBUG org.apache.http.wire -  << "X-Powered-By: Express[\r][\n]"
22:17:14.241 [main] DEBUG org.apache.http.wire -  << "X-Ratelimit-Limit: 1000[\r][\n]"
22:17:14.241 [main] DEBUG org.apache.http.wire -  << "X-Ratelimit-Remaining: 996[\r][\n]"
22:17:14.241 [main] DEBUG org.apache.http.wire -  << "X-Ratelimit-Reset: 1681399068[\r][\n]"
22:17:14.241 [main] DEBUG org.apache.http.wire -  << "Vary: Origin, Accept-Encoding[\r][\n]"
22:17:14.241 [main] DEBUG org.apache.http.wire -  << "Access-Control-Allow-Credentials: true[\r][\n]"
22:17:14.241 [main] DEBUG org.apache.http.wire -  << "Cache-Control: max-age=43200[\r][\n]"
22:17:14.241 [main] DEBUG org.apache.http.wire -  << "Pragma: no-cache[\r][\n]"
22:17:14.241 [main] DEBUG org.apache.http.wire -  << "Expires: -1[\r][\n]"
22:17:14.241 [main] DEBUG org.apache.http.wire -  << "X-Content-Type-Options: nosniff[\r][\n]"
22:17:14.241 [main] DEBUG org.apache.http.wire -  << "Etag: W/"2-vyGp6PvFo4RvsFtPoIWeCReyIC8"[\r][\n]"
22:17:14.241 [main] DEBUG org.apache.http.wire -  << "Via: 1.1 vegur[\r][\n]"
22:17:14.241 [main] DEBUG org.apache.http.wire -  << "CF-Cache-Status: MISS[\r][\n]"
22:17:14.241 [main] DEBUG org.apache.http.wire -  << "Report-To: {"endpoints":[{"url":"https:\/\/a.nel.cloudflare.com\/report\/v3?s=I3sDuxsCGludbxTPWLOJ3Ya%2Ft8f9eVPyQnytCHguLt7BRlQJiDucybpOhhwwBhkNWFa3IMAzGfYq8At62WMRlv7tGsckr0XJkdC%2BeY8jCVmD6Yq5A1NWUZfyNILGZWis0VWAEI%2B%2FatMBjHEy2Q6y"}],"group":"cf-nel","max_age":604800}[\r][\n]"
22:17:14.241 [main] DEBUG org.apache.http.wire -  << "NEL: {"success_fraction":0,"report_to":"cf-nel","max_age":604800}[\r][\n]"
22:17:14.241 [main] DEBUG org.apache.http.wire -  << "Server: cloudflare[\r][\n]"
22:17:14.241 [main] DEBUG org.apache.http.wire -  << "CF-RAY: 7b74acb9f95c6be8-SIN[\r][\n]"
22:17:14.241 [main] DEBUG org.apache.http.wire -  << "alt-svc: h3=":443"; ma=86400, h3-29=":443"; ma=86400[\r][\n]"
22:17:14.241 [main] DEBUG org.apache.http.wire -  << "[\r][\n]"
22:17:14.242 [main] DEBUG org.apache.http.impl.conn.DefaultClientConnection - Receiving response: HTTP/1.1 404 Not Found
22:17:14.242 [main] DEBUG org.apache.http.headers - << HTTP/1.1 404 Not Found
22:17:14.242 [main] DEBUG org.apache.http.headers - << Date: Thu, 13 Apr 2023 15:17:14 GMT
22:17:14.242 [main] DEBUG org.apache.http.headers - << Content-Type: application/json; charset=utf-8
22:17:14.242 [main] DEBUG org.apache.http.headers - << Content-Length: 2
22:17:14.242 [main] DEBUG org.apache.http.headers - << Connection: keep-alive
22:17:14.242 [main] DEBUG org.apache.http.headers - << X-Powered-By: Express
22:17:14.242 [main] DEBUG org.apache.http.headers - << X-Ratelimit-Limit: 1000
22:17:14.242 [main] DEBUG org.apache.http.headers - << X-Ratelimit-Remaining: 996
22:17:14.242 [main] DEBUG org.apache.http.headers - << X-Ratelimit-Reset: 1681399068
22:17:14.242 [main] DEBUG org.apache.http.headers - << Vary: Origin, Accept-Encoding
22:17:14.242 [main] DEBUG org.apache.http.headers - << Access-Control-Allow-Credentials: true
22:17:14.242 [main] DEBUG org.apache.http.headers - << Cache-Control: max-age=43200
22:17:14.242 [main] DEBUG org.apache.http.headers - << Pragma: no-cache
22:17:14.242 [main] DEBUG org.apache.http.headers - << Expires: -1
22:17:14.242 [main] DEBUG org.apache.http.headers - << X-Content-Type-Options: nosniff
22:17:14.242 [main] DEBUG org.apache.http.headers - << Etag: W/"2-vyGp6PvFo4RvsFtPoIWeCReyIC8"
22:17:14.242 [main] DEBUG org.apache.http.headers - << Via: 1.1 vegur
22:17:14.242 [main] DEBUG org.apache.http.headers - << CF-Cache-Status: MISS
22:17:14.242 [main] DEBUG org.apache.http.headers - << Report-To: {"endpoints":[{"url":"https:\/\/a.nel.cloudflare.com\/report\/v3?s=I3sDuxsCGludbxTPWLOJ3Ya%2Ft8f9eVPyQnytCHguLt7BRlQJiDucybpOhhwwBhkNWFa3IMAzGfYq8At62WMRlv7tGsckr0XJkdC%2BeY8jCVmD6Yq5A1NWUZfyNILGZWis0VWAEI%2B%2FatMBjHEy2Q6y"}],"group":"cf-nel","max_age":604800}
22:17:14.242 [main] DEBUG org.apache.http.headers - << NEL: {"success_fraction":0,"report_to":"cf-nel","max_age":604800}
22:17:14.242 [main] DEBUG org.apache.http.headers - << Server: cloudflare
22:17:14.242 [main] DEBUG org.apache.http.headers - << CF-RAY: 7b74acb9f95c6be8-SIN
22:17:14.242 [main] DEBUG org.apache.http.headers - << alt-svc: h3=":443"; ma=86400, h3-29=":443"; ma=86400
22:17:14.242 [main] DEBUG org.apache.http.impl.client.DefaultHttpClient - Connection can be kept alive indefinitely
22:17:14.243 [main] DEBUG io.restassured.internal.RestAssuredHttpBuilder - Parsing response as: application/json; charset=utf-8
22:17:14.243 [main] DEBUG io.restassured.internal.RestAssuredHttpBuilder - Parsed data to instance of: class org.apache.http.conn.EofSensorInputStream
22:17:14.244 [main] DEBUG net.thucydides.core.steps.StepInterceptor - STEP DONE: I send a GET HTTP request to endpoint URL to invalid post ID
  &amp#27;[32mWhen &amp#27;[0m&amp#27;[32mI send a GET HTTP request to endpoint URL to invalid post ID&amp#27;[0m &amp#27;[90m# starter.stepDefinition.UserSteps.sendGetEndpointInvalidPostID()&amp#27;[0m
22:17:14.249 [main] DEBUG net.thucydides.core.steps.StepInterceptor - STARTING STEP: UserSteps.verifyHTTPResponseCodeIsNot - I verify that HTTP response code is not 400
22:17:14.254 [main] DEBUG net.thucydides.core.steps.StepInterceptor - STEP DONE: I verify that HTTP response code is not 400
  &amp#27;[32mThen &amp#27;[0m&amp#27;[32mI verify that HTTP response code is not 400&amp#27;[0m                  &amp#27;[90m# starter.stepDefinition.UserSteps.verifyHTTPResponseCodeIsNot()&amp#27;[0m
22:17:14.257 [main] DEBUG net.thucydides.core.steps.StepInterceptor - STARTING STEP: UserSteps.errorMessageWithInvalidPostID - I receive an error message with invalid post ID
22:17:14.258 [main] DEBUG net.thucydides.core.steps.StepInterceptor - STEP DONE: I receive an error message with invalid post ID
  &amp#27;[32mAnd &amp#27;[0m&amp#27;[32mI receive an error message with invalid post ID&amp#27;[0m               &amp#27;[90m# starter.stepDefinition.UserSteps.errorMessageWithInvalidPostID()&amp#27;[0m
22:17:14.259 [main] INFO  - 
  _____   ___   ___   _____     ___     _     ___   ___   ___   ___  
 |_   _| | __| / __| |_   _|   | _ \   /_\   / __| / __| | __| |   \ 
   | |   | _|  \__ \   | |     |  _/  / _ \  \__ \ \__ \ | _|  | |) |
   |_|   |___| |___/   |_|     |_|   /_/ \_\ |___/ |___/ |___| |___/ 

[Negative] - Verify user GET post by invalid ID
----------------------------------------------------------------------
]]></system-out>
  </testcase>
  <testcase name="[Positive] - Verify user PUT post by ID" classname="API Testing on" time="0.704">
    <system-out><![CDATA[
Scenario: [Positive] - Verify user PUT post by ID           &amp#27;[90m# src/test/resources/api/user.feature:42&amp#27;[0m
22:17:14.267 [main] INFO io.cucumber.core.plugin.SerenityReporter - Running feature from file:///Users/wiyanherraherviana/Alterra/Task_RESTfulAPI/src/test/resources/api/user.feature
22:17:14.267 [main] WARN io.cucumber.core.plugin.SerenityReporter - Feature from file:///Users/wiyanherraherviana/Alterra/Task_RESTfulAPI/src/test/resources/api/user.feature is not under the 'features' directory. Requirements report will not be correctly generated!
22:17:14.269 [main] INFO  - 
  _____   ___   ___   _____     ___   _____     _     ___   _____   ___   ___  
 |_   _| | __| / __| |_   _|   / __| |_   _|   /_\   | _ \ |_   _| | __| |   \ 
   | |   | _|  \__ \   | |     \__ \   | |    / _ \  |   /   | |   | _|  | |) |
   |_|   |___| |___/   |_|     |___/   |_|   /_/ \_\ |_|_\   |_|   |___| |___/ 

[Positive] - Verify user PUT post by ID(api-testing-on;[positive]---verify-user-put-post-by-id)
--------------------------------------------------------------------------------
22:17:14.282 [main] DEBUG net.thucydides.core.steps.StepInterceptor - STARTING STEP: UserSteps.setPutEndpoint - I set PUT endpoints
22:17:14.283 [main] DEBUG net.thucydides.core.steps.StepInterceptor - STEP DONE: I set PUT endpoints
  &amp#27;[32mGiven &amp#27;[0m&amp#27;[32mI set PUT endpoint&amp#27;[0m                                  &amp#27;[90m# starter.stepDefinition.UserSteps.setPutEndpoint()&amp#27;[0m
22:17:14.287 [main] DEBUG net.thucydides.core.steps.StepInterceptor - STARTING STEP: UserSteps.sendPutHttpRequest - I send PUT HTTP request
22:17:14.289 [main] DEBUG net.thucydides.core.steps.StepInterceptor - STARTING STEP: Put.sendPutHttpRequest - I set PUT endpoints
22:17:14.289 [main] DEBUG net.thucydides.core.steps.StepInterceptor - STEP DONE: I set PUT endpoints
22:17:14.310 [main] DEBUG org.apache.http.impl.conn.BasicClientConnectionManager - Get connection for route {s}->https://jsonplaceholder.typicode.com:443
22:17:14.310 [main] DEBUG org.apache.http.impl.conn.DefaultClientConnectionOperator - Connecting to jsonplaceholder.typicode.com:443
22:17:14.371 [main] DEBUG org.apache.http.client.protocol.RequestAddCookies - CookieSpec selected: ignoreCookies
22:17:14.371 [main] DEBUG org.apache.http.client.protocol.RequestAuthCache - Auth cache not set in the context
22:17:14.371 [main] DEBUG org.apache.http.client.protocol.RequestTargetAuthentication - Target auth state: UNCHALLENGED
22:17:14.371 [main] DEBUG org.apache.http.client.protocol.RequestProxyAuthentication - Proxy auth state: UNCHALLENGED
22:17:14.371 [main] DEBUG org.apache.http.impl.client.DefaultHttpClient - Attempt 1 to execute request
22:17:14.371 [main] DEBUG org.apache.http.impl.conn.DefaultClientConnection - Sending request: PUT /posts/1 HTTP/1.1
22:17:14.372 [main] DEBUG org.apache.http.wire -  >> "PUT /posts/1 HTTP/1.1[\r][\n]"
22:17:14.372 [main] DEBUG org.apache.http.wire -  >> "Accept: */*[\r][\n]"
22:17:14.372 [main] DEBUG org.apache.http.wire -  >> "Content-Type: application/json[\r][\n]"
22:17:14.372 [main] DEBUG org.apache.http.wire -  >> "Content-Length: 83[\r][\n]"
22:17:14.372 [main] DEBUG org.apache.http.wire -  >> "Host: jsonplaceholder.typicode.com[\r][\n]"
22:17:14.372 [main] DEBUG org.apache.http.wire -  >> "Connection: Keep-Alive[\r][\n]"
22:17:14.372 [main] DEBUG org.apache.http.wire -  >> "User-Agent: Apache-HttpClient/4.5.13 (Java/19.0.2)[\r][\n]"
22:17:14.372 [main] DEBUG org.apache.http.wire -  >> "Accept-Encoding: gzip,deflate[\r][\n]"
22:17:14.372 [main] DEBUG org.apache.http.wire -  >> "[\r][\n]"
22:17:14.372 [main] DEBUG org.apache.http.headers - >> PUT /posts/1 HTTP/1.1
22:17:14.372 [main] DEBUG org.apache.http.headers - >> Accept: */*
22:17:14.372 [main] DEBUG org.apache.http.headers - >> Content-Type: application/json
22:17:14.372 [main] DEBUG org.apache.http.headers - >> Content-Length: 83
22:17:14.372 [main] DEBUG org.apache.http.headers - >> Host: jsonplaceholder.typicode.com
22:17:14.372 [main] DEBUG org.apache.http.headers - >> Connection: Keep-Alive
22:17:14.372 [main] DEBUG org.apache.http.headers - >> User-Agent: Apache-HttpClient/4.5.13 (Java/19.0.2)
22:17:14.372 [main] DEBUG org.apache.http.headers - >> Accept-Encoding: gzip,deflate
22:17:14.372 [main] DEBUG org.apache.http.wire -  >> "{"id":"1","title":"Updated Title","body":"This is the updated content of the post"}"
22:17:14.930 [main] DEBUG org.apache.http.wire -  << "HTTP/1.1 200 OK[\r][\n]"
22:17:14.931 [main] DEBUG org.apache.http.wire -  << "Date: Thu, 13 Apr 2023 15:17:15 GMT[\r][\n]"
22:17:14.931 [main] DEBUG org.apache.http.wire -  << "Content-Type: application/json; charset=utf-8[\r][\n]"
22:17:14.931 [main] DEBUG org.apache.http.wire -  << "Transfer-Encoding: chunked[\r][\n]"
22:17:14.931 [main] DEBUG org.apache.http.wire -  << "Connection: keep-alive[\r][\n]"
22:17:14.931 [main] DEBUG org.apache.http.wire -  << "X-Powered-By: Express[\r][\n]"
22:17:14.931 [main] DEBUG org.apache.http.wire -  << "X-Ratelimit-Limit: 1000[\r][\n]"
22:17:14.931 [main] DEBUG org.apache.http.wire -  << "X-Ratelimit-Remaining: 995[\r][\n]"
22:17:14.931 [main] DEBUG org.apache.http.wire -  << "X-Ratelimit-Reset: 1681399068[\r][\n]"
22:17:14.931 [main] DEBUG org.apache.http.wire -  << "Vary: Origin, Accept-Encoding[\r][\n]"
22:17:14.931 [main] DEBUG org.apache.http.wire -  << "Access-Control-Allow-Credentials: true[\r][\n]"
22:17:14.931 [main] DEBUG org.apache.http.wire -  << "Cache-Control: no-cache[\r][\n]"
22:17:14.931 [main] DEBUG org.apache.http.wire -  << "Pragma: no-cache[\r][\n]"
22:17:14.931 [main] DEBUG org.apache.http.wire -  << "Expires: -1[\r][\n]"
22:17:14.931 [main] DEBUG org.apache.http.wire -  << "X-Content-Type-Options: nosniff[\r][\n]"
22:17:14.931 [main] DEBUG org.apache.http.wire -  << "Etag: W/"5e-BvRBc0A9g7X9u06LtXze8EjAeuU"[\r][\n]"
22:17:14.931 [main] DEBUG org.apache.http.wire -  << "Via: 1.1 vegur[\r][\n]"
22:17:14.931 [main] DEBUG org.apache.http.wire -  << "CF-Cache-Status: DYNAMIC[\r][\n]"
22:17:14.931 [main] DEBUG org.apache.http.wire -  << "Report-To: {"endpoints":[{"url":"https:\/\/a.nel.cloudflare.com\/report\/v3?s=XKmOHUUl1rNhGWgXQ4V2aXF4Qizmpi7i%2Ffh5lMhx6uX1cdq6V%2BL5IkK4t4k5b%2BidVsoE%2FO607%2FyPTrCIWvC1Mz%2B77Km3FwqGSkf7Kx9tC5FdlynTOB5zu5Q3VIekBFMAJG55MgP7SHW5kLDbz0%2BY"}],"group":"cf-nel","max_age":604800}[\r][\n]"
22:17:14.931 [main] DEBUG org.apache.http.wire -  << "NEL: {"success_fraction":0,"report_to":"cf-nel","max_age":604800}[\r][\n]"
22:17:14.931 [main] DEBUG org.apache.http.wire -  << "Server: cloudflare[\r][\n]"
22:17:14.931 [main] DEBUG org.apache.http.wire -  << "CF-RAY: 7b74acbe5dd50193-SIN[\r][\n]"
22:17:14.931 [main] DEBUG org.apache.http.wire -  << "Content-Encoding: gzip[\r][\n]"
22:17:14.931 [main] DEBUG org.apache.http.wire -  << "alt-svc: h3=":443"; ma=86400, h3-29=":443"; ma=86400[\r][\n]"
22:17:14.931 [main] DEBUG org.apache.http.wire -  << "[\r][\n]"
22:17:14.931 [main] DEBUG org.apache.http.impl.conn.DefaultClientConnection - Receiving response: HTTP/1.1 200 OK
22:17:14.931 [main] DEBUG org.apache.http.headers - << HTTP/1.1 200 OK
22:17:14.931 [main] DEBUG org.apache.http.headers - << Date: Thu, 13 Apr 2023 15:17:15 GMT
22:17:14.931 [main] DEBUG org.apache.http.headers - << Content-Type: application/json; charset=utf-8
22:17:14.931 [main] DEBUG org.apache.http.headers - << Transfer-Encoding: chunked
22:17:14.931 [main] DEBUG org.apache.http.headers - << Connection: keep-alive
22:17:14.931 [main] DEBUG org.apache.http.headers - << X-Powered-By: Express
22:17:14.931 [main] DEBUG org.apache.http.headers - << X-Ratelimit-Limit: 1000
22:17:14.931 [main] DEBUG org.apache.http.headers - << X-Ratelimit-Remaining: 995
22:17:14.931 [main] DEBUG org.apache.http.headers - << X-Ratelimit-Reset: 1681399068
22:17:14.931 [main] DEBUG org.apache.http.headers - << Vary: Origin, Accept-Encoding
22:17:14.931 [main] DEBUG org.apache.http.headers - << Access-Control-Allow-Credentials: true
22:17:14.931 [main] DEBUG org.apache.http.headers - << Cache-Control: no-cache
22:17:14.931 [main] DEBUG org.apache.http.headers - << Pragma: no-cache
22:17:14.931 [main] DEBUG org.apache.http.headers - << Expires: -1
22:17:14.931 [main] DEBUG org.apache.http.headers - << X-Content-Type-Options: nosniff
22:17:14.931 [main] DEBUG org.apache.http.headers - << Etag: W/"5e-BvRBc0A9g7X9u06LtXze8EjAeuU"
22:17:14.931 [main] DEBUG org.apache.http.headers - << Via: 1.1 vegur
22:17:14.931 [main] DEBUG org.apache.http.headers - << CF-Cache-Status: DYNAMIC
22:17:14.931 [main] DEBUG org.apache.http.headers - << Report-To: {"endpoints":[{"url":"https:\/\/a.nel.cloudflare.com\/report\/v3?s=XKmOHUUl1rNhGWgXQ4V2aXF4Qizmpi7i%2Ffh5lMhx6uX1cdq6V%2BL5IkK4t4k5b%2BidVsoE%2FO607%2FyPTrCIWvC1Mz%2B77Km3FwqGSkf7Kx9tC5FdlynTOB5zu5Q3VIekBFMAJG55MgP7SHW5kLDbz0%2BY"}],"group":"cf-nel","max_age":604800}
22:17:14.931 [main] DEBUG org.apache.http.headers - << NEL: {"success_fraction":0,"report_to":"cf-nel","max_age":604800}
22:17:14.931 [main] DEBUG org.apache.http.headers - << Server: cloudflare
22:17:14.931 [main] DEBUG org.apache.http.headers - << CF-RAY: 7b74acbe5dd50193-SIN
22:17:14.931 [main] DEBUG org.apache.http.headers - << Content-Encoding: gzip
22:17:14.931 [main] DEBUG org.apache.http.headers - << alt-svc: h3=":443"; ma=86400, h3-29=":443"; ma=86400
22:17:14.931 [main] DEBUG org.apache.http.impl.client.DefaultHttpClient - Connection can be kept alive indefinitely
22:17:14.931 [main] DEBUG io.restassured.internal.RestAssuredHttpBuilder - Parsing response as: application/json; charset=utf-8
22:17:14.931 [main] DEBUG org.apache.http.wire -  << "65[\r][\n]"
22:17:14.931 [main] DEBUG org.apache.http.wire -  << "[0x1f][0x8b][0x8][0x0][0x0][0x0][0x0][0x0][0x0][0x3][0xaa][0xe6]RPP[0xca]LQ[0xb2]R0[0xd4][0x1]1K2KrR[0x95][0xac][0x14][0x94]B[0xb]R[0x12]KRS[0x14]B[0xc0][0x2]`[0xb9][0xa4][0xfc][0x94]J[0x90]THFf[0xb1]Bf[0xb1]BIF[0xaa]B)TYr~^Ij^[0x89]B~[0x1a]X[0xb8] [0xbf][0xb8]D[0x89][0xab][0x16][0x0][0x0][0x0][0xff][0xff][0x3][0x0][0xd8]eM%^[0x0][0x0][0x0]"
22:17:14.931 [main] DEBUG org.apache.http.wire -  << "[\r][\n]"
22:17:14.931 [main] DEBUG org.apache.http.wire -  << "0[\r][\n]"
22:17:14.931 [main] DEBUG org.apache.http.wire -  << "[\r][\n]"
22:17:14.931 [main] DEBUG io.restassured.internal.RestAssuredHttpBuilder - Parsed data to instance of: class org.apache.http.conn.EofSensorInputStream
22:17:14.933 [main] DEBUG org.apache.http.impl.conn.BasicClientConnectionManager - Releasing connection org.apache.http.impl.conn.ManagedClientConnectionImpl@627d5f1
22:17:14.933 [main] DEBUG org.apache.http.impl.conn.BasicClientConnectionManager - Connection can be kept alive indefinitely
22:17:14.933 [main] DEBUG net.thucydides.core.steps.StepInterceptor - STEP DONE: I send PUT HTTP request
  &amp#27;[32mWhen &amp#27;[0m&amp#27;[32mI send PUT HTTP request&amp#27;[0m                              &amp#27;[90m# starter.stepDefinition.UserSteps.sendPutHttpRequest()&amp#27;[0m
22:17:14.936 [main] DEBUG net.thucydides.core.steps.StepInterceptor - STARTING STEP: UserSteps.codeResponse - I receive response with a valid HTTP status code 200
22:17:14.936 [main] DEBUG net.thucydides.core.steps.StepInterceptor - STEP DONE: I receive response with a valid HTTP status code 200
  &amp#27;[32mThen &amp#27;[0m&amp#27;[32mI receive response with a valid HTTP status code 200&amp#27;[0m &amp#27;[90m# starter.stepDefinition.UserSteps.codeResponse()&amp#27;[0m
22:17:14.939 [main] DEBUG net.thucydides.core.steps.StepInterceptor - STARTING STEP: UserSteps.ValidateDataForExistingUser - I receive valid data for existing user
22:17:14.963 [main] DEBUG net.thucydides.core.steps.StepInterceptor - STEP DONE: I receive valid data for existing user
  &amp#27;[32mAnd &amp#27;[0m&amp#27;[32mI receive valid data for existing user&amp#27;[0m                &amp#27;[90m# starter.stepDefinition.UserSteps.ValidateDataForExistingUser()&amp#27;[0m
22:17:14.964 [main] INFO  - 
  _____   ___   ___   _____     ___     _     ___   ___   ___   ___  
 |_   _| | __| / __| |_   _|   | _ \   /_\   / __| / __| | __| |   \ 
   | |   | _|  \__ \   | |     |  _/  / _ \  \__ \ \__ \ | _|  | |) |
   |_|   |___| |___/   |_|     |_|   /_/ \_\ |___/ |___/ |___| |___/ 

[Positive] - Verify user PUT post by ID
----------------------------------------------------------------------
]]></system-out>
  </testcase>
  <testcase name="[Negative] - Verify user PUT send invalid request for post by ID" classname="API Testing on" time="0.768">
    <system-out><![CDATA[
Scenario: [Negative] - Verify user PUT send invalid request for post by ID    &amp#27;[90m# src/test/resources/api/user.feature:48&amp#27;[0m
22:17:14.972 [main] INFO io.cucumber.core.plugin.SerenityReporter - Running feature from file:///Users/wiyanherraherviana/Alterra/Task_RESTfulAPI/src/test/resources/api/user.feature
22:17:14.973 [main] WARN io.cucumber.core.plugin.SerenityReporter - Feature from file:///Users/wiyanherraherviana/Alterra/Task_RESTfulAPI/src/test/resources/api/user.feature is not under the 'features' directory. Requirements report will not be correctly generated!
22:17:14.974 [main] INFO  - 
  _____   ___   ___   _____     ___   _____     _     ___   _____   ___   ___  
 |_   _| | __| / __| |_   _|   / __| |_   _|   /_\   | _ \ |_   _| | __| |   \ 
   | |   | _|  \__ \   | |     \__ \   | |    / _ \  |   /   | |   | _|  | |) |
   |_|   |___| |___/   |_|     |___/   |_|   /_/ \_\ |_|_\   |_|   |___| |___/ 

[Negative] - Verify user PUT send invalid request for post by ID(api-testing-on;[negative]---verify-user-put-send-invalid-request-for-post-by-id)
--------------------------------------------------------------------------------
22:17:14.982 [main] DEBUG net.thucydides.core.steps.StepInterceptor - STARTING STEP: UserSteps.setPutEndpointExistingPostWithID - I set PUT endpoint for an existing post by ID
22:17:14.982 [main] DEBUG net.thucydides.core.steps.StepInterceptor - STEP DONE: I set PUT endpoint for an existing post by ID
  &amp#27;[32mGiven &amp#27;[0m&amp#27;[32mI set PUT endpoint for an existing post by ID&amp#27;[0m                         &amp#27;[90m# starter.stepDefinition.UserSteps.setPutEndpointExistingPostWithID()&amp#27;[0m
22:17:14.984 [main] DEBUG net.thucydides.core.steps.StepInterceptor - STARTING STEP: UserSteps.sendInvalidPutHTTPRequest - I send an invalid PUT HTTP request with an empty request body
22:17:14.985 [main] DEBUG net.thucydides.core.steps.StepInterceptor - STARTING STEP: Put.sendInvalidPutHTTPRequest - I set PUT endpoints
22:17:14.986 [main] DEBUG net.thucydides.core.steps.StepInterceptor - STEP DONE: I set PUT endpoints
22:17:15.004 [main] DEBUG org.apache.http.impl.conn.BasicClientConnectionManager - Get connection for route {s}->https://jsonplaceholder.typicode.com:443
22:17:15.004 [main] DEBUG org.apache.http.impl.conn.DefaultClientConnectionOperator - Connecting to jsonplaceholder.typicode.com:443
22:17:15.092 [main] DEBUG org.apache.http.client.protocol.RequestAddCookies - CookieSpec selected: ignoreCookies
22:17:15.092 [main] DEBUG org.apache.http.client.protocol.RequestAuthCache - Auth cache not set in the context
22:17:15.092 [main] DEBUG org.apache.http.client.protocol.RequestTargetAuthentication - Target auth state: UNCHALLENGED
22:17:15.092 [main] DEBUG org.apache.http.client.protocol.RequestProxyAuthentication - Proxy auth state: UNCHALLENGED
22:17:15.092 [main] DEBUG org.apache.http.impl.client.DefaultHttpClient - Attempt 1 to execute request
22:17:15.092 [main] DEBUG org.apache.http.impl.conn.DefaultClientConnection - Sending request: PUT /posts/999posts/1 HTTP/1.1
22:17:15.092 [main] DEBUG org.apache.http.wire -  >> "PUT /posts/999posts/1 HTTP/1.1[\r][\n]"
22:17:15.092 [main] DEBUG org.apache.http.wire -  >> "Accept: */*[\r][\n]"
22:17:15.092 [main] DEBUG org.apache.http.wire -  >> "Content-Type: application/json[\r][\n]"
22:17:15.092 [main] DEBUG org.apache.http.wire -  >> "Content-Length: 2[\r][\n]"
22:17:15.092 [main] DEBUG org.apache.http.wire -  >> "Host: jsonplaceholder.typicode.com[\r][\n]"
22:17:15.092 [main] DEBUG org.apache.http.wire -  >> "Connection: Keep-Alive[\r][\n]"
22:17:15.092 [main] DEBUG org.apache.http.wire -  >> "User-Agent: Apache-HttpClient/4.5.13 (Java/19.0.2)[\r][\n]"
22:17:15.092 [main] DEBUG org.apache.http.wire -  >> "Accept-Encoding: gzip,deflate[\r][\n]"
22:17:15.092 [main] DEBUG org.apache.http.wire -  >> "[\r][\n]"
22:17:15.092 [main] DEBUG org.apache.http.headers - >> PUT /posts/999posts/1 HTTP/1.1
22:17:15.092 [main] DEBUG org.apache.http.headers - >> Accept: */*
22:17:15.092 [main] DEBUG org.apache.http.headers - >> Content-Type: application/json
22:17:15.092 [main] DEBUG org.apache.http.headers - >> Content-Length: 2
22:17:15.092 [main] DEBUG org.apache.http.headers - >> Host: jsonplaceholder.typicode.com
22:17:15.092 [main] DEBUG org.apache.http.headers - >> Connection: Keep-Alive
22:17:15.092 [main] DEBUG org.apache.http.headers - >> User-Agent: Apache-HttpClient/4.5.13 (Java/19.0.2)
22:17:15.092 [main] DEBUG org.apache.http.headers - >> Accept-Encoding: gzip,deflate
22:17:15.092 [main] DEBUG org.apache.http.wire -  >> "{}"
22:17:15.706 [main] DEBUG org.apache.http.wire -  << "HTTP/1.1 404 Not Found[\r][\n]"
22:17:15.706 [main] DEBUG org.apache.http.wire -  << "Date: Thu, 13 Apr 2023 15:17:15 GMT[\r][\n]"
22:17:15.706 [main] DEBUG org.apache.http.wire -  << "Content-Type: application/json; charset=utf-8[\r][\n]"
22:17:15.706 [main] DEBUG org.apache.http.wire -  << "Content-Length: 2[\r][\n]"
22:17:15.706 [main] DEBUG org.apache.http.wire -  << "Connection: keep-alive[\r][\n]"
22:17:15.706 [main] DEBUG org.apache.http.wire -  << "X-Powered-By: Express[\r][\n]"
22:17:15.706 [main] DEBUG org.apache.http.wire -  << "X-Ratelimit-Limit: 1000[\r][\n]"
22:17:15.706 [main] DEBUG org.apache.http.wire -  << "X-Ratelimit-Remaining: 994[\r][\n]"
22:17:15.707 [main] DEBUG org.apache.http.wire -  << "X-Ratelimit-Reset: 1681399068[\r][\n]"
22:17:15.707 [main] DEBUG org.apache.http.wire -  << "Vary: Origin, Accept-Encoding[\r][\n]"
22:17:15.707 [main] DEBUG org.apache.http.wire -  << "Access-Control-Allow-Credentials: true[\r][\n]"
22:17:15.707 [main] DEBUG org.apache.http.wire -  << "Cache-Control: no-cache[\r][\n]"
22:17:15.707 [main] DEBUG org.apache.http.wire -  << "Pragma: no-cache[\r][\n]"
22:17:15.707 [main] DEBUG org.apache.http.wire -  << "Expires: -1[\r][\n]"
22:17:15.707 [main] DEBUG org.apache.http.wire -  << "X-Content-Type-Options: nosniff[\r][\n]"
22:17:15.707 [main] DEBUG org.apache.http.wire -  << "Etag: W/"2-vyGp6PvFo4RvsFtPoIWeCReyIC8"[\r][\n]"
22:17:15.707 [main] DEBUG org.apache.http.wire -  << "Via: 1.1 vegur[\r][\n]"
22:17:15.707 [main] DEBUG org.apache.http.wire -  << "CF-Cache-Status: DYNAMIC[\r][\n]"
22:17:15.707 [main] DEBUG org.apache.http.wire -  << "Report-To: {"endpoints":[{"url":"https:\/\/a.nel.cloudflare.com\/report\/v3?s=ypzm03SM6DxywYunacMMhGhxCBV%2FhddGZ4IWOMe8qZb4jDAi45ni2s7gXDGv2f1MacWVbalssSt0vK0kINsFScTqyHAKO8WjGwZWoyL%2BlJVFAPj0tDta77MfdLvf82O27kitRdIdPo0dXdTLy4W3"}],"group":"cf-nel","max_age":604800}[\r][\n]"
22:17:15.707 [main] DEBUG org.apache.http.wire -  << "NEL: {"success_fraction":0,"report_to":"cf-nel","max_age":604800}[\r][\n]"
22:17:15.707 [main] DEBUG org.apache.http.wire -  << "Server: cloudflare[\r][\n]"
22:17:15.707 [main] DEBUG org.apache.http.wire -  << "CF-RAY: 7b74acc2dd83411b-SIN[\r][\n]"
22:17:15.707 [main] DEBUG org.apache.http.wire -  << "alt-svc: h3=":443"; ma=86400, h3-29=":443"; ma=86400[\r][\n]"
22:17:15.707 [main] DEBUG org.apache.http.wire -  << "[\r][\n]"
22:17:15.707 [main] DEBUG org.apache.http.impl.conn.DefaultClientConnection - Receiving response: HTTP/1.1 404 Not Found
22:17:15.707 [main] DEBUG org.apache.http.headers - << HTTP/1.1 404 Not Found
22:17:15.707 [main] DEBUG org.apache.http.headers - << Date: Thu, 13 Apr 2023 15:17:15 GMT
22:17:15.707 [main] DEBUG org.apache.http.headers - << Content-Type: application/json; charset=utf-8
22:17:15.707 [main] DEBUG org.apache.http.headers - << Content-Length: 2
22:17:15.707 [main] DEBUG org.apache.http.headers - << Connection: keep-alive
22:17:15.707 [main] DEBUG org.apache.http.headers - << X-Powered-By: Express
22:17:15.707 [main] DEBUG org.apache.http.headers - << X-Ratelimit-Limit: 1000
22:17:15.707 [main] DEBUG org.apache.http.headers - << X-Ratelimit-Remaining: 994
22:17:15.707 [main] DEBUG org.apache.http.headers - << X-Ratelimit-Reset: 1681399068
22:17:15.707 [main] DEBUG org.apache.http.headers - << Vary: Origin, Accept-Encoding
22:17:15.707 [main] DEBUG org.apache.http.headers - << Access-Control-Allow-Credentials: true
22:17:15.707 [main] DEBUG org.apache.http.headers - << Cache-Control: no-cache
22:17:15.707 [main] DEBUG org.apache.http.headers - << Pragma: no-cache
22:17:15.707 [main] DEBUG org.apache.http.headers - << Expires: -1
22:17:15.707 [main] DEBUG org.apache.http.headers - << X-Content-Type-Options: nosniff
22:17:15.707 [main] DEBUG org.apache.http.headers - << Etag: W/"2-vyGp6PvFo4RvsFtPoIWeCReyIC8"
22:17:15.707 [main] DEBUG org.apache.http.headers - << Via: 1.1 vegur
22:17:15.707 [main] DEBUG org.apache.http.headers - << CF-Cache-Status: DYNAMIC
22:17:15.707 [main] DEBUG org.apache.http.headers - << Report-To: {"endpoints":[{"url":"https:\/\/a.nel.cloudflare.com\/report\/v3?s=ypzm03SM6DxywYunacMMhGhxCBV%2FhddGZ4IWOMe8qZb4jDAi45ni2s7gXDGv2f1MacWVbalssSt0vK0kINsFScTqyHAKO8WjGwZWoyL%2BlJVFAPj0tDta77MfdLvf82O27kitRdIdPo0dXdTLy4W3"}],"group":"cf-nel","max_age":604800}
22:17:15.707 [main] DEBUG org.apache.http.headers - << NEL: {"success_fraction":0,"report_to":"cf-nel","max_age":604800}
22:17:15.707 [main] DEBUG org.apache.http.headers - << Server: cloudflare
22:17:15.707 [main] DEBUG org.apache.http.headers - << CF-RAY: 7b74acc2dd83411b-SIN
22:17:15.707 [main] DEBUG org.apache.http.headers - << alt-svc: h3=":443"; ma=86400, h3-29=":443"; ma=86400
22:17:15.708 [main] DEBUG org.apache.http.impl.client.DefaultHttpClient - Connection can be kept alive indefinitely
22:17:15.708 [main] DEBUG io.restassured.internal.RestAssuredHttpBuilder - Parsing response as: application/json; charset=utf-8
22:17:15.708 [main] DEBUG io.restassured.internal.RestAssuredHttpBuilder - Parsed data to instance of: class org.apache.http.conn.EofSensorInputStream
22:17:15.710 [main] DEBUG org.apache.http.wire -  << "{}"
22:17:15.710 [main] DEBUG org.apache.http.impl.conn.BasicClientConnectionManager - Releasing connection org.apache.http.impl.conn.ManagedClientConnectionImpl@30adae45
22:17:15.710 [main] DEBUG org.apache.http.impl.conn.BasicClientConnectionManager - Connection can be kept alive indefinitely
22:17:15.711 [main] DEBUG net.thucydides.core.steps.StepInterceptor - STEP DONE: I send an invalid PUT HTTP request with an empty request body
  &amp#27;[32mWhen &amp#27;[0m&amp#27;[32mI send an invalid PUT HTTP request with an empty request body&amp#27;[0m          &amp#27;[90m# starter.stepDefinition.UserSteps.sendInvalidPutHTTPRequest()&amp#27;[0m
22:17:15.717 [main] DEBUG net.thucydides.core.steps.StepInterceptor - STARTING STEP: UserSteps.receiveResponseInvalidHTTPStatusCode - I receive response with an invalid HTTP status code {int}
22:17:15.719 [main] DEBUG net.thucydides.core.steps.StepInterceptor - STEP DONE: I receive response with an invalid HTTP status code {int}
  &amp#27;[32mThen &amp#27;[0m&amp#27;[32mI receive response with an invalid HTTP status code &amp#27;[0m&amp#27;[32m&amp#27;[1m404&amp#27;[0m                &amp#27;[90m# starter.stepDefinition.UserSteps.receiveResponseInvalidHTTPStatusCode(int)&amp#27;[0m
22:17:15.722 [main] DEBUG net.thucydides.core.steps.StepInterceptor - STARTING STEP: UserSteps.receiveErrorMessageInResponseBody - I receive an error message 'Request body is empty' in the response body
22:17:15.732 [main] DEBUG net.thucydides.core.steps.StepInterceptor - STEP DONE: I receive an error message 'Request body is empty' in the response body
  &amp#27;[32mAnd &amp#27;[0m&amp#27;[32mI receive an error message 'Request body is empty' in the response body&amp#27;[0m &amp#27;[90m# starter.stepDefinition.UserSteps.receiveErrorMessageInResponseBody()&amp#27;[0m
22:17:15.733 [main] INFO  - 
  _____   ___   ___   _____     ___     _     ___   ___   ___   ___  
 |_   _| | __| / __| |_   _|   | _ \   /_\   / __| / __| | __| |   \ 
   | |   | _|  \__ \   | |     |  _/  / _ \  \__ \ \__ \ | _|  | |) |
   |_|   |___| |___/   |_|     |_|   /_/ \_\ |___/ |___/ |___| |___/ 

[Negative] - Verify user PUT send invalid request for post by ID
----------------------------------------------------------------------
]]></system-out>
  </testcase>
  <testcase name="[Positive] - Verify user DELETE post by ID" classname="API Testing on" time="0.717">
    <system-out><![CDATA[
Scenario: [Positive] - Verify user DELETE post by ID &amp#27;[90m# src/test/resources/api/user.feature:54&amp#27;[0m
22:17:15.739 [main] INFO io.cucumber.core.plugin.SerenityReporter - Running feature from file:///Users/wiyanherraherviana/Alterra/Task_RESTfulAPI/src/test/resources/api/user.feature
22:17:15.739 [main] WARN io.cucumber.core.plugin.SerenityReporter - Feature from file:///Users/wiyanherraherviana/Alterra/Task_RESTfulAPI/src/test/resources/api/user.feature is not under the 'features' directory. Requirements report will not be correctly generated!
22:17:15.740 [main] INFO  - 
  _____   ___   ___   _____     ___   _____     _     ___   _____   ___   ___  
 |_   _| | __| / __| |_   _|   / __| |_   _|   /_\   | _ \ |_   _| | __| |   \ 
   | |   | _|  \__ \   | |     \__ \   | |    / _ \  |   /   | |   | _|  | |) |
   |_|   |___| |___/   |_|     |___/   |_|   /_/ \_\ |_|_\   |_|   |___| |___/ 

[Positive] - Verify user DELETE post by ID(api-testing-on;[positive]---verify-user-delete-post-by-id)
--------------------------------------------------------------------------------
22:17:15.753 [main] DEBUG net.thucydides.core.steps.StepInterceptor - STARTING STEP: UserSteps.setDeleteEndpoint - I set DELETE endpoint
22:17:15.753 [main] DEBUG net.thucydides.core.steps.StepInterceptor - STEP DONE: I set DELETE endpoint
  &amp#27;[32mGiven &amp#27;[0m&amp#27;[32mI set DELETE endpoint&amp#27;[0m                        &amp#27;[90m# starter.stepDefinition.UserSteps.setDeleteEndpoint()&amp#27;[0m
22:17:15.757 [main] DEBUG net.thucydides.core.steps.StepInterceptor - STARTING STEP: UserSteps.sendDeleteHttpRequest - I send DELETE HTTP request
22:17:15.758 [main] DEBUG net.thucydides.core.steps.StepInterceptor - STARTING STEP: Delete.sendDeleteHttpRequest - I set DELETE endpoint
22:17:15.759 [main] DEBUG net.thucydides.core.steps.StepInterceptor - STEP DONE: I set DELETE endpoint
22:17:15.773 [main] DEBUG org.apache.http.impl.conn.BasicClientConnectionManager - Get connection for route {s}->https://jsonplaceholder.typicode.com:443
22:17:15.773 [main] DEBUG org.apache.http.impl.conn.DefaultClientConnectionOperator - Connecting to jsonplaceholder.typicode.com:443
22:17:15.836 [main] DEBUG org.apache.http.client.protocol.RequestAddCookies - CookieSpec selected: ignoreCookies
22:17:15.836 [main] DEBUG org.apache.http.client.protocol.RequestAuthCache - Auth cache not set in the context
22:17:15.836 [main] DEBUG org.apache.http.client.protocol.RequestTargetAuthentication - Target auth state: UNCHALLENGED
22:17:15.836 [main] DEBUG org.apache.http.client.protocol.RequestProxyAuthentication - Proxy auth state: UNCHALLENGED
22:17:15.836 [main] DEBUG org.apache.http.impl.client.DefaultHttpClient - Attempt 1 to execute request
22:17:15.836 [main] DEBUG org.apache.http.impl.conn.DefaultClientConnection - Sending request: DELETE /posts/1 HTTP/1.1
22:17:15.836 [main] DEBUG org.apache.http.wire -  >> "DELETE /posts/1 HTTP/1.1[\r][\n]"
22:17:15.836 [main] DEBUG org.apache.http.wire -  >> "Accept: */*[\r][\n]"
22:17:15.836 [main] DEBUG org.apache.http.wire -  >> "Host: jsonplaceholder.typicode.com[\r][\n]"
22:17:15.836 [main] DEBUG org.apache.http.wire -  >> "Connection: Keep-Alive[\r][\n]"
22:17:15.836 [main] DEBUG org.apache.http.wire -  >> "User-Agent: Apache-HttpClient/4.5.13 (Java/19.0.2)[\r][\n]"
22:17:15.836 [main] DEBUG org.apache.http.wire -  >> "Accept-Encoding: gzip,deflate[\r][\n]"
22:17:15.836 [main] DEBUG org.apache.http.wire -  >> "[\r][\n]"
22:17:15.836 [main] DEBUG org.apache.http.headers - >> DELETE /posts/1 HTTP/1.1
22:17:15.836 [main] DEBUG org.apache.http.headers - >> Accept: */*
22:17:15.836 [main] DEBUG org.apache.http.headers - >> Host: jsonplaceholder.typicode.com
22:17:15.836 [main] DEBUG org.apache.http.headers - >> Connection: Keep-Alive
22:17:15.836 [main] DEBUG org.apache.http.headers - >> User-Agent: Apache-HttpClient/4.5.13 (Java/19.0.2)
22:17:15.836 [main] DEBUG org.apache.http.headers - >> Accept-Encoding: gzip,deflate
22:17:16.438 [main] DEBUG org.apache.http.wire -  << "HTTP/1.1 200 OK[\r][\n]"
22:17:16.439 [main] DEBUG org.apache.http.wire -  << "Date: Thu, 13 Apr 2023 15:17:16 GMT[\r][\n]"
22:17:16.439 [main] DEBUG org.apache.http.wire -  << "Content-Type: application/json; charset=utf-8[\r][\n]"
22:17:16.439 [main] DEBUG org.apache.http.wire -  << "Content-Length: 2[\r][\n]"
22:17:16.439 [main] DEBUG org.apache.http.wire -  << "Connection: keep-alive[\r][\n]"
22:17:16.439 [main] DEBUG org.apache.http.wire -  << "X-Powered-By: Express[\r][\n]"
22:17:16.439 [main] DEBUG org.apache.http.wire -  << "X-Ratelimit-Limit: 1000[\r][\n]"
22:17:16.439 [main] DEBUG org.apache.http.wire -  << "X-Ratelimit-Remaining: 993[\r][\n]"
22:17:16.439 [main] DEBUG org.apache.http.wire -  << "X-Ratelimit-Reset: 1681399068[\r][\n]"
22:17:16.439 [main] DEBUG org.apache.http.wire -  << "Vary: Origin, Accept-Encoding[\r][\n]"
22:17:16.439 [main] DEBUG org.apache.http.wire -  << "Access-Control-Allow-Credentials: true[\r][\n]"
22:17:16.439 [main] DEBUG org.apache.http.wire -  << "Cache-Control: no-cache[\r][\n]"
22:17:16.439 [main] DEBUG org.apache.http.wire -  << "Pragma: no-cache[\r][\n]"
22:17:16.439 [main] DEBUG org.apache.http.wire -  << "Expires: -1[\r][\n]"
22:17:16.439 [main] DEBUG org.apache.http.wire -  << "X-Content-Type-Options: nosniff[\r][\n]"
22:17:16.439 [main] DEBUG org.apache.http.wire -  << "Etag: W/"2-vyGp6PvFo4RvsFtPoIWeCReyIC8"[\r][\n]"
22:17:16.439 [main] DEBUG org.apache.http.wire -  << "Via: 1.1 vegur[\r][\n]"
22:17:16.439 [main] DEBUG org.apache.http.wire -  << "CF-Cache-Status: DYNAMIC[\r][\n]"
22:17:16.439 [main] DEBUG org.apache.http.wire -  << "Report-To: {"endpoints":[{"url":"https:\/\/a.nel.cloudflare.com\/report\/v3?s=KY5eDBtN3oLNJF%2BJCN7Bg3Dd7VXc1Ti2ruyjkzXXEyPcju7M4IAjIYln8M1BybtXt71FM%2BBa0otwgMXwFBWcqB5Ldec2UD5XpBBRgFawNuEch1RqETbqKUF1pzaR7m4LjZDdTD7%2Fcmmb5Rq2VcuZ"}],"group":"cf-nel","max_age":604800}[\r][\n]"
22:17:16.439 [main] DEBUG org.apache.http.wire -  << "NEL: {"success_fraction":0,"report_to":"cf-nel","max_age":604800}[\r][\n]"
22:17:16.439 [main] DEBUG org.apache.http.wire -  << "Server: cloudflare[\r][\n]"
22:17:16.439 [main] DEBUG org.apache.http.wire -  << "CF-RAY: 7b74acc778a7a3ee-SIN[\r][\n]"
22:17:16.439 [main] DEBUG org.apache.http.wire -  << "alt-svc: h3=":443"; ma=86400, h3-29=":443"; ma=86400[\r][\n]"
22:17:16.439 [main] DEBUG org.apache.http.wire -  << "[\r][\n]"
22:17:16.439 [main] DEBUG org.apache.http.impl.conn.DefaultClientConnection - Receiving response: HTTP/1.1 200 OK
22:17:16.440 [main] DEBUG org.apache.http.headers - << HTTP/1.1 200 OK
22:17:16.440 [main] DEBUG org.apache.http.headers - << Date: Thu, 13 Apr 2023 15:17:16 GMT
22:17:16.440 [main] DEBUG org.apache.http.headers - << Content-Type: application/json; charset=utf-8
22:17:16.440 [main] DEBUG org.apache.http.headers - << Content-Length: 2
22:17:16.440 [main] DEBUG org.apache.http.headers - << Connection: keep-alive
22:17:16.440 [main] DEBUG org.apache.http.headers - << X-Powered-By: Express
22:17:16.440 [main] DEBUG org.apache.http.headers - << X-Ratelimit-Limit: 1000
22:17:16.440 [main] DEBUG org.apache.http.headers - << X-Ratelimit-Remaining: 993
22:17:16.440 [main] DEBUG org.apache.http.headers - << X-Ratelimit-Reset: 1681399068
22:17:16.440 [main] DEBUG org.apache.http.headers - << Vary: Origin, Accept-Encoding
22:17:16.440 [main] DEBUG org.apache.http.headers - << Access-Control-Allow-Credentials: true
22:17:16.440 [main] DEBUG org.apache.http.headers - << Cache-Control: no-cache
22:17:16.440 [main] DEBUG org.apache.http.headers - << Pragma: no-cache
22:17:16.440 [main] DEBUG org.apache.http.headers - << Expires: -1
22:17:16.440 [main] DEBUG org.apache.http.headers - << X-Content-Type-Options: nosniff
22:17:16.440 [main] DEBUG org.apache.http.headers - << Etag: W/"2-vyGp6PvFo4RvsFtPoIWeCReyIC8"
22:17:16.440 [main] DEBUG org.apache.http.headers - << Via: 1.1 vegur
22:17:16.440 [main] DEBUG org.apache.http.headers - << CF-Cache-Status: DYNAMIC
22:17:16.440 [main] DEBUG org.apache.http.headers - << Report-To: {"endpoints":[{"url":"https:\/\/a.nel.cloudflare.com\/report\/v3?s=KY5eDBtN3oLNJF%2BJCN7Bg3Dd7VXc1Ti2ruyjkzXXEyPcju7M4IAjIYln8M1BybtXt71FM%2BBa0otwgMXwFBWcqB5Ldec2UD5XpBBRgFawNuEch1RqETbqKUF1pzaR7m4LjZDdTD7%2Fcmmb5Rq2VcuZ"}],"group":"cf-nel","max_age":604800}
22:17:16.440 [main] DEBUG org.apache.http.headers - << NEL: {"success_fraction":0,"report_to":"cf-nel","max_age":604800}
22:17:16.440 [main] DEBUG org.apache.http.headers - << Server: cloudflare
22:17:16.440 [main] DEBUG org.apache.http.headers - << CF-RAY: 7b74acc778a7a3ee-SIN
22:17:16.440 [main] DEBUG org.apache.http.headers - << alt-svc: h3=":443"; ma=86400, h3-29=":443"; ma=86400
22:17:16.440 [main] DEBUG org.apache.http.impl.client.DefaultHttpClient - Connection can be kept alive indefinitely
22:17:16.440 [main] DEBUG io.restassured.internal.RestAssuredHttpBuilder - Parsing response as: application/json; charset=utf-8
22:17:16.440 [main] DEBUG io.restassured.internal.RestAssuredHttpBuilder - Parsed data to instance of: class org.apache.http.conn.EofSensorInputStream
22:17:16.442 [main] DEBUG org.apache.http.wire -  << "{}"
22:17:16.442 [main] DEBUG org.apache.http.impl.conn.BasicClientConnectionManager - Releasing connection org.apache.http.impl.conn.ManagedClientConnectionImpl@35fac3ba
22:17:16.442 [main] DEBUG org.apache.http.impl.conn.BasicClientConnectionManager - Connection can be kept alive indefinitely
22:17:16.443 [main] DEBUG net.thucydides.core.steps.StepInterceptor - STEP DONE: I send DELETE HTTP request
  &amp#27;[32mWhen &amp#27;[0m&amp#27;[32mI send DELETE HTTP request&amp#27;[0m                    &amp#27;[90m# starter.stepDefinition.UserSteps.sendDeleteHttpRequest()&amp#27;[0m
22:17:16.447 [main] DEBUG net.thucydides.core.steps.StepInterceptor - STARTING STEP: UserSteps.receiveValidResponseCode - I receive an valid HTTP response code 200
22:17:16.448 [main] DEBUG net.thucydides.core.steps.StepInterceptor - STEP DONE: I receive an valid HTTP response code 200
  &amp#27;[32mThen &amp#27;[0m&amp#27;[32mI receive an valid HTTP response code 200&amp#27;[0m     &amp#27;[90m# starter.stepDefinition.UserSteps.receiveValidResponseCode()&amp#27;[0m
22:17:16.450 [main] INFO  - 
  _____   ___   ___   _____     ___     _     ___   ___   ___   ___  
 |_   _| | __| / __| |_   _|   | _ \   /_\   / __| / __| | __| |   \ 
   | |   | _|  \__ \   | |     |  _/  / _ \  \__ \ \__ \ | _|  | |) |
   |_|   |___| |___/   |_|     |_|   /_/ \_\ |___/ |___/ |___| |___/ 

[Positive] - Verify user DELETE post by ID
----------------------------------------------------------------------
]]></system-out>
  </testcase>
  <testcase name="[Negative] - Verify user cannot DELETE non-existing post by ID" classname="API Testing on" time="0.732">
    <system-out><![CDATA[
Scenario: [Negative] - Verify user cannot DELETE non-existing post by ID &amp#27;[90m# src/test/resources/api/user.feature:59&amp#27;[0m
22:17:16.459 [main] INFO io.cucumber.core.plugin.SerenityReporter - Running feature from file:///Users/wiyanherraherviana/Alterra/Task_RESTfulAPI/src/test/resources/api/user.feature
22:17:16.459 [main] WARN io.cucumber.core.plugin.SerenityReporter - Feature from file:///Users/wiyanherraherviana/Alterra/Task_RESTfulAPI/src/test/resources/api/user.feature is not under the 'features' directory. Requirements report will not be correctly generated!
22:17:16.460 [main] INFO  - 
  _____   ___   ___   _____     ___   _____     _     ___   _____   ___   ___  
 |_   _| | __| / __| |_   _|   / __| |_   _|   /_\   | _ \ |_   _| | __| |   \ 
   | |   | _|  \__ \   | |     \__ \   | |    / _ \  |   /   | |   | _|  | |) |
   |_|   |___| |___/   |_|     |___/   |_|   /_/ \_\ |_|_\   |_|   |___| |___/ 

[Negative] - Verify user cannot DELETE non-existing post by ID(api-testing-on;[negative]---verify-user-cannot-delete-non-existing-post-by-id)
--------------------------------------------------------------------------------
22:17:16.475 [main] DEBUG net.thucydides.core.steps.StepInterceptor - STARTING STEP: UserSteps.setDeleteEndpointForNonExistingPost - I set DELETE endpoint for a non-existing post
22:17:16.475 [main] DEBUG net.thucydides.core.steps.StepInterceptor - STEP DONE: I set DELETE endpoint for a non-existing post
  &amp#27;[32mGiven &amp#27;[0m&amp#27;[32mI set DELETE endpoint for a non-existing post&amp#27;[0m                    &amp#27;[90m# starter.stepDefinition.UserSteps.setDeleteEndpointForNonExistingPost()&amp#27;[0m
22:17:16.478 [main] DEBUG net.thucydides.core.steps.StepInterceptor - STARTING STEP: UserSteps.sendDeleteHttpRequest - I send DELETE HTTP request
22:17:16.479 [main] DEBUG net.thucydides.core.steps.StepInterceptor - STARTING STEP: Delete.sendDeleteHttpRequest - I set DELETE endpoint
22:17:16.480 [main] DEBUG net.thucydides.core.steps.StepInterceptor - STEP DONE: I set DELETE endpoint
22:17:16.492 [main] DEBUG org.apache.http.impl.conn.BasicClientConnectionManager - Get connection for route {s}->https://jsonplaceholder.typicode.com:443
22:17:16.492 [main] DEBUG org.apache.http.impl.conn.DefaultClientConnectionOperator - Connecting to jsonplaceholder.typicode.com:443
22:17:16.563 [main] DEBUG org.apache.http.client.protocol.RequestAddCookies - CookieSpec selected: ignoreCookies
22:17:16.563 [main] DEBUG org.apache.http.client.protocol.RequestAuthCache - Auth cache not set in the context
22:17:16.563 [main] DEBUG org.apache.http.client.protocol.RequestTargetAuthentication - Target auth state: UNCHALLENGED
22:17:16.563 [main] DEBUG org.apache.http.client.protocol.RequestProxyAuthentication - Proxy auth state: UNCHALLENGED
22:17:16.563 [main] DEBUG org.apache.http.impl.client.DefaultHttpClient - Attempt 1 to execute request
22:17:16.563 [main] DEBUG org.apache.http.impl.conn.DefaultClientConnection - Sending request: DELETE /posts/999posts/1 HTTP/1.1
22:17:16.563 [main] DEBUG org.apache.http.wire -  >> "DELETE /posts/999posts/1 HTTP/1.1[\r][\n]"
22:17:16.563 [main] DEBUG org.apache.http.wire -  >> "Accept: */*[\r][\n]"
22:17:16.563 [main] DEBUG org.apache.http.wire -  >> "Host: jsonplaceholder.typicode.com[\r][\n]"
22:17:16.563 [main] DEBUG org.apache.http.wire -  >> "Connection: Keep-Alive[\r][\n]"
22:17:16.563 [main] DEBUG org.apache.http.wire -  >> "User-Agent: Apache-HttpClient/4.5.13 (Java/19.0.2)[\r][\n]"
22:17:16.563 [main] DEBUG org.apache.http.wire -  >> "Accept-Encoding: gzip,deflate[\r][\n]"
22:17:16.563 [main] DEBUG org.apache.http.wire -  >> "[\r][\n]"
22:17:16.563 [main] DEBUG org.apache.http.headers - >> DELETE /posts/999posts/1 HTTP/1.1
22:17:16.563 [main] DEBUG org.apache.http.headers - >> Accept: */*
22:17:16.563 [main] DEBUG org.apache.http.headers - >> Host: jsonplaceholder.typicode.com
22:17:16.564 [main] DEBUG org.apache.http.headers - >> Connection: Keep-Alive
22:17:16.564 [main] DEBUG org.apache.http.headers - >> User-Agent: Apache-HttpClient/4.5.13 (Java/19.0.2)
22:17:16.564 [main] DEBUG org.apache.http.headers - >> Accept-Encoding: gzip,deflate
22:17:17.171 [main] DEBUG org.apache.http.wire -  << "HTTP/1.1 404 Not Found[\r][\n]"
22:17:17.171 [main] DEBUG org.apache.http.wire -  << "Date: Thu, 13 Apr 2023 15:17:17 GMT[\r][\n]"
22:17:17.171 [main] DEBUG org.apache.http.wire -  << "Content-Type: application/json; charset=utf-8[\r][\n]"
22:17:17.171 [main] DEBUG org.apache.http.wire -  << "Content-Length: 2[\r][\n]"
22:17:17.171 [main] DEBUG org.apache.http.wire -  << "Connection: keep-alive[\r][\n]"
22:17:17.171 [main] DEBUG org.apache.http.wire -  << "X-Powered-By: Express[\r][\n]"
22:17:17.171 [main] DEBUG org.apache.http.wire -  << "X-Ratelimit-Limit: 1000[\r][\n]"
22:17:17.171 [main] DEBUG org.apache.http.wire -  << "X-Ratelimit-Remaining: 992[\r][\n]"
22:17:17.171 [main] DEBUG org.apache.http.wire -  << "X-Ratelimit-Reset: 1681399068[\r][\n]"
22:17:17.171 [main] DEBUG org.apache.http.wire -  << "Vary: Origin, Accept-Encoding[\r][\n]"
22:17:17.171 [main] DEBUG org.apache.http.wire -  << "Access-Control-Allow-Credentials: true[\r][\n]"
22:17:17.171 [main] DEBUG org.apache.http.wire -  << "Cache-Control: no-cache[\r][\n]"
22:17:17.171 [main] DEBUG org.apache.http.wire -  << "Pragma: no-cache[\r][\n]"
22:17:17.172 [main] DEBUG org.apache.http.wire -  << "Expires: -1[\r][\n]"
22:17:17.172 [main] DEBUG org.apache.http.wire -  << "X-Content-Type-Options: nosniff[\r][\n]"
22:17:17.172 [main] DEBUG org.apache.http.wire -  << "Etag: W/"2-vyGp6PvFo4RvsFtPoIWeCReyIC8"[\r][\n]"
22:17:17.172 [main] DEBUG org.apache.http.wire -  << "Via: 1.1 vegur[\r][\n]"
22:17:17.172 [main] DEBUG org.apache.http.wire -  << "CF-Cache-Status: DYNAMIC[\r][\n]"
22:17:17.172 [main] DEBUG org.apache.http.wire -  << "Report-To: {"endpoints":[{"url":"https:\/\/a.nel.cloudflare.com\/report\/v3?s=Rx3C8CdzLFrf3kWTrt26EZj8qsVO66Gu%2BJdPgaotZp4pbMPJ7LftvGYle06QJbx3LXyf2NJckX%2F6SohSZzTedxPMThWKyBCXTD%2FiMZdKWQtA8yoc0oWKOG3Edsi4i8Gcu%2FeOg7Jx5A4PwGMHX8w6"}],"group":"cf-nel","max_age":604800}[\r][\n]"
22:17:17.172 [main] DEBUG org.apache.http.wire -  << "NEL: {"success_fraction":0,"report_to":"cf-nel","max_age":604800}[\r][\n]"
22:17:17.172 [main] DEBUG org.apache.http.wire -  << "Server: cloudflare[\r][\n]"
22:17:17.172 [main] DEBUG org.apache.http.wire -  << "CF-RAY: 7b74accc0812898c-SIN[\r][\n]"
22:17:17.172 [main] DEBUG org.apache.http.wire -  << "alt-svc: h3=":443"; ma=86400, h3-29=":443"; ma=86400[\r][\n]"
22:17:17.172 [main] DEBUG org.apache.http.wire -  << "[\r][\n]"
22:17:17.172 [main] DEBUG org.apache.http.impl.conn.DefaultClientConnection - Receiving response: HTTP/1.1 404 Not Found
22:17:17.172 [main] DEBUG org.apache.http.headers - << HTTP/1.1 404 Not Found
22:17:17.172 [main] DEBUG org.apache.http.headers - << Date: Thu, 13 Apr 2023 15:17:17 GMT
22:17:17.172 [main] DEBUG org.apache.http.headers - << Content-Type: application/json; charset=utf-8
22:17:17.172 [main] DEBUG org.apache.http.headers - << Content-Length: 2
22:17:17.172 [main] DEBUG org.apache.http.headers - << Connection: keep-alive
22:17:17.172 [main] DEBUG org.apache.http.headers - << X-Powered-By: Express
22:17:17.172 [main] DEBUG org.apache.http.headers - << X-Ratelimit-Limit: 1000
22:17:17.172 [main] DEBUG org.apache.http.headers - << X-Ratelimit-Remaining: 992
22:17:17.172 [main] DEBUG org.apache.http.headers - << X-Ratelimit-Reset: 1681399068
22:17:17.172 [main] DEBUG org.apache.http.headers - << Vary: Origin, Accept-Encoding
22:17:17.172 [main] DEBUG org.apache.http.headers - << Access-Control-Allow-Credentials: true
22:17:17.172 [main] DEBUG org.apache.http.headers - << Cache-Control: no-cache
22:17:17.172 [main] DEBUG org.apache.http.headers - << Pragma: no-cache
22:17:17.172 [main] DEBUG org.apache.http.headers - << Expires: -1
22:17:17.172 [main] DEBUG org.apache.http.headers - << X-Content-Type-Options: nosniff
22:17:17.172 [main] DEBUG org.apache.http.headers - << Etag: W/"2-vyGp6PvFo4RvsFtPoIWeCReyIC8"
22:17:17.172 [main] DEBUG org.apache.http.headers - << Via: 1.1 vegur
22:17:17.172 [main] DEBUG org.apache.http.headers - << CF-Cache-Status: DYNAMIC
22:17:17.172 [main] DEBUG org.apache.http.headers - << Report-To: {"endpoints":[{"url":"https:\/\/a.nel.cloudflare.com\/report\/v3?s=Rx3C8CdzLFrf3kWTrt26EZj8qsVO66Gu%2BJdPgaotZp4pbMPJ7LftvGYle06QJbx3LXyf2NJckX%2F6SohSZzTedxPMThWKyBCXTD%2FiMZdKWQtA8yoc0oWKOG3Edsi4i8Gcu%2FeOg7Jx5A4PwGMHX8w6"}],"group":"cf-nel","max_age":604800}
22:17:17.172 [main] DEBUG org.apache.http.headers - << NEL: {"success_fraction":0,"report_to":"cf-nel","max_age":604800}
22:17:17.172 [main] DEBUG org.apache.http.headers - << Server: cloudflare
22:17:17.172 [main] DEBUG org.apache.http.headers - << CF-RAY: 7b74accc0812898c-SIN
22:17:17.172 [main] DEBUG org.apache.http.headers - << alt-svc: h3=":443"; ma=86400, h3-29=":443"; ma=86400
22:17:17.173 [main] DEBUG org.apache.http.impl.client.DefaultHttpClient - Connection can be kept alive indefinitely
22:17:17.173 [main] DEBUG io.restassured.internal.RestAssuredHttpBuilder - Parsing response as: application/json; charset=utf-8
22:17:17.173 [main] DEBUG io.restassured.internal.RestAssuredHttpBuilder - Parsed data to instance of: class org.apache.http.conn.EofSensorInputStream
22:17:17.175 [main] DEBUG org.apache.http.wire -  << "{}"
22:17:17.175 [main] DEBUG org.apache.http.impl.conn.BasicClientConnectionManager - Releasing connection org.apache.http.impl.conn.ManagedClientConnectionImpl@4a0c04ab
22:17:17.175 [main] DEBUG org.apache.http.impl.conn.BasicClientConnectionManager - Connection can be kept alive indefinitely
22:17:17.175 [main] DEBUG net.thucydides.core.steps.StepInterceptor - STEP DONE: I send DELETE HTTP request
  &amp#27;[32mWhen &amp#27;[0m&amp#27;[32mI send DELETE HTTP request&amp#27;[0m                                        &amp#27;[90m# starter.stepDefinition.UserSteps.sendDeleteHttpRequest()&amp#27;[0m
22:17:17.180 [main] DEBUG net.thucydides.core.steps.StepInterceptor - STARTING STEP: UserSteps.receiveHttpresponseCode404 - I receive HTTP response code 404
22:17:17.181 [main] DEBUG net.thucydides.core.steps.StepInterceptor - STEP DONE: I receive HTTP response code 404
  &amp#27;[32mThen &amp#27;[0m&amp#27;[32mI receive HTTP response code 404&amp#27;[0m                                  &amp#27;[90m# starter.stepDefinition.UserSteps.receiveHttpresponseCode404()&amp#27;[0m
22:17:17.183 [main] INFO  - 
  _____   ___   ___   _____     ___     _     ___   ___   ___   ___  
 |_   _| | __| / __| |_   _|   | _ \   /_\   / __| / __| | __| |   \ 
   | |   | _|  \__ \   | |     |  _/  / _ \  \__ \ \__ \ | _|  | |) |
   |_|   |___| |___/   |_|     |_|   /_/ \_\ |___/ |___/ |___| |___/ 

[Negative] - Verify user cannot DELETE non-existing post by ID
----------------------------------------------------------------------
]]></system-out>
  </testcase>
</testsuite>